#
# There is insufficient memory for the Java Runtime Environment to continue.
# Native memory allocation (malloc) failed to allocate 342864 bytes for Chunk::new
# Possible reasons:
#   The system is out of physical RAM or swap space
#   The process is running with CompressedOops enabled, and the Java Heap may be blocking the growth of the native heap
# Possible solutions:
#   Reduce memory load on the system
#   Increase physical memory or swap space
#   Check if swap backing store is full
#   Decrease Java heap size (-Xmx/-Xms)
#   Decrease number of Java threads
#   Decrease Java thread stack sizes (-Xss)
#   Set larger code cache with -XX:ReservedCodeCacheSize=
#   JVM is running with Unscaled Compressed Oops mode in which the Java heap is
#     placed in the first 4GB address space. The Java Heap base address is the
#     maximum limit for the native heap growth. Please use -XX:HeapBaseMinAddress
#     to set the Java Heap base and to place the Java Heap above 4GB virtual address.
# This output file may be truncated or incomplete.
#
#  Out of Memory Error (arena.cpp:168), pid=6264, tid=10608
#
# JRE version: OpenJDK Runtime Environment (21.0.2+13) (build 21.0.2+13-58)
# Java VM: OpenJDK 64-Bit Server VM (21.0.2+13-58, mixed mode, sharing, tiered, compressed oops, compressed class ptrs, g1 gc, windows-amd64)
# No core dump will be written. Minidumps are not enabled by default on client versions of Windows
#

---------------  S U M M A R Y ------------

Command Line: -javaagent:C:\Program Files\JetBrains\IntelliJ IDEA Community Edition 2023.3.4\lib\idea_rt.jar=50676:C:\Program Files\JetBrains\IntelliJ IDEA Community Edition 2023.3.4\bin -Dfile.encoding=UTF-8 -Dsun.stdout.encoding=UTF-8 -Dsun.stderr.encoding=UTF-8 bg.fmi.javaweb.sportstournamentorganizer.SportsTournamentOrganizerApplication

Host: AMD Ryzen 3 5300U with Radeon Graphics         , 8 cores, 7G,  Windows 11 , 64 bit Build 22621 (10.0.22621.3672)
Time: Mon Jul  1 14:39:28 2024  Windows 11 , 64 bit Build 22621 (10.0.22621.3672) elapsed time: 2.090328 seconds (0d 0h 0m 2s)

---------------  T H R E A D  ---------------

Current thread (0x000001d7269c7ea0):  JavaThread "C2 CompilerThread0" daemon [_thread_in_native, id=10608, stack(0x0000008f73d00000,0x0000008f73e00000) (1024K)]


Current CompileTask:
C2:   2090 2128 %     4       java.util.Properties$LineReader::readLine @ 53 (584 bytes)

Stack: [0x0000008f73d00000,0x0000008f73e00000]
Native frames: (J=compiled Java code, j=interpreted, Vv=VM code, C=native code)
V  [jvm.dll+0x6cade9]
V  [jvm.dll+0x8569c1]
V  [jvm.dll+0x858d2e]
V  [jvm.dll+0x859413]
V  [jvm.dll+0x280e56]
V  [jvm.dll+0xc3f3d]
V  [jvm.dll+0xc4473]
V  [jvm.dll+0x3b5c2c]
V  [jvm.dll+0x382855]
V  [jvm.dll+0x381cca]
V  [jvm.dll+0x249bd0]
V  [jvm.dll+0x2491b1]
V  [jvm.dll+0x1c9634]
V  [jvm.dll+0x258859]
V  [jvm.dll+0x256e3a]
V  [jvm.dll+0x3ef6c6]
V  [jvm.dll+0x7ff568]
V  [jvm.dll+0x6c953d]
C  [ucrtbase.dll+0x29333]
C  [KERNEL32.DLL+0x1257d]
C  [ntdll.dll+0x5af28]


---------------  P R O C E S S  ---------------

Threads class SMR info:
_java_thread_list=0x000001d76cd968c0, length=16, elements={
0x000001d70a313ca0, 0x000001d7269acd30, 0x000001d7269ae260, 0x000001d7269b04d0,
0x000001d7269b34c0, 0x000001d7269b4530, 0x000001d7269c1ff0, 0x000001d7269c7ea0,
0x000001d7269c8550, 0x000001d726bd0380, 0x000001d726cf0bf0, 0x000001d726bcf660,
0x000001d726bcfcf0, 0x000001d726bd0a10, 0x000001d726bd10a0, 0x000001d726bce940
}

Java Threads: ( => current thread )
  0x000001d70a313ca0 JavaThread "main"                              [_thread_blocked, id=3504, stack(0x0000008f72f00000,0x0000008f73000000) (1024K)]
  0x000001d7269acd30 JavaThread "Reference Handler"          daemon [_thread_blocked, id=17436, stack(0x0000008f73700000,0x0000008f73800000) (1024K)]
  0x000001d7269ae260 JavaThread "Finalizer"                  daemon [_thread_blocked, id=15820, stack(0x0000008f73800000,0x0000008f73900000) (1024K)]
  0x000001d7269b04d0 JavaThread "Signal Dispatcher"          daemon [_thread_blocked, id=4032, stack(0x0000008f73900000,0x0000008f73a00000) (1024K)]
  0x000001d7269b34c0 JavaThread "Attach Listener"            daemon [_thread_blocked, id=15900, stack(0x0000008f73a00000,0x0000008f73b00000) (1024K)]
  0x000001d7269b4530 JavaThread "Service Thread"             daemon [_thread_blocked, id=17152, stack(0x0000008f73b00000,0x0000008f73c00000) (1024K)]
  0x000001d7269c1ff0 JavaThread "Monitor Deflation Thread"   daemon [_thread_blocked, id=7488, stack(0x0000008f73c00000,0x0000008f73d00000) (1024K)]
=>0x000001d7269c7ea0 JavaThread "C2 CompilerThread0"         daemon [_thread_in_native, id=10608, stack(0x0000008f73d00000,0x0000008f73e00000) (1024K)]
  0x000001d7269c8550 JavaThread "C1 CompilerThread0"         daemon [_thread_blocked, id=13432, stack(0x0000008f73e00000,0x0000008f73f00000) (1024K)]
  0x000001d726bd0380 JavaThread "Common-Cleaner"             daemon [_thread_blocked, id=17348, stack(0x0000008f73f00000,0x0000008f74000000) (1024K)]
  0x000001d726cf0bf0 JavaThread "C2 CompilerThread1"         daemon [_thread_in_native, id=2552, stack(0x0000008f74000000,0x0000008f74100000) (1024K)]
  0x000001d726bcf660 JavaThread "Monitor Ctrl-Break"         daemon [_thread_in_native, id=18772, stack(0x0000008f74100000,0x0000008f74200000) (1024K)]
  0x000001d726bcfcf0 JavaThread "Notification Thread"        daemon [_thread_blocked, id=11372, stack(0x0000008f74200000,0x0000008f74300000) (1024K)]
  0x000001d726bd0a10 JavaThread "Thread-0"                          [_thread_blocked, id=2580, stack(0x0000008f74300000,0x0000008f74400000) (1024K)]
  0x000001d726bd10a0 JavaThread "restartedMain"                     [_thread_in_vm, id=5684, stack(0x0000008f74400000,0x0000008f74500000) (1024K)]
  0x000001d726bce940 JavaThread "background-preinit"                [_thread_in_vm, id=13204, stack(0x0000008f74a00000,0x0000008f74b00000) (1024K)]
Total: 16

Other Threads:
  0x000001d72698c6d0 VMThread "VM Thread"                           [id=5844, stack(0x0000008f73600000,0x0000008f73700000) (1024K)]
  0x000001d726971d70 WatcherThread "VM Periodic Task Thread"        [id=15568, stack(0x0000008f73500000,0x0000008f73600000) (1024K)]
  0x000001d70a368070 WorkerThread "GC Thread#0"                     [id=4880, stack(0x0000008f73000000,0x0000008f73100000) (1024K)]
  0x000001d76cd46c00 WorkerThread "GC Thread#1"                     [id=11272, stack(0x0000008f74500000,0x0000008f74600000) (1024K)]
  0x000001d76c9f77a0 WorkerThread "GC Thread#2"                     [id=10684, stack(0x0000008f74600000,0x0000008f74700000) (1024K)]
  0x000001d76c9f7b40 WorkerThread "GC Thread#3"                     [id=12168, stack(0x0000008f74700000,0x0000008f74800000) (1024K)]
  0x000001d76cbf65a0 WorkerThread "GC Thread#4"                     [id=7728, stack(0x0000008f74800000,0x0000008f74900000) (1024K)]
  0x000001d76cbf6940 WorkerThread "GC Thread#5"                     [id=1064, stack(0x0000008f74900000,0x0000008f74a00000) (1024K)]
  0x000001d76d28a260 WorkerThread "GC Thread#6"                     [id=12360, stack(0x0000008f74b00000,0x0000008f74c00000) (1024K)]
  0x000001d76d28b480 WorkerThread "GC Thread#7"                     [id=19208, stack(0x0000008f74c00000,0x0000008f74d00000) (1024K)]
  0x000001d70a377c80 ConcurrentGCThread "G1 Main Marker"            [id=10312, stack(0x0000008f73100000,0x0000008f73200000) (1024K)]
  0x000001d70a378780 WorkerThread "G1 Conc#0"                       [id=4552, stack(0x0000008f73200000,0x0000008f73300000) (1024K)]
  0x000001d726847400 ConcurrentGCThread "G1 Refine#0"               [id=12300, stack(0x0000008f73300000,0x0000008f73400000) (1024K)]
  0x000001d726847f70 ConcurrentGCThread "G1 Service"                [id=7988, stack(0x0000008f73400000,0x0000008f73500000) (1024K)]
Total: 14

Threads with active compile tasks:
C2 CompilerThread0     2123 2128 %     4       java.util.Properties$LineReader::readLine @ 53 (584 bytes)
C2 CompilerThread1     2123 2174 %     4       java.util.Properties::loadConvert @ 8 (540 bytes)
Total: 2

VM state: not at safepoint (normal execution)

VM Mutex/Monitor currently owned by a thread:  ([mutex/lock_event])
[0x00007ffa4662ace8] Metaspace_lock - owner thread: 0x000001d726bce940

Heap address: 0x000000008ac00000, size: 1876 MB, Compressed Oops mode: 32-bit

CDS archive(s) mapped at: [0x000001d727000000-0x000001d727c90000-0x000001d727c90000), size 13172736, SharedBaseAddress: 0x000001d727000000, ArchiveRelocationMode: 1.
Compressed class space mapped at: 0x000001d728000000-0x000001d768000000, reserved size: 1073741824
Narrow klass base: 0x000001d727000000, Narrow klass shift: 0, Narrow klass range: 0x100000000

GC Precious Log:
 CardTable entry size: 512
 Card Set container configuration: InlinePtr #cards 5 size 8 Array Of Cards #cards 12 size 40 Howl #buckets 4 coarsen threshold 1843 Howl Bitmap #cards 512 size 80 coarsen threshold 460 Card regions per heap region 1 cards per card region 2048
 CPUs: 8 total, 8 available
 Memory: 7502M
 Large Page Support: Disabled
 NUMA Support: Disabled
 Compressed Oops: Enabled (32-bit)
 Heap Region Size: 1M
 Heap Min Capacity: 8M
 Heap Initial Capacity: 118M
 Heap Max Capacity: 1876M
 Pre-touch: Disabled
 Parallel Workers: 8
 Concurrent Workers: 2
 Concurrent Refinement Workers: 8
 Periodic GC: Disabled

Heap:
 garbage-first heap   total 120832K, used 21042K [0x000000008ac00000, 0x0000000100000000)
  region size 1024K, 16 young (16384K), 4 survivors (4096K)
 Metaspace       used 17009K, committed 17280K, reserved 1114112K
  class space    used 2063K, committed 2176K, reserved 1048576K

Heap Regions: E=young(eden), S=young(survivor), O=old, HS=humongous(starts), HC=humongous(continues), CS=collection set, F=free, TAMS=top-at-mark-start, PB=parsable bottom
|   0|0x000000008ac00000, 0x000000008ad00000, 0x000000008ad00000|100%|HS|  |TAMS 0x000000008ac00000| PB 0x000000008ac00000| Complete 
|   1|0x000000008ad00000, 0x000000008ae00000, 0x000000008ae00000|100%| O|  |TAMS 0x000000008ad00000| PB 0x000000008ad00000| Untracked 
|   2|0x000000008ae00000, 0x000000008af00000, 0x000000008af00000|100%| O|  |TAMS 0x000000008ae00000| PB 0x000000008ae00000| Untracked 
|   3|0x000000008af00000, 0x000000008b000000, 0x000000008b000000|100%| O|  |TAMS 0x000000008af00000| PB 0x000000008af00000| Untracked 
|   4|0x000000008b000000, 0x000000008b100000, 0x000000008b100000|100%| O|  |TAMS 0x000000008b000000| PB 0x000000008b000000| Untracked 
|   5|0x000000008b100000, 0x000000008b200000, 0x000000008b200000|100%| O|  |TAMS 0x000000008b100000| PB 0x000000008b100000| Untracked 
|   6|0x000000008b200000, 0x000000008b278290, 0x000000008b300000| 46%| O|  |TAMS 0x000000008b200000| PB 0x000000008b200000| Untracked 
|   7|0x000000008b300000, 0x000000008b300000, 0x000000008b400000|  0%| F|  |TAMS 0x000000008b300000| PB 0x000000008b300000| Untracked 
|   8|0x000000008b400000, 0x000000008b400000, 0x000000008b500000|  0%| F|  |TAMS 0x000000008b400000| PB 0x000000008b400000| Untracked 
|   9|0x000000008b500000, 0x000000008b500000, 0x000000008b600000|  0%| F|  |TAMS 0x000000008b500000| PB 0x000000008b500000| Untracked 
|  10|0x000000008b600000, 0x000000008b600000, 0x000000008b700000|  0%| F|  |TAMS 0x000000008b600000| PB 0x000000008b600000| Untracked 
|  11|0x000000008b700000, 0x000000008b700000, 0x000000008b800000|  0%| F|  |TAMS 0x000000008b700000| PB 0x000000008b700000| Untracked 
|  12|0x000000008b800000, 0x000000008b800000, 0x000000008b900000|  0%| F|  |TAMS 0x000000008b800000| PB 0x000000008b800000| Untracked 
|  13|0x000000008b900000, 0x000000008b900000, 0x000000008ba00000|  0%| F|  |TAMS 0x000000008b900000| PB 0x000000008b900000| Untracked 
|  14|0x000000008ba00000, 0x000000008ba00000, 0x000000008bb00000|  0%| F|  |TAMS 0x000000008ba00000| PB 0x000000008ba00000| Untracked 
|  15|0x000000008bb00000, 0x000000008bb00000, 0x000000008bc00000|  0%| F|  |TAMS 0x000000008bb00000| PB 0x000000008bb00000| Untracked 
|  16|0x000000008bc00000, 0x000000008bc00000, 0x000000008bd00000|  0%| F|  |TAMS 0x000000008bc00000| PB 0x000000008bc00000| Untracked 
|  17|0x000000008bd00000, 0x000000008bd00000, 0x000000008be00000|  0%| F|  |TAMS 0x000000008bd00000| PB 0x000000008bd00000| Untracked 
|  18|0x000000008be00000, 0x000000008be00000, 0x000000008bf00000|  0%| F|  |TAMS 0x000000008be00000| PB 0x000000008be00000| Untracked 
|  19|0x000000008bf00000, 0x000000008bf00000, 0x000000008c000000|  0%| F|  |TAMS 0x000000008bf00000| PB 0x000000008bf00000| Untracked 
|  20|0x000000008c000000, 0x000000008c000000, 0x000000008c100000|  0%| F|  |TAMS 0x000000008c000000| PB 0x000000008c000000| Untracked 
|  21|0x000000008c100000, 0x000000008c100000, 0x000000008c200000|  0%| F|  |TAMS 0x000000008c100000| PB 0x000000008c100000| Untracked 
|  22|0x000000008c200000, 0x000000008c200000, 0x000000008c300000|  0%| F|  |TAMS 0x000000008c200000| PB 0x000000008c200000| Untracked 
|  23|0x000000008c300000, 0x000000008c300000, 0x000000008c400000|  0%| F|  |TAMS 0x000000008c300000| PB 0x000000008c300000| Untracked 
|  24|0x000000008c400000, 0x000000008c400000, 0x000000008c500000|  0%| F|  |TAMS 0x000000008c400000| PB 0x000000008c400000| Untracked 
|  25|0x000000008c500000, 0x000000008c500000, 0x000000008c600000|  0%| F|  |TAMS 0x000000008c500000| PB 0x000000008c500000| Untracked 
|  26|0x000000008c600000, 0x000000008c600000, 0x000000008c700000|  0%| F|  |TAMS 0x000000008c600000| PB 0x000000008c600000| Untracked 
|  27|0x000000008c700000, 0x000000008c700000, 0x000000008c800000|  0%| F|  |TAMS 0x000000008c700000| PB 0x000000008c700000| Untracked 
|  28|0x000000008c800000, 0x000000008c800000, 0x000000008c900000|  0%| F|  |TAMS 0x000000008c800000| PB 0x000000008c800000| Untracked 
|  29|0x000000008c900000, 0x000000008c900000, 0x000000008ca00000|  0%| F|  |TAMS 0x000000008c900000| PB 0x000000008c900000| Untracked 
|  30|0x000000008ca00000, 0x000000008ca00000, 0x000000008cb00000|  0%| F|  |TAMS 0x000000008ca00000| PB 0x000000008ca00000| Untracked 
|  31|0x000000008cb00000, 0x000000008cb00000, 0x000000008cc00000|  0%| F|  |TAMS 0x000000008cb00000| PB 0x000000008cb00000| Untracked 
|  32|0x000000008cc00000, 0x000000008cc00000, 0x000000008cd00000|  0%| F|  |TAMS 0x000000008cc00000| PB 0x000000008cc00000| Untracked 
|  33|0x000000008cd00000, 0x000000008cd00000, 0x000000008ce00000|  0%| F|  |TAMS 0x000000008cd00000| PB 0x000000008cd00000| Untracked 
|  34|0x000000008ce00000, 0x000000008ce00000, 0x000000008cf00000|  0%| F|  |TAMS 0x000000008ce00000| PB 0x000000008ce00000| Untracked 
|  35|0x000000008cf00000, 0x000000008cf00000, 0x000000008d000000|  0%| F|  |TAMS 0x000000008cf00000| PB 0x000000008cf00000| Untracked 
|  36|0x000000008d000000, 0x000000008d000000, 0x000000008d100000|  0%| F|  |TAMS 0x000000008d000000| PB 0x000000008d000000| Untracked 
|  37|0x000000008d100000, 0x000000008d100000, 0x000000008d200000|  0%| F|  |TAMS 0x000000008d100000| PB 0x000000008d100000| Untracked 
|  38|0x000000008d200000, 0x000000008d200000, 0x000000008d300000|  0%| F|  |TAMS 0x000000008d200000| PB 0x000000008d200000| Untracked 
|  39|0x000000008d300000, 0x000000008d300000, 0x000000008d400000|  0%| F|  |TAMS 0x000000008d300000| PB 0x000000008d300000| Untracked 
|  40|0x000000008d400000, 0x000000008d400000, 0x000000008d500000|  0%| F|  |TAMS 0x000000008d400000| PB 0x000000008d400000| Untracked 
|  41|0x000000008d500000, 0x000000008d500000, 0x000000008d600000|  0%| F|  |TAMS 0x000000008d500000| PB 0x000000008d500000| Untracked 
|  42|0x000000008d600000, 0x000000008d600000, 0x000000008d700000|  0%| F|  |TAMS 0x000000008d600000| PB 0x000000008d600000| Untracked 
|  43|0x000000008d700000, 0x000000008d700000, 0x000000008d800000|  0%| F|  |TAMS 0x000000008d700000| PB 0x000000008d700000| Untracked 
|  44|0x000000008d800000, 0x000000008d800000, 0x000000008d900000|  0%| F|  |TAMS 0x000000008d800000| PB 0x000000008d800000| Untracked 
|  45|0x000000008d900000, 0x000000008d900000, 0x000000008da00000|  0%| F|  |TAMS 0x000000008d900000| PB 0x000000008d900000| Untracked 
|  46|0x000000008da00000, 0x000000008da00000, 0x000000008db00000|  0%| F|  |TAMS 0x000000008da00000| PB 0x000000008da00000| Untracked 
|  47|0x000000008db00000, 0x000000008db00000, 0x000000008dc00000|  0%| F|  |TAMS 0x000000008db00000| PB 0x000000008db00000| Untracked 
|  48|0x000000008dc00000, 0x000000008dc00000, 0x000000008dd00000|  0%| F|  |TAMS 0x000000008dc00000| PB 0x000000008dc00000| Untracked 
|  49|0x000000008dd00000, 0x000000008dd00000, 0x000000008de00000|  0%| F|  |TAMS 0x000000008dd00000| PB 0x000000008dd00000| Untracked 
|  50|0x000000008de00000, 0x000000008de00000, 0x000000008df00000|  0%| F|  |TAMS 0x000000008de00000| PB 0x000000008de00000| Untracked 
|  51|0x000000008df00000, 0x000000008df00000, 0x000000008e000000|  0%| F|  |TAMS 0x000000008df00000| PB 0x000000008df00000| Untracked 
|  52|0x000000008e000000, 0x000000008e000000, 0x000000008e100000|  0%| F|  |TAMS 0x000000008e000000| PB 0x000000008e000000| Untracked 
|  53|0x000000008e100000, 0x000000008e100000, 0x000000008e200000|  0%| F|  |TAMS 0x000000008e100000| PB 0x000000008e100000| Untracked 
|  54|0x000000008e200000, 0x000000008e200000, 0x000000008e300000|  0%| F|  |TAMS 0x000000008e200000| PB 0x000000008e200000| Untracked 
|  55|0x000000008e300000, 0x000000008e300000, 0x000000008e400000|  0%| F|  |TAMS 0x000000008e300000| PB 0x000000008e300000| Untracked 
|  56|0x000000008e400000, 0x000000008e400000, 0x000000008e500000|  0%| F|  |TAMS 0x000000008e400000| PB 0x000000008e400000| Untracked 
|  57|0x000000008e500000, 0x000000008e500000, 0x000000008e600000|  0%| F|  |TAMS 0x000000008e500000| PB 0x000000008e500000| Untracked 
|  58|0x000000008e600000, 0x000000008e600000, 0x000000008e700000|  0%| F|  |TAMS 0x000000008e600000| PB 0x000000008e600000| Untracked 
|  59|0x000000008e700000, 0x000000008e700000, 0x000000008e800000|  0%| F|  |TAMS 0x000000008e700000| PB 0x000000008e700000| Untracked 
|  60|0x000000008e800000, 0x000000008e800000, 0x000000008e900000|  0%| F|  |TAMS 0x000000008e800000| PB 0x000000008e800000| Untracked 
|  61|0x000000008e900000, 0x000000008e900000, 0x000000008ea00000|  0%| F|  |TAMS 0x000000008e900000| PB 0x000000008e900000| Untracked 
|  62|0x000000008ea00000, 0x000000008ea00000, 0x000000008eb00000|  0%| F|  |TAMS 0x000000008ea00000| PB 0x000000008ea00000| Untracked 
|  63|0x000000008eb00000, 0x000000008eb00000, 0x000000008ec00000|  0%| F|  |TAMS 0x000000008eb00000| PB 0x000000008eb00000| Untracked 
|  64|0x000000008ec00000, 0x000000008ec00000, 0x000000008ed00000|  0%| F|  |TAMS 0x000000008ec00000| PB 0x000000008ec00000| Untracked 
|  65|0x000000008ed00000, 0x000000008ed00000, 0x000000008ee00000|  0%| F|  |TAMS 0x000000008ed00000| PB 0x000000008ed00000| Untracked 
|  66|0x000000008ee00000, 0x000000008ee00000, 0x000000008ef00000|  0%| F|  |TAMS 0x000000008ee00000| PB 0x000000008ee00000| Untracked 
|  67|0x000000008ef00000, 0x000000008ef00000, 0x000000008f000000|  0%| F|  |TAMS 0x000000008ef00000| PB 0x000000008ef00000| Untracked 
|  68|0x000000008f000000, 0x000000008f000000, 0x000000008f100000|  0%| F|  |TAMS 0x000000008f000000| PB 0x000000008f000000| Untracked 
|  69|0x000000008f100000, 0x000000008f100000, 0x000000008f200000|  0%| F|  |TAMS 0x000000008f100000| PB 0x000000008f100000| Untracked 
|  70|0x000000008f200000, 0x000000008f200000, 0x000000008f300000|  0%| F|  |TAMS 0x000000008f200000| PB 0x000000008f200000| Untracked 
|  71|0x000000008f300000, 0x000000008f300000, 0x000000008f400000|  0%| F|  |TAMS 0x000000008f300000| PB 0x000000008f300000| Untracked 
|  72|0x000000008f400000, 0x000000008f400000, 0x000000008f500000|  0%| F|  |TAMS 0x000000008f400000| PB 0x000000008f400000| Untracked 
|  73|0x000000008f500000, 0x000000008f500000, 0x000000008f600000|  0%| F|  |TAMS 0x000000008f500000| PB 0x000000008f500000| Untracked 
|  74|0x000000008f600000, 0x000000008f600000, 0x000000008f700000|  0%| F|  |TAMS 0x000000008f600000| PB 0x000000008f600000| Untracked 
|  75|0x000000008f700000, 0x000000008f700000, 0x000000008f800000|  0%| F|  |TAMS 0x000000008f700000| PB 0x000000008f700000| Untracked 
|  76|0x000000008f800000, 0x000000008f800000, 0x000000008f900000|  0%| F|  |TAMS 0x000000008f800000| PB 0x000000008f800000| Untracked 
|  77|0x000000008f900000, 0x000000008f900000, 0x000000008fa00000|  0%| F|  |TAMS 0x000000008f900000| PB 0x000000008f900000| Untracked 
|  78|0x000000008fa00000, 0x000000008fa00000, 0x000000008fb00000|  0%| F|  |TAMS 0x000000008fa00000| PB 0x000000008fa00000| Untracked 
|  79|0x000000008fb00000, 0x000000008fb00000, 0x000000008fc00000|  0%| F|  |TAMS 0x000000008fb00000| PB 0x000000008fb00000| Untracked 
|  80|0x000000008fc00000, 0x000000008fc00000, 0x000000008fd00000|  0%| F|  |TAMS 0x000000008fc00000| PB 0x000000008fc00000| Untracked 
|  81|0x000000008fd00000, 0x000000008fd14710, 0x000000008fe00000|  7%| S|CS|TAMS 0x000000008fd00000| PB 0x000000008fd00000| Complete 
|  82|0x000000008fe00000, 0x000000008ff00000, 0x000000008ff00000|100%| S|CS|TAMS 0x000000008fe00000| PB 0x000000008fe00000| Complete 
|  83|0x000000008ff00000, 0x0000000090000000, 0x0000000090000000|100%| S|CS|TAMS 0x000000008ff00000| PB 0x000000008ff00000| Complete 
|  84|0x0000000090000000, 0x0000000090100000, 0x0000000090100000|100%| S|CS|TAMS 0x0000000090000000| PB 0x0000000090000000| Complete 
|  85|0x0000000090100000, 0x0000000090100000, 0x0000000090200000|  0%| F|  |TAMS 0x0000000090100000| PB 0x0000000090100000| Untracked 
|  86|0x0000000090200000, 0x0000000090200000, 0x0000000090300000|  0%| F|  |TAMS 0x0000000090200000| PB 0x0000000090200000| Untracked 
|  87|0x0000000090300000, 0x0000000090300000, 0x0000000090400000|  0%| F|  |TAMS 0x0000000090300000| PB 0x0000000090300000| Untracked 
|  88|0x0000000090400000, 0x0000000090400000, 0x0000000090500000|  0%| F|  |TAMS 0x0000000090400000| PB 0x0000000090400000| Untracked 
|  89|0x0000000090500000, 0x0000000090500000, 0x0000000090600000|  0%| F|  |TAMS 0x0000000090500000| PB 0x0000000090500000| Untracked 
|  90|0x0000000090600000, 0x0000000090600000, 0x0000000090700000|  0%| F|  |TAMS 0x0000000090600000| PB 0x0000000090600000| Untracked 
|  91|0x0000000090700000, 0x0000000090700000, 0x0000000090800000|  0%| F|  |TAMS 0x0000000090700000| PB 0x0000000090700000| Untracked 
|  92|0x0000000090800000, 0x0000000090800000, 0x0000000090900000|  0%| F|  |TAMS 0x0000000090800000| PB 0x0000000090800000| Untracked 
|  93|0x0000000090900000, 0x0000000090900000, 0x0000000090a00000|  0%| F|  |TAMS 0x0000000090900000| PB 0x0000000090900000| Untracked 
|  94|0x0000000090a00000, 0x0000000090a00000, 0x0000000090b00000|  0%| F|  |TAMS 0x0000000090a00000| PB 0x0000000090a00000| Untracked 
|  95|0x0000000090b00000, 0x0000000090b00000, 0x0000000090c00000|  0%| F|  |TAMS 0x0000000090b00000| PB 0x0000000090b00000| Untracked 
|  96|0x0000000090c00000, 0x0000000090c00000, 0x0000000090d00000|  0%| F|  |TAMS 0x0000000090c00000| PB 0x0000000090c00000| Untracked 
|  97|0x0000000090d00000, 0x0000000090d00000, 0x0000000090e00000|  0%| F|  |TAMS 0x0000000090d00000| PB 0x0000000090d00000| Untracked 
|  98|0x0000000090e00000, 0x0000000090e00000, 0x0000000090f00000|  0%| F|  |TAMS 0x0000000090e00000| PB 0x0000000090e00000| Untracked 
|  99|0x0000000090f00000, 0x0000000090f00000, 0x0000000091000000|  0%| F|  |TAMS 0x0000000090f00000| PB 0x0000000090f00000| Untracked 
| 100|0x0000000091000000, 0x0000000091000000, 0x0000000091100000|  0%| F|  |TAMS 0x0000000091000000| PB 0x0000000091000000| Untracked 
| 101|0x0000000091100000, 0x0000000091100000, 0x0000000091200000|  0%| F|  |TAMS 0x0000000091100000| PB 0x0000000091100000| Untracked 
| 102|0x0000000091200000, 0x0000000091200000, 0x0000000091300000|  0%| F|  |TAMS 0x0000000091200000| PB 0x0000000091200000| Untracked 
| 103|0x0000000091300000, 0x0000000091300000, 0x0000000091400000|  0%| F|  |TAMS 0x0000000091300000| PB 0x0000000091300000| Untracked 
| 104|0x0000000091400000, 0x0000000091400000, 0x0000000091500000|  0%| F|  |TAMS 0x0000000091400000| PB 0x0000000091400000| Untracked 
| 105|0x0000000091500000, 0x0000000091500000, 0x0000000091600000|  0%| F|  |TAMS 0x0000000091500000| PB 0x0000000091500000| Untracked 
| 106|0x0000000091600000, 0x00000000916e5c10, 0x0000000091700000| 89%| E|  |TAMS 0x0000000091600000| PB 0x0000000091600000| Complete 
| 107|0x0000000091700000, 0x0000000091800000, 0x0000000091800000|100%| E|CS|TAMS 0x0000000091700000| PB 0x0000000091700000| Complete 
| 108|0x0000000091800000, 0x0000000091900000, 0x0000000091900000|100%| E|CS|TAMS 0x0000000091800000| PB 0x0000000091800000| Complete 
| 109|0x0000000091900000, 0x0000000091a00000, 0x0000000091a00000|100%| E|CS|TAMS 0x0000000091900000| PB 0x0000000091900000| Complete 
| 110|0x0000000091a00000, 0x0000000091b00000, 0x0000000091b00000|100%| E|CS|TAMS 0x0000000091a00000| PB 0x0000000091a00000| Complete 
| 111|0x0000000091b00000, 0x0000000091c00000, 0x0000000091c00000|100%| E|CS|TAMS 0x0000000091b00000| PB 0x0000000091b00000| Complete 
| 112|0x0000000091c00000, 0x0000000091d00000, 0x0000000091d00000|100%| E|CS|TAMS 0x0000000091c00000| PB 0x0000000091c00000| Complete 
| 113|0x0000000091d00000, 0x0000000091e00000, 0x0000000091e00000|100%| E|CS|TAMS 0x0000000091d00000| PB 0x0000000091d00000| Complete 
| 114|0x0000000091e00000, 0x0000000091f00000, 0x0000000091f00000|100%| E|CS|TAMS 0x0000000091e00000| PB 0x0000000091e00000| Complete 
| 115|0x0000000091f00000, 0x0000000092000000, 0x0000000092000000|100%| E|CS|TAMS 0x0000000091f00000| PB 0x0000000091f00000| Complete 
| 116|0x0000000092000000, 0x0000000092100000, 0x0000000092100000|100%| E|CS|TAMS 0x0000000092000000| PB 0x0000000092000000| Complete 
| 117|0x0000000092100000, 0x0000000092200000, 0x0000000092200000|100%| E|CS|TAMS 0x0000000092100000| PB 0x0000000092100000| Complete 

Card table byte_map: [0x000001d721e40000,0x000001d7221f0000] _byte_map_base: 0x000001d7219ea000

Marking Bits: (CMBitMap*) 0x000001d70a368770
 Bits: [0x000001d7221f0000, 0x000001d723f40000)

Polling page: 0x000001d709ad0000

Metaspace:

Usage:
  Non-class:     14.60 MB used.
      Class:      2.01 MB used.
       Both:     16.61 MB used.

Virtual space:
  Non-class space:       64.00 MB reserved,      14.75 MB ( 23%) committed,  1 nodes.
      Class space:        1.00 GB reserved,       2.12 MB ( <1%) committed,  1 nodes.
             Both:        1.06 GB reserved,      16.88 MB (  2%) committed. 

Chunk freelists:
   Non-Class:  1.05 MB
       Class:  13.89 MB
        Both:  14.94 MB

MaxMetaspaceSize: unlimited
CompressedClassSpaceSize: 1.00 GB
Initial GC threshold: 21.00 MB
Current GC threshold: 21.00 MB
CDS: on
 - commit_granule_bytes: 65536.
 - commit_granule_words: 8192.
 - virtual_space_node_default_size: 8388608.
 - enlarge_chunks_in_place: 1.
 - use_allocation_guard: 0.


Internal statistics:

num_allocs_failed_limit: 0.
num_arena_births: 270.
num_arena_deaths: 0.
num_vsnodes_births: 2.
num_vsnodes_deaths: 0.
num_space_committed: 270.
num_space_uncommitted: 0.
num_chunks_returned_to_freelist: 0.
num_chunks_taken_from_freelist: 824.
num_chunk_merges: 0.
num_chunk_splits: 549.
num_chunks_enlarged: 388.
num_inconsistent_stats: 0.

CodeHeap 'non-profiled nmethods': size=120000Kb used=854Kb max_used=854Kb free=119145Kb
 bounds [0x000001d71a230000, 0x000001d71a4a0000, 0x000001d721760000]
CodeHeap 'profiled nmethods': size=120000Kb used=4128Kb max_used=4128Kb free=115871Kb
 bounds [0x000001d712760000, 0x000001d712b70000, 0x000001d719c90000]
CodeHeap 'non-nmethods': size=5760Kb used=1433Kb max_used=1452Kb free=4326Kb
 bounds [0x000001d719c90000, 0x000001d719f00000, 0x000001d71a230000]
 total_blobs=2703 nmethods=2182 adapters=425
 compilation: enabled
              stopped_count=0, restarted_count=0
 full_count=0

Compilation events (20 events):
Event: 2.081 Thread 0x000001d726cf0bf0 nmethod 2148 0x000001d71a303b90 code [0x000001d71a303d40, 0x000001d71a304128]
Event: 2.082 Thread 0x000001d726cf0bf0 2149       4       java.util.LinkedHashMap::afterNodeInsertion (40 bytes)
Event: 2.082 Thread 0x000001d7269c8550 nmethod 2151 0x000001d712b4b110 code [0x000001d712b4b360, 0x000001d712b4bce8]
Event: 2.082 Thread 0x000001d7269c8550 2153       3       java.util.concurrent.ConcurrentMap::computeIfAbsent (51 bytes)
Event: 2.083 Thread 0x000001d7269c8550 nmethod 2153 0x000001d712b4c010 code [0x000001d712b4c220, 0x000001d712b4c7f8]
Event: 2.083 Thread 0x000001d7269c8550 2152       1       sun.reflect.annotation.AnnotationType::retention (5 bytes)
Event: 2.083 Thread 0x000001d726cf0bf0 nmethod 2149 0x000001d71a304290 code [0x000001d71a304420, 0x000001d71a304520]
Event: 2.083 Thread 0x000001d7269c8550 nmethod 2152 0x000001d71a304610 code [0x000001d71a3047a0, 0x000001d71a304868]
Event: 2.083 Thread 0x000001d7269c8550 2154       1       java.lang.reflect.Method::getRoot (5 bytes)
Event: 2.083 Thread 0x000001d7269c8550 nmethod 2154 0x000001d71a304910 code [0x000001d71a304aa0, 0x000001d71a304b68]
Event: 2.083 Thread 0x000001d7269c8550 2155       3       java.nio.ByteBuffer::array (35 bytes)
Event: 2.083 Thread 0x000001d726cf0bf0 2156       4       java.lang.String::<init> (74 bytes)
Event: 2.083 Thread 0x000001d7269c8550 nmethod 2155 0x000001d712b4c990 code [0x000001d712b4cb60, 0x000001d712b4ce38]
Event: 2.085 Thread 0x000001d7269c8550 2158       3       java.lang.reflect.Constructor::newInstanceWithCaller (51 bytes)
Event: 2.086 Thread 0x000001d7269c8550 nmethod 2158 0x000001d712b4cf90 code [0x000001d712b4d160, 0x000001d712b4d438]
Event: 2.086 Thread 0x000001d7269c8550 2161       3       java.lang.Class::getInterfaces (6 bytes)
Event: 2.086 Thread 0x000001d7269c8550 nmethod 2161 0x000001d712b4d590 code [0x000001d712b4d740, 0x000001d712b4d880]
Event: 2.086 Thread 0x000001d7269c8550 2159   !   3       jdk.internal.reflect.DirectConstructorHandleAccessor::newInstance (130 bytes)
Event: 2.086 Thread 0x000001d726cf0bf0 nmethod 2156 0x000001d71a304c10 code [0x000001d71a304dc0, 0x000001d71a305230]
Event: 2.087 Thread 0x000001d726cf0bf0 2157       4       org.springframework.core.annotation.AttributeMethods::get (7 bytes)

GC Heap History (4 events):
Event: 1.043 GC heap before
{Heap before GC invocations=0 (full 0):
 garbage-first heap   total 120832K, used 23552K [0x000000008ac00000, 0x0000000100000000)
  region size 1024K, 23 young (23552K), 0 survivors (0K)
 Metaspace       used 5838K, committed 6016K, reserved 1114112K
  class space    used 660K, committed 768K, reserved 1048576K
}
Event: 1.050 GC heap after
{Heap after GC invocations=1 (full 0):
 garbage-first heap   total 120832K, used 6719K [0x000000008ac00000, 0x0000000100000000)
  region size 1024K, 3 young (3072K), 3 survivors (3072K)
 Metaspace       used 5838K, committed 6016K, reserved 1114112K
  class space    used 660K, committed 768K, reserved 1048576K
}
Event: 1.886 GC heap before
{Heap before GC invocations=1 (full 0):
 garbage-first heap   total 120832K, used 36415K [0x000000008ac00000, 0x0000000100000000)
  region size 1024K, 33 young (33792K), 3 survivors (3072K)
 Metaspace       used 14149K, committed 14464K, reserved 1114112K
  class space    used 1662K, committed 1792K, reserved 1048576K
}
Event: 1.891 GC heap after
{Heap after GC invocations=2 (full 0):
 garbage-first heap   total 120832K, used 9778K [0x000000008ac00000, 0x0000000100000000)
  region size 1024K, 4 young (4096K), 4 survivors (4096K)
 Metaspace       used 14149K, committed 14464K, reserved 1114112K
  class space    used 1662K, committed 1792K, reserved 1048576K
}

Dll operation events (12 events):
Event: 0.015 Loaded shared library C:\Users\HP 14S-FQ1001NU\.jdks\openjdk-21.0.2\bin\java.dll
Event: 0.058 Loaded shared library C:\Users\HP 14S-FQ1001NU\.jdks\openjdk-21.0.2\bin\jsvml.dll
Event: 0.180 Loaded shared library C:\Users\HP 14S-FQ1001NU\.jdks\openjdk-21.0.2\bin\zip.dll
Event: 0.185 Loaded shared library C:\Users\HP 14S-FQ1001NU\.jdks\openjdk-21.0.2\bin\instrument.dll
Event: 0.194 Loaded shared library C:\Users\HP 14S-FQ1001NU\.jdks\openjdk-21.0.2\bin\net.dll
Event: 0.197 Loaded shared library C:\Users\HP 14S-FQ1001NU\.jdks\openjdk-21.0.2\bin\nio.dll
Event: 0.202 Loaded shared library C:\Users\HP 14S-FQ1001NU\.jdks\openjdk-21.0.2\bin\zip.dll
Event: 0.319 Loaded shared library C:\Program Files\JetBrains\IntelliJ IDEA Community Edition 2023.3.4\bin\breakgen64.dll
Event: 0.330 Loaded shared library C:\Users\HP 14S-FQ1001NU\.jdks\openjdk-21.0.2\bin\extnet.dll
Event: 0.382 Loaded shared library C:\Users\HP 14S-FQ1001NU\.jdks\openjdk-21.0.2\bin\jimage.dll
Event: 0.834 Loaded shared library C:\Users\HP 14S-FQ1001NU\.jdks\openjdk-21.0.2\bin\management.dll
Event: 0.837 Loaded shared library C:\Users\HP 14S-FQ1001NU\.jdks\openjdk-21.0.2\bin\management_ext.dll

Deoptimization events (20 events):
Event: 2.018 Thread 0x000001d726bd10a0 Uncommon trap: trap_request=0xffffff45 fr.pc=0x000001d71a2773a0 relative=0x0000000000000460
Event: 2.018 Thread 0x000001d726bd10a0 Uncommon trap: reason=unstable_if action=reinterpret pc=0x000001d71a2773a0 method=java.util.zip.ZipCoder.hash(Ljava/lang/String;)I @ 23 c2
Event: 2.018 Thread 0x000001d726bd10a0 DEOPT PACKING pc=0x000001d71a2773a0 sp=0x0000008f744fdc00
Event: 2.018 Thread 0x000001d726bd10a0 DEOPT UNPACKING pc=0x000001d719ce46a2 sp=0x0000008f744fdb20 mode 2
Event: 2.018 Thread 0x000001d726bd10a0 Uncommon trap: trap_request=0xffffff45 fr.pc=0x000001d71a275f3c relative=0x000000000000017c
Event: 2.018 Thread 0x000001d726bd10a0 Uncommon trap: reason=unstable_if action=reinterpret pc=0x000001d71a275f3c method=java.util.zip.ZipCoder.hash(Ljava/lang/String;)I @ 23 c2
Event: 2.018 Thread 0x000001d726bd10a0 DEOPT PACKING pc=0x000001d71a275f3c sp=0x0000008f744fdab0
Event: 2.018 Thread 0x000001d726bd10a0 DEOPT UNPACKING pc=0x000001d719ce46a2 sp=0x0000008f744fda38 mode 2
Event: 2.020 Thread 0x000001d726bd10a0 Uncommon trap: trap_request=0xffffff45 fr.pc=0x000001d71a24c96c relative=0x000000000000004c
Event: 2.020 Thread 0x000001d726bd10a0 Uncommon trap: reason=unstable_if action=reinterpret pc=0x000001d71a24c96c method=sun.nio.fs.WindowsPathParser.isSlash(C)Z @ 9 c2
Event: 2.020 Thread 0x000001d726bd10a0 DEOPT PACKING pc=0x000001d71a24c96c sp=0x0000008f744fddf0
Event: 2.020 Thread 0x000001d726bd10a0 DEOPT UNPACKING pc=0x000001d719ce46a2 sp=0x0000008f744fdd78 mode 2
Event: 2.063 Thread 0x000001d726bce940 Uncommon trap: trap_request=0xffffff45 fr.pc=0x000001d71a2f9788 relative=0x0000000000000328
Event: 2.063 Thread 0x000001d726bce940 Uncommon trap: reason=unstable_if action=reinterpret pc=0x000001d71a2f9788 method=java.util.LinkedHashMap.get(Ljava/lang/Object;)Ljava/lang/Object; @ 16 c2
Event: 2.063 Thread 0x000001d726bce940 DEOPT PACKING pc=0x000001d71a2f9788 sp=0x0000008f74afdeb0
Event: 2.063 Thread 0x000001d726bce940 DEOPT UNPACKING pc=0x000001d719ce46a2 sp=0x0000008f74afde78 mode 2
Event: 2.085 Thread 0x000001d726bd10a0 Uncommon trap: trap_request=0xffffff45 fr.pc=0x000001d71a2c9438 relative=0x0000000000000118
Event: 2.085 Thread 0x000001d726bd10a0 Uncommon trap: reason=unstable_if action=reinterpret pc=0x000001d71a2c9438 method=java.util.Arrays.equals([Ljava/lang/Object;[Ljava/lang/Object;)Z @ 44 c2
Event: 2.085 Thread 0x000001d726bd10a0 DEOPT PACKING pc=0x000001d71a2c9438 sp=0x0000008f744fd440
Event: 2.085 Thread 0x000001d726bd10a0 DEOPT UNPACKING pc=0x000001d719ce46a2 sp=0x0000008f744fd3e0 mode 2

Classes loaded (20 events):
Event: 2.057 Loading class java/util/ResourceBundle$CacheKey
Event: 2.057 Loading class java/util/ResourceBundle$CacheKey done
Event: 2.057 Loading class java/util/ResourceBundle$KeyElementReference
Event: 2.057 Loading class java/util/ResourceBundle$CacheKeyReference
Event: 2.057 Loading class java/util/ResourceBundle$CacheKeyReference done
Event: 2.057 Loading class java/util/ResourceBundle$KeyElementReference done
Event: 2.058 Loading class java/util/ResourceBundle$Control$2
Event: 2.058 Loading class java/util/ResourceBundle$Control$2 done
Event: 2.059 Loading class java/util/PropertyResourceBundle
Event: 2.059 Loading class java/util/PropertyResourceBundle done
Event: 2.059 Loading class sun/util/PropertyResourceBundleCharset
Event: 2.059 Loading class sun/util/PropertyResourceBundleCharset done
Event: 2.059 Loading class sun/util/PropertyResourceBundleCharset$PropertiesFileDecoder
Event: 2.060 Loading class sun/util/PropertyResourceBundleCharset$PropertiesFileDecoder done
Event: 2.060 Loading class java/util/ResourceBundle$BundleReference
Event: 2.060 Loading class java/util/ResourceBundle$BundleReference done
Event: 2.070 Loading class javax/management/MBeanRegistration
Event: 2.070 Loading class javax/management/MBeanRegistration done
Event: 2.075 Loading class javax/security/auth/login/LoginException
Event: 2.075 Loading class javax/security/auth/login/LoginException done

Classes unloaded (0 events):
No events

Classes redefined (0 events):
No events

Internal exceptions (20 events):
Event: 1.422 Thread 0x000001d726bd10a0 Exception <a 'java/lang/NoSuchMethodError'{0x00000000917013c0}: 'void java.lang.invoke.DirectMethodHandle$Holder.invokeInterface(java.lang.Object, java.lang.Object, java.lang.Object)'> (0x00000000917013c0) 
thrown [s\open\src\hotspot\share\interpreter\linkResolver.cpp, line 773]
Event: 1.452 Thread 0x000001d726bd10a0 Exception <a 'java/lang/NoSuchMethodError'{0x00000000917a0750}: 'void java.lang.invoke.DirectMethodHandle$Holder.invokeStaticInit(java.lang.Object, java.lang.Object, java.lang.Object)'> (0x00000000917a0750) 
thrown [s\open\src\hotspot\share\interpreter\linkResolver.cpp, line 773]
Event: 1.459 Thread 0x000001d726bd10a0 Exception <a 'java/lang/NoSuchMethodError'{0x00000000917e6458}: 'java.lang.Object java.lang.invoke.DirectMethodHandle$Holder.invokeVirtual(java.lang.Object, java.lang.Object, java.lang.Object)'> (0x00000000917e6458) 
thrown [s\open\src\hotspot\share\interpreter\linkResolver.cpp, line 773]
Event: 1.464 Thread 0x000001d726bd10a0 Exception <a 'java/lang/NoSuchMethodError'{0x0000000091606d10}: 'java.lang.Object java.lang.invoke.DirectMethodHandle$Holder.invokeStatic(java.lang.Object, long, java.lang.Object)'> (0x0000000091606d10) 
thrown [s\open\src\hotspot\share\interpreter\linkResolver.cpp, line 773]
Event: 1.464 Thread 0x000001d726bd10a0 Exception <a 'java/lang/NoSuchMethodError'{0x000000009160a368}: 'java.lang.Object java.lang.invoke.DirectMethodHandle$Holder.invokeStaticInit(java.lang.Object, long, java.lang.Object)'> (0x000000009160a368) 
thrown [s\open\src\hotspot\share\interpreter\linkResolver.cpp, line 773]
Event: 1.465 Thread 0x000001d726bd10a0 Exception <a 'java/lang/NoSuchMethodError'{0x000000009160fad0}: 'java.lang.Object java.lang.invoke.DirectMethodHandle$Holder.newInvokeSpecial(java.lang.Object, long)'> (0x000000009160fad0) 
thrown [s\open\src\hotspot\share\interpreter\linkResolver.cpp, line 773]
Event: 1.487 Thread 0x000001d726bd10a0 Exception <a 'java/lang/NoSuchMethodError'{0x0000000091668d70}: 'void java.lang.invoke.DirectMethodHandle$Holder.invokeVirtual(java.lang.Object, java.lang.Object, java.lang.Object, java.lang.Object)'> (0x0000000091668d70) 
thrown [s\open\src\hotspot\share\interpreter\linkResolver.cpp, line 773]
Event: 1.565 Thread 0x000001d726bce940 Exception <a 'java/lang/NoClassDefFoundError'{0x00000000915fd528}: jakarta/validation/Validation> (0x00000000915fd528) 
thrown [s\open\src\hotspot\share\classfile\systemDictionary.cpp, line 301]
Event: 1.565 Thread 0x000001d726bd10a0 Exception <a 'java/lang/IncompatibleClassChangeError'{0x00000000915d5ff8}: Found class java.lang.Object, but interface was expected> (0x00000000915d5ff8) 
thrown [s\open\src\hotspot\share\interpreter\linkResolver.cpp, line 840]
Event: 1.575 Thread 0x000001d726bd10a0 Exception <a 'java/lang/NoSuchMethodError'{0x00000000914296c0}: 'java.lang.Object java.lang.invoke.DirectMethodHandle$Holder.invokeStaticInit(java.lang.Object, int)'> (0x00000000914296c0) 
thrown [s\open\src\hotspot\share\interpreter\linkResolver.cpp, line 773]
Event: 1.578 Thread 0x000001d726bd10a0 Exception <a 'java/lang/NoSuchMethodError'{0x0000000091433800}: 'java.lang.Object java.lang.invoke.DirectMethodHandle$Holder.invokeStatic(java.lang.Object, int, java.lang.Object)'> (0x0000000091433800) 
thrown [s\open\src\hotspot\share\interpreter\linkResolver.cpp, line 773]
Event: 1.578 Thread 0x000001d726bd10a0 Exception <a 'java/lang/NoSuchMethodError'{0x0000000091436e50}: 'java.lang.Object java.lang.invoke.DirectMethodHandle$Holder.invokeStaticInit(java.lang.Object, int, java.lang.Object)'> (0x0000000091436e50) 
thrown [s\open\src\hotspot\share\interpreter\linkResolver.cpp, line 773]
Event: 2.021 Thread 0x000001d726bd10a0 Exception <a 'java/lang/NoSuchMethodError'{0x0000000091ad9150}: 'int java.lang.invoke.DirectMethodHandle$Holder.invokeSpecial(java.lang.Object, java.lang.Object, java.lang.Object, java.lang.Object, java.lang.Object)'> (0x0000000091ad9150) 
thrown [s\open\src\hotspot\share\interpreter\linkResolver.cpp, line 773]
Event: 2.024 Thread 0x000001d726bce940 Exception <a 'java/lang/NoSuchMethodError'{0x0000000091951488}: 'long java.lang.invoke.DirectMethodHandle$Holder.invokeSpecial(java.lang.Object, java.lang.Object)'> (0x0000000091951488) 
thrown [s\open\src\hotspot\share\interpreter\linkResolver.cpp, line 773]
Event: 2.024 Thread 0x000001d726bd10a0 Exception <a 'java/lang/NoSuchMethodError'{0x0000000091ae1418}: 'void java.lang.invoke.DirectMethodHandle$Holder.invokeVirtual(java.lang.Object, java.lang.Object)'> (0x0000000091ae1418) 
thrown [s\open\src\hotspot\share\interpreter\linkResolver.cpp, line 773]
Event: 2.026 Thread 0x000001d726bce940 Exception <a 'java/lang/NoSuchMethodError'{0x000000009195afe0}: 'long java.lang.invoke.DirectMethodHandle$Holder.invokeStatic(java.lang.Object, java.lang.Object)'> (0x000000009195afe0) 
thrown [s\open\src\hotspot\share\interpreter\linkResolver.cpp, line 773]
Event: 2.027 Thread 0x000001d726bce940 Exception <a 'java/lang/NoSuchMethodError'{0x000000009195e098}: 'long java.lang.invoke.DirectMethodHandle$Holder.invokeStaticInit(java.lang.Object, java.lang.Object)'> (0x000000009195e098) 
thrown [s\open\src\hotspot\share\interpreter\linkResolver.cpp, line 773]
Event: 2.031 Thread 0x000001d726bce940 Exception <a 'java/lang/NoSuchMethodError'{0x0000000091969f30}: 'long java.lang.invoke.DirectMethodHandle$Holder.invokeInterface(java.lang.Object, java.lang.Object)'> (0x0000000091969f30) 
thrown [s\open\src\hotspot\share\interpreter\linkResolver.cpp, line 773]
Event: 2.032 Thread 0x000001d726bce940 Exception <a 'java/lang/IncompatibleClassChangeError'{0x000000009196cf30}: Found class java.lang.Object, but interface was expected> (0x000000009196cf30) 
thrown [s\open\src\hotspot\share\interpreter\linkResolver.cpp, line 840]
Event: 2.039 Thread 0x000001d726bce940 Exception <a 'java/lang/NoSuchMethodError'{0x00000000919d9528}: 'java.lang.Object java.lang.invoke.DirectMethodHandle$Holder.invokeVirtual(java.lang.Object, java.lang.Object, java.lang.Object, java.lang.Object)'> (0x00000000919d9528) 
thrown [s\open\src\hotspot\share\interpreter\linkResolver.cpp, line 773]

ZGC Phase Switch (0 events):
No events

VM Operations (20 events):
Event: 1.043 Executing VM operation: G1CollectForAllocation (G1 Evacuation Pause)
Event: 1.050 Executing VM operation: G1CollectForAllocation (G1 Evacuation Pause) done
Event: 1.364 Executing VM operation: HandshakeAllThreads (Deoptimize)
Event: 1.364 Executing VM operation: HandshakeAllThreads (Deoptimize) done
Event: 1.546 Executing VM operation: HandshakeAllThreads (Deoptimize)
Event: 1.546 Executing VM operation: HandshakeAllThreads (Deoptimize) done
Event: 1.552 Executing VM operation: HandshakeAllThreads (Deoptimize)
Event: 1.552 Executing VM operation: HandshakeAllThreads (Deoptimize) done
Event: 1.552 Executing VM operation: HandshakeAllThreads (Deoptimize)
Event: 1.552 Executing VM operation: HandshakeAllThreads (Deoptimize) done
Event: 1.695 Executing VM operation: ICBufferFull
Event: 1.695 Executing VM operation: ICBufferFull done
Event: 1.745 Executing VM operation: HandshakeAllThreads (Deoptimize)
Event: 1.745 Executing VM operation: HandshakeAllThreads (Deoptimize) done
Event: 1.886 Executing VM operation: G1CollectForAllocation (G1 Evacuation Pause)
Event: 1.891 Executing VM operation: G1CollectForAllocation (G1 Evacuation Pause) done
Event: 1.916 Executing VM operation: HandshakeAllThreads (Deoptimize)
Event: 1.916 Executing VM operation: HandshakeAllThreads (Deoptimize) done
Event: 1.991 Executing VM operation: HandshakeAllThreads (Deoptimize)
Event: 1.991 Executing VM operation: HandshakeAllThreads (Deoptimize) done

Events (16 events):
Event: 0.033 Thread 0x000001d70a313ca0 Thread added: 0x000001d70a313ca0
Event: 0.055 Thread 0x000001d7269acd30 Thread added: 0x000001d7269acd30
Event: 0.056 Thread 0x000001d7269ae260 Thread added: 0x000001d7269ae260
Event: 0.056 Thread 0x000001d7269b04d0 Thread added: 0x000001d7269b04d0
Event: 0.056 Thread 0x000001d7269b34c0 Thread added: 0x000001d7269b34c0
Event: 0.056 Thread 0x000001d7269b4530 Thread added: 0x000001d7269b4530
Event: 0.056 Thread 0x000001d7269c1ff0 Thread added: 0x000001d7269c1ff0
Event: 0.056 Thread 0x000001d7269c7ea0 Thread added: 0x000001d7269c7ea0
Event: 0.056 Thread 0x000001d7269c8550 Thread added: 0x000001d7269c8550
Event: 0.153 Thread 0x000001d726bd0380 Thread added: 0x000001d726bd0380
Event: 0.247 Thread 0x000001d726cf0bf0 Thread added: 0x000001d726cf0bf0
Event: 0.320 Thread 0x000001d726bcf660 Thread added: 0x000001d726bcf660
Event: 0.320 Thread 0x000001d726bcfcf0 Thread added: 0x000001d726bcfcf0
Event: 0.919 Thread 0x000001d726bd0a10 Thread added: 0x000001d726bd0a10
Event: 0.924 Thread 0x000001d726bd10a0 Thread added: 0x000001d726bd10a0
Event: 1.561 Thread 0x000001d726bce940 Thread added: 0x000001d726bce940


Dynamic libraries:
0x00007ff61ea40000 - 0x00007ff61ea4e000 	C:\Users\HP 14S-FQ1001NU\.jdks\openjdk-21.0.2\bin\java.exe
0x00007ffa97c90000 - 0x00007ffa97ea7000 	C:\WINDOWS\SYSTEM32\ntdll.dll
0x00007ffa95e80000 - 0x00007ffa95f44000 	C:\WINDOWS\System32\KERNEL32.DLL
0x00007ffa95150000 - 0x00007ffa954fc000 	C:\WINDOWS\System32\KERNELBASE.dll
0x00007ffa95030000 - 0x00007ffa95141000 	C:\WINDOWS\System32\ucrtbase.dll
0x00007ffa6f360000 - 0x00007ffa6f37b000 	C:\Users\HP 14S-FQ1001NU\.jdks\openjdk-21.0.2\bin\VCRUNTIME140.dll
0x00007ffa72080000 - 0x00007ffa72098000 	C:\Users\HP 14S-FQ1001NU\.jdks\openjdk-21.0.2\bin\jli.dll
0x00007ffa95ab0000 - 0x00007ffa95c5e000 	C:\WINDOWS\System32\USER32.dll
0x00007ffa72e80000 - 0x00007ffa73113000 	C:\WINDOWS\WinSxS\amd64_microsoft.windows.common-controls_6595b64144ccf1df_6.0.22621.3672_none_2713b9d173822955\COMCTL32.dll
0x00007ffa95880000 - 0x00007ffa958a6000 	C:\WINDOWS\System32\win32u.dll
0x00007ffa97ba0000 - 0x00007ffa97c47000 	C:\WINDOWS\System32\msvcrt.dll
0x00007ffa95cc0000 - 0x00007ffa95ce9000 	C:\WINDOWS\System32\GDI32.dll
0x00007ffa956a0000 - 0x00007ffa957b9000 	C:\WINDOWS\System32\gdi32full.dll
0x00007ffa958b0000 - 0x00007ffa9594a000 	C:\WINDOWS\System32\msvcp_win.dll
0x00007ffa96ca0000 - 0x00007ffa96cd1000 	C:\WINDOWS\System32\IMM32.DLL
0x00007ffa7b0a0000 - 0x00007ffa7b0ac000 	C:\Users\HP 14S-FQ1001NU\.jdks\openjdk-21.0.2\bin\vcruntime140_1.dll
0x00007ffa6dfe0000 - 0x00007ffa6e06e000 	C:\Users\HP 14S-FQ1001NU\.jdks\openjdk-21.0.2\bin\msvcp140.dll
0x00007ffa459f0000 - 0x00007ffa46707000 	C:\Users\HP 14S-FQ1001NU\.jdks\openjdk-21.0.2\bin\server\jvm.dll
0x00007ffa968d0000 - 0x00007ffa96982000 	C:\WINDOWS\System32\ADVAPI32.dll
0x00007ffa96dd0000 - 0x00007ffa96e7a000 	C:\WINDOWS\System32\sechost.dll
0x00007ffa95670000 - 0x00007ffa95698000 	C:\WINDOWS\System32\bcrypt.dll
0x00007ffa967b0000 - 0x00007ffa968c5000 	C:\WINDOWS\System32\RPCRT4.dll
0x00007ffa95cf0000 - 0x00007ffa95d61000 	C:\WINDOWS\System32\WS2_32.dll
0x00007ffa94880000 - 0x00007ffa948cd000 	C:\WINDOWS\SYSTEM32\POWRPROF.dll
0x00007ffa8cf00000 - 0x00007ffa8cf0a000 	C:\WINDOWS\SYSTEM32\VERSION.dll
0x00007ffa8c140000 - 0x00007ffa8c174000 	C:\WINDOWS\SYSTEM32\WINMM.dll
0x00007ffa94860000 - 0x00007ffa94873000 	C:\WINDOWS\SYSTEM32\UMPDC.dll
0x00007ffa93fd0000 - 0x00007ffa93fe8000 	C:\WINDOWS\SYSTEM32\kernel.appcore.dll
0x00007ffa71ef0000 - 0x00007ffa71efa000 	C:\Users\HP 14S-FQ1001NU\.jdks\openjdk-21.0.2\bin\jimage.dll
0x00007ffa878f0000 - 0x00007ffa87b22000 	C:\WINDOWS\SYSTEM32\DBGHELP.DLL
0x00007ffa97390000 - 0x00007ffa97718000 	C:\WINDOWS\System32\combase.dll
0x00007ffa96b10000 - 0x00007ffa96be7000 	C:\WINDOWS\System32\OLEAUT32.dll
0x00007ffa793c0000 - 0x00007ffa793f2000 	C:\WINDOWS\SYSTEM32\dbgcore.DLL
0x00007ffa95950000 - 0x00007ffa959cb000 	C:\WINDOWS\System32\bcryptPrimitives.dll
0x00007ffa90be0000 - 0x00007ffa90bef000 	C:\Users\HP 14S-FQ1001NU\.jdks\openjdk-21.0.2\bin\instrument.dll
0x00007ffa6dfc0000 - 0x00007ffa6dfdf000 	C:\Users\HP 14S-FQ1001NU\.jdks\openjdk-21.0.2\bin\java.dll
0x00007ffa95f50000 - 0x00007ffa967ac000 	C:\WINDOWS\System32\SHELL32.dll
0x00007ffa92ec0000 - 0x00007ffa937b7000 	C:\WINDOWS\SYSTEM32\windows.storage.dll
0x00007ffa92d80000 - 0x00007ffa92ebf000 	C:\WINDOWS\SYSTEM32\wintypes.dll
0x00007ffa95d80000 - 0x00007ffa95e74000 	C:\WINDOWS\System32\SHCORE.dll
0x00007ffa95c60000 - 0x00007ffa95cbe000 	C:\WINDOWS\System32\shlwapi.dll
0x00007ffa94ef0000 - 0x00007ffa94f11000 	C:\WINDOWS\SYSTEM32\profapi.dll
0x00007ffa520a0000 - 0x00007ffa52177000 	C:\Users\HP 14S-FQ1001NU\.jdks\openjdk-21.0.2\bin\jsvml.dll
0x00007ffa6e410000 - 0x00007ffa6e428000 	C:\Users\HP 14S-FQ1001NU\.jdks\openjdk-21.0.2\bin\zip.dll
0x00007ffa6f790000 - 0x00007ffa6f7a0000 	C:\Users\HP 14S-FQ1001NU\.jdks\openjdk-21.0.2\bin\net.dll
0x00007ffa8ddc0000 - 0x00007ffa8def6000 	C:\WINDOWS\SYSTEM32\WINHTTP.dll
0x00007ffa94460000 - 0x00007ffa944c9000 	C:\WINDOWS\system32\mswsock.dll
0x00007ffa6efc0000 - 0x00007ffa6efd6000 	C:\Users\HP 14S-FQ1001NU\.jdks\openjdk-21.0.2\bin\nio.dll
0x00007ffa8c4b0000 - 0x00007ffa8c4ca000 	C:\Program Files\JetBrains\IntelliJ IDEA Community Edition 2023.3.4\bin\breakgen64.dll
0x00007ffa8df10000 - 0x00007ffa8df19000 	C:\Users\HP 14S-FQ1001NU\.jdks\openjdk-21.0.2\bin\extnet.dll
0x00007ffa90530000 - 0x00007ffa9053a000 	C:\Users\HP 14S-FQ1001NU\.jdks\openjdk-21.0.2\bin\management.dll
0x00007ffa8df00000 - 0x00007ffa8df0b000 	C:\Users\HP 14S-FQ1001NU\.jdks\openjdk-21.0.2\bin\management_ext.dll
0x00007ffa96ce0000 - 0x00007ffa96ce8000 	C:\WINDOWS\System32\PSAPI.DLL

dbghelp: loaded successfully - version: 4.0.5 - missing functions: none
symbol engine: initialized successfully - sym options: 0x614 - pdb path: .;C:\Users\HP 14S-FQ1001NU\.jdks\openjdk-21.0.2\bin;C:\WINDOWS\SYSTEM32;C:\WINDOWS\WinSxS\amd64_microsoft.windows.common-controls_6595b64144ccf1df_6.0.22621.3672_none_2713b9d173822955;C:\Users\HP 14S-FQ1001NU\.jdks\openjdk-21.0.2\bin\server;C:\Program Files\JetBrains\IntelliJ IDEA Community Edition 2023.3.4\bin

VM Arguments:
jvm_args: -javaagent:C:\Program Files\JetBrains\IntelliJ IDEA Community Edition 2023.3.4\lib\idea_rt.jar=50676:C:\Program Files\JetBrains\IntelliJ IDEA Community Edition 2023.3.4\bin -Dfile.encoding=UTF-8 -Dsun.stdout.encoding=UTF-8 -Dsun.stderr.encoding=UTF-8 
java_command: bg.fmi.javaweb.sportstournamentorganizer.SportsTournamentOrganizerApplication
java_class_path (initial): C:\Users\HP 14S-FQ1001NU\IdeaProjects\local_java_repo\target\classes;C:\Users\HP 14S-FQ1001NU\.m2\repository\org\springframework\boot\spring-boot-starter-web\3.3.0\spring-boot-starter-web-3.3.0.jar;C:\Users\HP 14S-FQ1001NU\.m2\repository\org\springframework\boot\spring-boot-starter\3.3.0\spring-boot-starter-3.3.0.jar;C:\Users\HP 14S-FQ1001NU\.m2\repository\org\springframework\boot\spring-boot-starter-logging\3.3.0\spring-boot-starter-logging-3.3.0.jar;C:\Users\HP 14S-FQ1001NU\.m2\repository\ch\qos\logback\logback-classic\1.5.6\logback-classic-1.5.6.jar;C:\Users\HP 14S-FQ1001NU\.m2\repository\ch\qos\logback\logback-core\1.5.6\logback-core-1.5.6.jar;C:\Users\HP 14S-FQ1001NU\.m2\repository\org\apache\logging\log4j\log4j-to-slf4j\2.23.1\log4j-to-slf4j-2.23.1.jar;C:\Users\HP 14S-FQ1001NU\.m2\repository\org\apache\logging\log4j\log4j-api\2.23.1\log4j-api-2.23.1.jar;C:\Users\HP 14S-FQ1001NU\.m2\repository\org\slf4j\jul-to-slf4j\2.0.13\jul-to-slf4j-2.0.13.jar;C:\Users\HP 14S-FQ1001NU\.m2\repository\jakarta\annotation\jakarta.annotation-api\2.1.1\jakarta.annotation-api-2.1.1.jar;C:\Users\HP 14S-FQ1001NU\.m2\repository\org\yaml\snakeyaml\2.2\snakeyaml-2.2.jar;C:\Users\HP 14S-FQ1001NU\.m2\repository\org\springframework\boot\spring-boot-starter-json\3.3.0\spring-boot-starter-json-3.3.0.jar;C:\Users\HP 14S-FQ1001NU\.m2\repository\com\fasterxml\jackson\core\jackson-databind\2.17.1\jackson-databind-2.17.1.jar;C:\Users\HP 14S-FQ1001NU\.m2\repository\com\fasterxml\jackson\core\jackson-annotations\2.17.1\jackson-annotations-2.17.1.jar;C:\Users\HP 14S-FQ1001NU\.m2\repository\com\fasterxml\jackson\core\jackson-core\2.17.1\jackson-core-2.17.1.jar;C:\Users\HP 14S-FQ1001NU\.m2\repository\com\fasterxml\jackson\datatype\jackson-datatype-jdk8\2.17.1\jackson-datatype-jdk8-2.17.1.jar;C:\Users\HP 14S-FQ1001NU\.m2\repository\com\fasterxml\jackson\datatype\jackson-datatype-jsr310\2.17.1\jackson-datatype-jsr310-2.17.1.jar;C:\Users\HP 14S-FQ1001NU\.m2\repository\com\fasterxml\jackson\module\jackson-module-parameter-names\2.17.1\jackson-module-parameter-names-2.17.1.jar;C:\Users\HP 14S-FQ1001NU\.m2\repository\org\springframework\boot\spring-boot-starter-tomcat\3.3.0\spring-boot-starter-tomcat-3.3.0.jar;C:\Users\HP 14S-FQ1001NU\.m2\repository\org\apache\tomcat\embed\tomcat-embed-core\10.1.24\tomcat-embed-core-10.1.24.jar;C:\Users\HP 14S-FQ1001NU\.m2\repository\org\apache\tomcat\embed\tomcat-embed-el\10.1.24\tomcat-embed-el-10.1.24.jar;C:\Users\HP 14S-FQ1001NU\.m2\repository\org\apache\tomcat\embed\tomcat-embed-websocket\10.1.24\tomcat-embed-websocket-10.1.24.jar;C:\Users\HP 14S-FQ1001NU\.m2\repository\org\springframework\spring-web\6.1.8\spring-web-6.1.8.jar;C:\Users\HP 14S-FQ1001NU\.m2\repository\org\springframework\spring-beans\6.1.8\spring-beans-6.1.8.jar;C:\Users\HP 14S-FQ1001NU\.m2\repository\io\micrometer\micrometer-observation\1.13.0\micrometer-observation-1.13.0.jar;C:\Users\HP 14S-FQ1001NU\.m2\repository\io\micrometer\micrometer-commons\1.13.0\micrometer-commons-1.13.0.jar;C:\Users\HP 14S-FQ1001NU\.m2\repository\org\springframework\spring-webmvc\6.1.8\spring-webmvc-6.1.8.jar;C:\Users\HP 14S-FQ1001NU\.m2\repository\org\springframework\spring-aop\6.1.8\spring-aop-6.1.8.jar;C:\Users\HP 14S-FQ1001NU\.m2\repository\org\springframework\spring-context\6.1.8\spring-context-6.1.8.jar;C:\Users\HP 14S-FQ1001NU\.m2\repository\org\springframework\spring-expression\6.1.8\spring-expression-6.1.8.jar;C:\Users\HP 14S-FQ1001NU\.m2\repository\org\springframework\boot\spring-boot-devtools\3.3.0\spring-boot-devtools-3.3.0.jar;C:\Users\HP 14S-FQ1001NU\.m2\repository\org\springframework\boot\spring-boot\3.3.0\spring-boot-3.3.0.jar;C:\Users\HP 14S-FQ1001NU\.m2\repository\org\springframework\boot\spring-boot-autoconfigure\3.3.0\spring-boot-autoconfigure-3.3.0.jar;C:\Users\HP 14S-FQ1001NU\.m2\repository\org\slf4j\slf4j-api\2.0.13\slf4j-api-2.0.13.jar;C:\Users\HP 14S-FQ1001NU\.m2\repository\jakarta\xml\bind\jakarta.xml.bind-api\4.0.2\jakarta.xml.bind-api-4.0.2.jar;C:\Users\HP 14S-FQ1001NU\.m2\repository\jakarta\activation\jakarta.activation-api\2.1.3\jakarta.activation-api-2.1.3.jar;C:\Users\HP 14S-FQ1001NU\.m2\repository\net\bytebuddy\byte-buddy\1.14.16\byte-buddy-1.14.16.jar;C:\Users\HP 14S-FQ1001NU\.m2\repository\org\springframework\spring-core\6.1.8\spring-core-6.1.8.jar;C:\Users\HP 14S-FQ1001NU\.m2\repository\org\springframework\spring-jcl\6.1.8\spring-jcl-6.1.8.jar;C:\Users\HP 14S-FQ1001NU\.m2\repository\org\mapstruct\mapstruct\1.6.0.Beta1\mapstruct-1.6.0.Beta1.jar;C:\Users\HP 14S-FQ1001NU\.m2\repository\org\mapstruct\mapstruct-processor\1.6.0.Beta1\mapstruct-processor-1.6.0.Beta1.jar;C:\Users\HP 14S-FQ1001NU\.m2\repository\org\postgresql\postgresql\42.7.3\postgresql-42.7.3.jar;C:\Users\HP 14S-FQ1001NU\.m2\repository\org\checkerframework\checker-qual\3.42.0\checker-qual-3.42.0.jar;C:\Users\HP 14S-FQ1001NU\.m2\repository\org\springframework\boot\spring-boot-starter-data-jpa\3.3.0\spring-boot-starter-data-jpa-3.3.0.jar;C:\Users\HP 14S-FQ1001NU\.m2\repository\org\springframework\boot\spring-boot-starter-aop\3.3.0\spring-boot-starter-aop-3.3.0.jar;C:\Users\HP 14S-FQ1001NU\.m2\repository\org\aspectj\aspectjweaver\1.9.22\aspectjweaver-1.9.22.jar;C:\Users\HP 14S-FQ1001NU\.m2\repository\org\springframework\boot\spring-boot-starter-jdbc\3.3.0\spring-boot-starter-jdbc-3.3.0.jar;C:\Users\HP 14S-FQ1001NU\.m2\repository\com\zaxxer\HikariCP\5.1.0\HikariCP-5.1.0.jar;C:\Users\HP 14S-FQ1001NU\.m2\repository\org\springframework\spring-jdbc\6.1.8\spring-jdbc-6.1.8.jar;C:\Users\HP 14S-FQ1001NU\.m2\repository\org\hibernate\orm\hibernate-core\6.5.2.Final\hibernate-core-6.5.2.Final.jar;C:\Users\HP 14S-FQ1001NU\.m2\repository\jakarta\persistence\jakarta.persistence-api\3.1.0\jakarta.persistence-api-3.1.0.jar;C:\Users\HP 14S-FQ1001NU\.m2\repository\jakarta\transaction\jakarta.transaction-api\2.0.1\jakarta.transaction-api-2.0.1.jar;C:\Users\HP 14S-FQ1001NU\.m2\repository\org\jboss\logging\jboss-logging\3.5.3.Final\jboss-logging-3.5.3.Final.jar;C:\Users\HP 14S-FQ1001NU\.m2\repository\org\hibernate\common\hibernate-commons-annotations\6.0.6.Final\hibernate-commons-annotations-6.0.6.Final.jar;C:\Users\HP 14S-FQ1001NU\.m2\repository\io\smallrye\jandex\3.1.2\jandex-3.1.2.jar;C:\Users\HP 14S-FQ1001NU\.m2\repository\com\fasterxml\classmate\1.7.0\classmate-1.7.0.jar;C:\Users\HP 14S-FQ1001NU\.m2\repository\org\glassfish\jaxb\jaxb-runtime\4.0.5\jaxb-runtime-4.0.5.jar;C:\Users\HP 14S-FQ1001NU\.m2\repository\org\glassfish\jaxb\jaxb-core\4.0.5\jaxb-core-4.0.5.jar;C:\Users\HP 14S-FQ1001NU\.m2\repository\org\eclipse\angus\angus-activation\2.0.2\angus-activation-2.0.2.jar;C:\Users\HP 14S-FQ1001NU\.m2\repository\org\glassfish\jaxb\txw2\4.0.5\txw2-4.0.5.jar;C:\Users\HP 14S-FQ1001NU\.m2\repository\com\sun\istack\istack-commons-runtime\4.1.2\istack-commons-runtime-4.1.2.jar;C:\Users\HP 14S-FQ1001NU\.m2\repository\jakarta\inject\jakarta.inject-api\2.0.1\jakarta.inject-api-2.0.1.jar;C:\Users\HP 14S-FQ1001NU\.m2\repository\org\antlr\antlr4-runtime\4.13.0\antlr4-runtime-4.13.0.jar;C:\Users\HP 14S-FQ1001NU\.m2\repository\org\springframework\data\spring-data-jpa\3.3.0\spring-data-jpa-3.3.0.jar;C:\Users\HP 14S-FQ1001NU\.m2\repository\org\springframework\data\spring-data-commons\3.3.0\spring-data-commons-3.3.0.jar;C:\Users\HP 14S-FQ1001NU\.m2\repository\org\springframework\spring-orm\6.1.8\spring-orm-6.1.8.jar;C:\Users\HP 14S-FQ1001NU\.m2\repository\org\springframework\spring-tx\6.1.8\spring-tx-6.1.8.jar;C:\Users\HP 14S-FQ1001NU\.m2\repository\org\springframework\spring-aspects\6.1.8\spring-aspects-6.1.8.jar
Launcher Type: SUN_STANDARD

[Global flags]
     intx CICompilerCount                          = 4                                         {product} {ergonomic}
     uint ConcGCThreads                            = 2                                         {product} {ergonomic}
     uint G1ConcRefinementThreads                  = 8                                         {product} {ergonomic}
   size_t G1HeapRegionSize                         = 1048576                                   {product} {ergonomic}
    uintx GCDrainStackTargetSize                   = 64                                        {product} {ergonomic}
   size_t InitialHeapSize                          = 123731968                                 {product} {ergonomic}
   size_t MarkStackSize                            = 4194304                                   {product} {ergonomic}
   size_t MaxHeapSize                              = 1967128576                                {product} {ergonomic}
   size_t MaxNewSize                               = 1179648000                                {product} {ergonomic}
   size_t MinHeapDeltaBytes                        = 1048576                                   {product} {ergonomic}
   size_t MinHeapSize                              = 8388608                                   {product} {ergonomic}
    uintx NonNMethodCodeHeapSize                   = 5839372                                {pd product} {ergonomic}
    uintx NonProfiledCodeHeapSize                  = 122909434                              {pd product} {ergonomic}
    uintx ProfiledCodeHeapSize                     = 122909434                              {pd product} {ergonomic}
    uintx ReservedCodeCacheSize                    = 251658240                              {pd product} {ergonomic}
     bool SegmentedCodeCache                       = true                                      {product} {ergonomic}
   size_t SoftMaxHeapSize                          = 1967128576                             {manageable} {ergonomic}
     bool UseCompressedOops                        = true                           {product lp64_product} {ergonomic}
     bool UseG1GC                                  = true                                      {product} {ergonomic}
     bool UseLargePagesIndividualAllocation        = false                                  {pd product} {ergonomic}

Logging:
Log output configuration:
 #0: stdout all=warning uptime,level,tags foldmultilines=false
 #1: stderr all=off uptime,level,tags foldmultilines=false

Environment Variables:
PATH=C:\Program Files (x86)\Cuminas\Document Express DjVu Plug-in\;C:\WINDOWS\system32;C:\WINDOWS;C:\WINDOWS\System32\Wbem;C:\WINDOWS\System32\WindowsPowerShell\v1.0\;C:\WINDOWS\System32\OpenSSH\;C:\Program Files\Git\cmd;C:\Program Files\Microsoft SQL Server\150\Tools\Binn\;C:\mysys64\mingw64\bin;C:\Program Files\PuTTY\;C:\Program Files (x86)\Microsoft SQL Server\160\Tools\Binn\;C:\Program Files\Microsoft SQL Server\160\Tools\Binn\;C:\Program Files\Microsoft SQL Server\Client SDK\ODBC\170\Tools\Binn\;C:\Program Files\Microsoft SQL Server\160\DTS\Binn\;C:\Program Files (x86)\Microsoft SQL Server\160\DTS\Binn\;C:\Program Files\Azure Data Studio\bin;C:\MinGW\bin;C:\Program Files\dotnet\;C:\Program Files\nodejs\;C:\php;C:\Users\HP 14S-FQ1001NU\AppData\Local\Programs\Python\Launcher\;C:\Users\HP 14S-FQ1001NU\AppData\Local\Microsoft\WindowsApps;C:\Users\HP 14S-FQ1001NU\AppData\Local\GitHubDesktop\bin;C:\Users\HP 14S-FQ1001NU\AppData\Local\Programs\Microsoft VS Code\bin;C:\Program Files\JetBrains\IntelliJ IDEA 2022.2.3\bin;;C:\Program Files\Azure Data Studio\bin;C:\Program Files\JetBrains\CLion 2023.1.3\bin;;C:\ghcup\bin;C:\Users\HP 14S-FQ1001NU\.dotnet\tools;C:\Users\HP 14S-FQ1001NU\AppData\Roaming\npm;C:\Users\HP 14S-FQ1001NU\AppData\Roaming\Microsoft\Windows\Start Menu\Programs\MSYS2 64bit\MSYS2 MSYS.lnk;C:\Program Files\MongoDB\mongosh-2.2.6-win32-x64\bin;C:\php;
USERNAME=HP 14S-FQ1001NU
OS=Windows_NT
PROCESSOR_IDENTIFIER=AMD64 Family 23 Model 104 Stepping 1, AuthenticAMD
TMP=C:\Users\HP14S-~1\AppData\Local\Temp
TEMP=C:\Users\HP14S-~1\AppData\Local\Temp




Periodic native trim disabled

---------------  S Y S T E M  ---------------

OS:
 Windows 11 , 64 bit Build 22621 (10.0.22621.3672)
OS uptime: 0 days 0:47 hours
Hyper-V role detected

CPU: total 8 (initial active 8) (8 cores per cpu, 2 threads per core) family 23 model 104 stepping 1 microcode 0x0, cx8, cmov, fxsr, ht, mmx, 3dnowpref, sse, sse2, sse3, ssse3, sse4a, sse4.1, sse4.2, popcnt, lzcnt, tsc, tscinvbit, avx, avx2, aes, clmul, bmi1, bmi2, adx, sha, fma, vzeroupper, clflush, clflushopt, hv, rdtscp, rdpid, f16c
Processor Information for all 8 processors :
  Max Mhz: 2600, Current Mhz: 2600, Mhz Limit: 2600

Memory: 4k page, system-wide physical 7502M (361M free)
TotalPageFile size 10502M (AvailPageFile size 1M)
current process WorkingSet (physical memory assigned to process): 122M, peak: 122M
current process commit charge ("private bytes"): 240M, peak: 240M

vm_info: OpenJDK 64-Bit Server VM (21.0.2+13-58) for windows-amd64 JRE (21.0.2+13-58), built on 2024-01-05T18:32:24Z by "mach5one" with MS VC++ 17.1 (VS2022)

END.
