#
# There is insufficient memory for the Java Runtime Environment to continue.
# Native memory allocation (malloc) failed to allocate 523536 bytes for Chunk::new
# Possible reasons:
#   The system is out of physical RAM or swap space
#   The process is running with CompressedOops enabled, and the Java Heap may be blocking the growth of the native heap
# Possible solutions:
#   Reduce memory load on the system
#   Increase physical memory or swap space
#   Check if swap backing store is full
#   Decrease Java heap size (-Xmx/-Xms)
#   Decrease number of Java threads
#   Decrease Java thread stack sizes (-Xss)
#   Set larger code cache with -XX:ReservedCodeCacheSize=
#   JVM is running with Unscaled Compressed Oops mode in which the Java heap is
#     placed in the first 4GB address space. The Java Heap base address is the
#     maximum limit for the native heap growth. Please use -XX:HeapBaseMinAddress
#     to set the Java Heap base and to place the Java Heap above 4GB virtual address.
# This output file may be truncated or incomplete.
#
#  Out of Memory Error (arena.cpp:168), pid=18732, tid=8436
#
# JRE version: OpenJDK Runtime Environment (21.0.2+13) (build 21.0.2+13-58)
# Java VM: OpenJDK 64-Bit Server VM (21.0.2+13-58, mixed mode, sharing, tiered, compressed oops, compressed class ptrs, g1 gc, windows-amd64)
# No core dump will be written. Minidumps are not enabled by default on client versions of Windows
#

---------------  S U M M A R Y ------------

Command Line: -javaagent:C:\Program Files\JetBrains\IntelliJ IDEA Community Edition 2023.3.4\lib\idea_rt.jar=51150:C:\Program Files\JetBrains\IntelliJ IDEA Community Edition 2023.3.4\bin -Dfile.encoding=UTF-8 -Dsun.stdout.encoding=UTF-8 -Dsun.stderr.encoding=UTF-8 bg.fmi.javaweb.sportstournamentorganizer.SportsTournamentOrganizerApplication

Host: AMD Ryzen 3 5300U with Radeon Graphics         , 8 cores, 7G,  Windows 11 , 64 bit Build 22621 (10.0.22621.3672)
Time: Mon Jul  1 14:45:03 2024  Windows 11 , 64 bit Build 22621 (10.0.22621.3672) elapsed time: 16.416676 seconds (0d 0h 0m 16s)

---------------  T H R E A D  ---------------

Current thread (0x000002d14cb22700):  JavaThread "C2 CompilerThread0" daemon [_thread_in_native, id=8436, stack(0x000000e002500000,0x000000e002600000) (1024K)]


Current CompileTask:
C2:  16416 6739       4       java.lang.invoke.MethodType::makeImpl (109 bytes)

Stack: [0x000000e002500000,0x000000e002600000]
Native frames: (J=compiled Java code, j=interpreted, Vv=VM code, C=native code)
V  [jvm.dll+0x6cade9]
V  [jvm.dll+0x8569c1]
V  [jvm.dll+0x858d2e]
V  [jvm.dll+0x859413]
V  [jvm.dll+0x280e56]
V  [jvm.dll+0xc3f3d]
V  [jvm.dll+0xc4473]
V  [jvm.dll+0x2f437f]
V  [jvm.dll+0x5f5056]
V  [jvm.dll+0x252d7f]
V  [jvm.dll+0x24b25c]
V  [jvm.dll+0x2490a3]
V  [jvm.dll+0x1c9634]
V  [jvm.dll+0x258859]
V  [jvm.dll+0x256e3a]
V  [jvm.dll+0x3ef6c6]
V  [jvm.dll+0x7ff568]
V  [jvm.dll+0x6c953d]
C  [ucrtbase.dll+0x29333]
C  [KERNEL32.DLL+0x1257d]
C  [ntdll.dll+0x5af28]


---------------  P R O C E S S  ---------------

Threads class SMR info:
_java_thread_list=0x000002d195a7b090, length=32, elements={
0x000002d14cb08db0, 0x000002d14cb0b840, 0x000002d14cb0f890, 0x000002d14cb0ff00,
0x000002d14cb14580, 0x000002d14cb15c00, 0x000002d14cb22700, 0x000002d14cb2e790,
0x000002d1920d7690, 0x000002d192410080, 0x000002d1924106f0, 0x000002d193887970,
0x000002d1938893b0, 0x000002d19388a760, 0x000002d193888000, 0x000002d193888690,
0x000002d1938872e0, 0x000002d19388a0d0, 0x000002d193888d20, 0x000002d193889a40,
0x000002d19545c690, 0x000002d19545e0d0, 0x000002d1954601a0, 0x000002d19545fb10,
0x000002d19545c000, 0x000002d19545f480, 0x000002d195461be0, 0x000002d195461550,
0x000002d19545b2e0, 0x000002d195460ec0, 0x000002d19545d3b0, 0x000002d193ea1050
}

Java Threads: ( => current thread )
  0x000002d14cb08db0 JavaThread "Reference Handler"          daemon [_thread_blocked, id=10344, stack(0x000000e001f00000,0x000000e002000000) (1024K)]
  0x000002d14cb0b840 JavaThread "Finalizer"                  daemon [_thread_blocked, id=17936, stack(0x000000e002000000,0x000000e002100000) (1024K)]
  0x000002d14cb0f890 JavaThread "Signal Dispatcher"          daemon [_thread_blocked, id=19256, stack(0x000000e002100000,0x000000e002200000) (1024K)]
  0x000002d14cb0ff00 JavaThread "Attach Listener"            daemon [_thread_blocked, id=5368, stack(0x000000e002200000,0x000000e002300000) (1024K)]
  0x000002d14cb14580 JavaThread "Service Thread"             daemon [_thread_blocked, id=7144, stack(0x000000e002300000,0x000000e002400000) (1024K)]
  0x000002d14cb15c00 JavaThread "Monitor Deflation Thread"   daemon [_thread_blocked, id=6096, stack(0x000000e002400000,0x000000e002500000) (1024K)]
=>0x000002d14cb22700 JavaThread "C2 CompilerThread0"         daemon [_thread_in_native, id=8436, stack(0x000000e002500000,0x000000e002600000) (1024K)]
  0x000002d14cb2e790 JavaThread "C1 CompilerThread0"         daemon [_thread_blocked, id=1372, stack(0x000000e002600000,0x000000e002700000) (1024K)]
  0x000002d1920d7690 JavaThread "Common-Cleaner"             daemon [_thread_blocked, id=12308, stack(0x000000e002700000,0x000000e002800000) (1024K)]
  0x000002d192410080 JavaThread "Monitor Ctrl-Break"         daemon [_thread_in_native, id=18920, stack(0x000000e002900000,0x000000e002a00000) (1024K)]
  0x000002d1924106f0 JavaThread "Notification Thread"        daemon [_thread_blocked, id=18840, stack(0x000000e002a00000,0x000000e002b00000) (1024K)]
  0x000002d193887970 JavaThread "Catalina-utility-1"                [_thread_blocked, id=7728, stack(0x000000e003600000,0x000000e003700000) (1024K)]
  0x000002d1938893b0 JavaThread "Catalina-utility-2"                [_thread_blocked, id=8056, stack(0x000000e003700000,0x000000e003800000) (1024K)]
  0x000002d19388a760 JavaThread "http-nio-8080-exec-1"       daemon [_thread_blocked, id=15176, stack(0x000000e003800000,0x000000e003900000) (1024K)]
  0x000002d193888000 JavaThread "http-nio-8080-exec-2"       daemon [_thread_in_vm, id=8672, stack(0x000000e003900000,0x000000e003a00000) (1024K)]
  0x000002d193888690 JavaThread "http-nio-8080-exec-3"       daemon [_thread_blocked, id=18976, stack(0x000000e003a00000,0x000000e003b00000) (1024K)]
  0x000002d1938872e0 JavaThread "http-nio-8080-exec-4"       daemon [_thread_blocked, id=6140, stack(0x000000e003b00000,0x000000e003c00000) (1024K)]
  0x000002d19388a0d0 JavaThread "http-nio-8080-exec-5"       daemon [_thread_blocked, id=2972, stack(0x000000e003c00000,0x000000e003d00000) (1024K)]
  0x000002d193888d20 JavaThread "http-nio-8080-exec-6"       daemon [_thread_blocked, id=3376, stack(0x000000e003d00000,0x000000e003e00000) (1024K)]
  0x000002d193889a40 JavaThread "http-nio-8080-exec-7"       daemon [_thread_blocked, id=11868, stack(0x000000e003e00000,0x000000e003f00000) (1024K)]
  0x000002d19545c690 JavaThread "http-nio-8080-exec-8"       daemon [_thread_blocked, id=8376, stack(0x000000e003f00000,0x000000e004000000) (1024K)]
  0x000002d19545e0d0 JavaThread "http-nio-8080-exec-9"       daemon [_thread_blocked, id=9860, stack(0x000000e004000000,0x000000e004100000) (1024K)]
  0x000002d1954601a0 JavaThread "http-nio-8080-exec-10"      daemon [_thread_blocked, id=19332, stack(0x000000e004100000,0x000000e004200000) (1024K)]
  0x000002d19545fb10 JavaThread "container-0"                       [_thread_blocked, id=8016, stack(0x000000e004200000,0x000000e004300000) (1024K)]
  0x000002d19545c000 JavaThread "PostgreSQL-JDBC-Cleaner"    daemon [_thread_blocked, id=16772, stack(0x000000e004300000,0x000000e004400000) (1024K)]
  0x000002d19545f480 JavaThread "HikariPool-1 housekeeper"   daemon [_thread_blocked, id=12976, stack(0x000000e004400000,0x000000e004500000) (1024K)]
  0x000002d195461be0 JavaThread "File Watcher"               daemon [_thread_blocked, id=7828, stack(0x000000e004700000,0x000000e004800000) (1024K)]
  0x000002d195461550 JavaThread "Live Reload Server"         daemon [_thread_in_native, id=10856, stack(0x000000e004900000,0x000000e004a00000) (1024K)]
  0x000002d19545b2e0 JavaThread "http-nio-8080-Poller"       daemon [_thread_in_native, id=16704, stack(0x000000e004800000,0x000000e004900000) (1024K)]
  0x000002d195460ec0 JavaThread "http-nio-8080-Acceptor"     daemon [_thread_in_native, id=4588, stack(0x000000e004a00000,0x000000e004b00000) (1024K)]
  0x000002d19545d3b0 JavaThread "DestroyJavaVM"                     [_thread_blocked, id=12772, stack(0x000000e001700000,0x000000e001800000) (1024K)]
  0x000002d193ea1050 JavaThread "C2 CompilerThread1"         daemon [_thread_in_native, id=7284, stack(0x000000e002800000,0x000000e002900000) (1024K)]
Total: 32

Other Threads:
  0x000002d14cae8df0 VMThread "VM Thread"                           [id=3980, stack(0x000000e001e00000,0x000000e001f00000) (1024K)]
  0x000002d14cad18a0 WatcherThread "VM Periodic Task Thread"        [id=5752, stack(0x000000e001d00000,0x000000e001e00000) (1024K)]
  0x000002d1304dc7e0 WorkerThread "GC Thread#0"                     [id=14884, stack(0x000000e001800000,0x000000e001900000) (1024K)]
  0x000002d192f43fb0 WorkerThread "GC Thread#1"                     [id=2324, stack(0x000000e002d00000,0x000000e002e00000) (1024K)]
  0x000002d192fb0780 WorkerThread "GC Thread#2"                     [id=16868, stack(0x000000e002e00000,0x000000e002f00000) (1024K)]
  0x000002d1931239f0 WorkerThread "GC Thread#3"                     [id=7588, stack(0x000000e002f00000,0x000000e003000000) (1024K)]
  0x000002d193123d90 WorkerThread "GC Thread#4"                     [id=14788, stack(0x000000e003000000,0x000000e003100000) (1024K)]
  0x000002d193124130 WorkerThread "GC Thread#5"                     [id=14856, stack(0x000000e003100000,0x000000e003200000) (1024K)]
  0x000002d193504ec0 WorkerThread "GC Thread#6"                     [id=4136, stack(0x000000e003400000,0x000000e003500000) (1024K)]
  0x000002d193505260 WorkerThread "GC Thread#7"                     [id=12652, stack(0x000000e003500000,0x000000e003600000) (1024K)]
  0x000002d12e45da20 ConcurrentGCThread "G1 Main Marker"            [id=2112, stack(0x000000e001900000,0x000000e001a00000) (1024K)]
  0x000002d12e45e6d0 WorkerThread "G1 Conc#0"                       [id=8304, stack(0x000000e001a00000,0x000000e001b00000) (1024K)]
  0x000002d1935059a0 WorkerThread "G1 Conc#1"                       [id=10996, stack(0x000000e003200000,0x000000e003300000) (1024K)]
  0x000002d14c9a76b0 ConcurrentGCThread "G1 Refine#0"               [id=15796, stack(0x000000e001b00000,0x000000e001c00000) (1024K)]
  0x000002d14c9a8d50 ConcurrentGCThread "G1 Service"                [id=9880, stack(0x000000e001c00000,0x000000e001d00000) (1024K)]
Total: 15

Threads with active compile tasks:
C2 CompilerThread0    16435 6739       4       java.lang.invoke.MethodType::makeImpl (109 bytes)
C2 CompilerThread1    16435 6743 %     4       java.util.Properties$LineReader::readLine @ 293 (584 bytes)
Total: 2

VM state: not at safepoint (normal execution)

VM Mutex/Monitor currently owned by a thread: None

Heap address: 0x000000008ac00000, size: 1876 MB, Compressed Oops mode: 32-bit

CDS archive(s) mapped at: [0x000002d14d000000-0x000002d14dc90000-0x000002d14dc90000), size 13172736, SharedBaseAddress: 0x000002d14d000000, ArchiveRelocationMode: 1.
Compressed class space mapped at: 0x000002d14e000000-0x000002d18e000000, reserved size: 1073741824
Narrow klass base: 0x000002d14d000000, Narrow klass shift: 0, Narrow klass range: 0x100000000

GC Precious Log:
 CardTable entry size: 512
 Card Set container configuration: InlinePtr #cards 5 size 8 Array Of Cards #cards 12 size 40 Howl #buckets 4 coarsen threshold 1843 Howl Bitmap #cards 512 size 80 coarsen threshold 460 Card regions per heap region 1 cards per card region 2048
 CPUs: 8 total, 8 available
 Memory: 7502M
 Large Page Support: Disabled
 NUMA Support: Disabled
 Compressed Oops: Enabled (32-bit)
 Heap Region Size: 1M
 Heap Min Capacity: 8M
 Heap Initial Capacity: 118M
 Heap Max Capacity: 1876M
 Pre-touch: Disabled
 Parallel Workers: 8
 Concurrent Workers: 2
 Concurrent Refinement Workers: 8
 Periodic GC: Disabled

Heap:
 garbage-first heap   total 62464K, used 44283K [0x000000008ac00000, 0x0000000100000000)
  region size 1024K, 20 young (20480K), 4 survivors (4096K)
 Metaspace       used 65244K, committed 65984K, reserved 1114112K
  class space    used 8823K, committed 9152K, reserved 1048576K

Heap Regions: E=young(eden), S=young(survivor), O=old, HS=humongous(starts), HC=humongous(continues), CS=collection set, F=free, TAMS=top-at-mark-start, PB=parsable bottom
|   0|0x000000008ac00000, 0x000000008ad00000, 0x000000008ad00000|100%|HS|  |TAMS 0x000000008ac00000| PB 0x000000008ac00000| Complete 
|   1|0x000000008ad00000, 0x000000008ae00000, 0x000000008ae00000|100%| O|  |TAMS 0x000000008ad00000| PB 0x000000008ad00000| Untracked 
|   2|0x000000008ae00000, 0x000000008af00000, 0x000000008af00000|100%| O|  |TAMS 0x000000008ae00000| PB 0x000000008ae00000| Untracked 
|   3|0x000000008af00000, 0x000000008b000000, 0x000000008b000000|100%| O|  |TAMS 0x000000008af00000| PB 0x000000008af00000| Untracked 
|   4|0x000000008b000000, 0x000000008b100000, 0x000000008b100000|100%| O|  |TAMS 0x000000008b000000| PB 0x000000008b000000| Untracked 
|   5|0x000000008b100000, 0x000000008b200000, 0x000000008b200000|100%| O|  |TAMS 0x000000008b100000| PB 0x000000008b100000| Untracked 
|   6|0x000000008b200000, 0x000000008b300000, 0x000000008b300000|100%| O|  |TAMS 0x000000008b200000| PB 0x000000008b200000| Untracked 
|   7|0x000000008b300000, 0x000000008b400000, 0x000000008b400000|100%| O|  |TAMS 0x000000008b300000| PB 0x000000008b300000| Untracked 
|   8|0x000000008b400000, 0x000000008b500000, 0x000000008b500000|100%| O|  |TAMS 0x000000008b400000| PB 0x000000008b400000| Untracked 
|   9|0x000000008b500000, 0x000000008b600000, 0x000000008b600000|100%| O|  |TAMS 0x000000008b500000| PB 0x000000008b500000| Untracked 
|  10|0x000000008b600000, 0x000000008b700000, 0x000000008b700000|100%| O|  |TAMS 0x000000008b600000| PB 0x000000008b600000| Untracked 
|  11|0x000000008b700000, 0x000000008b800000, 0x000000008b800000|100%| O|  |TAMS 0x000000008b700000| PB 0x000000008b700000| Untracked 
|  12|0x000000008b800000, 0x000000008b900000, 0x000000008b900000|100%| O|  |TAMS 0x000000008b800000| PB 0x000000008b800000| Untracked 
|  13|0x000000008b900000, 0x000000008ba00000, 0x000000008ba00000|100%| O|  |TAMS 0x000000008b900000| PB 0x000000008b900000| Untracked 
|  14|0x000000008ba00000, 0x000000008bb00000, 0x000000008bb00000|100%| O|  |TAMS 0x000000008ba00000| PB 0x000000008ba00000| Untracked 
|  15|0x000000008bb00000, 0x000000008bc00000, 0x000000008bc00000|100%| O|  |TAMS 0x000000008bb00000| PB 0x000000008bb00000| Untracked 
|  16|0x000000008bc00000, 0x000000008bd00000, 0x000000008bd00000|100%| O|  |TAMS 0x000000008bc00000| PB 0x000000008bc00000| Untracked 
|  17|0x000000008bd00000, 0x000000008be00000, 0x000000008be00000|100%| O|Cm|TAMS 0x000000008bd00000| PB 0x000000008bd00000| Complete 
|  18|0x000000008be00000, 0x000000008bf00000, 0x000000008bf00000|100%| O|  |TAMS 0x000000008be00000| PB 0x000000008be00000| Untracked 
|  19|0x000000008bf00000, 0x000000008c000000, 0x000000008c000000|100%| O|  |TAMS 0x000000008bf00000| PB 0x000000008bf00000| Untracked 
|  20|0x000000008c000000, 0x000000008c000000, 0x000000008c100000|  0%| F|  |TAMS 0x000000008c000000| PB 0x000000008c000000| Untracked 
|  21|0x000000008c100000, 0x000000008c100000, 0x000000008c200000|  0%| F|  |TAMS 0x000000008c100000| PB 0x000000008c100000| Untracked 
|  22|0x000000008c200000, 0x000000008c200000, 0x000000008c300000|  0%| F|  |TAMS 0x000000008c200000| PB 0x000000008c200000| Untracked 
|  23|0x000000008c300000, 0x000000008c400000, 0x000000008c400000|100%| S|CS|TAMS 0x000000008c300000| PB 0x000000008c300000| Complete 
|  24|0x000000008c400000, 0x000000008c500000, 0x000000008c500000|100%| O|  |TAMS 0x000000008c400000| PB 0x000000008c400000| Untracked 
|  25|0x000000008c500000, 0x000000008c53ec88, 0x000000008c600000| 24%| O|  |TAMS 0x000000008c500000| PB 0x000000008c500000| Untracked 
|  26|0x000000008c600000, 0x000000008c700000, 0x000000008c700000|100%| S|CS|TAMS 0x000000008c600000| PB 0x000000008c600000| Complete 
|  27|0x000000008c700000, 0x000000008c800000, 0x000000008c800000|100%| S|CS|TAMS 0x000000008c700000| PB 0x000000008c700000| Complete 
|  28|0x000000008c800000, 0x000000008c900000, 0x000000008c900000|100%| S|CS|TAMS 0x000000008c800000| PB 0x000000008c800000| Complete 
|  29|0x000000008c900000, 0x000000008c900000, 0x000000008ca00000|  0%| F|  |TAMS 0x000000008c900000| PB 0x000000008c900000| Untracked 
|  30|0x000000008ca00000, 0x000000008ca00000, 0x000000008cb00000|  0%| F|  |TAMS 0x000000008ca00000| PB 0x000000008ca00000| Untracked 
|  31|0x000000008cb00000, 0x000000008cb00000, 0x000000008cc00000|  0%| F|  |TAMS 0x000000008cb00000| PB 0x000000008cb00000| Untracked 
|  32|0x000000008cc00000, 0x000000008cc00000, 0x000000008cd00000|  0%| F|  |TAMS 0x000000008cc00000| PB 0x000000008cc00000| Untracked 
|  33|0x000000008cd00000, 0x000000008cd00000, 0x000000008ce00000|  0%| F|  |TAMS 0x000000008cd00000| PB 0x000000008cd00000| Untracked 
|  34|0x000000008ce00000, 0x000000008ce00000, 0x000000008cf00000|  0%| F|  |TAMS 0x000000008ce00000| PB 0x000000008ce00000| Untracked 
|  35|0x000000008cf00000, 0x000000008cf00000, 0x000000008d000000|  0%| F|  |TAMS 0x000000008cf00000| PB 0x000000008cf00000| Untracked 
|  36|0x000000008d000000, 0x000000008d000000, 0x000000008d100000|  0%| F|  |TAMS 0x000000008d000000| PB 0x000000008d000000| Untracked 
|  37|0x000000008d100000, 0x000000008d100000, 0x000000008d200000|  0%| F|  |TAMS 0x000000008d100000| PB 0x000000008d100000| Untracked 
|  38|0x000000008d200000, 0x000000008d200000, 0x000000008d300000|  0%| F|  |TAMS 0x000000008d200000| PB 0x000000008d200000| Untracked 
|  39|0x000000008d300000, 0x000000008d300000, 0x000000008d400000|  0%| F|  |TAMS 0x000000008d300000| PB 0x000000008d300000| Untracked 
|  40|0x000000008d400000, 0x000000008d400000, 0x000000008d500000|  0%| F|  |TAMS 0x000000008d400000| PB 0x000000008d400000| Untracked 
|  41|0x000000008d500000, 0x000000008d500000, 0x000000008d600000|  0%| F|  |TAMS 0x000000008d500000| PB 0x000000008d500000| Untracked 
|  42|0x000000008d600000, 0x000000008d6b8680, 0x000000008d700000| 72%| E|  |TAMS 0x000000008d600000| PB 0x000000008d600000| Complete 
|  43|0x000000008d700000, 0x000000008d800000, 0x000000008d800000|100%| E|CS|TAMS 0x000000008d700000| PB 0x000000008d700000| Complete 
|  44|0x000000008d800000, 0x000000008d900000, 0x000000008d900000|100%| E|CS|TAMS 0x000000008d800000| PB 0x000000008d800000| Complete 
|  45|0x000000008d900000, 0x000000008da00000, 0x000000008da00000|100%| E|CS|TAMS 0x000000008d900000| PB 0x000000008d900000| Complete 
|  46|0x000000008da00000, 0x000000008db00000, 0x000000008db00000|100%| E|CS|TAMS 0x000000008da00000| PB 0x000000008da00000| Complete 
|  47|0x000000008db00000, 0x000000008dc00000, 0x000000008dc00000|100%| E|CS|TAMS 0x000000008db00000| PB 0x000000008db00000| Complete 
|  48|0x000000008dc00000, 0x000000008dd00000, 0x000000008dd00000|100%| E|CS|TAMS 0x000000008dc00000| PB 0x000000008dc00000| Complete 
|  49|0x000000008dd00000, 0x000000008de00000, 0x000000008de00000|100%| E|CS|TAMS 0x000000008dd00000| PB 0x000000008dd00000| Complete 
|  63|0x000000008eb00000, 0x000000008ec00000, 0x000000008ec00000|100%| E|CS|TAMS 0x000000008eb00000| PB 0x000000008eb00000| Complete 
|  64|0x000000008ec00000, 0x000000008ed00000, 0x000000008ed00000|100%| E|CS|TAMS 0x000000008ec00000| PB 0x000000008ec00000| Complete 
|  65|0x000000008ed00000, 0x000000008ee00000, 0x000000008ee00000|100%| E|CS|TAMS 0x000000008ed00000| PB 0x000000008ed00000| Complete 
|  66|0x000000008ee00000, 0x000000008ef00000, 0x000000008ef00000|100%| E|CS|TAMS 0x000000008ee00000| PB 0x000000008ee00000| Complete 
|  67|0x000000008ef00000, 0x000000008f000000, 0x000000008f000000|100%| E|CS|TAMS 0x000000008ef00000| PB 0x000000008ef00000| Complete 
|  68|0x000000008f000000, 0x000000008f100000, 0x000000008f100000|100%| E|CS|TAMS 0x000000008f000000| PB 0x000000008f000000| Complete 
|  69|0x000000008f100000, 0x000000008f200000, 0x000000008f200000|100%| E|CS|TAMS 0x000000008f100000| PB 0x000000008f100000| Complete 
| 117|0x0000000092100000, 0x0000000092200000, 0x0000000092200000|100%| E|CS|TAMS 0x0000000092100000| PB 0x0000000092100000| Complete 
|1873|0x00000000ffd00000, 0x00000000ffe00000, 0x00000000ffe00000|100%| O|  |TAMS 0x00000000ffd00000| PB 0x00000000ffd00000| Untracked 
|1874|0x00000000ffe00000, 0x00000000fff00000, 0x00000000fff00000|100%| O|  |TAMS 0x00000000ffe00000| PB 0x00000000ffe00000| Untracked 
|1875|0x00000000fff00000, 0x0000000100000000, 0x0000000100000000|100%| O|  |TAMS 0x00000000fff00000| PB 0x00000000fff00000| Untracked 

Card table byte_map: [0x000002d147fb0000,0x000002d148360000] _byte_map_base: 0x000002d147b5a000

Marking Bits: (CMBitMap*) 0x000002d1304dcee0
 Bits: [0x000002d148360000, 0x000002d14a0b0000)

Polling page: 0x000002d12e340000

Metaspace:

Usage:
  Non-class:     55.11 MB used.
      Class:      8.62 MB used.
       Both:     63.73 MB used.

Virtual space:
  Non-class space:       64.00 MB reserved,      55.50 MB ( 87%) committed,  1 nodes.
      Class space:        1.00 GB reserved,       8.94 MB ( <1%) committed,  1 nodes.
             Both:        1.06 GB reserved,      64.44 MB (  6%) committed. 

Chunk freelists:
   Non-Class:  8.03 MB
       Class:  6.95 MB
        Both:  14.98 MB

MaxMetaspaceSize: unlimited
CompressedClassSpaceSize: 1.00 GB
Initial GC threshold: 21.00 MB
Current GC threshold: 98.06 MB
CDS: on
 - commit_granule_bytes: 65536.
 - commit_granule_words: 8192.
 - virtual_space_node_default_size: 8388608.
 - enlarge_chunks_in_place: 1.
 - use_allocation_guard: 0.


Internal statistics:

num_allocs_failed_limit: 9.
num_arena_births: 1020.
num_arena_deaths: 0.
num_vsnodes_births: 2.
num_vsnodes_deaths: 0.
num_space_committed: 1031.
num_space_uncommitted: 0.
num_chunks_returned_to_freelist: 9.
num_chunks_taken_from_freelist: 3449.
num_chunk_merges: 9.
num_chunk_splits: 2453.
num_chunks_enlarged: 1848.
num_inconsistent_stats: 0.

CodeHeap 'non-profiled nmethods': size=120000Kb used=4089Kb max_used=4089Kb free=115910Kb
 bounds [0x000002d1403a0000, 0x000002d1407b0000, 0x000002d1478d0000]
CodeHeap 'profiled nmethods': size=120000Kb used=11398Kb max_used=11398Kb free=108601Kb
 bounds [0x000002d1388d0000, 0x000002d139400000, 0x000002d13fe00000]
CodeHeap 'non-nmethods': size=5760Kb used=1679Kb max_used=1736Kb free=4081Kb
 bounds [0x000002d13fe00000, 0x000002d140070000, 0x000002d1403a0000]
 total_blobs=6715 nmethods=6001 adapters=617
 compilation: enabled
              stopped_count=0, restarted_count=0
 full_count=0

Compilation events (20 events):
Event: 11.168 Thread 0x000002d14cb2e790 nmethod 6722 0x000002d1393e9e10 code [0x000002d1393e9fe0, 0x000002d1393ea200]
Event: 11.580 Thread 0x000002d14cb22700 6723       4       java.lang.Long::hashCode (8 bytes)
Event: 11.580 Thread 0x000002d14cb22700 nmethod 6723 0x000002d14059b790 code [0x000002d14059b900, 0x000002d14059b978]
Event: 13.233 Thread 0x000002d14cb2e790 6725       3       java.io.File::getName (42 bytes)
Event: 13.233 Thread 0x000002d14cb2e790 nmethod 6725 0x000002d1393ea390 code [0x000002d1393ea5e0, 0x000002d1393eae08]
Event: 13.652 Thread 0x000002d14cb22700 6727       4       java.util.HashSet::contains (9 bytes)
Event: 13.660 Thread 0x000002d14cb22700 nmethod 6727 0x000002d14059a410 code [0x000002d14059a600, 0x000002d14059abe8]
Event: 16.325 Thread 0x000002d14cb22700 6729       4       java.lang.String::toLowerCase (29 bytes)
Event: 16.334 Thread 0x000002d14cb22700 nmethod 6729 0x000002d140599190 code [0x000002d140599360, 0x000002d140599b90]
Event: 16.358 Thread 0x000002d14cb22700 6730       4       java.lang.ClassLoader::definePackage (85 bytes)
Event: 16.363 Thread 0x000002d14cb22700 nmethod 6730 0x000002d140598710 code [0x000002d140598900, 0x000002d140598d60]
Event: 16.376 Thread 0x000002d14cb2e790 6731       3       java.lang.invoke.InvokerBytecodeGenerator::classFilePrologue (64 bytes)
Event: 16.377 Thread 0x000002d14cb2e790 nmethod 6731 0x000002d1393eb190 code [0x000002d1393eb3e0, 0x000002d1393ebb48]
Event: 16.377 Thread 0x000002d14cb2e790 6732       3       java.lang.invoke.InvokerBytecodeGenerator::clinit (351 bytes)
Event: 16.379 Thread 0x000002d14cb2e790 nmethod 6732 0x000002d1393ebe10 code [0x000002d1393ec300, 0x000002d1393ee698]
Event: 16.379 Thread 0x000002d14cb2e790 6733       3       java.lang.invoke.InvokerBytecodeGenerator::bogusMethod (77 bytes)
Event: 16.379 Thread 0x000002d14cb22700 6739       4       java.lang.invoke.MethodType::makeImpl (109 bytes)
Event: 16.379 Thread 0x000002d14cb2e790 nmethod 6733 0x000002d1393ef090 code [0x000002d1393ef2e0, 0x000002d1393efa80]
Event: 16.379 Thread 0x000002d14cb2e790 6734   !   3       java.lang.invoke.InvokerBytecodeGenerator::resolveInvokerMember (43 bytes)
Event: 16.379 Thread 0x000002d14cb2e790 nmethod 6734 0x000002d1393efd10 code [0x000002d1393eff00, 0x000002d1393f0248]

GC Heap History (20 events):
Event: 1.683 GC heap before
{Heap before GC invocations=1 (full 0):
 garbage-first heap   total 120832K, used 36473K [0x000000008ac00000, 0x0000000100000000)
  region size 1024K, 33 young (33792K), 3 survivors (3072K)
 Metaspace       used 14174K, committed 14464K, reserved 1114112K
  class space    used 1669K, committed 1792K, reserved 1048576K
}
Event: 1.688 GC heap after
{Heap after GC invocations=2 (full 0):
 garbage-first heap   total 120832K, used 9694K [0x000000008ac00000, 0x0000000100000000)
  region size 1024K, 3 young (3072K), 3 survivors (3072K)
 Metaspace       used 14174K, committed 14464K, reserved 1114112K
  class space    used 1669K, committed 1792K, reserved 1048576K
}
Event: 2.768 GC heap before
{Heap before GC invocations=2 (full 0):
 garbage-first heap   total 120832K, used 53726K [0x000000008ac00000, 0x0000000100000000)
  region size 1024K, 48 young (49152K), 3 survivors (3072K)
 Metaspace       used 21230K, committed 21504K, reserved 1114112K
  class space    used 2554K, committed 2688K, reserved 1048576K
}
Event: 2.773 GC heap after
{Heap after GC invocations=3 (full 0):
 garbage-first heap   total 120832K, used 13692K [0x000000008ac00000, 0x0000000100000000)
  region size 1024K, 7 young (7168K), 7 survivors (7168K)
 Metaspace       used 21230K, committed 21504K, reserved 1114112K
  class space    used 2554K, committed 2688K, reserved 1048576K
}
Event: 3.840 GC heap before
{Heap before GC invocations=4 (full 0):
 garbage-first heap   total 51200K, used 50556K [0x000000008ac00000, 0x0000000100000000)
  region size 1024K, 43 young (44032K), 7 survivors (7168K)
 Metaspace       used 27595K, committed 28032K, reserved 1114112K
  class space    used 3463K, committed 3648K, reserved 1048576K
}
Event: 3.847 GC heap after
{Heap after GC invocations=5 (full 0):
 garbage-first heap   total 62464K, used 17242K [0x000000008ac00000, 0x0000000100000000)
  region size 1024K, 8 young (8192K), 8 survivors (8192K)
 Metaspace       used 27595K, committed 28032K, reserved 1114112K
  class space    used 3463K, committed 3648K, reserved 1048576K
}
Event: 4.500 GC heap before
{Heap before GC invocations=5 (full 0):
 garbage-first heap   total 62464K, used 45914K [0x000000008ac00000, 0x0000000100000000)
  region size 1024K, 36 young (36864K), 8 survivors (8192K)
 Metaspace       used 32277K, committed 32896K, reserved 1114112K
  class space    used 4078K, committed 4352K, reserved 1048576K
}
Event: 4.506 GC heap after
{Heap after GC invocations=6 (full 0):
 garbage-first heap   total 62464K, used 19112K [0x000000008ac00000, 0x0000000100000000)
  region size 1024K, 3 young (3072K), 3 survivors (3072K)
 Metaspace       used 32277K, committed 32896K, reserved 1114112K
  class space    used 4078K, committed 4352K, reserved 1048576K
}
Event: 4.773 GC heap before
{Heap before GC invocations=6 (full 0):
 garbage-first heap   total 62464K, used 30376K [0x000000008ac00000, 0x0000000100000000)
  region size 1024K, 15 young (15360K), 3 survivors (3072K)
 Metaspace       used 35412K, committed 35968K, reserved 1114112K
  class space    used 4594K, committed 4864K, reserved 1048576K
}
Event: 4.775 GC heap after
{Heap after GC invocations=7 (full 0):
 garbage-first heap   total 62464K, used 19227K [0x000000008ac00000, 0x0000000100000000)
  region size 1024K, 3 young (3072K), 3 survivors (3072K)
 Metaspace       used 35412K, committed 35968K, reserved 1114112K
  class space    used 4594K, committed 4864K, reserved 1048576K
}
Event: 5.793 GC heap before
{Heap before GC invocations=8 (full 0):
 garbage-first heap   total 62464K, used 49947K [0x000000008ac00000, 0x0000000100000000)
  region size 1024K, 34 young (34816K), 3 survivors (3072K)
 Metaspace       used 43569K, committed 44160K, reserved 1114112K
  class space    used 5692K, committed 6016K, reserved 1048576K
}
Event: 5.798 GC heap after
{Heap after GC invocations=9 (full 0):
 garbage-first heap   total 62464K, used 21746K [0x000000008ac00000, 0x0000000100000000)
  region size 1024K, 5 young (5120K), 5 survivors (5120K)
 Metaspace       used 43569K, committed 44160K, reserved 1114112K
  class space    used 5692K, committed 6016K, reserved 1048576K
}
Event: 6.468 GC heap before
{Heap before GC invocations=9 (full 0):
 garbage-first heap   total 62464K, used 51442K [0x000000008ac00000, 0x0000000100000000)
  region size 1024K, 35 young (35840K), 5 survivors (5120K)
 Metaspace       used 51512K, committed 52160K, reserved 1114112K
  class space    used 6928K, committed 7232K, reserved 1048576K
}
Event: 6.472 GC heap after
{Heap after GC invocations=10 (full 0):
 garbage-first heap   total 62464K, used 22588K [0x000000008ac00000, 0x0000000100000000)
  region size 1024K, 4 young (4096K), 4 survivors (4096K)
 Metaspace       used 51512K, committed 52160K, reserved 1114112K
  class space    used 6928K, committed 7232K, reserved 1048576K
}
Event: 7.221 GC heap before
{Heap before GC invocations=10 (full 0):
 garbage-first heap   total 62464K, used 53308K [0x000000008ac00000, 0x0000000100000000)
  region size 1024K, 34 young (34816K), 4 survivors (4096K)
 Metaspace       used 57713K, committed 58368K, reserved 1114112K
  class space    used 7736K, committed 8064K, reserved 1048576K
}
Event: 7.226 GC heap after
{Heap after GC invocations=11 (full 0):
 garbage-first heap   total 62464K, used 24849K [0x000000008ac00000, 0x0000000100000000)
  region size 1024K, 4 young (4096K), 4 survivors (4096K)
 Metaspace       used 57713K, committed 58368K, reserved 1114112K
  class space    used 7736K, committed 8064K, reserved 1048576K
}
Event: 7.511 GC heap before
{Heap before GC invocations=11 (full 0):
 garbage-first heap   total 62464K, used 33041K [0x000000008ac00000, 0x0000000100000000)
  region size 1024K, 13 young (13312K), 4 survivors (4096K)
 Metaspace       used 59550K, committed 60160K, reserved 1114112K
  class space    used 8030K, committed 8320K, reserved 1048576K
}
Event: 7.515 GC heap after
{Heap after GC invocations=12 (full 0):
 garbage-first heap   total 62464K, used 26112K [0x000000008ac00000, 0x0000000100000000)
  region size 1024K, 2 young (2048K), 2 survivors (2048K)
 Metaspace       used 59550K, committed 60160K, reserved 1114112K
  class space    used 8030K, committed 8320K, reserved 1048576K
}
Event: 8.315 GC heap before
{Heap before GC invocations=13 (full 0):
 garbage-first heap   total 62464K, used 53760K [0x000000008ac00000, 0x0000000100000000)
  region size 1024K, 29 young (29696K), 2 survivors (2048K)
 Metaspace       used 62192K, committed 62848K, reserved 1114112K
  class space    used 8415K, committed 8704K, reserved 1048576K
}
Event: 8.318 GC heap after
{Heap after GC invocations=14 (full 0):
 garbage-first heap   total 62464K, used 28923K [0x000000008ac00000, 0x0000000100000000)
  region size 1024K, 4 young (4096K), 4 survivors (4096K)
 Metaspace       used 62192K, committed 62848K, reserved 1114112K
  class space    used 8415K, committed 8704K, reserved 1048576K
}

Dll operation events (14 events):
Event: 0.013 Loaded shared library C:\Users\HP 14S-FQ1001NU\.jdks\openjdk-21.0.2\bin\java.dll
Event: 0.052 Loaded shared library C:\Users\HP 14S-FQ1001NU\.jdks\openjdk-21.0.2\bin\jsvml.dll
Event: 0.165 Loaded shared library C:\Users\HP 14S-FQ1001NU\.jdks\openjdk-21.0.2\bin\zip.dll
Event: 0.171 Loaded shared library C:\Users\HP 14S-FQ1001NU\.jdks\openjdk-21.0.2\bin\instrument.dll
Event: 0.182 Loaded shared library C:\Users\HP 14S-FQ1001NU\.jdks\openjdk-21.0.2\bin\net.dll
Event: 0.185 Loaded shared library C:\Users\HP 14S-FQ1001NU\.jdks\openjdk-21.0.2\bin\nio.dll
Event: 0.190 Loaded shared library C:\Users\HP 14S-FQ1001NU\.jdks\openjdk-21.0.2\bin\zip.dll
Event: 0.309 Loaded shared library C:\Program Files\JetBrains\IntelliJ IDEA Community Edition 2023.3.4\bin\breakgen64.dll
Event: 0.322 Loaded shared library C:\Users\HP 14S-FQ1001NU\.jdks\openjdk-21.0.2\bin\extnet.dll
Event: 0.373 Loaded shared library C:\Users\HP 14S-FQ1001NU\.jdks\openjdk-21.0.2\bin\jimage.dll
Event: 0.767 Loaded shared library C:\Users\HP 14S-FQ1001NU\.jdks\openjdk-21.0.2\bin\management.dll
Event: 0.771 Loaded shared library C:\Users\HP 14S-FQ1001NU\.jdks\openjdk-21.0.2\bin\management_ext.dll
Event: 1.877 Loaded shared library C:\Users\HP 14S-FQ1001NU\.jdks\openjdk-21.0.2\bin\sunmscapi.dll
Event: 4.636 Loaded shared library C:\Users\HP 14S-FQ1001NU\.jdks\openjdk-21.0.2\bin\verify.dll

Deoptimization events (20 events):
Event: 8.563 Thread 0x000002d192931e40 Uncommon trap: trap_request=0xffffffde fr.pc=0x000002d140595268 relative=0x0000000000000308
Event: 8.563 Thread 0x000002d192931e40 Uncommon trap: reason=class_check action=maybe_recompile pc=0x000002d140595268 method=org.springframework.core.ResolvableType.resolveType()Lorg/springframework/core/ResolvableType; @ 44 c2
Event: 8.563 Thread 0x000002d192931e40 DEOPT PACKING pc=0x000002d140595268 sp=0x000000e002cfe3b0
Event: 8.563 Thread 0x000002d192931e40 DEOPT UNPACKING pc=0x000002d13fe546a2 sp=0x000000e002cfe348 mode 2
Event: 8.563 Thread 0x000002d192931e40 Uncommon trap: trap_request=0xffffffde fr.pc=0x000002d140595268 relative=0x0000000000000308
Event: 8.563 Thread 0x000002d192931e40 Uncommon trap: reason=class_check action=maybe_recompile pc=0x000002d140595268 method=org.springframework.core.ResolvableType.resolveType()Lorg/springframework/core/ResolvableType; @ 44 c2
Event: 8.563 Thread 0x000002d192931e40 DEOPT PACKING pc=0x000002d140595268 sp=0x000000e002cfe330
Event: 8.563 Thread 0x000002d192931e40 DEOPT UNPACKING pc=0x000002d13fe546a2 sp=0x000000e002cfe2c8 mode 2
Event: 8.688 Thread 0x000002d192931e40 Uncommon trap: trap_request=0xffffff45 fr.pc=0x000002d1405551f4 relative=0x0000000000000394
Event: 8.688 Thread 0x000002d192931e40 Uncommon trap: reason=unstable_if action=reinterpret pc=0x000002d1405551f4 method=java.util.StringTokenizer.scanToken(I)I @ 96 c2
Event: 8.688 Thread 0x000002d192931e40 DEOPT PACKING pc=0x000002d1405551f4 sp=0x000000e002cfb790
Event: 8.688 Thread 0x000002d192931e40 DEOPT UNPACKING pc=0x000002d13fe546a2 sp=0x000000e002cfb720 mode 2
Event: 16.336 Thread 0x000002d193888000 Uncommon trap: trap_request=0xffffff45 fr.pc=0x000002d140601634 relative=0x0000000000000274
Event: 16.336 Thread 0x000002d193888000 Uncommon trap: reason=unstable_if action=reinterpret pc=0x000002d140601634 method=java.lang.invoke.MethodType.equals(Ljava/lang/Object;)Z @ 11 c2
Event: 16.336 Thread 0x000002d193888000 DEOPT PACKING pc=0x000002d140601634 sp=0x000000e0039fde80
Event: 16.336 Thread 0x000002d193888000 DEOPT UNPACKING pc=0x000002d13fe546a2 sp=0x000000e0039fde38 mode 2
Event: 16.336 Thread 0x000002d193888000 Uncommon trap: trap_request=0xffffff54 fr.pc=0x000002d1404dc7d4 relative=0x0000000000003e94
Event: 16.336 Thread 0x000002d193888000 Uncommon trap: reason=speculate_null_assert action=make_not_entrant pc=0x000002d1404dc7d4 method=java.lang.invoke.MethodType$ConcurrentWeakInternSet.add(Ljava/lang/Object;)Ljava/lang/Object; @ 47 c2
Event: 16.336 Thread 0x000002d193888000 DEOPT PACKING pc=0x000002d1404dc7d4 sp=0x000000e0039fe060
Event: 16.336 Thread 0x000002d193888000 DEOPT UNPACKING pc=0x000002d13fe546a2 sp=0x000000e0039fe008 mode 2

Classes loaded (20 events):
Event: 16.321 Loading class java/nio/channels/WritePendingException
Event: 16.321 Loading class java/nio/channels/WritePendingException done
Event: 16.329 Loading class java/util/concurrent/Semaphore
Event: 16.330 Loading class java/util/concurrent/Semaphore done
Event: 16.330 Loading class java/util/concurrent/Semaphore$NonfairSync
Event: 16.330 Loading class java/util/concurrent/Semaphore$Sync
Event: 16.330 Loading class java/util/concurrent/Semaphore$Sync done
Event: 16.330 Loading class java/util/concurrent/Semaphore$NonfairSync done
Event: 16.330 Loading class sun/nio/ch/SocketAdaptor
Event: 16.331 Loading class sun/nio/ch/SocketAdaptor done
Event: 16.332 Loading class sun/nio/ch/SocketChannelImpl$DefaultOptionsHolder
Event: 16.332 Loading class sun/nio/ch/SocketChannelImpl$DefaultOptionsHolder done
Event: 16.333 Loading class sun/nio/ch/SelectionKeyImpl
Event: 16.333 Loading class java/nio/channels/spi/AbstractSelectionKey
Event: 16.333 Loading class java/nio/channels/SelectionKey
Event: 16.333 Loading class java/nio/channels/SelectionKey done
Event: 16.333 Loading class java/nio/channels/spi/AbstractSelectionKey done
Event: 16.333 Loading class sun/nio/ch/SelectionKeyImpl done
Event: 16.333 Loading class java/lang/invoke/ConstantBootstraps
Event: 16.334 Loading class java/lang/invoke/ConstantBootstraps done

Classes unloaded (0 events):
No events

Classes redefined (0 events):
No events

Internal exceptions (20 events):
Event: 7.030 Thread 0x000002d192931e40 Implicit null exception at 0x000002d1406cbff1 to 0x000002d1406cc324
Event: 7.030 Thread 0x000002d192931e40 Implicit null exception at 0x000002d1406ca23a to 0x000002d1406ca274
Event: 7.067 Thread 0x000002d192931e40 Exception <a 'java/lang/IncompatibleClassChangeError'{0x000000008cd7e538}: Found class java.lang.Object, but interface was expected> (0x000000008cd7e538) 
thrown [s\open\src\hotspot\share\interpreter\linkResolver.cpp, line 840]
Event: 7.079 Thread 0x000002d192931e40 Exception <a 'java/lang/IncompatibleClassChangeError'{0x000000008cc02690}: Found class java.lang.Object, but interface was expected> (0x000000008cc02690) 
thrown [s\open\src\hotspot\share\interpreter\linkResolver.cpp, line 840]
Event: 7.128 Thread 0x000002d192931e40 Exception <a 'java/lang/IncompatibleClassChangeError'{0x000000008cb70770}: Found class java.lang.Object, but interface was expected> (0x000000008cb70770) 
thrown [s\open\src\hotspot\share\interpreter\linkResolver.cpp, line 840]
Event: 7.361 Thread 0x000002d192931e40 Exception <a 'java/lang/IncompatibleClassChangeError'{0x000000008ee961f0}: Found class java.lang.Object, but interface was expected> (0x000000008ee961f0) 
thrown [s\open\src\hotspot\share\interpreter\linkResolver.cpp, line 840]
Event: 7.454 Thread 0x000002d192931e40 Exception <a 'java/lang/IncompatibleClassChangeError'{0x000000008eb71ed8}: Found class java.lang.Object, but interface was expected> (0x000000008eb71ed8) 
thrown [s\open\src\hotspot\share\interpreter\linkResolver.cpp, line 840]
Event: 7.841 Thread 0x000002d192931e40 Exception <a 'java/lang/NoSuchMethodError'{0x000000008d875a20}: 'java.lang.Object java.lang.invoke.DirectMethodHandle$Holder.newInvokeSpecial(java.lang.Object, java.lang.Object, java.lang.Object, java.lang.Object, java.lang.Object, java.lang.Object, java.lang.Object, java.lang.Object)'> (0x000000008d875a20) 
thrown [s\open\src\hotspot\share\interpreter\linkResolver.cpp, line 773]
Event: 8.177 Thread 0x000002d192931e40 Exception <a 'java/lang/IncompatibleClassChangeError'{0x000000008cd53bc0}: Found class java.lang.Object, but interface was expected> (0x000000008cd53bc0) 
thrown [s\open\src\hotspot\share\interpreter\linkResolver.cpp, line 840]
Event: 8.229 Thread 0x000002d192931e40 Exception <a 'java/lang/NoSuchMethodError'{0x000000008cce9fa8}: 'void java.lang.invoke.DirectMethodHandle$Holder.invokeVirtual(java.lang.Object, java.lang.Object, long)'> (0x000000008cce9fa8) 
thrown [s\open\src\hotspot\share\interpreter\linkResolver.cpp, line 773]
Event: 8.352 Thread 0x000002d192931e40 Exception <a 'java/lang/IncompatibleClassChangeError'{0x00000000921f5b70}: Found class java.lang.Object, but interface was expected> (0x00000000921f5b70) 
thrown [s\open\src\hotspot\share\interpreter\linkResolver.cpp, line 840]
Event: 8.509 Thread 0x000002d192931e40 Exception <a 'java/lang/NoSuchMethodError'{0x000000008ec62950}: 'java.lang.Object java.lang.invoke.DirectMethodHandle$Holder.newInvokeSpecial(java.lang.Object, java.lang.Object, int, java.lang.Object, java.lang.Object)'> (0x000000008ec62950) 
thrown [s\open\src\hotspot\share\interpreter\linkResolver.cpp, line 773]
Event: 8.510 Thread 0x000002d192931e40 Exception <a 'java/lang/NoSuchMethodError'{0x000000008ec6d420}: 'java.lang.Object java.lang.invoke.DirectMethodHandle$Holder.invokeSpecial(java.lang.Object, java.lang.Object, int, java.lang.Object, int, java.lang.Object)'> (0x000000008ec6d420) 
thrown [s\open\src\hotspot\share\interpreter\linkResolver.cpp, line 773]
Event: 8.511 Thread 0x000002d192931e40 Exception <a 'java/lang/NoSuchMethodError'{0x000000008ec747f0}: 'java.lang.Object java.lang.invoke.DirectMethodHandle$Holder.newInvokeSpecial(java.lang.Object, java.lang.Object, int, java.lang.Object, int)'> (0x000000008ec747f0) 
thrown [s\open\src\hotspot\share\interpreter\linkResolver.cpp, line 773]
Event: 8.512 Thread 0x000002d192931e40 Exception <a 'java/lang/NoSuchMethodError'{0x000000008ec78660}: 'java.lang.Object java.lang.invoke.DirectMethodHandle$Holder.invokeSpecial(java.lang.Object, java.lang.Object, java.lang.Object, int, java.lang.Object, int)'> (0x000000008ec78660) 
thrown [s\open\src\hotspot\share\interpreter\linkResolver.cpp, line 773]
Event: 8.609 Thread 0x000002d192931e40 Exception <a 'java/lang/NoSuchMethodError'{0x000000008dd0c5e0}: 'java.lang.Object java.lang.invoke.DirectMethodHandle$Holder.invokeInterface(java.lang.Object, java.lang.Object, java.lang.Object, java.lang.Object)'> (0x000000008dd0c5e0) 
thrown [s\open\src\hotspot\share\interpreter\linkResolver.cpp, line 773]
Event: 8.611 Thread 0x000002d192931e40 Exception <a 'java/lang/NoSuchMethodError'{0x000000008dd20430}: 'java.lang.Object java.lang.invoke.DirectMethodHandle$Holder.invokeInterface(java.lang.Object, java.lang.Object, java.lang.Object, java.lang.Object, java.lang.Object)'> (0x000000008dd20430) 
thrown [s\open\src\hotspot\share\interpreter\linkResolver.cpp, line 773]
Event: 8.625 Thread 0x000002d192931e40 Exception <a 'java/lang/NoSuchMethodError'{0x000000008dd765b0}: 'void java.lang.invoke.DirectMethodHandle$Holder.invokeSpecialIFC(java.lang.Object, java.lang.Object, int, java.lang.Object, java.lang.Object, java.lang.Object, java.lang.Object)'> (0x000000008dd765b0) 
thrown [s\open\src\hotspot\share\interpreter\linkResolver.cpp, line 773]
Event: 16.380 Thread 0x000002d193888000 Exception <a 'java/lang/NoSuchMethodError'{0x000000008d75e9f8}: 'java.lang.Object java.lang.invoke.DirectMethodHandle$Holder.invokeSpecial(java.lang.Object, java.lang.Object, java.lang.Object, java.lang.Object, java.lang.Object, long)'> (0x000000008d75e9f8) 
thrown [s\open\src\hotspot\share\interpreter\linkResolver.cpp, line 773]
Event: 16.380 Thread 0x000002d193888000 Exception <a 'java/lang/NoSuchMethodError'{0x000000008d762170}: 'java.lang.Object java.lang.invoke.Invokers$Holder.linkToTargetMethod(java.lang.Object, java.lang.Object, java.lang.Object, long, java.lang.Object)'> (0x000000008d762170) 
thrown [s\open\src\hotspot\share\interpreter\linkResolver.cpp, line 773]

ZGC Phase Switch (0 events):
No events

VM Operations (20 events):
Event: 7.949 Executing VM operation: HandshakeAllThreads (Deoptimize)
Event: 7.949 Executing VM operation: HandshakeAllThreads (Deoptimize) done
Event: 8.002 Executing VM operation: HandshakeAllThreads (Deoptimize)
Event: 8.002 Executing VM operation: HandshakeAllThreads (Deoptimize) done
Event: 8.260 Executing VM operation: HandshakeAllThreads (Deoptimize)
Event: 8.260 Executing VM operation: HandshakeAllThreads (Deoptimize) done
Event: 8.315 Executing VM operation: G1CollectForAllocation (G1 Evacuation Pause)
Event: 8.318 Executing VM operation: G1CollectForAllocation (G1 Evacuation Pause) done
Event: 8.505 Executing VM operation: HandshakeAllThreads (Deoptimize)
Event: 8.505 Executing VM operation: HandshakeAllThreads (Deoptimize) done
Event: 9.514 Executing VM operation: Cleanup
Event: 9.514 Executing VM operation: Cleanup done
Event: 14.556 Executing VM operation: Cleanup
Event: 14.556 Executing VM operation: Cleanup done
Event: 16.332 Executing VM operation: HandshakeAllThreads (Deoptimize)
Event: 16.332 Executing VM operation: HandshakeAllThreads (Deoptimize) done
Event: 16.403 Executing VM operation: HandshakeAllThreads (Deoptimize)
Event: 16.403 Executing VM operation: HandshakeAllThreads (Deoptimize) done
Event: 16.403 Executing VM operation: Cleanup
Event: 16.403 Executing VM operation: Cleanup done

Events (20 events):
Event: 7.537 Thread 0x000002d14cae8df0 flushing nmethod 0x000002d1404bd890
Event: 7.537 Thread 0x000002d14cae8df0 flushing nmethod 0x000002d140468010
Event: 7.537 Thread 0x000002d14cae8df0 flushing nmethod 0x000002d140465310
Event: 7.537 Thread 0x000002d14cae8df0 flushing nmethod 0x000002d14041ea10
Event: 7.537 Thread 0x000002d14cae8df0 flushing nmethod 0x000002d140410890
Event: 7.537 Thread 0x000002d14cae8df0 flushing nmethod 0x000002d14040f590
Event: 7.537 Thread 0x000002d14cae8df0 flushing nmethod 0x000002d1403a0010
Event: 8.478 Thread 0x000002d195461be0 Thread added: 0x000002d195461be0
Event: 8.488 Thread 0x000002d19545d3b0 Thread added: 0x000002d19545d3b0
Event: 8.488 Thread 0x000002d19545d3b0 Thread exited: 0x000002d19545d3b0
Event: 8.488 Thread 0x000002d195461550 Thread added: 0x000002d195461550
Event: 8.539 Thread 0x000002d19545b2e0 Thread added: 0x000002d19545b2e0
Event: 8.541 Thread 0x000002d195460ec0 Thread added: 0x000002d195460ec0
Event: 8.780 Thread 0x000002d192931e40 Thread exited: 0x000002d192931e40
Event: 8.786 Thread 0x000002d192937f50 Thread exited: 0x000002d192937f50
Event: 8.787 Thread 0x000002d1304880c0 Thread exited: 0x000002d1304880c0
Event: 8.787 Thread 0x000002d19545d3b0 Thread added: 0x000002d19545d3b0
Event: 9.096 Thread 0x000002d1967fd670 Thread exited: 0x000002d1967fd670
Event: 9.098 Thread 0x000002d193ea1050 Thread exited: 0x000002d193ea1050
Event: 11.216 Thread 0x000002d19545cd20 Thread exited: 0x000002d19545cd20


Dynamic libraries:
0x00007ff61ea40000 - 0x00007ff61ea4e000 	C:\Users\HP 14S-FQ1001NU\.jdks\openjdk-21.0.2\bin\java.exe
0x00007ffa97c90000 - 0x00007ffa97ea7000 	C:\WINDOWS\SYSTEM32\ntdll.dll
0x00007ffa95e80000 - 0x00007ffa95f44000 	C:\WINDOWS\System32\KERNEL32.DLL
0x00007ffa95150000 - 0x00007ffa954fc000 	C:\WINDOWS\System32\KERNELBASE.dll
0x00007ffa95030000 - 0x00007ffa95141000 	C:\WINDOWS\System32\ucrtbase.dll
0x00007ffa7a790000 - 0x00007ffa7a7ab000 	C:\Users\HP 14S-FQ1001NU\.jdks\openjdk-21.0.2\bin\VCRUNTIME140.dll
0x00007ffa7a700000 - 0x00007ffa7a718000 	C:\Users\HP 14S-FQ1001NU\.jdks\openjdk-21.0.2\bin\jli.dll
0x00007ffa95ab0000 - 0x00007ffa95c5e000 	C:\WINDOWS\System32\USER32.dll
0x00007ffa72e80000 - 0x00007ffa73113000 	C:\WINDOWS\WinSxS\amd64_microsoft.windows.common-controls_6595b64144ccf1df_6.0.22621.3672_none_2713b9d173822955\COMCTL32.dll
0x00007ffa97ba0000 - 0x00007ffa97c47000 	C:\WINDOWS\System32\msvcrt.dll
0x00007ffa95880000 - 0x00007ffa958a6000 	C:\WINDOWS\System32\win32u.dll
0x00007ffa95cc0000 - 0x00007ffa95ce9000 	C:\WINDOWS\System32\GDI32.dll
0x00007ffa956a0000 - 0x00007ffa957b9000 	C:\WINDOWS\System32\gdi32full.dll
0x00007ffa958b0000 - 0x00007ffa9594a000 	C:\WINDOWS\System32\msvcp_win.dll
0x00007ffa96ca0000 - 0x00007ffa96cd1000 	C:\WINDOWS\System32\IMM32.DLL
0x00007ffa7b290000 - 0x00007ffa7b29c000 	C:\Users\HP 14S-FQ1001NU\.jdks\openjdk-21.0.2\bin\vcruntime140_1.dll
0x00007ffa6e340000 - 0x00007ffa6e3ce000 	C:\Users\HP 14S-FQ1001NU\.jdks\openjdk-21.0.2\bin\msvcp140.dll
0x00007ffa45ea0000 - 0x00007ffa46bb7000 	C:\Users\HP 14S-FQ1001NU\.jdks\openjdk-21.0.2\bin\server\jvm.dll
0x00007ffa968d0000 - 0x00007ffa96982000 	C:\WINDOWS\System32\ADVAPI32.dll
0x00007ffa96dd0000 - 0x00007ffa96e7a000 	C:\WINDOWS\System32\sechost.dll
0x00007ffa95670000 - 0x00007ffa95698000 	C:\WINDOWS\System32\bcrypt.dll
0x00007ffa967b0000 - 0x00007ffa968c5000 	C:\WINDOWS\System32\RPCRT4.dll
0x00007ffa95cf0000 - 0x00007ffa95d61000 	C:\WINDOWS\System32\WS2_32.dll
0x00007ffa94880000 - 0x00007ffa948cd000 	C:\WINDOWS\SYSTEM32\POWRPROF.dll
0x00007ffa8cf00000 - 0x00007ffa8cf0a000 	C:\WINDOWS\SYSTEM32\VERSION.dll
0x00007ffa8c140000 - 0x00007ffa8c174000 	C:\WINDOWS\SYSTEM32\WINMM.dll
0x00007ffa94860000 - 0x00007ffa94873000 	C:\WINDOWS\SYSTEM32\UMPDC.dll
0x00007ffa93fd0000 - 0x00007ffa93fe8000 	C:\WINDOWS\SYSTEM32\kernel.appcore.dll
0x00007ffa7a780000 - 0x00007ffa7a78a000 	C:\Users\HP 14S-FQ1001NU\.jdks\openjdk-21.0.2\bin\jimage.dll
0x00007ffa878f0000 - 0x00007ffa87b22000 	C:\WINDOWS\SYSTEM32\DBGHELP.DLL
0x00007ffa97390000 - 0x00007ffa97718000 	C:\WINDOWS\System32\combase.dll
0x00007ffa96b10000 - 0x00007ffa96be7000 	C:\WINDOWS\System32\OLEAUT32.dll
0x00007ffa793c0000 - 0x00007ffa793f2000 	C:\WINDOWS\SYSTEM32\dbgcore.DLL
0x00007ffa95950000 - 0x00007ffa959cb000 	C:\WINDOWS\System32\bcryptPrimitives.dll
0x00007ffa90220000 - 0x00007ffa9022f000 	C:\Users\HP 14S-FQ1001NU\.jdks\openjdk-21.0.2\bin\instrument.dll
0x00007ffa6f780000 - 0x00007ffa6f79f000 	C:\Users\HP 14S-FQ1001NU\.jdks\openjdk-21.0.2\bin\java.dll
0x00007ffa95f50000 - 0x00007ffa967ac000 	C:\WINDOWS\System32\SHELL32.dll
0x00007ffa92ec0000 - 0x00007ffa937b7000 	C:\WINDOWS\SYSTEM32\windows.storage.dll
0x00007ffa92d80000 - 0x00007ffa92ebf000 	C:\WINDOWS\SYSTEM32\wintypes.dll
0x00007ffa95d80000 - 0x00007ffa95e74000 	C:\WINDOWS\System32\SHCORE.dll
0x00007ffa95c60000 - 0x00007ffa95cbe000 	C:\WINDOWS\System32\shlwapi.dll
0x00007ffa94ef0000 - 0x00007ffa94f11000 	C:\WINDOWS\SYSTEM32\profapi.dll
0x00007ffa67a30000 - 0x00007ffa67b07000 	C:\Users\HP 14S-FQ1001NU\.jdks\openjdk-21.0.2\bin\jsvml.dll
0x00007ffa72a90000 - 0x00007ffa72aa8000 	C:\Users\HP 14S-FQ1001NU\.jdks\openjdk-21.0.2\bin\zip.dll
0x00007ffa7a6e0000 - 0x00007ffa7a6f0000 	C:\Users\HP 14S-FQ1001NU\.jdks\openjdk-21.0.2\bin\net.dll
0x00007ffa8ddc0000 - 0x00007ffa8def6000 	C:\WINDOWS\SYSTEM32\WINHTTP.dll
0x00007ffa94460000 - 0x00007ffa944c9000 	C:\WINDOWS\system32\mswsock.dll
0x00007ffa7a6c0000 - 0x00007ffa7a6d6000 	C:\Users\HP 14S-FQ1001NU\.jdks\openjdk-21.0.2\bin\nio.dll
0x00007ffa8c4e0000 - 0x00007ffa8c4fa000 	C:\Program Files\JetBrains\IntelliJ IDEA Community Edition 2023.3.4\bin\breakgen64.dll
0x00007ffa7a6b0000 - 0x00007ffa7a6b9000 	C:\Users\HP 14S-FQ1001NU\.jdks\openjdk-21.0.2\bin\extnet.dll
0x00007ffa8c4d0000 - 0x00007ffa8c4da000 	C:\Users\HP 14S-FQ1001NU\.jdks\openjdk-21.0.2\bin\management.dll
0x00007ffa8c4c0000 - 0x00007ffa8c4cb000 	C:\Users\HP 14S-FQ1001NU\.jdks\openjdk-21.0.2\bin\management_ext.dll
0x00007ffa96ce0000 - 0x00007ffa96ce8000 	C:\WINDOWS\System32\PSAPI.DLL
0x00007ffa7a6f0000 - 0x00007ffa7a6fe000 	C:\Users\HP 14S-FQ1001NU\.jdks\openjdk-21.0.2\bin\sunmscapi.dll
0x00007ffa95500000 - 0x00007ffa95667000 	C:\WINDOWS\System32\CRYPT32.dll
0x00007ffa94970000 - 0x00007ffa9499e000 	C:\WINDOWS\SYSTEM32\ncrypt.dll
0x00007ffa94930000 - 0x00007ffa94967000 	C:\WINDOWS\SYSTEM32\NTASN1.dll
0x00007ffa946c0000 - 0x00007ffa946db000 	C:\WINDOWS\SYSTEM32\CRYPTSP.dll
0x00007ffa93f30000 - 0x00007ffa93f65000 	C:\WINDOWS\system32\rsaenh.dll
0x00007ffa94560000 - 0x00007ffa94588000 	C:\WINDOWS\SYSTEM32\USERENV.dll
0x00007ffa946e0000 - 0x00007ffa946ec000 	C:\WINDOWS\SYSTEM32\CRYPTBASE.dll
0x00007ffa93a30000 - 0x00007ffa93a5d000 	C:\WINDOWS\SYSTEM32\IPHLPAPI.DLL
0x00007ffa97030000 - 0x00007ffa97039000 	C:\WINDOWS\System32\NSI.dll
0x00007ffa72090000 - 0x00007ffa720a0000 	C:\Users\HP 14S-FQ1001NU\.jdks\openjdk-21.0.2\bin\verify.dll
0x00007ffa93a60000 - 0x00007ffa93b58000 	C:\WINDOWS\SYSTEM32\DNSAPI.dll
0x00007ffa89a60000 - 0x00007ffa89a6a000 	C:\Windows\System32\rasadhlp.dll
0x00007ffa8c210000 - 0x00007ffa8c293000 	C:\WINDOWS\System32\fwpuclnt.dll
0x00007ffa3c020000 - 0x00007ffa3c028000 	C:\WINDOWS\system32\wshunix.dll

dbghelp: loaded successfully - version: 4.0.5 - missing functions: none
symbol engine: initialized successfully - sym options: 0x614 - pdb path: .;C:\Users\HP 14S-FQ1001NU\.jdks\openjdk-21.0.2\bin;C:\WINDOWS\SYSTEM32;C:\WINDOWS\WinSxS\amd64_microsoft.windows.common-controls_6595b64144ccf1df_6.0.22621.3672_none_2713b9d173822955;C:\Users\HP 14S-FQ1001NU\.jdks\openjdk-21.0.2\bin\server;C:\Program Files\JetBrains\IntelliJ IDEA Community Edition 2023.3.4\bin

VM Arguments:
jvm_args: -javaagent:C:\Program Files\JetBrains\IntelliJ IDEA Community Edition 2023.3.4\lib\idea_rt.jar=51150:C:\Program Files\JetBrains\IntelliJ IDEA Community Edition 2023.3.4\bin -Dfile.encoding=UTF-8 -Dsun.stdout.encoding=UTF-8 -Dsun.stderr.encoding=UTF-8 
java_command: bg.fmi.javaweb.sportstournamentorganizer.SportsTournamentOrganizerApplication
java_class_path (initial): C:\Users\HP 14S-FQ1001NU\IdeaProjects\local_java_repo\target\classes;C:\Users\HP 14S-FQ1001NU\.m2\repository\org\springframework\boot\spring-boot-starter-web\3.3.0\spring-boot-starter-web-3.3.0.jar;C:\Users\HP 14S-FQ1001NU\.m2\repository\org\springframework\boot\spring-boot-starter\3.3.0\spring-boot-starter-3.3.0.jar;C:\Users\HP 14S-FQ1001NU\.m2\repository\org\springframework\boot\spring-boot-starter-logging\3.3.0\spring-boot-starter-logging-3.3.0.jar;C:\Users\HP 14S-FQ1001NU\.m2\repository\ch\qos\logback\logback-classic\1.5.6\logback-classic-1.5.6.jar;C:\Users\HP 14S-FQ1001NU\.m2\repository\ch\qos\logback\logback-core\1.5.6\logback-core-1.5.6.jar;C:\Users\HP 14S-FQ1001NU\.m2\repository\org\apache\logging\log4j\log4j-to-slf4j\2.23.1\log4j-to-slf4j-2.23.1.jar;C:\Users\HP 14S-FQ1001NU\.m2\repository\org\apache\logging\log4j\log4j-api\2.23.1\log4j-api-2.23.1.jar;C:\Users\HP 14S-FQ1001NU\.m2\repository\org\slf4j\jul-to-slf4j\2.0.13\jul-to-slf4j-2.0.13.jar;C:\Users\HP 14S-FQ1001NU\.m2\repository\jakarta\annotation\jakarta.annotation-api\2.1.1\jakarta.annotation-api-2.1.1.jar;C:\Users\HP 14S-FQ1001NU\.m2\repository\org\yaml\snakeyaml\2.2\snakeyaml-2.2.jar;C:\Users\HP 14S-FQ1001NU\.m2\repository\org\springframework\boot\spring-boot-starter-json\3.3.0\spring-boot-starter-json-3.3.0.jar;C:\Users\HP 14S-FQ1001NU\.m2\repository\com\fasterxml\jackson\core\jackson-databind\2.17.1\jackson-databind-2.17.1.jar;C:\Users\HP 14S-FQ1001NU\.m2\repository\com\fasterxml\jackson\core\jackson-annotations\2.17.1\jackson-annotations-2.17.1.jar;C:\Users\HP 14S-FQ1001NU\.m2\repository\com\fasterxml\jackson\core\jackson-core\2.17.1\jackson-core-2.17.1.jar;C:\Users\HP 14S-FQ1001NU\.m2\repository\com\fasterxml\jackson\datatype\jackson-datatype-jdk8\2.17.1\jackson-datatype-jdk8-2.17.1.jar;C:\Users\HP 14S-FQ1001NU\.m2\repository\com\fasterxml\jackson\datatype\jackson-datatype-jsr310\2.17.1\jackson-datatype-jsr310-2.17.1.jar;C:\Users\HP 14S-FQ1001NU\.m2\repository\com\fasterxml\jackson\module\jackson-module-parameter-names\2.17.1\jackson-module-parameter-names-2.17.1.jar;C:\Users\HP 14S-FQ1001NU\.m2\repository\org\springframework\boot\spring-boot-starter-tomcat\3.3.0\spring-boot-starter-tomcat-3.3.0.jar;C:\Users\HP 14S-FQ1001NU\.m2\repository\org\apache\tomcat\embed\tomcat-embed-core\10.1.24\tomcat-embed-core-10.1.24.jar;C:\Users\HP 14S-FQ1001NU\.m2\repository\org\apache\tomcat\embed\tomcat-embed-el\10.1.24\tomcat-embed-el-10.1.24.jar;C:\Users\HP 14S-FQ1001NU\.m2\repository\org\apache\tomcat\embed\tomcat-embed-websocket\10.1.24\tomcat-embed-websocket-10.1.24.jar;C:\Users\HP 14S-FQ1001NU\.m2\repository\org\springframework\spring-web\6.1.8\spring-web-6.1.8.jar;C:\Users\HP 14S-FQ1001NU\.m2\repository\org\springframework\spring-beans\6.1.8\spring-beans-6.1.8.jar;C:\Users\HP 14S-FQ1001NU\.m2\repository\io\micrometer\micrometer-observation\1.13.0\micrometer-observation-1.13.0.jar;C:\Users\HP 14S-FQ1001NU\.m2\repository\io\micrometer\micrometer-commons\1.13.0\micrometer-commons-1.13.0.jar;C:\Users\HP 14S-FQ1001NU\.m2\repository\org\springframework\spring-webmvc\6.1.8\spring-webmvc-6.1.8.jar;C:\Users\HP 14S-FQ1001NU\.m2\repository\org\springframework\spring-aop\6.1.8\spring-aop-6.1.8.jar;C:\Users\HP 14S-FQ1001NU\.m2\repository\org\springframework\spring-context\6.1.8\spring-context-6.1.8.jar;C:\Users\HP 14S-FQ1001NU\.m2\repository\org\springframework\spring-expression\6.1.8\spring-expression-6.1.8.jar;C:\Users\HP 14S-FQ1001NU\.m2\repository\org\springframework\boot\spring-boot-devtools\3.3.0\spring-boot-devtools-3.3.0.jar;C:\Users\HP 14S-FQ1001NU\.m2\repository\org\springframework\boot\spring-boot\3.3.0\spring-boot-3.3.0.jar;C:\Users\HP 14S-FQ1001NU\.m2\repository\org\springframework\boot\spring-boot-autoconfigure\3.3.0\spring-boot-autoconfigure-3.3.0.jar;C:\Users\HP 14S-FQ1001NU\.m2\repository\org\slf4j\slf4j-api\2.0.13\slf4j-api-2.0.13.jar;C:\Users\HP 14S-FQ1001NU\.m2\repository\jakarta\xml\bind\jakarta.xml.bind-api\4.0.2\jakarta.xml.bind-api-4.0.2.jar;C:\Users\HP 14S-FQ1001NU\.m2\repository\jakarta\activation\jakarta.activation-api\2.1.3\jakarta.activation-api-2.1.3.jar;C:\Users\HP 14S-FQ1001NU\.m2\repository\net\bytebuddy\byte-buddy\1.14.16\byte-buddy-1.14.16.jar;C:\Users\HP 14S-FQ1001NU\.m2\repository\org\springframework\spring-core\6.1.8\spring-core-6.1.8.jar;C:\Users\HP 14S-FQ1001NU\.m2\repository\org\springframework\spring-jcl\6.1.8\spring-jcl-6.1.8.jar;C:\Users\HP 14S-FQ1001NU\.m2\repository\org\mapstruct\mapstruct\1.6.0.Beta1\mapstruct-1.6.0.Beta1.jar;C:\Users\HP 14S-FQ1001NU\.m2\repository\org\mapstruct\mapstruct-processor\1.6.0.Beta1\mapstruct-processor-1.6.0.Beta1.jar;C:\Users\HP 14S-FQ1001NU\.m2\repository\org\postgresql\postgresql\42.7.3\postgresql-42.7.3.jar;C:\Users\HP 14S-FQ1001NU\.m2\repository\org\checkerframework\checker-qual\3.42.0\checker-qual-3.42.0.jar;C:\Users\HP 14S-FQ1001NU\.m2\repository\org\springframework\boot\spring-boot-starter-data-jpa\3.3.0\spring-boot-starter-data-jpa-3.3.0.jar;C:\Users\HP 14S-FQ1001NU\.m2\repository\org\springframework\boot\spring-boot-starter-aop\3.3.0\spring-boot-starter-aop-3.3.0.jar;C:\Users\HP 14S-FQ1001NU\.m2\repository\org\aspectj\aspectjweaver\1.9.22\aspectjweaver-1.9.22.jar;C:\Users\HP 14S-FQ1001NU\.m2\repository\org\springframework\boot\spring-boot-starter-jdbc\3.3.0\spring-boot-starter-jdbc-3.3.0.jar;C:\Users\HP 14S-FQ1001NU\.m2\repository\com\zaxxer\HikariCP\5.1.0\HikariCP-5.1.0.jar;C:\Users\HP 14S-FQ1001NU\.m2\repository\org\springframework\spring-jdbc\6.1.8\spring-jdbc-6.1.8.jar;C:\Users\HP 14S-FQ1001NU\.m2\repository\org\hibernate\orm\hibernate-core\6.5.2.Final\hibernate-core-6.5.2.Final.jar;C:\Users\HP 14S-FQ1001NU\.m2\repository\jakarta\persistence\jakarta.persistence-api\3.1.0\jakarta.persistence-api-3.1.0.jar;C:\Users\HP 14S-FQ1001NU\.m2\repository\jakarta\transaction\jakarta.transaction-api\2.0.1\jakarta.transaction-api-2.0.1.jar;C:\Users\HP 14S-FQ1001NU\.m2\repository\org\jboss\logging\jboss-logging\3.5.3.Final\jboss-logging-3.5.3.Final.jar;C:\Users\HP 14S-FQ1001NU\.m2\repository\org\hibernate\common\hibernate-commons-annotations\6.0.6.Final\hibernate-commons-annotations-6.0.6.Final.jar;C:\Users\HP 14S-FQ1001NU\.m2\repository\io\smallrye\jandex\3.1.2\jandex-3.1.2.jar;C:\Users\HP 14S-FQ1001NU\.m2\repository\com\fasterxml\classmate\1.7.0\classmate-1.7.0.jar;C:\Users\HP 14S-FQ1001NU\.m2\repository\org\glassfish\jaxb\jaxb-runtime\4.0.5\jaxb-runtime-4.0.5.jar;C:\Users\HP 14S-FQ1001NU\.m2\repository\org\glassfish\jaxb\jaxb-core\4.0.5\jaxb-core-4.0.5.jar;C:\Users\HP 14S-FQ1001NU\.m2\repository\org\eclipse\angus\angus-activation\2.0.2\angus-activation-2.0.2.jar;C:\Users\HP 14S-FQ1001NU\.m2\repository\org\glassfish\jaxb\txw2\4.0.5\txw2-4.0.5.jar;C:\Users\HP 14S-FQ1001NU\.m2\repository\com\sun\istack\istack-commons-runtime\4.1.2\istack-commons-runtime-4.1.2.jar;C:\Users\HP 14S-FQ1001NU\.m2\repository\jakarta\inject\jakarta.inject-api\2.0.1\jakarta.inject-api-2.0.1.jar;C:\Users\HP 14S-FQ1001NU\.m2\repository\org\antlr\antlr4-runtime\4.13.0\antlr4-runtime-4.13.0.jar;C:\Users\HP 14S-FQ1001NU\.m2\repository\org\springframework\data\spring-data-jpa\3.3.0\spring-data-jpa-3.3.0.jar;C:\Users\HP 14S-FQ1001NU\.m2\repository\org\springframework\data\spring-data-commons\3.3.0\spring-data-commons-3.3.0.jar;C:\Users\HP 14S-FQ1001NU\.m2\repository\org\springframework\spring-orm\6.1.8\spring-orm-6.1.8.jar;C:\Users\HP 14S-FQ1001NU\.m2\repository\org\springframework\spring-tx\6.1.8\spring-tx-6.1.8.jar;C:\Users\HP 14S-FQ1001NU\.m2\repository\org\springframework\spring-aspects\6.1.8\spring-aspects-6.1.8.jar
Launcher Type: SUN_STANDARD

[Global flags]
     intx CICompilerCount                          = 4                                         {product} {ergonomic}
     uint ConcGCThreads                            = 2                                         {product} {ergonomic}
     uint G1ConcRefinementThreads                  = 8                                         {product} {ergonomic}
   size_t G1HeapRegionSize                         = 1048576                                   {product} {ergonomic}
    uintx GCDrainStackTargetSize                   = 64                                        {product} {ergonomic}
   size_t InitialHeapSize                          = 123731968                                 {product} {ergonomic}
   size_t MarkStackSize                            = 4194304                                   {product} {ergonomic}
   size_t MaxHeapSize                              = 1967128576                                {product} {ergonomic}
   size_t MaxNewSize                               = 1179648000                                {product} {ergonomic}
   size_t MinHeapDeltaBytes                        = 1048576                                   {product} {ergonomic}
   size_t MinHeapSize                              = 8388608                                   {product} {ergonomic}
    uintx NonNMethodCodeHeapSize                   = 5839372                                {pd product} {ergonomic}
    uintx NonProfiledCodeHeapSize                  = 122909434                              {pd product} {ergonomic}
    uintx ProfiledCodeHeapSize                     = 122909434                              {pd product} {ergonomic}
    uintx ReservedCodeCacheSize                    = 251658240                              {pd product} {ergonomic}
     bool SegmentedCodeCache                       = true                                      {product} {ergonomic}
   size_t SoftMaxHeapSize                          = 1967128576                             {manageable} {ergonomic}
     bool UseCompressedOops                        = true                           {product lp64_product} {ergonomic}
     bool UseG1GC                                  = true                                      {product} {ergonomic}
     bool UseLargePagesIndividualAllocation        = false                                  {pd product} {ergonomic}

Logging:
Log output configuration:
 #0: stdout all=warning uptime,level,tags foldmultilines=false
 #1: stderr all=off uptime,level,tags foldmultilines=false

Environment Variables:
PATH=C:\Program Files (x86)\Cuminas\Document Express DjVu Plug-in\;C:\WINDOWS\system32;C:\WINDOWS;C:\WINDOWS\System32\Wbem;C:\WINDOWS\System32\WindowsPowerShell\v1.0\;C:\WINDOWS\System32\OpenSSH\;C:\Program Files\Git\cmd;C:\Program Files\Microsoft SQL Server\150\Tools\Binn\;C:\mysys64\mingw64\bin;C:\Program Files\PuTTY\;C:\Program Files (x86)\Microsoft SQL Server\160\Tools\Binn\;C:\Program Files\Microsoft SQL Server\160\Tools\Binn\;C:\Program Files\Microsoft SQL Server\Client SDK\ODBC\170\Tools\Binn\;C:\Program Files\Microsoft SQL Server\160\DTS\Binn\;C:\Program Files (x86)\Microsoft SQL Server\160\DTS\Binn\;C:\Program Files\Azure Data Studio\bin;C:\MinGW\bin;C:\Program Files\dotnet\;C:\Program Files\nodejs\;C:\php;C:\Users\HP 14S-FQ1001NU\AppData\Local\Programs\Python\Launcher\;C:\Users\HP 14S-FQ1001NU\AppData\Local\Microsoft\WindowsApps;C:\Users\HP 14S-FQ1001NU\AppData\Local\GitHubDesktop\bin;C:\Users\HP 14S-FQ1001NU\AppData\Local\Programs\Microsoft VS Code\bin;C:\Program Files\JetBrains\IntelliJ IDEA 2022.2.3\bin;;C:\Program Files\Azure Data Studio\bin;C:\Program Files\JetBrains\CLion 2023.1.3\bin;;C:\ghcup\bin;C:\Users\HP 14S-FQ1001NU\.dotnet\tools;C:\Users\HP 14S-FQ1001NU\AppData\Roaming\npm;C:\Users\HP 14S-FQ1001NU\AppData\Roaming\Microsoft\Windows\Start Menu\Programs\MSYS2 64bit\MSYS2 MSYS.lnk;C:\Program Files\MongoDB\mongosh-2.2.6-win32-x64\bin;C:\php;
USERNAME=HP 14S-FQ1001NU
OS=Windows_NT
PROCESSOR_IDENTIFIER=AMD64 Family 23 Model 104 Stepping 1, AuthenticAMD
TMP=C:\Users\HP14S-~1\AppData\Local\Temp
TEMP=C:\Users\HP14S-~1\AppData\Local\Temp




Periodic native trim disabled

---------------  S Y S T E M  ---------------

OS:
 Windows 11 , 64 bit Build 22621 (10.0.22621.3672)
OS uptime: 0 days 0:53 hours
Hyper-V role detected

CPU: total 8 (initial active 8) (8 cores per cpu, 2 threads per core) family 23 model 104 stepping 1 microcode 0x0, cx8, cmov, fxsr, ht, mmx, 3dnowpref, sse, sse2, sse3, ssse3, sse4a, sse4.1, sse4.2, popcnt, lzcnt, tsc, tscinvbit, avx, avx2, aes, clmul, bmi1, bmi2, adx, sha, fma, vzeroupper, clflush, clflushopt, hv, rdtscp, rdpid, f16c
Processor Information for all 8 processors :
  Max Mhz: 2600, Current Mhz: 2600, Mhz Limit: 2600

Memory: 4k page, system-wide physical 7502M (715M free)
TotalPageFile size 10502M (AvailPageFile size 4M)
current process WorkingSet (physical memory assigned to process): 233M, peak: 287M
current process commit charge ("private bytes"): 271M, peak: 324M

vm_info: OpenJDK 64-Bit Server VM (21.0.2+13-58) for windows-amd64 JRE (21.0.2+13-58), built on 2024-01-05T18:32:24Z by "mach5one" with MS VC++ 17.1 (VS2022)

END.
