#
# There is insufficient memory for the Java Runtime Environment to continue.
# Native memory allocation (malloc) failed to allocate 240256 bytes for Chunk::new
# Possible reasons:
#   The system is out of physical RAM or swap space
#   The process is running with CompressedOops enabled, and the Java Heap may be blocking the growth of the native heap
# Possible solutions:
#   Reduce memory load on the system
#   Increase physical memory or swap space
#   Check if swap backing store is full
#   Decrease Java heap size (-Xmx/-Xms)
#   Decrease number of Java threads
#   Decrease Java thread stack sizes (-Xss)
#   Set larger code cache with -XX:ReservedCodeCacheSize=
#   JVM is running with Unscaled Compressed Oops mode in which the Java heap is
#     placed in the first 4GB address space. The Java Heap base address is the
#     maximum limit for the native heap growth. Please use -XX:HeapBaseMinAddress
#     to set the Java Heap base and to place the Java Heap above 4GB virtual address.
# This output file may be truncated or incomplete.
#
#  Out of Memory Error (arena.cpp:168), pid=19492, tid=19548
#
# JRE version: OpenJDK Runtime Environment (21.0.2+13) (build 21.0.2+13-58)
# Java VM: OpenJDK 64-Bit Server VM (21.0.2+13-58, mixed mode, sharing, tiered, compressed oops, compressed class ptrs, g1 gc, windows-amd64)
# No core dump will be written. Minidumps are not enabled by default on client versions of Windows
#

---------------  S U M M A R Y ------------

Command Line: -javaagent:C:\Program Files\JetBrains\IntelliJ IDEA Community Edition 2023.3.4\lib\idea_rt.jar=60336:C:\Program Files\JetBrains\IntelliJ IDEA Community Edition 2023.3.4\bin -Dfile.encoding=UTF-8 -Dsun.stdout.encoding=UTF-8 -Dsun.stderr.encoding=UTF-8 bg.fmi.javaweb.sportstournamentorganizer.SportsTournamentOrganizerApplication

Host: AMD Ryzen 3 5300U with Radeon Graphics         , 8 cores, 7G,  Windows 11 , 64 bit Build 22621 (10.0.22621.3672)
Time: Thu Jul  4 20:15:36 2024  Windows 11 , 64 bit Build 22621 (10.0.22621.3672) elapsed time: 22.068181 seconds (0d 0h 0m 22s)

---------------  T H R E A D  ---------------

Current thread (0x00000248a5b535d0):  JavaThread "C2 CompilerThread0" daemon [_thread_in_native, id=19548, stack(0x000000dc50b00000,0x000000dc50c00000) (1024K)]


Current CompileTask:
C2:  22068 6735       4       java.io.WinNTFileSystem::resolve (326 bytes)

Stack: [0x000000dc50b00000,0x000000dc50c00000]
Native frames: (J=compiled Java code, j=interpreted, Vv=VM code, C=native code)
V  [jvm.dll+0x6cade9]
V  [jvm.dll+0x8569c1]
V  [jvm.dll+0x858d2e]
V  [jvm.dll+0x859413]
V  [jvm.dll+0x280e56]
V  [jvm.dll+0xc3f3d]
V  [jvm.dll+0xc4473]
V  [jvm.dll+0x3b5c2c]
V  [jvm.dll+0x382855]
V  [jvm.dll+0x381cca]
V  [jvm.dll+0x249bd0]
V  [jvm.dll+0x2491b1]
V  [jvm.dll+0x1c9634]
V  [jvm.dll+0x258859]
V  [jvm.dll+0x256e3a]
V  [jvm.dll+0x3ef6c6]
V  [jvm.dll+0x7ff568]
V  [jvm.dll+0x6c953d]
C  [ucrtbase.dll+0x29333]
C  [KERNEL32.DLL+0x1257d]
C  [ntdll.dll+0x5af28]


---------------  P R O C E S S  ---------------

Threads class SMR info:
_java_thread_list=0x00000248eb8d3e30, length=31, elements={
0x00000248a5b370d0, 0x00000248a5b39ca0, 0x00000248a5b3d450, 0x00000248a5b3f6e0,
0x00000248a5b43550, 0x00000248a5b45620, 0x00000248a5b535d0, 0x00000248a5b55490,
0x00000248a5b42ec0, 0x00000248a5b42830, 0x00000248a5b421a0, 0x00000248edad2700,
0x00000248edad3ab0, 0x00000248edad54f0, 0x00000248edad2d90, 0x00000248edad47d0,
0x00000248edad2070, 0x00000248edad1350, 0x00000248edad6f30, 0x00000248edad5b80,
0x00000248edad6210, 0x00000248edad68a0, 0x00000248edad4e60, 0x00000248edacffa0,
0x00000248edad75c0, 0x00000248edad19e0, 0x00000248edad0cc0, 0x00000248efb93140,
0x00000248efb96c50, 0x00000248efb91700, 0x00000248efb972e0
}

Java Threads: ( => current thread )
  0x00000248a5b370d0 JavaThread "Reference Handler"          daemon [_thread_blocked, id=19216, stack(0x000000dc50500000,0x000000dc50600000) (1024K)]
  0x00000248a5b39ca0 JavaThread "Finalizer"                  daemon [_thread_blocked, id=19084, stack(0x000000dc50600000,0x000000dc50700000) (1024K)]
  0x00000248a5b3d450 JavaThread "Signal Dispatcher"          daemon [_thread_blocked, id=2660, stack(0x000000dc50700000,0x000000dc50800000) (1024K)]
  0x00000248a5b3f6e0 JavaThread "Attach Listener"            daemon [_thread_blocked, id=9484, stack(0x000000dc50800000,0x000000dc50900000) (1024K)]
  0x00000248a5b43550 JavaThread "Service Thread"             daemon [_thread_blocked, id=2500, stack(0x000000dc50900000,0x000000dc50a00000) (1024K)]
  0x00000248a5b45620 JavaThread "Monitor Deflation Thread"   daemon [_thread_blocked, id=11660, stack(0x000000dc50a00000,0x000000dc50b00000) (1024K)]
=>0x00000248a5b535d0 JavaThread "C2 CompilerThread0"         daemon [_thread_in_native, id=19548, stack(0x000000dc50b00000,0x000000dc50c00000) (1024K)]
  0x00000248a5b55490 JavaThread "C1 CompilerThread0"         daemon [_thread_blocked, id=18280, stack(0x000000dc50c00000,0x000000dc50d00000) (1024K)]
  0x00000248a5b42ec0 JavaThread "Common-Cleaner"             daemon [_thread_blocked, id=7940, stack(0x000000dc50d00000,0x000000dc50e00000) (1024K)]
  0x00000248a5b42830 JavaThread "Monitor Ctrl-Break"         daemon [_thread_in_native, id=1864, stack(0x000000dc50e00000,0x000000dc50f00000) (1024K)]
  0x00000248a5b421a0 JavaThread "Notification Thread"        daemon [_thread_blocked, id=20304, stack(0x000000dc50f00000,0x000000dc51000000) (1024K)]
  0x00000248edad2700 JavaThread "Catalina-utility-1"                [_thread_blocked, id=21188, stack(0x000000dc51c00000,0x000000dc51d00000) (1024K)]
  0x00000248edad3ab0 JavaThread "Catalina-utility-2"                [_thread_blocked, id=2608, stack(0x000000dc51d00000,0x000000dc51e00000) (1024K)]
  0x00000248edad54f0 JavaThread "http-nio-8080-exec-1"       daemon [_thread_blocked, id=2024, stack(0x000000dc51e00000,0x000000dc51f00000) (1024K)]
  0x00000248edad2d90 JavaThread "http-nio-8080-exec-2"       daemon [_thread_blocked, id=18460, stack(0x000000dc51f00000,0x000000dc52000000) (1024K)]
  0x00000248edad47d0 JavaThread "http-nio-8080-exec-3"       daemon [_thread_blocked, id=5204, stack(0x000000dc52000000,0x000000dc52100000) (1024K)]
  0x00000248edad2070 JavaThread "http-nio-8080-exec-4"       daemon [_thread_blocked, id=23392, stack(0x000000dc52100000,0x000000dc52200000) (1024K)]
  0x00000248edad1350 JavaThread "http-nio-8080-exec-5"       daemon [_thread_blocked, id=7928, stack(0x000000dc52200000,0x000000dc52300000) (1024K)]
  0x00000248edad6f30 JavaThread "http-nio-8080-exec-6"       daemon [_thread_blocked, id=11960, stack(0x000000dc52300000,0x000000dc52400000) (1024K)]
  0x00000248edad5b80 JavaThread "http-nio-8080-exec-7"       daemon [_thread_blocked, id=2852, stack(0x000000dc52400000,0x000000dc52500000) (1024K)]
  0x00000248edad6210 JavaThread "http-nio-8080-exec-8"       daemon [_thread_blocked, id=2320, stack(0x000000dc52500000,0x000000dc52600000) (1024K)]
  0x00000248edad68a0 JavaThread "http-nio-8080-exec-9"       daemon [_thread_blocked, id=23508, stack(0x000000dc52600000,0x000000dc52700000) (1024K)]
  0x00000248edad4e60 JavaThread "http-nio-8080-exec-10"      daemon [_thread_blocked, id=4232, stack(0x000000dc52700000,0x000000dc52800000) (1024K)]
  0x00000248edacffa0 JavaThread "container-0"                       [_thread_blocked, id=13836, stack(0x000000dc52800000,0x000000dc52900000) (1024K)]
  0x00000248edad75c0 JavaThread "PostgreSQL-JDBC-Cleaner"    daemon [_thread_blocked, id=15312, stack(0x000000dc52900000,0x000000dc52a00000) (1024K)]
  0x00000248edad19e0 JavaThread "HikariPool-1 housekeeper"   daemon [_thread_blocked, id=21624, stack(0x000000dc52a00000,0x000000dc52b00000) (1024K)]
  0x00000248edad0cc0 JavaThread "File Watcher"               daemon [_thread_blocked, id=9928, stack(0x000000dc52d00000,0x000000dc52e00000) (1024K)]
  0x00000248efb93140 JavaThread "Live Reload Server"         daemon [_thread_in_native, id=11720, stack(0x000000dc52f00000,0x000000dc53000000) (1024K)]
  0x00000248efb96c50 JavaThread "http-nio-8080-Poller"       daemon [_thread_in_native, id=21772, stack(0x000000dc52e00000,0x000000dc52f00000) (1024K)]
  0x00000248efb91700 JavaThread "http-nio-8080-Acceptor"     daemon [_thread_in_native, id=12220, stack(0x000000dc53000000,0x000000dc53100000) (1024K)]
  0x00000248efb972e0 JavaThread "DestroyJavaVM"                     [_thread_blocked, id=7400, stack(0x000000dc4fd00000,0x000000dc4fe00000) (1024K)]
Total: 31

Other Threads:
  0x00000248a5b177c0 VMThread "VM Thread"                           [id=23224, stack(0x000000dc50400000,0x000000dc50500000) (1024K)]
  0x00000248a5b00720 WatcherThread "VM Periodic Task Thread"        [id=14836, stack(0x000000dc50300000,0x000000dc50400000) (1024K)]
  0x0000024889519020 WorkerThread "GC Thread#0"                     [id=2336, stack(0x000000dc4fe00000,0x000000dc4ff00000) (1024K)]
  0x00000248ebf63fc0 WorkerThread "GC Thread#1"                     [id=1836, stack(0x000000dc51200000,0x000000dc51300000) (1024K)]
  0x00000248ebdf1450 WorkerThread "GC Thread#2"                     [id=9092, stack(0x000000dc51300000,0x000000dc51400000) (1024K)]
  0x00000248ebdf17f0 WorkerThread "GC Thread#3"                     [id=14176, stack(0x000000dc51400000,0x000000dc51500000) (1024K)]
  0x00000248eb9f6bc0 WorkerThread "GC Thread#4"                     [id=16700, stack(0x000000dc51500000,0x000000dc51600000) (1024K)]
  0x00000248eb9f6f60 WorkerThread "GC Thread#5"                     [id=9260, stack(0x000000dc51600000,0x000000dc51700000) (1024K)]
  0x00000248ec3fd7d0 WorkerThread "GC Thread#6"                     [id=18216, stack(0x000000dc51700000,0x000000dc51800000) (1024K)]
  0x00000248ec3d9010 WorkerThread "GC Thread#7"                     [id=11336, stack(0x000000dc51800000,0x000000dc51900000) (1024K)]
  0x0000024889528a80 ConcurrentGCThread "G1 Main Marker"            [id=3344, stack(0x000000dc4ff00000,0x000000dc50000000) (1024K)]
  0x0000024889529940 WorkerThread "G1 Conc#0"                       [id=3348, stack(0x000000dc50000000,0x000000dc50100000) (1024K)]
  0x00000248ed1877a0 WorkerThread "G1 Conc#1"                       [id=22108, stack(0x000000dc51a00000,0x000000dc51b00000) (1024K)]
  0x00000248a59d40f0 ConcurrentGCThread "G1 Refine#0"               [id=3428, stack(0x000000dc50100000,0x000000dc50200000) (1024K)]
  0x000002488957c2b0 ConcurrentGCThread "G1 Service"                [id=3656, stack(0x000000dc50200000,0x000000dc50300000) (1024K)]
Total: 15

Threads with active compile tasks:
C2 CompilerThread0    22088 6735       4       java.io.WinNTFileSystem::resolve (326 bytes)
Total: 1

VM state: not at safepoint (normal execution)

VM Mutex/Monitor currently owned by a thread: None

Heap address: 0x000000008ac00000, size: 1876 MB, Compressed Oops mode: 32-bit

CDS archive(s) mapped at: [0x00000248a6000000-0x00000248a6c90000-0x00000248a6c90000), size 13172736, SharedBaseAddress: 0x00000248a6000000, ArchiveRelocationMode: 1.
Compressed class space mapped at: 0x00000248a7000000-0x00000248e7000000, reserved size: 1073741824
Narrow klass base: 0x00000248a6000000, Narrow klass shift: 0, Narrow klass range: 0x100000000

GC Precious Log:
 CardTable entry size: 512
 Card Set container configuration: InlinePtr #cards 5 size 8 Array Of Cards #cards 12 size 40 Howl #buckets 4 coarsen threshold 1843 Howl Bitmap #cards 512 size 80 coarsen threshold 460 Card regions per heap region 1 cards per card region 2048
 CPUs: 8 total, 8 available
 Memory: 7502M
 Large Page Support: Disabled
 NUMA Support: Disabled
 Compressed Oops: Enabled (32-bit)
 Heap Region Size: 1M
 Heap Min Capacity: 8M
 Heap Initial Capacity: 118M
 Heap Max Capacity: 1876M
 Pre-touch: Disabled
 Parallel Workers: 8
 Concurrent Workers: 2
 Concurrent Refinement Workers: 8
 Periodic GC: Disabled

Heap:
 garbage-first heap   total 51200K, used 31340K [0x000000008ac00000, 0x0000000100000000)
  region size 1024K, 4 young (4096K), 2 survivors (2048K)
 Metaspace       used 63166K, committed 63936K, reserved 1114112K
  class space    used 8548K, committed 8896K, reserved 1048576K

Heap Regions: E=young(eden), S=young(survivor), O=old, HS=humongous(starts), HC=humongous(continues), CS=collection set, F=free, TAMS=top-at-mark-start, PB=parsable bottom
|   0|0x000000008ac00000, 0x000000008ad00000, 0x000000008ad00000|100%|HS|  |TAMS 0x000000008ac00000| PB 0x000000008ac00000| Complete 
|   1|0x000000008ad00000, 0x000000008ae00000, 0x000000008ae00000|100%| O|  |TAMS 0x000000008ad00000| PB 0x000000008ad00000| Untracked 
|   2|0x000000008ae00000, 0x000000008af00000, 0x000000008af00000|100%| O|  |TAMS 0x000000008ae00000| PB 0x000000008ae00000| Untracked 
|   3|0x000000008af00000, 0x000000008b000000, 0x000000008b000000|100%| O|  |TAMS 0x000000008af00000| PB 0x000000008af00000| Untracked 
|   4|0x000000008b000000, 0x000000008b100000, 0x000000008b100000|100%| O|  |TAMS 0x000000008b000000| PB 0x000000008b000000| Untracked 
|   5|0x000000008b100000, 0x000000008b200000, 0x000000008b200000|100%| O|  |TAMS 0x000000008b100000| PB 0x000000008b100000| Untracked 
|   6|0x000000008b200000, 0x000000008b300000, 0x000000008b300000|100%| O|  |TAMS 0x000000008b200000| PB 0x000000008b200000| Untracked 
|   7|0x000000008b300000, 0x000000008b400000, 0x000000008b400000|100%| O|  |TAMS 0x000000008b300000| PB 0x000000008b300000| Untracked 
|   8|0x000000008b400000, 0x000000008b500000, 0x000000008b500000|100%| O|  |TAMS 0x000000008b400000| PB 0x000000008b400000| Untracked 
|   9|0x000000008b500000, 0x000000008b600000, 0x000000008b600000|100%| O|  |TAMS 0x000000008b500000| PB 0x000000008b500000| Untracked 
|  10|0x000000008b600000, 0x000000008b700000, 0x000000008b700000|100%| O|  |TAMS 0x000000008b600000| PB 0x000000008b600000| Untracked 
|  11|0x000000008b700000, 0x000000008b800000, 0x000000008b800000|100%| O|  |TAMS 0x000000008b700000| PB 0x000000008b700000| Untracked 
|  12|0x000000008b800000, 0x000000008b900000, 0x000000008b900000|100%| O|  |TAMS 0x000000008b800000| PB 0x000000008b800000| Untracked 
|  13|0x000000008b900000, 0x000000008ba00000, 0x000000008ba00000|100%| O|  |TAMS 0x000000008b900000| PB 0x000000008b900000| Untracked 
|  14|0x000000008ba00000, 0x000000008bb00000, 0x000000008bb00000|100%| O|  |TAMS 0x000000008ba00000| PB 0x000000008ba00000| Untracked 
|  15|0x000000008bb00000, 0x000000008bc00000, 0x000000008bc00000|100%| O|  |TAMS 0x000000008bb00000| PB 0x000000008bb00000| Untracked 
|  16|0x000000008bc00000, 0x000000008bd00000, 0x000000008bd00000|100%| O|  |TAMS 0x000000008bc00000| PB 0x000000008bc00000| Untracked 
|  17|0x000000008bd00000, 0x000000008be00000, 0x000000008be00000|100%| O|  |TAMS 0x000000008bd00000| PB 0x000000008bd00000| Untracked 
|  18|0x000000008be00000, 0x000000008bf00000, 0x000000008bf00000|100%| O|  |TAMS 0x000000008be00000| PB 0x000000008be00000| Untracked 
|  19|0x000000008bf00000, 0x000000008c000000, 0x000000008c000000|100%| O|  |TAMS 0x000000008bf00000| PB 0x000000008bf00000| Untracked 
|  20|0x000000008c000000, 0x000000008c000000, 0x000000008c100000|  0%| F|  |TAMS 0x000000008c000000| PB 0x000000008c000000| Untracked 
|  21|0x000000008c100000, 0x000000008c200000, 0x000000008c200000|100%| O|  |TAMS 0x000000008c100000| PB 0x000000008c100000| Untracked 
|  22|0x000000008c200000, 0x000000008c300000, 0x000000008c300000|100%| O|  |TAMS 0x000000008c200000| PB 0x000000008c200000| Untracked 
|  23|0x000000008c300000, 0x000000008c400000, 0x000000008c400000|100%| O|  |TAMS 0x000000008c300000| PB 0x000000008c300000| Untracked 
|  24|0x000000008c400000, 0x000000008c500000, 0x000000008c500000|100%| O|  |TAMS 0x000000008c400000| PB 0x000000008c400000| Untracked 
|  25|0x000000008c500000, 0x000000008c600000, 0x000000008c600000|100%| O|  |TAMS 0x000000008c500000| PB 0x000000008c500000| Untracked 
|  26|0x000000008c600000, 0x000000008c700000, 0x000000008c700000|100%| O|  |TAMS 0x000000008c600000| PB 0x000000008c600000| Untracked 
|  27|0x000000008c700000, 0x000000008c800000, 0x000000008c800000|100%| O|  |TAMS 0x000000008c700000| PB 0x000000008c700000| Untracked 
|  28|0x000000008c800000, 0x000000008c8c3118, 0x000000008c900000| 76%| O|  |TAMS 0x000000008c800000| PB 0x000000008c800000| Untracked 
|  29|0x000000008c900000, 0x000000008c900000, 0x000000008ca00000|  0%| F|  |TAMS 0x000000008c900000| PB 0x000000008c900000| Untracked 
|  30|0x000000008ca00000, 0x000000008cad8038, 0x000000008cb00000| 84%| S|CS|TAMS 0x000000008ca00000| PB 0x000000008ca00000| Complete 
|  31|0x000000008cb00000, 0x000000008cc00000, 0x000000008cc00000|100%| S|CS|TAMS 0x000000008cb00000| PB 0x000000008cb00000| Complete 
|  32|0x000000008cc00000, 0x000000008cc00000, 0x000000008cd00000|  0%| F|  |TAMS 0x000000008cc00000| PB 0x000000008cc00000| Untracked 
|  33|0x000000008cd00000, 0x000000008cd00000, 0x000000008ce00000|  0%| F|  |TAMS 0x000000008cd00000| PB 0x000000008cd00000| Untracked 
|  34|0x000000008ce00000, 0x000000008ce00000, 0x000000008cf00000|  0%| F|  |TAMS 0x000000008ce00000| PB 0x000000008ce00000| Untracked 
|  35|0x000000008cf00000, 0x000000008cf00000, 0x000000008d000000|  0%| F|  |TAMS 0x000000008cf00000| PB 0x000000008cf00000| Untracked 
|  36|0x000000008d000000, 0x000000008d000000, 0x000000008d100000|  0%| F|  |TAMS 0x000000008d000000| PB 0x000000008d000000| Untracked 
|  37|0x000000008d100000, 0x000000008d100000, 0x000000008d200000|  0%| F|  |TAMS 0x000000008d100000| PB 0x000000008d100000| Untracked 
|  38|0x000000008d200000, 0x000000008d200000, 0x000000008d300000|  0%| F|  |TAMS 0x000000008d200000| PB 0x000000008d200000| Untracked 
|  39|0x000000008d300000, 0x000000008d300000, 0x000000008d400000|  0%| F|  |TAMS 0x000000008d300000| PB 0x000000008d300000| Untracked 
|  40|0x000000008d400000, 0x000000008d400000, 0x000000008d500000|  0%| F|  |TAMS 0x000000008d400000| PB 0x000000008d400000| Untracked 
|  41|0x000000008d500000, 0x000000008d500000, 0x000000008d600000|  0%| F|  |TAMS 0x000000008d500000| PB 0x000000008d500000| Untracked 
|  62|0x000000008ea00000, 0x000000008ea00000, 0x000000008eb00000|  0%| F|  |TAMS 0x000000008ea00000| PB 0x000000008ea00000| Untracked 
|  63|0x000000008eb00000, 0x000000008eb00000, 0x000000008ec00000|  0%| F|  |TAMS 0x000000008eb00000| PB 0x000000008eb00000| Untracked 
|  64|0x000000008ec00000, 0x000000008ec00000, 0x000000008ed00000|  0%| F|  |TAMS 0x000000008ec00000| PB 0x000000008ec00000| Untracked 
|  65|0x000000008ed00000, 0x000000008ed00000, 0x000000008ee00000|  0%| F|  |TAMS 0x000000008ed00000| PB 0x000000008ed00000| Untracked 
|  66|0x000000008ee00000, 0x000000008ee00000, 0x000000008ef00000|  0%| F|  |TAMS 0x000000008ee00000| PB 0x000000008ee00000| Untracked 
|  67|0x000000008ef00000, 0x000000008ef00000, 0x000000008f000000|  0%| F|  |TAMS 0x000000008ef00000| PB 0x000000008ef00000| Untracked 
|  68|0x000000008f000000, 0x000000008f0528a8, 0x000000008f100000| 32%| E|  |TAMS 0x000000008f000000| PB 0x000000008f000000| Complete 
| 117|0x0000000092100000, 0x0000000092200000, 0x0000000092200000|100%| E|CS|TAMS 0x0000000092100000| PB 0x0000000092100000| Complete 

Card table byte_map: [0x00000248a0ff0000,0x00000248a13a0000] _byte_map_base: 0x00000248a0b9a000

Marking Bits: (CMBitMap*) 0x0000024889519720
 Bits: [0x00000248a13a0000, 0x00000248a30f0000)

Polling page: 0x0000024887400000

Metaspace:

Usage:
  Non-class:     53.34 MB used.
      Class:      8.35 MB used.
       Both:     61.69 MB used.

Virtual space:
  Non-class space:       64.00 MB reserved,      53.75 MB ( 84%) committed,  1 nodes.
      Class space:        1.00 GB reserved,       8.69 MB ( <1%) committed,  1 nodes.
             Both:        1.06 GB reserved,      62.44 MB (  6%) committed. 

Chunk freelists:
   Non-Class:  9.97 MB
       Class:  7.23 MB
        Both:  17.20 MB

MaxMetaspaceSize: unlimited
CompressedClassSpaceSize: 1.00 GB
Initial GC threshold: 21.00 MB
Current GC threshold: 98.44 MB
CDS: on
 - commit_granule_bytes: 65536.
 - commit_granule_words: 8192.
 - virtual_space_node_default_size: 8388608.
 - enlarge_chunks_in_place: 1.
 - use_allocation_guard: 0.


Internal statistics:

num_allocs_failed_limit: 9.
num_arena_births: 970.
num_arena_deaths: 0.
num_vsnodes_births: 2.
num_vsnodes_deaths: 0.
num_space_committed: 999.
num_space_uncommitted: 0.
num_chunks_returned_to_freelist: 9.
num_chunks_taken_from_freelist: 3298.
num_chunk_merges: 9.
num_chunk_splits: 2354.
num_chunks_enlarged: 1797.
num_inconsistent_stats: 0.

CodeHeap 'non-profiled nmethods': size=120000Kb used=4227Kb max_used=4227Kb free=115772Kb
 bounds [0x00000248993e0000, 0x0000024899810000, 0x00000248a0910000]
CodeHeap 'profiled nmethods': size=120000Kb used=11721Kb max_used=11721Kb free=108279Kb
 bounds [0x0000024891910000, 0x0000024892490000, 0x0000024898e40000]
CodeHeap 'non-nmethods': size=5760Kb used=1664Kb max_used=1753Kb free=4095Kb
 bounds [0x0000024898e40000, 0x00000248990b0000, 0x00000248993e0000]
 total_blobs=6718 nmethods=6015 adapters=606
 compilation: enabled
              stopped_count=0, restarted_count=0
 full_count=0

Compilation events (20 events):
Event: 12.139 Thread 0x00000248a5b55490 nmethod 6723 0x000002489247fd10 code [0x000002489247ff60, 0x0000024892480a38]
Event: 12.752 Thread 0x00000248a5b55490 6724       3       java.io.File::<init> (78 bytes)
Event: 12.752 Thread 0x00000248a5b55490 nmethod 6724 0x0000024892480d10 code [0x0000024892480ee0, 0x0000024892481160]
Event: 12.759 Thread 0x00000248a5b55490 6725       3       org.springframework.boot.devtools.filewatch.FileSnapshot::<init> (64 bytes)
Event: 12.760 Thread 0x00000248a5b55490 nmethod 6725 0x0000024892481290 code [0x00000248924815e0, 0x00000248924828d8]
Event: 12.760 Thread 0x00000248a5b55490 6726       3       java.io.File::lastModified (33 bytes)
Event: 12.760 Thread 0x00000248a5b55490 nmethod 6726 0x0000024892482e90 code [0x0000024892483060, 0x0000024892483338]
Event: 12.760 Thread 0x00000248a5b55490 6727   !   3       java.io.WinNTFileSystem::getLastModifiedTime (27 bytes)
Event: 12.761 Thread 0x00000248a5b55490 nmethod 6727 0x0000024892483490 code [0x0000024892483660, 0x0000024892483880]
Event: 13.173 Thread 0x00000248a5b535d0 6728       4       java.lang.Long::hashCode (8 bytes)
Event: 13.174 Thread 0x00000248a5b535d0 nmethod 6728 0x00000248997fe510 code [0x00000248997fe680, 0x00000248997fe6f8]
Event: 14.206 Thread 0x00000248a5b535d0 6729       4       java.util.HashSet::contains (9 bytes)
Event: 14.211 Thread 0x00000248a5b535d0 nmethod 6729 0x00000248997fe810 code [0x00000248997fea00, 0x00000248997fefe8]
Event: 14.819 Thread 0x00000248a5b55490 6731       3       java.io.File::getName (42 bytes)
Event: 14.820 Thread 0x00000248a5b55490 nmethod 6731 0x0000024892483a10 code [0x0000024892483c60, 0x0000024892484488]
Event: 17.917 Thread 0x00000248a5b535d0 6733       4       java.lang.String::toLowerCase (29 bytes)
Event: 17.930 Thread 0x00000248a5b535d0 nmethod 6733 0x00000248997ffb90 code [0x00000248997ffd60, 0x0000024899800590]
Event: 20.407 Thread 0x00000248a5b535d0 6734       4       java.util.Collections$UnmodifiableCollection$1::next (10 bytes)
Event: 20.407 Thread 0x00000248a5b535d0 nmethod 6734 0x0000024899800a10 code [0x0000024899800ba0, 0x0000024899800c50]
Event: 22.057 Thread 0x00000248a5b535d0 6735       4       java.io.WinNTFileSystem::resolve (326 bytes)

GC Heap History (20 events):
Event: 5.063 GC heap before
{Heap before GC invocations=5 (full 0):
 garbage-first heap   total 51200K, used 37497K [0x000000008ac00000, 0x0000000100000000)
  region size 1024K, 25 young (25600K), 3 survivors (3072K)
 Metaspace       used 28935K, committed 29440K, reserved 1114112K
  class space    used 3614K, committed 3840K, reserved 1048576K
}
Event: 5.068 GC heap after
{Heap after GC invocations=6 (full 0):
 garbage-first heap   total 51200K, used 17698K [0x000000008ac00000, 0x0000000100000000)
  region size 1024K, 2 young (2048K), 2 survivors (2048K)
 Metaspace       used 28935K, committed 29440K, reserved 1114112K
  class space    used 3614K, committed 3840K, reserved 1048576K
}
Event: 5.769 GC heap before
{Heap before GC invocations=6 (full 0):
 garbage-first heap   total 51200K, used 39202K [0x000000008ac00000, 0x0000000100000000)
  region size 1024K, 24 young (24576K), 2 survivors (2048K)
 Metaspace       used 33524K, committed 34112K, reserved 1114112K
  class space    used 4279K, committed 4544K, reserved 1048576K
}
Event: 5.772 GC heap after
{Heap after GC invocations=7 (full 0):
 garbage-first heap   total 51200K, used 19168K [0x000000008ac00000, 0x0000000100000000)
  region size 1024K, 2 young (2048K), 2 survivors (2048K)
 Metaspace       used 33524K, committed 34112K, reserved 1114112K
  class space    used 4279K, committed 4544K, reserved 1048576K
}
Event: 6.018 GC heap before
{Heap before GC invocations=7 (full 0):
 garbage-first heap   total 51200K, used 26336K [0x000000008ac00000, 0x0000000100000000)
  region size 1024K, 11 young (11264K), 2 survivors (2048K)
 Metaspace       used 35580K, committed 36096K, reserved 1114112K
  class space    used 4623K, committed 4864K, reserved 1048576K
}
Event: 6.019 GC heap after
{Heap after GC invocations=8 (full 0):
 garbage-first heap   total 51200K, used 19458K [0x000000008ac00000, 0x0000000100000000)
  region size 1024K, 2 young (2048K), 2 survivors (2048K)
 Metaspace       used 35580K, committed 36096K, reserved 1114112K
  class space    used 4623K, committed 4864K, reserved 1048576K
}
Event: 7.008 GC heap before
{Heap before GC invocations=9 (full 0):
 garbage-first heap   total 51200K, used 43010K [0x000000008ac00000, 0x0000000100000000)
  region size 1024K, 25 young (25600K), 2 survivors (2048K)
 Metaspace       used 42074K, committed 42624K, reserved 1114112K
  class space    used 5520K, committed 5760K, reserved 1048576K
}
Event: 7.012 GC heap after
{Heap after GC invocations=10 (full 0):
 garbage-first heap   total 51200K, used 20973K [0x000000008ac00000, 0x0000000100000000)
  region size 1024K, 4 young (4096K), 4 survivors (4096K)
 Metaspace       used 42074K, committed 42624K, reserved 1114112K
  class space    used 5520K, committed 5760K, reserved 1048576K
}
Event: 7.502 GC heap before
{Heap before GC invocations=10 (full 0):
 garbage-first heap   total 51200K, used 41453K [0x000000008ac00000, 0x0000000100000000)
  region size 1024K, 25 young (25600K), 4 survivors (4096K)
 Metaspace       used 47622K, committed 48256K, reserved 1114112K
  class space    used 6304K, committed 6592K, reserved 1048576K
}
Event: 7.506 GC heap after
{Heap after GC invocations=11 (full 0):
 garbage-first heap   total 51200K, used 22248K [0x000000008ac00000, 0x0000000100000000)
  region size 1024K, 4 young (4096K), 4 survivors (4096K)
 Metaspace       used 47622K, committed 48256K, reserved 1114112K
  class space    used 6304K, committed 6592K, reserved 1048576K
}
Event: 7.965 GC heap before
{Heap before GC invocations=11 (full 0):
 garbage-first heap   total 51200K, used 42728K [0x000000008ac00000, 0x0000000100000000)
  region size 1024K, 24 young (24576K), 4 survivors (4096K)
 Metaspace       used 51603K, committed 52224K, reserved 1114112K
  class space    used 6933K, committed 7232K, reserved 1048576K
}
Event: 7.968 GC heap after
{Heap after GC invocations=12 (full 0):
 garbage-first heap   total 51200K, used 23331K [0x000000008ac00000, 0x0000000100000000)
  region size 1024K, 3 young (3072K), 3 survivors (3072K)
 Metaspace       used 51603K, committed 52224K, reserved 1114112K
  class space    used 6933K, committed 7232K, reserved 1048576K
}
Event: 8.533 GC heap before
{Heap before GC invocations=12 (full 0):
 garbage-first heap   total 51200K, used 43811K [0x000000008ac00000, 0x0000000100000000)
  region size 1024K, 23 young (23552K), 3 survivors (3072K)
 Metaspace       used 56213K, committed 56896K, reserved 1114112K
  class space    used 7582K, committed 7872K, reserved 1048576K
}
Event: 8.537 GC heap after
{Heap after GC invocations=13 (full 0):
 garbage-first heap   total 51200K, used 25099K [0x000000008ac00000, 0x0000000100000000)
  region size 1024K, 3 young (3072K), 3 survivors (3072K)
 Metaspace       used 56213K, committed 56896K, reserved 1114112K
  class space    used 7582K, committed 7872K, reserved 1048576K
}
Event: 9.187 GC heap before
{Heap before GC invocations=13 (full 0):
 garbage-first heap   total 51200K, used 41483K [0x000000008ac00000, 0x0000000100000000)
  region size 1024K, 21 young (21504K), 3 survivors (3072K)
 Metaspace       used 59766K, committed 60416K, reserved 1114112K
  class space    used 8056K, committed 8384K, reserved 1048576K
}
Event: 9.190 GC heap after
{Heap after GC invocations=14 (full 0):
 garbage-first heap   total 51200K, used 26747K [0x000000008ac00000, 0x0000000100000000)
  region size 1024K, 3 young (3072K), 3 survivors (3072K)
 Metaspace       used 59766K, committed 60416K, reserved 1114112K
  class space    used 8056K, committed 8384K, reserved 1048576K
}
Event: 9.663 GC heap before
{Heap before GC invocations=15 (full 0):
 garbage-first heap   total 51200K, used 43131K [0x000000008ac00000, 0x0000000100000000)
  region size 1024K, 19 young (19456K), 3 survivors (3072K)
 Metaspace       used 61084K, committed 61824K, reserved 1114112K
  class space    used 8260K, committed 8576K, reserved 1048576K
}
Event: 9.666 GC heap after
{Heap after GC invocations=16 (full 0):
 garbage-first heap   total 51200K, used 28750K [0x000000008ac00000, 0x0000000100000000)
  region size 1024K, 2 young (2048K), 2 survivors (2048K)
 Metaspace       used 61084K, committed 61824K, reserved 1114112K
  class space    used 8260K, committed 8576K, reserved 1048576K
}
Event: 10.159 GC heap before
{Heap before GC invocations=16 (full 0):
 garbage-first heap   total 51200K, used 45134K [0x000000008ac00000, 0x0000000100000000)
  region size 1024K, 18 young (18432K), 2 survivors (2048K)
 Metaspace       used 63154K, committed 63936K, reserved 1114112K
  class space    used 8547K, committed 8896K, reserved 1048576K
}
Event: 10.164 GC heap after
{Heap after GC invocations=17 (full 0):
 garbage-first heap   total 51200K, used 30316K [0x000000008ac00000, 0x0000000100000000)
  region size 1024K, 2 young (2048K), 2 survivors (2048K)
 Metaspace       used 63154K, committed 63936K, reserved 1114112K
  class space    used 8547K, committed 8896K, reserved 1048576K
}

Dll operation events (14 events):
Event: 0.013 Loaded shared library C:\Users\HP 14S-FQ1001NU\.jdks\openjdk-21.0.2\bin\java.dll
Event: 0.050 Loaded shared library C:\Users\HP 14S-FQ1001NU\.jdks\openjdk-21.0.2\bin\jsvml.dll
Event: 0.153 Loaded shared library C:\Users\HP 14S-FQ1001NU\.jdks\openjdk-21.0.2\bin\zip.dll
Event: 0.157 Loaded shared library C:\Users\HP 14S-FQ1001NU\.jdks\openjdk-21.0.2\bin\instrument.dll
Event: 0.164 Loaded shared library C:\Users\HP 14S-FQ1001NU\.jdks\openjdk-21.0.2\bin\net.dll
Event: 0.166 Loaded shared library C:\Users\HP 14S-FQ1001NU\.jdks\openjdk-21.0.2\bin\nio.dll
Event: 0.168 Loaded shared library C:\Users\HP 14S-FQ1001NU\.jdks\openjdk-21.0.2\bin\zip.dll
Event: 0.858 Loaded shared library C:\Program Files\JetBrains\IntelliJ IDEA Community Edition 2023.3.4\bin\breakgen64.dll
Event: 0.869 Loaded shared library C:\Users\HP 14S-FQ1001NU\.jdks\openjdk-21.0.2\bin\extnet.dll
Event: 0.931 Loaded shared library C:\Users\HP 14S-FQ1001NU\.jdks\openjdk-21.0.2\bin\jimage.dll
Event: 1.541 Loaded shared library C:\Users\HP 14S-FQ1001NU\.jdks\openjdk-21.0.2\bin\management.dll
Event: 1.544 Loaded shared library C:\Users\HP 14S-FQ1001NU\.jdks\openjdk-21.0.2\bin\management_ext.dll
Event: 2.562 Loaded shared library C:\Users\HP 14S-FQ1001NU\.jdks\openjdk-21.0.2\bin\sunmscapi.dll
Event: 5.821 Loaded shared library C:\Users\HP 14S-FQ1001NU\.jdks\openjdk-21.0.2\bin\verify.dll

Deoptimization events (20 events):
Event: 10.087 Thread 0x00000248a5b43be0 Uncommon trap: trap_request=0xffffff45 fr.pc=0x000002489949fc38 relative=0x00000000000000f8
Event: 10.087 Thread 0x00000248a5b43be0 Uncommon trap: reason=unstable_if action=reinterpret pc=0x000002489949fc38 method=java.lang.ref.ReferenceQueue.poll()Ljava/lang/ref/Reference; @ 4 c2
Event: 10.087 Thread 0x00000248a5b43be0 DEOPT PACKING pc=0x000002489949fc38 sp=0x000000dc511fe920
Event: 10.087 Thread 0x00000248a5b43be0 DEOPT UNPACKING pc=0x0000024898e946a2 sp=0x000000dc511fe7e8 mode 2
Event: 10.148 Thread 0x00000248a5b43be0 Uncommon trap: trap_request=0xffffffde fr.pc=0x00000248995c49d4 relative=0x00000000000002f4
Event: 10.148 Thread 0x00000248a5b43be0 Uncommon trap: reason=class_check action=maybe_recompile pc=0x00000248995c49d4 method=org.springframework.core.ResolvableType.resolveType()Lorg/springframework/core/ResolvableType; @ 44 c2
Event: 10.148 Thread 0x00000248a5b43be0 DEOPT PACKING pc=0x00000248995c49d4 sp=0x000000dc511fe3b0
Event: 10.148 Thread 0x00000248a5b43be0 DEOPT UNPACKING pc=0x0000024898e946a2 sp=0x000000dc511fe348 mode 2
Event: 10.148 Thread 0x00000248a5b43be0 Uncommon trap: trap_request=0xffffffde fr.pc=0x00000248995c49d4 relative=0x00000000000002f4
Event: 10.148 Thread 0x00000248a5b43be0 Uncommon trap: reason=class_check action=maybe_recompile pc=0x00000248995c49d4 method=org.springframework.core.ResolvableType.resolveType()Lorg/springframework/core/ResolvableType; @ 44 c2
Event: 10.148 Thread 0x00000248a5b43be0 DEOPT PACKING pc=0x00000248995c49d4 sp=0x000000dc511fe4a0
Event: 10.148 Thread 0x00000248a5b43be0 DEOPT UNPACKING pc=0x0000024898e946a2 sp=0x000000dc511fe438 mode 2
Event: 10.148 Thread 0x00000248a5b43be0 Uncommon trap: trap_request=0xffffffde fr.pc=0x00000248995c49d4 relative=0x00000000000002f4
Event: 10.148 Thread 0x00000248a5b43be0 Uncommon trap: reason=class_check action=maybe_recompile pc=0x00000248995c49d4 method=org.springframework.core.ResolvableType.resolveType()Lorg/springframework/core/ResolvableType; @ 44 c2
Event: 10.148 Thread 0x00000248a5b43be0 DEOPT PACKING pc=0x00000248995c49d4 sp=0x000000dc511fe4a0
Event: 10.148 Thread 0x00000248a5b43be0 DEOPT UNPACKING pc=0x0000024898e946a2 sp=0x000000dc511fe438 mode 2
Event: 10.148 Thread 0x00000248a5b43be0 Uncommon trap: trap_request=0xffffffde fr.pc=0x00000248995c49d4 relative=0x00000000000002f4
Event: 10.148 Thread 0x00000248a5b43be0 Uncommon trap: reason=class_check action=maybe_recompile pc=0x00000248995c49d4 method=org.springframework.core.ResolvableType.resolveType()Lorg/springframework/core/ResolvableType; @ 44 c2
Event: 10.148 Thread 0x00000248a5b43be0 DEOPT PACKING pc=0x00000248995c49d4 sp=0x000000dc511fe420
Event: 10.148 Thread 0x00000248a5b43be0 DEOPT UNPACKING pc=0x0000024898e946a2 sp=0x000000dc511fe3b8 mode 2

Classes loaded (20 events):
Event: 10.154 Loading class java/beans/WeakIdentityMap done
Event: 10.154 Loading class java/beans/ThreadGroupContext$1 done
Event: 10.154 Loading class java/beans/WeakIdentityMap$Entry
Event: 10.154 Loading class java/beans/WeakIdentityMap$Entry done
Event: 10.154 Loading class com/sun/beans/introspect/ClassInfo
Event: 10.155 Loading class com/sun/beans/introspect/ClassInfo done
Event: 10.155 Loading class com/sun/beans/introspect/ClassInfo$1
Event: 10.155 Loading class com/sun/beans/util/Cache
Event: 10.156 Loading class com/sun/beans/util/Cache done
Event: 10.156 Loading class com/sun/beans/introspect/ClassInfo$1 done
Event: 10.156 Loading class com/sun/beans/util/Cache$Kind
Event: 10.156 Loading class com/sun/beans/util/Cache$Kind done
Event: 10.156 Loading class com/sun/beans/util/Cache$Kind$1
Event: 10.156 Loading class com/sun/beans/util/Cache$Kind$1 done
Event: 10.157 Loading class com/sun/beans/util/Cache$Kind$2
Event: 10.157 Loading class com/sun/beans/util/Cache$Kind$2 done
Event: 10.157 Loading class com/sun/beans/util/Cache$Kind$3
Event: 10.157 Loading class com/sun/beans/util/Cache$Kind$3 done
Event: 10.157 Loading class com/sun/beans/util/Cache$CacheEntry
Event: 10.157 Loading class com/sun/beans/util/Cache$CacheEntry done

Classes unloaded (0 events):
No events

Classes redefined (0 events):
No events

Internal exceptions (20 events):
Event: 8.191 Thread 0x00000248a5b43be0 Exception <a 'java/lang/NoSuchMethodError'{0x000000008d3715c8}: 'void java.lang.invoke.DirectMethodHandle$Holder.invokeInterface(java.lang.Object, java.lang.Object)'> (0x000000008d3715c8) 
thrown [s\open\src\hotspot\share\interpreter\linkResolver.cpp, line 773]
Event: 8.367 Thread 0x00000248a5b43be0 Exception <a 'java/lang/NoSuchMethodError'{0x000000008ce40918}: 'java.lang.Object java.lang.invoke.DirectMethodHandle$Holder.invokeSpecial(java.lang.Object, java.lang.Object, int, java.lang.Object, int)'> (0x000000008ce40918) 
thrown [s\open\src\hotspot\share\interpreter\linkResolver.cpp, line 773]
Event: 8.482 Thread 0x00000248a5b43be0 Exception <a 'java/lang/NoSuchMethodError'{0x000000008cdd7f10}: 'void java.lang.invoke.Invokers$Holder.invokeExact_MT(java.lang.Object, java.lang.Object, java.lang.Object, java.lang.Object)'> (0x000000008cdd7f10) 
thrown [s\open\src\hotspot\share\interpreter\linkResolver.cpp, line 773]
Event: 8.501 Thread 0x00000248a5b43be0 Implicit null exception at 0x0000024899660df7 to 0x0000024899661068
Event: 8.514 Thread 0x00000248a5b43be0 Implicit null exception at 0x000002489970a071 to 0x000002489970a3a4
Event: 8.515 Thread 0x00000248a5b43be0 Implicit null exception at 0x000002489970963a to 0x0000024899709674
Event: 8.537 Thread 0x00000248a5b43be0 Implicit null exception at 0x000002489972c433 to 0x000002489972c6c0
Event: 8.551 Thread 0x00000248a5b43be0 Exception <a 'java/lang/IncompatibleClassChangeError'{0x00000000921d8880}: Found class java.lang.Object, but interface was expected> (0x00000000921d8880) 
thrown [s\open\src\hotspot\share\interpreter\linkResolver.cpp, line 840]
Event: 8.564 Thread 0x00000248a5b43be0 Exception <a 'java/lang/IncompatibleClassChangeError'{0x000000008f0573c0}: Found class java.lang.Object, but interface was expected> (0x000000008f0573c0) 
thrown [s\open\src\hotspot\share\interpreter\linkResolver.cpp, line 840]
Event: 8.619 Thread 0x00000248a5b43be0 Exception <a 'java/lang/IncompatibleClassChangeError'{0x000000008efc6878}: Found class java.lang.Object, but interface was expected> (0x000000008efc6878) 
thrown [s\open\src\hotspot\share\interpreter\linkResolver.cpp, line 840]
Event: 8.905 Thread 0x00000248a5b43be0 Exception <a 'java/lang/IncompatibleClassChangeError'{0x000000008d3d5d20}: Found class java.lang.Object, but interface was expected> (0x000000008d3d5d20) 
thrown [s\open\src\hotspot\share\interpreter\linkResolver.cpp, line 840]
Event: 9.039 Thread 0x00000248a5b43be0 Exception <a 'java/lang/IncompatibleClassChangeError'{0x000000008d0b4380}: Found class java.lang.Object, but interface was expected> (0x000000008d0b4380) 
thrown [s\open\src\hotspot\share\interpreter\linkResolver.cpp, line 840]
Event: 9.426 Thread 0x00000248a5b43be0 Exception <a 'java/lang/NoSuchMethodError'{0x000000008d419f68}: 'java.lang.Object java.lang.invoke.DirectMethodHandle$Holder.newInvokeSpecial(java.lang.Object, java.lang.Object, java.lang.Object, java.lang.Object, java.lang.Object, java.lang.Object, java.lang.Object, java.lang.Object)'> (0x000000008d419f68) 
thrown [s\open\src\hotspot\share\interpreter\linkResolver.cpp, line 773]
Event: 9.737 Thread 0x00000248a5b43be0 Exception <a 'java/lang/IncompatibleClassChangeError'{0x000000008eed23b8}: Found class java.lang.Object, but interface was expected> (0x000000008eed23b8) 
thrown [s\open\src\hotspot\share\interpreter\linkResolver.cpp, line 840]
Event: 9.797 Thread 0x00000248a5b43be0 Exception <a 'java/lang/NoSuchMethodError'{0x000000008ec6a748}: 'void java.lang.invoke.DirectMethodHandle$Holder.invokeVirtual(java.lang.Object, java.lang.Object, long)'> (0x000000008ec6a748) 
thrown [s\open\src\hotspot\share\interpreter\linkResolver.cpp, line 773]
Event: 9.924 Thread 0x00000248a5b43be0 Exception <a 'java/lang/IncompatibleClassChangeError'{0x000000008d463b78}: Found class java.lang.Object, but interface was expected> (0x000000008d463b78) 
thrown [s\open\src\hotspot\share\interpreter\linkResolver.cpp, line 840]
Event: 10.089 Thread 0x00000248a5b43be0 Exception <a 'java/lang/NoSuchMethodError'{0x000000008cf98090}: 'java.lang.Object java.lang.invoke.DirectMethodHandle$Holder.newInvokeSpecial(java.lang.Object, java.lang.Object, int, java.lang.Object, java.lang.Object)'> (0x000000008cf98090) 
thrown [s\open\src\hotspot\share\interpreter\linkResolver.cpp, line 773]
Event: 10.091 Thread 0x00000248a5b43be0 Exception <a 'java/lang/NoSuchMethodError'{0x000000008cfa2b60}: 'java.lang.Object java.lang.invoke.DirectMethodHandle$Holder.invokeSpecial(java.lang.Object, java.lang.Object, int, java.lang.Object, int, java.lang.Object)'> (0x000000008cfa2b60) 
thrown [s\open\src\hotspot\share\interpreter\linkResolver.cpp, line 773]
Event: 10.092 Thread 0x00000248a5b43be0 Exception <a 'java/lang/NoSuchMethodError'{0x000000008cfaa180}: 'java.lang.Object java.lang.invoke.DirectMethodHandle$Holder.newInvokeSpecial(java.lang.Object, java.lang.Object, int, java.lang.Object, int)'> (0x000000008cfaa180) 
thrown [s\open\src\hotspot\share\interpreter\linkResolver.cpp, line 773]
Event: 10.092 Thread 0x00000248a5b43be0 Exception <a 'java/lang/NoSuchMethodError'{0x000000008cfadff0}: 'java.lang.Object java.lang.invoke.DirectMethodHandle$Holder.invokeSpecial(java.lang.Object, java.lang.Object, java.lang.Object, int, java.lang.Object, int)'> (0x000000008cfadff0) 
thrown [s\open\src\hotspot\share\interpreter\linkResolver.cpp, line 773]

ZGC Phase Switch (0 events):
No events

VM Operations (20 events):
Event: 9.231 Executing VM operation: G1PauseCleanup
Event: 9.231 Executing VM operation: G1PauseCleanup done
Event: 9.475 Executing VM operation: HandshakeAllThreads (Deoptimize)
Event: 9.475 Executing VM operation: HandshakeAllThreads (Deoptimize) done
Event: 9.504 Executing VM operation: ICBufferFull
Event: 9.504 Executing VM operation: ICBufferFull done
Event: 9.537 Executing VM operation: HandshakeAllThreads (Deoptimize)
Event: 9.537 Executing VM operation: HandshakeAllThreads (Deoptimize) done
Event: 9.584 Executing VM operation: HandshakeAllThreads (Deoptimize)
Event: 9.584 Executing VM operation: HandshakeAllThreads (Deoptimize) done
Event: 9.663 Executing VM operation: G1CollectForAllocation (G1 Evacuation Pause)
Event: 9.666 Executing VM operation: G1CollectForAllocation (G1 Evacuation Pause) done
Event: 9.828 Executing VM operation: HandshakeAllThreads (Deoptimize)
Event: 9.828 Executing VM operation: HandshakeAllThreads (Deoptimize) done
Event: 10.087 Executing VM operation: HandshakeAllThreads (Deoptimize)
Event: 10.087 Executing VM operation: HandshakeAllThreads (Deoptimize) done
Event: 10.159 Executing VM operation: G1CollectForAllocation (G1 Evacuation Pause)
Event: 10.164 Executing VM operation: G1CollectForAllocation (G1 Evacuation Pause) done
Event: 15.188 Executing VM operation: Cleanup
Event: 15.188 Executing VM operation: Cleanup done

Events (20 events):
Event: 9.221 Thread 0x00000248a5b177c0 flushing nmethod 0x000002489949a490
Event: 9.221 Thread 0x00000248a5b177c0 flushing nmethod 0x00000248994b9710
Event: 9.221 Thread 0x00000248a5b177c0 flushing nmethod 0x00000248994b5910
Event: 9.221 Thread 0x00000248a5b177c0 flushing nmethod 0x000002489945e590
Event: 9.221 Thread 0x00000248a5b177c0 flushing nmethod 0x000002489944e490
Event: 9.221 Thread 0x00000248a5b177c0 flushing nmethod 0x000002489944da90
Event: 9.221 Thread 0x00000248a5b177c0 flushing nmethod 0x00000248993e0a10
Event: 10.057 Thread 0x00000248edad0cc0 Thread added: 0x00000248edad0cc0
Event: 10.068 Thread 0x00000248edad4140 Thread added: 0x00000248edad4140
Event: 10.068 Thread 0x00000248edad4140 Thread exited: 0x00000248edad4140
Event: 10.068 Thread 0x00000248efb93140 Thread added: 0x00000248efb93140
Event: 10.123 Thread 0x00000248efb96c50 Thread added: 0x00000248efb96c50
Event: 10.126 Thread 0x00000248efb91700 Thread added: 0x00000248efb91700
Event: 10.152 Thread 0x00000248a5b43be0 Thread exited: 0x00000248a5b43be0
Event: 10.159 Thread 0x00000248a5b44f90 Thread exited: 0x00000248a5b44f90
Event: 10.159 Thread 0x00000248871cd610 Thread exited: 0x00000248871cd610
Event: 10.159 Thread 0x00000248efb972e0 Thread added: 0x00000248efb972e0
Event: 10.664 Thread 0x00000248ebc475e0 Thread exited: 0x00000248ebc475e0
Event: 10.664 Thread 0x00000248edd555d0 Thread exited: 0x00000248edd555d0
Event: 12.736 Thread 0x00000248edad3420 Thread exited: 0x00000248edad3420


Dynamic libraries:
0x00007ff66c280000 - 0x00007ff66c28e000 	C:\Users\HP 14S-FQ1001NU\.jdks\openjdk-21.0.2\bin\java.exe
0x00007fff7de10000 - 0x00007fff7e027000 	C:\WINDOWS\SYSTEM32\ntdll.dll
0x00007fff7d2c0000 - 0x00007fff7d384000 	C:\WINDOWS\System32\KERNEL32.DLL
0x00007fff7b3d0000 - 0x00007fff7b77c000 	C:\WINDOWS\System32\KERNELBASE.dll
0x00007fff7ba30000 - 0x00007fff7bb41000 	C:\WINDOWS\System32\ucrtbase.dll
0x00007fff61330000 - 0x00007fff6134b000 	C:\Users\HP 14S-FQ1001NU\.jdks\openjdk-21.0.2\bin\VCRUNTIME140.dll
0x00007fff61530000 - 0x00007fff61548000 	C:\Users\HP 14S-FQ1001NU\.jdks\openjdk-21.0.2\bin\jli.dll
0x00007fff7c810000 - 0x00007fff7c9be000 	C:\WINDOWS\System32\USER32.dll
0x00007fff7b140000 - 0x00007fff7b166000 	C:\WINDOWS\System32\win32u.dll
0x00007fff5af30000 - 0x00007fff5b1c3000 	C:\WINDOWS\WinSxS\amd64_microsoft.windows.common-controls_6595b64144ccf1df_6.0.22621.3672_none_2713b9d173822955\COMCTL32.dll
0x00007fff7dda0000 - 0x00007fff7ddc9000 	C:\WINDOWS\System32\GDI32.dll
0x00007fff7cec0000 - 0x00007fff7cf67000 	C:\WINDOWS\System32\msvcrt.dll
0x00007fff7b170000 - 0x00007fff7b289000 	C:\WINDOWS\System32\gdi32full.dll
0x00007fff7b960000 - 0x00007fff7b9fa000 	C:\WINDOWS\System32\msvcp_win.dll
0x00007fff7d650000 - 0x00007fff7d681000 	C:\WINDOWS\System32\IMM32.DLL
0x00007fff71e20000 - 0x00007fff71e2c000 	C:\Users\HP 14S-FQ1001NU\.jdks\openjdk-21.0.2\bin\vcruntime140_1.dll
0x00007fff4ecb0000 - 0x00007fff4ed3e000 	C:\Users\HP 14S-FQ1001NU\.jdks\openjdk-21.0.2\bin\msvcp140.dll
0x00007fff2ef60000 - 0x00007fff2fc77000 	C:\Users\HP 14S-FQ1001NU\.jdks\openjdk-21.0.2\bin\server\jvm.dll
0x00007fff7d4f0000 - 0x00007fff7d5a2000 	C:\WINDOWS\System32\ADVAPI32.dll
0x00007fff7ce10000 - 0x00007fff7ceba000 	C:\WINDOWS\System32\sechost.dll
0x00007fff7ba00000 - 0x00007fff7ba28000 	C:\WINDOWS\System32\bcrypt.dll
0x00007fff7dc80000 - 0x00007fff7dd95000 	C:\WINDOWS\System32\RPCRT4.dll
0x00007fff7c9c0000 - 0x00007fff7ca31000 	C:\WINDOWS\System32\WS2_32.dll
0x00007fff75310000 - 0x00007fff75344000 	C:\WINDOWS\SYSTEM32\WINMM.dll
0x00007fff6fb00000 - 0x00007fff6fb0a000 	C:\WINDOWS\SYSTEM32\VERSION.dll
0x00007fff7abc0000 - 0x00007fff7ac0d000 	C:\WINDOWS\SYSTEM32\POWRPROF.dll
0x00007fff7aab0000 - 0x00007fff7aac3000 	C:\WINDOWS\SYSTEM32\UMPDC.dll
0x00007fff7a170000 - 0x00007fff7a188000 	C:\WINDOWS\SYSTEM32\kernel.appcore.dll
0x00007fff6fc10000 - 0x00007fff6fc1a000 	C:\Users\HP 14S-FQ1001NU\.jdks\openjdk-21.0.2\bin\jimage.dll
0x00007fff78aa0000 - 0x00007fff78cd2000 	C:\WINDOWS\SYSTEM32\DBGHELP.DLL
0x00007fff7ca50000 - 0x00007fff7cdd8000 	C:\WINDOWS\System32\combase.dll
0x00007fff7d1e0000 - 0x00007fff7d2b7000 	C:\WINDOWS\System32\OLEAUT32.dll
0x00007fff5e3d0000 - 0x00007fff5e402000 	C:\WINDOWS\SYSTEM32\dbgcore.DLL
0x00007fff7b290000 - 0x00007fff7b30b000 	C:\WINDOWS\System32\bcryptPrimitives.dll
0x00007fff75400000 - 0x00007fff7540f000 	C:\Users\HP 14S-FQ1001NU\.jdks\openjdk-21.0.2\bin\instrument.dll
0x00007fff61310000 - 0x00007fff6132f000 	C:\Users\HP 14S-FQ1001NU\.jdks\openjdk-21.0.2\bin\java.dll
0x00007fff7be60000 - 0x00007fff7c6bc000 	C:\WINDOWS\System32\SHELL32.dll
0x00007fff79050000 - 0x00007fff79947000 	C:\WINDOWS\SYSTEM32\windows.storage.dll
0x00007fff78f10000 - 0x00007fff7904f000 	C:\WINDOWS\SYSTEM32\wintypes.dll
0x00007fff7d3f0000 - 0x00007fff7d4e4000 	C:\WINDOWS\System32\SHCORE.dll
0x00007fff7d390000 - 0x00007fff7d3ee000 	C:\WINDOWS\System32\shlwapi.dll
0x00007fff7b070000 - 0x00007fff7b091000 	C:\WINDOWS\SYSTEM32\profapi.dll
0x00007fff4e910000 - 0x00007fff4e9e7000 	C:\Users\HP 14S-FQ1001NU\.jdks\openjdk-21.0.2\bin\jsvml.dll
0x00007fff5c660000 - 0x00007fff5c678000 	C:\Users\HP 14S-FQ1001NU\.jdks\openjdk-21.0.2\bin\zip.dll
0x00007fff652d0000 - 0x00007fff652e0000 	C:\Users\HP 14S-FQ1001NU\.jdks\openjdk-21.0.2\bin\net.dll
0x00007fff76700000 - 0x00007fff76836000 	C:\WINDOWS\SYSTEM32\WINHTTP.dll
0x00007fff7a5e0000 - 0x00007fff7a649000 	C:\WINDOWS\system32\mswsock.dll
0x00007fff612f0000 - 0x00007fff61306000 	C:\Users\HP 14S-FQ1001NU\.jdks\openjdk-21.0.2\bin\nio.dll
0x00007fff729a0000 - 0x00007fff729ba000 	C:\Program Files\JetBrains\IntelliJ IDEA Community Edition 2023.3.4\bin\breakgen64.dll
0x00007fff63a80000 - 0x00007fff63a89000 	C:\Users\HP 14S-FQ1001NU\.jdks\openjdk-21.0.2\bin\extnet.dll
0x00007fff74df0000 - 0x00007fff74dfa000 	C:\Users\HP 14S-FQ1001NU\.jdks\openjdk-21.0.2\bin\management.dll
0x00007fff74d40000 - 0x00007fff74d4b000 	C:\Users\HP 14S-FQ1001NU\.jdks\openjdk-21.0.2\bin\management_ext.dll
0x00007fff7ce00000 - 0x00007fff7ce08000 	C:\WINDOWS\System32\PSAPI.DLL
0x00007fff72e60000 - 0x00007fff72e6e000 	C:\Users\HP 14S-FQ1001NU\.jdks\openjdk-21.0.2\bin\sunmscapi.dll
0x00007fff7b7f0000 - 0x00007fff7b957000 	C:\WINDOWS\System32\CRYPT32.dll
0x00007fff7aa80000 - 0x00007fff7aaae000 	C:\WINDOWS\SYSTEM32\ncrypt.dll
0x00007fff7aa30000 - 0x00007fff7aa67000 	C:\WINDOWS\SYSTEM32\NTASN1.dll
0x00007fff7a840000 - 0x00007fff7a85b000 	C:\WINDOWS\SYSTEM32\CRYPTSP.dll
0x00007fff7a0d0000 - 0x00007fff7a105000 	C:\WINDOWS\system32\rsaenh.dll
0x00007fff7a6e0000 - 0x00007fff7a708000 	C:\WINDOWS\SYSTEM32\USERENV.dll
0x00007fff7a860000 - 0x00007fff7a86c000 	C:\WINDOWS\SYSTEM32\CRYPTBASE.dll
0x00007fff79bb0000 - 0x00007fff79bdd000 	C:\WINDOWS\SYSTEM32\IPHLPAPI.DLL
0x00007fff7d6f0000 - 0x00007fff7d6f9000 	C:\WINDOWS\System32\NSI.dll
0x00007fff5cbf0000 - 0x00007fff5cc00000 	C:\Users\HP 14S-FQ1001NU\.jdks\openjdk-21.0.2\bin\verify.dll
0x00007fff79c20000 - 0x00007fff79d18000 	C:\WINDOWS\SYSTEM32\DNSAPI.dll
0x00007fff76560000 - 0x00007fff7656a000 	C:\Windows\System32\rasadhlp.dll
0x00007fff75160000 - 0x00007fff751e3000 	C:\WINDOWS\System32\fwpuclnt.dll
0x00007fff423f0000 - 0x00007fff423f8000 	C:\WINDOWS\system32\wshunix.dll

dbghelp: loaded successfully - version: 4.0.5 - missing functions: none
symbol engine: initialized successfully - sym options: 0x614 - pdb path: .;C:\Users\HP 14S-FQ1001NU\.jdks\openjdk-21.0.2\bin;C:\WINDOWS\SYSTEM32;C:\WINDOWS\WinSxS\amd64_microsoft.windows.common-controls_6595b64144ccf1df_6.0.22621.3672_none_2713b9d173822955;C:\Users\HP 14S-FQ1001NU\.jdks\openjdk-21.0.2\bin\server;C:\Program Files\JetBrains\IntelliJ IDEA Community Edition 2023.3.4\bin

VM Arguments:
jvm_args: -javaagent:C:\Program Files\JetBrains\IntelliJ IDEA Community Edition 2023.3.4\lib\idea_rt.jar=60336:C:\Program Files\JetBrains\IntelliJ IDEA Community Edition 2023.3.4\bin -Dfile.encoding=UTF-8 -Dsun.stdout.encoding=UTF-8 -Dsun.stderr.encoding=UTF-8 
java_command: bg.fmi.javaweb.sportstournamentorganizer.SportsTournamentOrganizerApplication
java_class_path (initial): C:\Users\HP 14S-FQ1001NU\IdeaProjects\local_java_repo\target\classes;C:\Users\HP 14S-FQ1001NU\.m2\repository\org\springframework\boot\spring-boot-starter-web\3.3.0\spring-boot-starter-web-3.3.0.jar;C:\Users\HP 14S-FQ1001NU\.m2\repository\org\springframework\boot\spring-boot-starter\3.3.0\spring-boot-starter-3.3.0.jar;C:\Users\HP 14S-FQ1001NU\.m2\repository\org\springframework\boot\spring-boot-starter-logging\3.3.0\spring-boot-starter-logging-3.3.0.jar;C:\Users\HP 14S-FQ1001NU\.m2\repository\ch\qos\logback\logback-classic\1.5.6\logback-classic-1.5.6.jar;C:\Users\HP 14S-FQ1001NU\.m2\repository\ch\qos\logback\logback-core\1.5.6\logback-core-1.5.6.jar;C:\Users\HP 14S-FQ1001NU\.m2\repository\org\apache\logging\log4j\log4j-to-slf4j\2.23.1\log4j-to-slf4j-2.23.1.jar;C:\Users\HP 14S-FQ1001NU\.m2\repository\org\apache\logging\log4j\log4j-api\2.23.1\log4j-api-2.23.1.jar;C:\Users\HP 14S-FQ1001NU\.m2\repository\org\slf4j\jul-to-slf4j\2.0.13\jul-to-slf4j-2.0.13.jar;C:\Users\HP 14S-FQ1001NU\.m2\repository\jakarta\annotation\jakarta.annotation-api\2.1.1\jakarta.annotation-api-2.1.1.jar;C:\Users\HP 14S-FQ1001NU\.m2\repository\org\yaml\snakeyaml\2.2\snakeyaml-2.2.jar;C:\Users\HP 14S-FQ1001NU\.m2\repository\org\springframework\boot\spring-boot-starter-json\3.3.0\spring-boot-starter-json-3.3.0.jar;C:\Users\HP 14S-FQ1001NU\.m2\repository\com\fasterxml\jackson\core\jackson-databind\2.17.1\jackson-databind-2.17.1.jar;C:\Users\HP 14S-FQ1001NU\.m2\repository\com\fasterxml\jackson\core\jackson-annotations\2.17.1\jackson-annotations-2.17.1.jar;C:\Users\HP 14S-FQ1001NU\.m2\repository\com\fasterxml\jackson\core\jackson-core\2.17.1\jackson-core-2.17.1.jar;C:\Users\HP 14S-FQ1001NU\.m2\repository\com\fasterxml\jackson\datatype\jackson-datatype-jdk8\2.17.1\jackson-datatype-jdk8-2.17.1.jar;C:\Users\HP 14S-FQ1001NU\.m2\repository\com\fasterxml\jackson\datatype\jackson-datatype-jsr310\2.17.1\jackson-datatype-jsr310-2.17.1.jar;C:\Users\HP 14S-FQ1001NU\.m2\repository\com\fasterxml\jackson\module\jackson-module-parameter-names\2.17.1\jackson-module-parameter-names-2.17.1.jar;C:\Users\HP 14S-FQ1001NU\.m2\repository\org\springframework\boot\spring-boot-starter-tomcat\3.3.0\spring-boot-starter-tomcat-3.3.0.jar;C:\Users\HP 14S-FQ1001NU\.m2\repository\org\apache\tomcat\embed\tomcat-embed-core\10.1.24\tomcat-embed-core-10.1.24.jar;C:\Users\HP 14S-FQ1001NU\.m2\repository\org\apache\tomcat\embed\tomcat-embed-el\10.1.24\tomcat-embed-el-10.1.24.jar;C:\Users\HP 14S-FQ1001NU\.m2\repository\org\apache\tomcat\embed\tomcat-embed-websocket\10.1.24\tomcat-embed-websocket-10.1.24.jar;C:\Users\HP 14S-FQ1001NU\.m2\repository\org\springframework\spring-web\6.1.8\spring-web-6.1.8.jar;C:\Users\HP 14S-FQ1001NU\.m2\repository\org\springframework\spring-beans\6.1.8\spring-beans-6.1.8.jar;C:\Users\HP 14S-FQ1001NU\.m2\repository\io\micrometer\micrometer-observation\1.13.0\micrometer-observation-1.13.0.jar;C:\Users\HP 14S-FQ1001NU\.m2\repository\io\micrometer\micrometer-commons\1.13.0\micrometer-commons-1.13.0.jar;C:\Users\HP 14S-FQ1001NU\.m2\repository\org\springframework\spring-webmvc\6.1.8\spring-webmvc-6.1.8.jar;C:\Users\HP 14S-FQ1001NU\.m2\repository\org\springframework\spring-aop\6.1.8\spring-aop-6.1.8.jar;C:\Users\HP 14S-FQ1001NU\.m2\repository\org\springframework\spring-context\6.1.8\spring-context-6.1.8.jar;C:\Users\HP 14S-FQ1001NU\.m2\repository\org\springframework\spring-expression\6.1.8\spring-expression-6.1.8.jar;C:\Users\HP 14S-FQ1001NU\.m2\repository\org\springframework\boot\spring-boot-devtools\3.3.0\spring-boot-devtools-3.3.0.jar;C:\Users\HP 14S-FQ1001NU\.m2\repository\org\springframework\boot\spring-boot\3.3.0\spring-boot-3.3.0.jar;C:\Users\HP 14S-FQ1001NU\.m2\repository\org\springframework\boot\spring-boot-autoconfigure\3.3.0\spring-boot-autoconfigure-3.3.0.jar;C:\Users\HP 14S-FQ1001NU\.m2\repository\org\slf4j\slf4j-api\2.0.13\slf4j-api-2.0.13.jar;C:\Users\HP 14S-FQ1001NU\.m2\repository\jakarta\xml\bind\jakarta.xml.bind-api\4.0.2\jakarta.xml.bind-api-4.0.2.jar;C:\Users\HP 14S-FQ1001NU\.m2\repository\jakarta\activation\jakarta.activation-api\2.1.3\jakarta.activation-api-2.1.3.jar;C:\Users\HP 14S-FQ1001NU\.m2\repository\net\bytebuddy\byte-buddy\1.14.16\byte-buddy-1.14.16.jar;C:\Users\HP 14S-FQ1001NU\.m2\repository\org\springframework\spring-core\6.1.8\spring-core-6.1.8.jar;C:\Users\HP 14S-FQ1001NU\.m2\repository\org\springframework\spring-jcl\6.1.8\spring-jcl-6.1.8.jar;C:\Users\HP 14S-FQ1001NU\.m2\repository\org\mapstruct\mapstruct\1.6.0.Beta1\mapstruct-1.6.0.Beta1.jar;C:\Users\HP 14S-FQ1001NU\.m2\repository\org\mapstruct\mapstruct-processor\1.6.0.Beta1\mapstruct-processor-1.6.0.Beta1.jar;C:\Users\HP 14S-FQ1001NU\.m2\repository\org\postgresql\postgresql\42.7.3\postgresql-42.7.3.jar;C:\Users\HP 14S-FQ1001NU\.m2\repository\org\checkerframework\checker-qual\3.42.0\checker-qual-3.42.0.jar;C:\Users\HP 14S-FQ1001NU\.m2\repository\org\springframework\boot\spring-boot-starter-data-jpa\3.3.0\spring-boot-starter-data-jpa-3.3.0.jar;C:\Users\HP 14S-FQ1001NU\.m2\repository\org\springframework\boot\spring-boot-starter-aop\3.3.0\spring-boot-starter-aop-3.3.0.jar;C:\Users\HP 14S-FQ1001NU\.m2\repository\org\aspectj\aspectjweaver\1.9.22\aspectjweaver-1.9.22.jar;C:\Users\HP 14S-FQ1001NU\.m2\repository\org\springframework\boot\spring-boot-starter-jdbc\3.3.0\spring-boot-starter-jdbc-3.3.0.jar;C:\Users\HP 14S-FQ1001NU\.m2\repository\com\zaxxer\HikariCP\5.1.0\HikariCP-5.1.0.jar;C:\Users\HP 14S-FQ1001NU\.m2\repository\org\springframework\spring-jdbc\6.1.8\spring-jdbc-6.1.8.jar;C:\Users\HP 14S-FQ1001NU\.m2\repository\org\hibernate\orm\hibernate-core\6.5.2.Final\hibernate-core-6.5.2.Final.jar;C:\Users\HP 14S-FQ1001NU\.m2\repository\jakarta\persistence\jakarta.persistence-api\3.1.0\jakarta.persistence-api-3.1.0.jar;C:\Users\HP 14S-FQ1001NU\.m2\repository\jakarta\transaction\jakarta.transaction-api\2.0.1\jakarta.transaction-api-2.0.1.jar;C:\Users\HP 14S-FQ1001NU\.m2\repository\org\jboss\logging\jboss-logging\3.5.3.Final\jboss-logging-3.5.3.Final.jar;C:\Users\HP 14S-FQ1001NU\.m2\repository\org\hibernate\common\hibernate-commons-annotations\6.0.6.Final\hibernate-commons-annotations-6.0.6.Final.jar;C:\Users\HP 14S-FQ1001NU\.m2\repository\io\smallrye\jandex\3.1.2\jandex-3.1.2.jar;C:\Users\HP 14S-FQ1001NU\.m2\repository\com\fasterxml\classmate\1.7.0\classmate-1.7.0.jar;C:\Users\HP 14S-FQ1001NU\.m2\repository\org\glassfish\jaxb\jaxb-runtime\4.0.5\jaxb-runtime-4.0.5.jar;C:\Users\HP 14S-FQ1001NU\.m2\repository\org\glassfish\jaxb\jaxb-core\4.0.5\jaxb-core-4.0.5.jar;C:\Users\HP 14S-FQ1001NU\.m2\repository\org\eclipse\angus\angus-activation\2.0.2\angus-activation-2.0.2.jar;C:\Users\HP 14S-FQ1001NU\.m2\repository\org\glassfish\jaxb\txw2\4.0.5\txw2-4.0.5.jar;C:\Users\HP 14S-FQ1001NU\.m2\repository\com\sun\istack\istack-commons-runtime\4.1.2\istack-commons-runtime-4.1.2.jar;C:\Users\HP 14S-FQ1001NU\.m2\repository\jakarta\inject\jakarta.inject-api\2.0.1\jakarta.inject-api-2.0.1.jar;C:\Users\HP 14S-FQ1001NU\.m2\repository\org\antlr\antlr4-runtime\4.13.0\antlr4-runtime-4.13.0.jar;C:\Users\HP 14S-FQ1001NU\.m2\repository\org\springframework\data\spring-data-jpa\3.3.0\spring-data-jpa-3.3.0.jar;C:\Users\HP 14S-FQ1001NU\.m2\repository\org\springframework\data\spring-data-commons\3.3.0\spring-data-commons-3.3.0.jar;C:\Users\HP 14S-FQ1001NU\.m2\repository\org\springframework\spring-orm\6.1.8\spring-orm-6.1.8.jar;C:\Users\HP 14S-FQ1001NU\.m2\repository\org\springframework\spring-tx\6.1.8\spring-tx-6.1.8.jar;C:\Users\HP 14S-FQ1001NU\.m2\repository\org\springframework\spring-aspects\6.1.8\spring-aspects-6.1.8.jar;C:\Users\HP 14S-FQ1001NU\.m2\repository\org\jetbrains\annotations\24.1.0\annotations-24.1.0.jar
Launcher Type: SUN_STANDARD

[Global flags]
     intx CICompilerCount                          = 4                                         {product} {ergonomic}
     uint ConcGCThreads                            = 2                                         {product} {ergonomic}
     uint G1ConcRefinementThreads                  = 8                                         {product} {ergonomic}
   size_t G1HeapRegionSize                         = 1048576                                   {product} {ergonomic}
    uintx GCDrainStackTargetSize                   = 64                                        {product} {ergonomic}
   size_t InitialHeapSize                          = 123731968                                 {product} {ergonomic}
   size_t MarkStackSize                            = 4194304                                   {product} {ergonomic}
   size_t MaxHeapSize                              = 1967128576                                {product} {ergonomic}
   size_t MaxNewSize                               = 1179648000                                {product} {ergonomic}
   size_t MinHeapDeltaBytes                        = 1048576                                   {product} {ergonomic}
   size_t MinHeapSize                              = 8388608                                   {product} {ergonomic}
    uintx NonNMethodCodeHeapSize                   = 5839372                                {pd product} {ergonomic}
    uintx NonProfiledCodeHeapSize                  = 122909434                              {pd product} {ergonomic}
    uintx ProfiledCodeHeapSize                     = 122909434                              {pd product} {ergonomic}
    uintx ReservedCodeCacheSize                    = 251658240                              {pd product} {ergonomic}
     bool SegmentedCodeCache                       = true                                      {product} {ergonomic}
   size_t SoftMaxHeapSize                          = 1967128576                             {manageable} {ergonomic}
     bool UseCompressedOops                        = true                           {product lp64_product} {ergonomic}
     bool UseG1GC                                  = true                                      {product} {ergonomic}
     bool UseLargePagesIndividualAllocation        = false                                  {pd product} {ergonomic}

Logging:
Log output configuration:
 #0: stdout all=warning uptime,level,tags foldmultilines=false
 #1: stderr all=off uptime,level,tags foldmultilines=false

Environment Variables:
PATH=C:\Program Files (x86)\Cuminas\Document Express DjVu Plug-in\;C:\WINDOWS\system32;C:\WINDOWS;C:\WINDOWS\System32\Wbem;C:\WINDOWS\System32\WindowsPowerShell\v1.0\;C:\WINDOWS\System32\OpenSSH\;C:\Program Files\Git\cmd;C:\Program Files\Microsoft SQL Server\150\Tools\Binn\;C:\mysys64\mingw64\bin;C:\Program Files\PuTTY\;C:\Program Files (x86)\Microsoft SQL Server\160\Tools\Binn\;C:\Program Files\Microsoft SQL Server\160\Tools\Binn\;C:\Program Files\Microsoft SQL Server\Client SDK\ODBC\170\Tools\Binn\;C:\Program Files\Microsoft SQL Server\160\DTS\Binn\;C:\Program Files (x86)\Microsoft SQL Server\160\DTS\Binn\;C:\Program Files\Azure Data Studio\bin;C:\MinGW\bin;C:\Program Files\dotnet\;C:\Program Files\nodejs\;C:\php;C:\Users\HP 14S-FQ1001NU\AppData\Local\Programs\Python\Launcher\;C:\Users\HP 14S-FQ1001NU\AppData\Local\Microsoft\WindowsApps;C:\Users\HP 14S-FQ1001NU\AppData\Local\GitHubDesktop\bin;C:\Users\HP 14S-FQ1001NU\AppData\Local\Programs\Microsoft VS Code\bin;C:\Program Files\JetBrains\IntelliJ IDEA 2022.2.3\bin;;C:\Program Files\Azure Data Studio\bin;C:\Program Files\JetBrains\CLion 2023.1.3\bin;;C:\ghcup\bin;C:\Users\HP 14S-FQ1001NU\.dotnet\tools;C:\Users\HP 14S-FQ1001NU\AppData\Roaming\npm;C:\Users\HP 14S-FQ1001NU\AppData\Roaming\Microsoft\Windows\Start Menu\Programs\MSYS2 64bit\MSYS2 MSYS.lnk;C:\Program Files\MongoDB\mongosh-2.2.6-win32-x64\bin;C:\php;
USERNAME=HP 14S-FQ1001NU
OS=Windows_NT
PROCESSOR_IDENTIFIER=AMD64 Family 23 Model 104 Stepping 1, AuthenticAMD
TMP=C:\Users\HP14S-~1\AppData\Local\Temp
TEMP=C:\Users\HP14S-~1\AppData\Local\Temp




Periodic native trim disabled

---------------  S Y S T E M  ---------------

OS:
 Windows 11 , 64 bit Build 22621 (10.0.22621.3672)
OS uptime: 1 days 22:11 hours
Hyper-V role detected

CPU: total 8 (initial active 8) (8 cores per cpu, 2 threads per core) family 23 model 104 stepping 1 microcode 0x0, cx8, cmov, fxsr, ht, mmx, 3dnowpref, sse, sse2, sse3, ssse3, sse4a, sse4.1, sse4.2, popcnt, lzcnt, tsc, tscinvbit, avx, avx2, aes, clmul, bmi1, bmi2, adx, sha, fma, vzeroupper, clflush, clflushopt, hv, rdtscp, rdpid, f16c
Processor Information for all 8 processors :
  Max Mhz: 2600, Current Mhz: 2600, Mhz Limit: 2600

Memory: 4k page, system-wide physical 7502M (312M free)
TotalPageFile size 10502M (AvailPageFile size 0M)
current process WorkingSet (physical memory assigned to process): 217M, peak: 266M
current process commit charge ("private bytes"): 266M, peak: 304M

vm_info: OpenJDK 64-Bit Server VM (21.0.2+13-58) for windows-amd64 JRE (21.0.2+13-58), built on 2024-01-05T18:32:24Z by "mach5one" with MS VC++ 17.1 (VS2022)

END.
