#
# There is insufficient memory for the Java Runtime Environment to continue.
# Native memory allocation (malloc) failed to allocate 1530512 bytes for Chunk::new
# Possible reasons:
#   The system is out of physical RAM or swap space
#   The process is running with CompressedOops enabled, and the Java Heap may be blocking the growth of the native heap
# Possible solutions:
#   Reduce memory load on the system
#   Increase physical memory or swap space
#   Check if swap backing store is full
#   Decrease Java heap size (-Xmx/-Xms)
#   Decrease number of Java threads
#   Decrease Java thread stack sizes (-Xss)
#   Set larger code cache with -XX:ReservedCodeCacheSize=
#   JVM is running with Unscaled Compressed Oops mode in which the Java heap is
#     placed in the first 4GB address space. The Java Heap base address is the
#     maximum limit for the native heap growth. Please use -XX:HeapBaseMinAddress
#     to set the Java Heap base and to place the Java Heap above 4GB virtual address.
# This output file may be truncated or incomplete.
#
#  Out of Memory Error (arena.cpp:168), pid=13176, tid=2404
#
# JRE version: OpenJDK Runtime Environment (21.0.2+13) (build 21.0.2+13-58)
# Java VM: OpenJDK 64-Bit Server VM (21.0.2+13-58, mixed mode, sharing, tiered, compressed oops, compressed class ptrs, g1 gc, windows-amd64)
# No core dump will be written. Minidumps are not enabled by default on client versions of Windows
#

---------------  S U M M A R Y ------------

Command Line: -javaagent:C:\Program Files\JetBrains\IntelliJ IDEA Community Edition 2023.3.4\lib\idea_rt.jar=50724:C:\Program Files\JetBrains\IntelliJ IDEA Community Edition 2023.3.4\bin -Dfile.encoding=UTF-8 -Dsun.stdout.encoding=UTF-8 -Dsun.stderr.encoding=UTF-8 bg.fmi.javaweb.sportstournamentorganizer.SportsTournamentOrganizerApplication

Host: AMD Ryzen 3 5300U with Radeon Graphics         , 8 cores, 7G,  Windows 11 , 64 bit Build 22621 (10.0.22621.3672)
Time: Thu Jul 18 19:39:05 2024  Windows 11 , 64 bit Build 22621 (10.0.22621.3672) elapsed time: 11.022087 seconds (0d 0h 0m 11s)

---------------  T H R E A D  ---------------

Current thread (0x000001def049b060):  JavaThread "C2 CompilerThread1" daemon [_thread_in_native, id=2404, stack(0x000000918c400000,0x000000918c500000) (1024K)]


Current CompileTask:
C2:  11022 5855   !   4       org.springframework.core.annotation.AnnotationsScanner::processMethodHierarchy (276 bytes)

Stack: [0x000000918c400000,0x000000918c500000]
Native frames: (J=compiled Java code, j=interpreted, Vv=VM code, C=native code)
V  [jvm.dll+0x6cade9]
V  [jvm.dll+0x8569c1]
V  [jvm.dll+0x858d2e]
V  [jvm.dll+0x859413]
V  [jvm.dll+0x280e56]
V  [jvm.dll+0xc3f3d]
V  [jvm.dll+0xc4473]
V  [jvm.dll+0x3b5c2c]
V  [jvm.dll+0x1e2013]
V  [jvm.dll+0x249d22]
V  [jvm.dll+0x2491b1]
V  [jvm.dll+0x1c9634]
V  [jvm.dll+0x258859]
V  [jvm.dll+0x256e3a]
V  [jvm.dll+0x3ef6c6]
V  [jvm.dll+0x7ff568]
V  [jvm.dll+0x6c953d]
C  [ucrtbase.dll+0x29333]
C  [KERNEL32.DLL+0x1257d]
C  [ntdll.dll+0x5af28]


---------------  P R O C E S S  ---------------

Threads class SMR info:
_java_thread_list=0x000001deeeb3e850, length=32, elements={
0x000001decbd44e30, 0x000001dee83a1aa0, 0x000001dee83a2fd0, 0x000001dee83a5190,
0x000001dee83a6080, 0x000001dee83a6ae0, 0x000001dee83aa560, 0x000001dee83ad300,
0x000001dee83b9d20, 0x000001dee85c5480, 0x000001deed166ff0, 0x000001deed167660,
0x000001deee136240, 0x000001deed9f0860, 0x000001deee837b40, 0x000001deee8381d0,
0x000001deee838860, 0x000001deee836100, 0x000001deee836790, 0x000001deee835a70,
0x000001deee836e20, 0x000001deee838ef0, 0x000001deef8b6f60, 0x000001deef8b8310,
0x000001deef8b89a0, 0x000001deef8b4170, 0x000001deef8b7c80, 0x000001def049b060,
0x000001deef8b4800, 0x000001deef8b1a10, 0x000001deef8b2730, 0x000001deefe85420
}

Java Threads: ( => current thread )
  0x000001decbd44e30 JavaThread "main"                              [_thread_blocked, id=1876, stack(0x000000918a600000,0x000000918a700000) (1024K)]
  0x000001dee83a1aa0 JavaThread "Reference Handler"          daemon [_thread_blocked, id=6952, stack(0x000000918ae00000,0x000000918af00000) (1024K)]
  0x000001dee83a2fd0 JavaThread "Finalizer"                  daemon [_thread_blocked, id=10404, stack(0x000000918af00000,0x000000918b000000) (1024K)]
  0x000001dee83a5190 JavaThread "Signal Dispatcher"          daemon [_thread_blocked, id=11020, stack(0x000000918b000000,0x000000918b100000) (1024K)]
  0x000001dee83a6080 JavaThread "Attach Listener"            daemon [_thread_blocked, id=20464, stack(0x000000918b100000,0x000000918b200000) (1024K)]
  0x000001dee83a6ae0 JavaThread "Service Thread"             daemon [_thread_blocked, id=4516, stack(0x000000918b200000,0x000000918b300000) (1024K)]
  0x000001dee83aa560 JavaThread "Monitor Deflation Thread"   daemon [_thread_blocked, id=19680, stack(0x000000918b300000,0x000000918b400000) (1024K)]
  0x000001dee83ad300 JavaThread "C2 CompilerThread0"         daemon [_thread_in_native, id=9664, stack(0x000000918b400000,0x000000918b500000) (1024K)]
  0x000001dee83b9d20 JavaThread "C1 CompilerThread0"         daemon [_thread_blocked, id=14424, stack(0x000000918b500000,0x000000918b600000) (1024K)]
  0x000001dee85c5480 JavaThread "Common-Cleaner"             daemon [_thread_blocked, id=18080, stack(0x000000918b600000,0x000000918b700000) (1024K)]
  0x000001deed166ff0 JavaThread "Monitor Ctrl-Break"         daemon [_thread_in_native, id=716, stack(0x000000918b700000,0x000000918b800000) (1024K)]
  0x000001deed167660 JavaThread "Notification Thread"        daemon [_thread_blocked, id=5056, stack(0x000000918b800000,0x000000918b900000) (1024K)]
  0x000001deee136240 JavaThread "Thread-0"                          [_thread_blocked, id=19560, stack(0x000000918ba00000,0x000000918bb00000) (1024K)]
  0x000001deed9f0860 JavaThread "restartedMain"                     [_thread_in_Java, id=1276, stack(0x000000918bb00000,0x000000918bc00000) (1024K)]
  0x000001deee837b40 JavaThread "Catalina-utility-1"                [_thread_blocked, id=5928, stack(0x000000918c500000,0x000000918c600000) (1024K)]
  0x000001deee8381d0 JavaThread "Catalina-utility-2"                [_thread_blocked, id=14984, stack(0x000000918c600000,0x000000918c700000) (1024K)]
  0x000001deee838860 JavaThread "http-nio-8080-exec-1"       daemon [_thread_blocked, id=19508, stack(0x000000918c700000,0x000000918c800000) (1024K)]
  0x000001deee836100 JavaThread "http-nio-8080-exec-2"       daemon [_thread_blocked, id=15752, stack(0x000000918c800000,0x000000918c900000) (1024K)]
  0x000001deee836790 JavaThread "http-nio-8080-exec-3"       daemon [_thread_blocked, id=11492, stack(0x000000918c900000,0x000000918ca00000) (1024K)]
  0x000001deee835a70 JavaThread "http-nio-8080-exec-4"       daemon [_thread_blocked, id=17644, stack(0x000000918ca00000,0x000000918cb00000) (1024K)]
  0x000001deee836e20 JavaThread "http-nio-8080-exec-5"       daemon [_thread_blocked, id=20364, stack(0x000000918cb00000,0x000000918cc00000) (1024K)]
  0x000001deee838ef0 JavaThread "http-nio-8080-exec-6"       daemon [_thread_blocked, id=8800, stack(0x000000918cc00000,0x000000918cd00000) (1024K)]
  0x000001deef8b6f60 JavaThread "http-nio-8080-exec-7"       daemon [_thread_blocked, id=3640, stack(0x000000918cd00000,0x000000918ce00000) (1024K)]
  0x000001deef8b8310 JavaThread "http-nio-8080-exec-8"       daemon [_thread_blocked, id=5812, stack(0x000000918ce00000,0x000000918cf00000) (1024K)]
  0x000001deef8b89a0 JavaThread "http-nio-8080-exec-9"       daemon [_thread_blocked, id=9780, stack(0x000000918cf00000,0x000000918d000000) (1024K)]
  0x000001deef8b4170 JavaThread "http-nio-8080-exec-10"      daemon [_thread_blocked, id=1584, stack(0x000000918d000000,0x000000918d100000) (1024K)]
  0x000001deef8b7c80 JavaThread "container-0"                       [_thread_blocked, id=15636, stack(0x000000918d100000,0x000000918d200000) (1024K)]
=>0x000001def049b060 JavaThread "C2 CompilerThread1"         daemon [_thread_in_native, id=2404, stack(0x000000918c400000,0x000000918c500000) (1024K)]
  0x000001deef8b4800 JavaThread "PostgreSQL-JDBC-Cleaner"    daemon [_thread_blocked, id=16588, stack(0x000000918d300000,0x000000918d400000) (1024K)]
  0x000001deef8b1a10 JavaThread "HikariPool-1 housekeeper"   daemon [_thread_blocked, id=2344, stack(0x000000918d400000,0x000000918d500000) (1024K)]
  0x000001deef8b2730 JavaThread "HikariPool-1 connection adder" daemon [_thread_blocked, id=14544, stack(0x000000918d500000,0x000000918d600000) (1024K)]
  0x000001deefe85420 JavaThread "C2 CompilerThread2"         daemon [_thread_in_native, id=7696, stack(0x000000918d200000,0x000000918d300000) (1024K)]
Total: 32

Other Threads:
  0x000001dee8383250 VMThread "VM Thread"                           [id=16536, stack(0x000000918ad00000,0x000000918ae00000) (1024K)]
  0x000001dee836b950 WatcherThread "VM Periodic Task Thread"        [id=756, stack(0x000000918ac00000,0x000000918ad00000) (1024K)]
  0x000001decbd98ae0 WorkerThread "GC Thread#0"                     [id=20076, stack(0x000000918a700000,0x000000918a800000) (1024K)]
  0x000001deedbc6ad0 WorkerThread "GC Thread#1"                     [id=18092, stack(0x000000918bc00000,0x000000918bd00000) (1024K)]
  0x000001deedbc6e70 WorkerThread "GC Thread#2"                     [id=6596, stack(0x000000918bd00000,0x000000918be00000) (1024K)]
  0x000001deedbc7610 WorkerThread "GC Thread#3"                     [id=14536, stack(0x000000918be00000,0x000000918bf00000) (1024K)]
  0x000001deed493db0 WorkerThread "GC Thread#4"                     [id=5884, stack(0x000000918bf00000,0x000000918c000000) (1024K)]
  0x000001deed494150 WorkerThread "GC Thread#5"                     [id=11092, stack(0x000000918c000000,0x000000918c100000) (1024K)]
  0x000001deed8e8f00 WorkerThread "GC Thread#6"                     [id=11844, stack(0x000000918c100000,0x000000918c200000) (1024K)]
  0x000001deedd533f0 WorkerThread "GC Thread#7"                     [id=19848, stack(0x000000918c200000,0x000000918c300000) (1024K)]
  0x000001decbda86f0 ConcurrentGCThread "G1 Main Marker"            [id=2120, stack(0x000000918a800000,0x000000918a900000) (1024K)]
  0x000001decbda91f0 WorkerThread "G1 Conc#0"                       [id=12444, stack(0x000000918a900000,0x000000918aa00000) (1024K)]
  0x000001deee2a1f60 WorkerThread "G1 Conc#1"                       [id=980, stack(0x000000918c300000,0x000000918c400000) (1024K)]
  0x000001dee8244100 ConcurrentGCThread "G1 Refine#0"               [id=18112, stack(0x000000918aa00000,0x000000918ab00000) (1024K)]
  0x000001decbdfdba0 ConcurrentGCThread "G1 Service"                [id=20140, stack(0x000000918ab00000,0x000000918ac00000) (1024K)]
Total: 15

Threads with active compile tasks:
C2 CompilerThread0    11057 5875       4       org.springframework.core.annotation.AnnotationsScanner::scan (21 bytes)
C2 CompilerThread1    11057 5855   !   4       org.springframework.core.annotation.AnnotationsScanner::processMethodHierarchy (276 bytes)
C2 CompilerThread2    11057 5853   !   4       org.springframework.util.ReflectionUtils::doWithMethods (186 bytes)
Total: 3

VM state: not at safepoint (normal execution)

VM Mutex/Monitor currently owned by a thread: None

Heap address: 0x000000008ac00000, size: 1876 MB, Compressed Oops mode: 32-bit

CDS archive(s) mapped at: [0x000001de80000000-0x000001de80c90000-0x000001de80c90000), size 13172736, SharedBaseAddress: 0x000001de80000000, ArchiveRelocationMode: 1.
Compressed class space mapped at: 0x000001de81000000-0x000001dec1000000, reserved size: 1073741824
Narrow klass base: 0x000001de80000000, Narrow klass shift: 0, Narrow klass range: 0x100000000

GC Precious Log:
 CardTable entry size: 512
 Card Set container configuration: InlinePtr #cards 5 size 8 Array Of Cards #cards 12 size 40 Howl #buckets 4 coarsen threshold 1843 Howl Bitmap #cards 512 size 80 coarsen threshold 460 Card regions per heap region 1 cards per card region 2048
 CPUs: 8 total, 8 available
 Memory: 7502M
 Large Page Support: Disabled
 NUMA Support: Disabled
 Compressed Oops: Enabled (32-bit)
 Heap Region Size: 1M
 Heap Min Capacity: 8M
 Heap Initial Capacity: 118M
 Heap Max Capacity: 1876M
 Pre-touch: Disabled
 Parallel Workers: 8
 Concurrent Workers: 2
 Concurrent Refinement Workers: 8
 Periodic GC: Disabled

Heap:
 garbage-first heap   total 51200K, used 36010K [0x000000008ac00000, 0x0000000100000000)
  region size 1024K, 15 young (15360K), 3 survivors (3072K)
 Metaspace       used 58297K, committed 59008K, reserved 1114112K
  class space    used 7834K, committed 8128K, reserved 1048576K

Heap Regions: E=young(eden), S=young(survivor), O=old, HS=humongous(starts), HC=humongous(continues), CS=collection set, F=free, TAMS=top-at-mark-start, PB=parsable bottom
|   0|0x000000008ac00000, 0x000000008ad00000, 0x000000008ad00000|100%|HS|  |TAMS 0x000000008ac00000| PB 0x000000008ac00000| Complete 
|   1|0x000000008ad00000, 0x000000008ae00000, 0x000000008ae00000|100%| O|  |TAMS 0x000000008ad00000| PB 0x000000008ad00000| Untracked 
|   2|0x000000008ae00000, 0x000000008af00000, 0x000000008af00000|100%| O|  |TAMS 0x000000008ae00000| PB 0x000000008ae00000| Untracked 
|   3|0x000000008af00000, 0x000000008b000000, 0x000000008b000000|100%| O|  |TAMS 0x000000008af00000| PB 0x000000008af00000| Untracked 
|   4|0x000000008b000000, 0x000000008b100000, 0x000000008b100000|100%| O|  |TAMS 0x000000008b000000| PB 0x000000008b000000| Untracked 
|   5|0x000000008b100000, 0x000000008b200000, 0x000000008b200000|100%| O|  |TAMS 0x000000008b100000| PB 0x000000008b100000| Untracked 
|   6|0x000000008b200000, 0x000000008b300000, 0x000000008b300000|100%| O|  |TAMS 0x000000008b200000| PB 0x000000008b200000| Untracked 
|   7|0x000000008b300000, 0x000000008b400000, 0x000000008b400000|100%| O|  |TAMS 0x000000008b300000| PB 0x000000008b300000| Untracked 
|   8|0x000000008b400000, 0x000000008b500000, 0x000000008b500000|100%| O|  |TAMS 0x000000008b400000| PB 0x000000008b400000| Untracked 
|   9|0x000000008b500000, 0x000000008b600000, 0x000000008b600000|100%| O|  |TAMS 0x000000008b500000| PB 0x000000008b500000| Untracked 
|  10|0x000000008b600000, 0x000000008b700000, 0x000000008b700000|100%| O|  |TAMS 0x000000008b600000| PB 0x000000008b600000| Untracked 
|  11|0x000000008b700000, 0x000000008b800000, 0x000000008b800000|100%| O|  |TAMS 0x000000008b700000| PB 0x000000008b700000| Untracked 
|  12|0x000000008b800000, 0x000000008b900000, 0x000000008b900000|100%| O|  |TAMS 0x000000008b800000| PB 0x000000008b800000| Untracked 
|  13|0x000000008b900000, 0x000000008ba00000, 0x000000008ba00000|100%| O|  |TAMS 0x000000008b900000| PB 0x000000008b900000| Untracked 
|  14|0x000000008ba00000, 0x000000008bb00000, 0x000000008bb00000|100%| O|  |TAMS 0x000000008ba00000| PB 0x000000008ba00000| Untracked 
|  15|0x000000008bb00000, 0x000000008bc00000, 0x000000008bc00000|100%| O|  |TAMS 0x000000008bb00000| PB 0x000000008bb00000| Untracked 
|  16|0x000000008bc00000, 0x000000008bd00000, 0x000000008bd00000|100%| O|  |TAMS 0x000000008bc00000| PB 0x000000008bc00000| Untracked 
|  17|0x000000008bd00000, 0x000000008be00000, 0x000000008be00000|100%| O|  |TAMS 0x000000008bd00000| PB 0x000000008bd00000| Untracked 
|  18|0x000000008be00000, 0x000000008bf00000, 0x000000008bf00000|100%| O|  |TAMS 0x000000008be00000| PB 0x000000008be00000| Untracked 
|  19|0x000000008bf00000, 0x000000008c000000, 0x000000008c000000|100%| O|  |TAMS 0x000000008bf00000| PB 0x000000008bf00000| Untracked 
|  20|0x000000008c000000, 0x000000008c100000, 0x000000008c100000|100%| O|  |TAMS 0x000000008c000000| PB 0x000000008c000000| Untracked 
|  21|0x000000008c100000, 0x000000008c1cce40, 0x000000008c200000| 80%| O|  |TAMS 0x000000008c100000| PB 0x000000008c100000| Untracked 
|  22|0x000000008c200000, 0x000000008c200000, 0x000000008c300000|  0%| F|  |TAMS 0x000000008c200000| PB 0x000000008c200000| Untracked 
|  23|0x000000008c300000, 0x000000008c300000, 0x000000008c400000|  0%| F|  |TAMS 0x000000008c300000| PB 0x000000008c300000| Untracked 
|  24|0x000000008c400000, 0x000000008c400000, 0x000000008c500000|  0%| F|  |TAMS 0x000000008c400000| PB 0x000000008c400000| Untracked 
|  25|0x000000008c500000, 0x000000008c500000, 0x000000008c600000|  0%| F|  |TAMS 0x000000008c500000| PB 0x000000008c500000| Untracked 
|  26|0x000000008c600000, 0x000000008c65db88, 0x000000008c700000| 36%| S|CS|TAMS 0x000000008c600000| PB 0x000000008c600000| Complete 
|  27|0x000000008c700000, 0x000000008c800000, 0x000000008c800000|100%| S|CS|TAMS 0x000000008c700000| PB 0x000000008c700000| Complete 
|  28|0x000000008c800000, 0x000000008c900000, 0x000000008c900000|100%| S|CS|TAMS 0x000000008c800000| PB 0x000000008c800000| Complete 
|  29|0x000000008c900000, 0x000000008c900000, 0x000000008ca00000|  0%| F|  |TAMS 0x000000008c900000| PB 0x000000008c900000| Untracked 
|  30|0x000000008ca00000, 0x000000008ca00000, 0x000000008cb00000|  0%| F|  |TAMS 0x000000008ca00000| PB 0x000000008ca00000| Untracked 
|  31|0x000000008cb00000, 0x000000008cb00000, 0x000000008cc00000|  0%| F|  |TAMS 0x000000008cb00000| PB 0x000000008cb00000| Untracked 
|  32|0x000000008cc00000, 0x000000008cc00000, 0x000000008cd00000|  0%| F|  |TAMS 0x000000008cc00000| PB 0x000000008cc00000| Untracked 
|  33|0x000000008cd00000, 0x000000008cd00000, 0x000000008ce00000|  0%| F|  |TAMS 0x000000008cd00000| PB 0x000000008cd00000| Untracked 
|  34|0x000000008ce00000, 0x000000008ce00000, 0x000000008cf00000|  0%| F|  |TAMS 0x000000008ce00000| PB 0x000000008ce00000| Untracked 
|  35|0x000000008cf00000, 0x000000008cf00000, 0x000000008d000000|  0%| F|  |TAMS 0x000000008cf00000| PB 0x000000008cf00000| Untracked 
|  36|0x000000008d000000, 0x000000008d000000, 0x000000008d100000|  0%| F|  |TAMS 0x000000008d000000| PB 0x000000008d000000| Untracked 
|  37|0x000000008d100000, 0x000000008d100000, 0x000000008d200000|  0%| F|  |TAMS 0x000000008d100000| PB 0x000000008d100000| Untracked 
|  38|0x000000008d200000, 0x000000008d2627a0, 0x000000008d300000| 38%| E|  |TAMS 0x000000008d200000| PB 0x000000008d200000| Complete 
|  39|0x000000008d300000, 0x000000008d400000, 0x000000008d400000|100%| E|CS|TAMS 0x000000008d300000| PB 0x000000008d300000| Complete 
|  40|0x000000008d400000, 0x000000008d500000, 0x000000008d500000|100%| E|CS|TAMS 0x000000008d400000| PB 0x000000008d400000| Complete 
|  41|0x000000008d500000, 0x000000008d600000, 0x000000008d600000|100%| E|CS|TAMS 0x000000008d500000| PB 0x000000008d500000| Complete 
|  62|0x000000008ea00000, 0x000000008eb00000, 0x000000008eb00000|100%| E|CS|TAMS 0x000000008ea00000| PB 0x000000008ea00000| Complete 
|  63|0x000000008eb00000, 0x000000008ec00000, 0x000000008ec00000|100%| E|CS|TAMS 0x000000008eb00000| PB 0x000000008eb00000| Complete 
|  64|0x000000008ec00000, 0x000000008ed00000, 0x000000008ed00000|100%| E|CS|TAMS 0x000000008ec00000| PB 0x000000008ec00000| Complete 
|  65|0x000000008ed00000, 0x000000008ee00000, 0x000000008ee00000|100%| E|CS|TAMS 0x000000008ed00000| PB 0x000000008ed00000| Complete 
|  66|0x000000008ee00000, 0x000000008ef00000, 0x000000008ef00000|100%| E|CS|TAMS 0x000000008ee00000| PB 0x000000008ee00000| Complete 
|  67|0x000000008ef00000, 0x000000008f000000, 0x000000008f000000|100%| E|CS|TAMS 0x000000008ef00000| PB 0x000000008ef00000| Complete 
|  68|0x000000008f000000, 0x000000008f100000, 0x000000008f100000|100%| E|CS|TAMS 0x000000008f000000| PB 0x000000008f000000| Complete 
| 117|0x0000000092100000, 0x0000000092200000, 0x0000000092200000|100%| E|CS|TAMS 0x0000000092100000| PB 0x0000000092100000| Complete 

Card table byte_map: [0x000001dee3870000,0x000001dee3c20000] _byte_map_base: 0x000001dee341a000

Marking Bits: (CMBitMap*) 0x000001decbd991e0
 Bits: [0x000001dee3c20000, 0x000001dee5970000)

Polling page: 0x000001dec9d30000

Metaspace:

Usage:
  Non-class:     49.29 MB used.
      Class:      7.65 MB used.
       Both:     56.94 MB used.

Virtual space:
  Non-class space:       64.00 MB reserved,      49.69 MB ( 78%) committed,  1 nodes.
      Class space:        1.00 GB reserved,       7.94 MB ( <1%) committed,  1 nodes.
             Both:        1.06 GB reserved,      57.62 MB (  5%) committed. 

Chunk freelists:
   Non-Class:  14.28 MB
       Class:  7.89 MB
        Both:  22.17 MB

MaxMetaspaceSize: unlimited
CompressedClassSpaceSize: 1.00 GB
Initial GC threshold: 21.00 MB
Current GC threshold: 58.75 MB
CDS: on
 - commit_granule_bytes: 65536.
 - commit_granule_words: 8192.
 - virtual_space_node_default_size: 8388608.
 - enlarge_chunks_in_place: 1.
 - use_allocation_guard: 0.


Internal statistics:

num_allocs_failed_limit: 6.
num_arena_births: 878.
num_arena_deaths: 0.
num_vsnodes_births: 2.
num_vsnodes_deaths: 0.
num_space_committed: 922.
num_space_uncommitted: 0.
num_chunks_returned_to_freelist: 6.
num_chunks_taken_from_freelist: 3018.
num_chunk_merges: 6.
num_chunk_splits: 2152.
num_chunks_enlarged: 1632.
num_inconsistent_stats: 0.

CodeHeap 'non-profiled nmethods': size=120000Kb used=3561Kb max_used=3561Kb free=116438Kb
 bounds [0x000001dedbc60000, 0x000001dedbfe0000, 0x000001dee3190000]
CodeHeap 'profiled nmethods': size=120000Kb used=11115Kb max_used=11115Kb free=108884Kb
 bounds [0x000001ded4190000, 0x000001ded4c70000, 0x000001dedb6c0000]
CodeHeap 'non-nmethods': size=5760Kb used=1651Kb max_used=1692Kb free=4108Kb
 bounds [0x000001dedb6c0000, 0x000001dedb930000, 0x000001dedbc60000]
 total_blobs=6286 nmethods=5592 adapters=598
 compilation: enabled
              stopped_count=0, restarted_count=0
 full_count=0

Compilation events (20 events):
Event: 11.006 Thread 0x000001dee83b9d20 6005       3       java.util.concurrent.atomic.AtomicLongArray::lazySet (13 bytes)
Event: 11.006 Thread 0x000001dee83b9d20 nmethod 6005 0x000001ded4c55d90 code [0x000001ded4c55f80, 0x000001ded4c56460]
Event: 11.007 Thread 0x000001dee83b9d20 6007       3       org.springframework.data.mapping.model.AnnotationBasedPersistentProperty::getAccessors (38 bytes)
Event: 11.008 Thread 0x000001dee83b9d20 nmethod 6007 0x000001ded4c56690 code [0x000001ded4c569c0, 0x000001ded4c581e8]
Event: 11.010 Thread 0x000001dee83b9d20 6009   !   3       jdk.proxy2.$Proxy109::annotationType (29 bytes)
Event: 11.010 Thread 0x000001dee83b9d20 nmethod 6009 0x000001ded4c58890 code [0x000001ded4c58a60, 0x000001ded4c58e60]
Event: 11.010 Thread 0x000001dee83b9d20 6010       3       java.util.regex.Pattern::atom (422 bytes)
Event: 11.012 Thread 0x000001dee83b9d20 nmethod 6010 0x000001ded4c59010 code [0x000001ded4c593a0, 0x000001ded4c5aa60]
Event: 11.012 Thread 0x000001dee83b9d20 6012       3       java.util.regex.Pattern$BnM::optimize (179 bytes)
Event: 11.013 Thread 0x000001dee83b9d20 nmethod 6012 0x000001ded4c5b110 code [0x000001ded4c5b380, 0x000001ded4c5c140]
Event: 11.013 Thread 0x000001dee83b9d20 6011       3       java.util.HashMap$KeySpliterator::forEachRemaining (186 bytes)
Event: 11.013 Thread 0x000001dee83b9d20 nmethod 6011 0x000001ded4c5c510 code [0x000001ded4c5c720, 0x000001ded4c5cf40]
Event: 11.013 Thread 0x000001dee83b9d20 6013       3       java.util.HashSet::spliterator (16 bytes)
Event: 11.014 Thread 0x000001dee83b9d20 nmethod 6013 0x000001ded4c5d210 code [0x000001ded4c5d3c0, 0x000001ded4c5d588]
Event: 11.015 Thread 0x000001dee83b9d20 6014   !   3       org.springframework.util.ConcurrentReferenceHashMap$Segment::restructure (411 bytes)
Event: 11.017 Thread 0x000001dee83b9d20 nmethod 6014 0x000001ded4c5d690 code [0x000001ded4c5db00, 0x000001ded4c60450]
Event: 11.017 Thread 0x000001dee83b9d20 6016       3       java.util.stream.MatchOps$MatchOp::getOpFlags (8 bytes)
Event: 11.018 Thread 0x000001dee83b9d20 nmethod 6016 0x000001ded4528710 code [0x000001ded45288a0, 0x000001ded45289b0]
Event: 11.018 Thread 0x000001dee83b9d20 6021       3       java.lang.invoke.VarHandleLongs$Array::getVolatile (42 bytes)
Event: 11.018 Thread 0x000001dee83b9d20 nmethod 6021 0x000001ded4c61890 code [0x000001ded4c61a40, 0x000001ded4c61d90]

GC Heap History (20 events):
Event: 4.460 GC heap before
{Heap before GC invocations=1 (full 0):
 garbage-first heap   total 120832K, used 36767K [0x000000008ac00000, 0x0000000100000000)
  region size 1024K, 32 young (32768K), 3 survivors (3072K)
 Metaspace       used 13953K, committed 14272K, reserved 1114112K
  class space    used 1648K, committed 1792K, reserved 1048576K
}
Event: 4.465 GC heap after
{Heap after GC invocations=2 (full 0):
 garbage-first heap   total 120832K, used 9773K [0x000000008ac00000, 0x0000000100000000)
  region size 1024K, 3 young (3072K), 3 survivors (3072K)
 Metaspace       used 13953K, committed 14272K, reserved 1114112K
  class space    used 1648K, committed 1792K, reserved 1048576K
}
Event: 5.892 GC heap before
{Heap before GC invocations=2 (full 0):
 garbage-first heap   total 120832K, used 54829K [0x000000008ac00000, 0x0000000100000000)
  region size 1024K, 49 young (50176K), 3 survivors (3072K)
 Metaspace       used 21229K, committed 21504K, reserved 1114112K
  class space    used 2555K, committed 2688K, reserved 1048576K
}
Event: 5.897 GC heap after
{Heap after GC invocations=3 (full 0):
 garbage-first heap   total 120832K, used 13732K [0x000000008ac00000, 0x0000000100000000)
  region size 1024K, 7 young (7168K), 7 survivors (7168K)
 Metaspace       used 21229K, committed 21504K, reserved 1114112K
  class space    used 2555K, committed 2688K, reserved 1048576K
}
Event: 6.770 GC heap before
{Heap before GC invocations=4 (full 0):
 garbage-first heap   total 51200K, used 37284K [0x000000008ac00000, 0x0000000100000000)
  region size 1024K, 30 young (30720K), 7 survivors (7168K)
 Metaspace       used 24889K, committed 25344K, reserved 1114112K
  class space    used 3086K, committed 3264K, reserved 1048576K
}
Event: 6.775 GC heap after
{Heap after GC invocations=5 (full 0):
 garbage-first heap   total 51200K, used 16025K [0x000000008ac00000, 0x0000000100000000)
  region size 1024K, 3 young (3072K), 3 survivors (3072K)
 Metaspace       used 24889K, committed 25344K, reserved 1114112K
  class space    used 3086K, committed 3264K, reserved 1048576K
}
Event: 7.395 GC heap before
{Heap before GC invocations=5 (full 0):
 garbage-first heap   total 51200K, used 38553K [0x000000008ac00000, 0x0000000100000000)
  region size 1024K, 26 young (26624K), 3 survivors (3072K)
 Metaspace       used 29042K, committed 29632K, reserved 1114112K
  class space    used 3631K, committed 3904K, reserved 1048576K
}
Event: 7.401 GC heap after
{Heap after GC invocations=6 (full 0):
 garbage-first heap   total 51200K, used 17896K [0x000000008ac00000, 0x0000000100000000)
  region size 1024K, 3 young (3072K), 3 survivors (3072K)
 Metaspace       used 29042K, committed 29632K, reserved 1114112K
  class space    used 3631K, committed 3904K, reserved 1048576K
}
Event: 8.053 GC heap before
{Heap before GC invocations=6 (full 0):
 garbage-first heap   total 51200K, used 39400K [0x000000008ac00000, 0x0000000100000000)
  region size 1024K, 24 young (24576K), 3 survivors (3072K)
 Metaspace       used 33406K, committed 33920K, reserved 1114112K
  class space    used 4253K, committed 4480K, reserved 1048576K
}
Event: 8.056 GC heap after
{Heap after GC invocations=7 (full 0):
 garbage-first heap   total 51200K, used 19160K [0x000000008ac00000, 0x0000000100000000)
  region size 1024K, 2 young (2048K), 2 survivors (2048K)
 Metaspace       used 33406K, committed 33920K, reserved 1114112K
  class space    used 4253K, committed 4480K, reserved 1048576K
}
Event: 8.270 GC heap before
{Heap before GC invocations=7 (full 0):
 garbage-first heap   total 51200K, used 27352K [0x000000008ac00000, 0x0000000100000000)
  region size 1024K, 11 young (11264K), 2 survivors (2048K)
 Metaspace       used 35420K, committed 35968K, reserved 1114112K
  class space    used 4592K, committed 4864K, reserved 1048576K
}
Event: 8.272 GC heap after
{Heap after GC invocations=8 (full 0):
 garbage-first heap   total 51200K, used 19503K [0x000000008ac00000, 0x0000000100000000)
  region size 1024K, 2 young (2048K), 2 survivors (2048K)
 Metaspace       used 35420K, committed 35968K, reserved 1114112K
  class space    used 4592K, committed 4864K, reserved 1048576K
}
Event: 9.115 GC heap before
{Heap before GC invocations=9 (full 0):
 garbage-first heap   total 51200K, used 43055K [0x000000008ac00000, 0x0000000100000000)
  region size 1024K, 25 young (25600K), 2 survivors (2048K)
 Metaspace       used 41936K, committed 42432K, reserved 1114112K
  class space    used 5500K, committed 5696K, reserved 1048576K
}
Event: 9.119 GC heap after
{Heap after GC invocations=10 (full 0):
 garbage-first heap   total 51200K, used 21125K [0x000000008ac00000, 0x0000000100000000)
  region size 1024K, 4 young (4096K), 4 survivors (4096K)
 Metaspace       used 41936K, committed 42432K, reserved 1114112K
  class space    used 5500K, committed 5696K, reserved 1048576K
}
Event: 9.709 GC heap before
{Heap before GC invocations=10 (full 0):
 garbage-first heap   total 51200K, used 41605K [0x000000008ac00000, 0x0000000100000000)
  region size 1024K, 25 young (25600K), 4 survivors (4096K)
 Metaspace       used 47142K, committed 47744K, reserved 1114112K
  class space    used 6208K, committed 6464K, reserved 1048576K
}
Event: 9.713 GC heap after
{Heap after GC invocations=11 (full 0):
 garbage-first heap   total 51200K, used 22119K [0x000000008ac00000, 0x0000000100000000)
  region size 1024K, 4 young (4096K), 4 survivors (4096K)
 Metaspace       used 47142K, committed 47744K, reserved 1114112K
  class space    used 6208K, committed 6464K, reserved 1048576K
}
Event: 10.155 GC heap before
{Heap before GC invocations=11 (full 0):
 garbage-first heap   total 51200K, used 42599K [0x000000008ac00000, 0x0000000100000000)
  region size 1024K, 24 young (24576K), 4 survivors (4096K)
 Metaspace       used 51602K, committed 52224K, reserved 1114112K
  class space    used 6931K, committed 7232K, reserved 1048576K
}
Event: 10.158 GC heap after
{Heap after GC invocations=12 (full 0):
 garbage-first heap   total 51200K, used 23008K [0x000000008ac00000, 0x0000000100000000)
  region size 1024K, 3 young (3072K), 3 survivors (3072K)
 Metaspace       used 51602K, committed 52224K, reserved 1114112K
  class space    used 6931K, committed 7232K, reserved 1048576K
}
Event: 10.731 GC heap before
{Heap before GC invocations=12 (full 0):
 garbage-first heap   total 51200K, used 43488K [0x000000008ac00000, 0x0000000100000000)
  region size 1024K, 23 young (23552K), 3 survivors (3072K)
 Metaspace       used 56204K, committed 56832K, reserved 1114112K
  class space    used 7578K, committed 7872K, reserved 1048576K
}
Event: 10.735 GC heap after
{Heap after GC invocations=13 (full 0):
 garbage-first heap   total 51200K, used 24746K [0x000000008ac00000, 0x0000000100000000)
  region size 1024K, 3 young (3072K), 3 survivors (3072K)
 Metaspace       used 56204K, committed 56832K, reserved 1114112K
  class space    used 7578K, committed 7872K, reserved 1048576K
}

Dll operation events (14 events):
Event: 0.039 Loaded shared library C:\Users\HP 14S-FQ1001NU\.jdks\openjdk-21.0.2\bin\java.dll
Event: 0.075 Loaded shared library C:\Users\HP 14S-FQ1001NU\.jdks\openjdk-21.0.2\bin\jsvml.dll
Event: 0.156 Loaded shared library C:\Users\HP 14S-FQ1001NU\.jdks\openjdk-21.0.2\bin\zip.dll
Event: 0.160 Loaded shared library C:\Users\HP 14S-FQ1001NU\.jdks\openjdk-21.0.2\bin\instrument.dll
Event: 0.167 Loaded shared library C:\Users\HP 14S-FQ1001NU\.jdks\openjdk-21.0.2\bin\net.dll
Event: 0.170 Loaded shared library C:\Users\HP 14S-FQ1001NU\.jdks\openjdk-21.0.2\bin\nio.dll
Event: 0.199 Loaded shared library C:\Users\HP 14S-FQ1001NU\.jdks\openjdk-21.0.2\bin\zip.dll
Event: 1.111 Loaded shared library C:\Users\HP 14S-FQ1001NU\.jdks\openjdk-21.0.2\bin\jimage.dll
Event: 3.453 Loaded shared library C:\Program Files\JetBrains\IntelliJ IDEA Community Edition 2023.3.4\bin\breakgen64.dll
Event: 3.463 Loaded shared library C:\Users\HP 14S-FQ1001NU\.jdks\openjdk-21.0.2\bin\extnet.dll
Event: 3.806 Loaded shared library C:\Users\HP 14S-FQ1001NU\.jdks\openjdk-21.0.2\bin\management.dll
Event: 3.808 Loaded shared library C:\Users\HP 14S-FQ1001NU\.jdks\openjdk-21.0.2\bin\management_ext.dll
Event: 4.668 Loaded shared library C:\Users\HP 14S-FQ1001NU\.jdks\openjdk-21.0.2\bin\sunmscapi.dll
Event: 8.114 Loaded shared library C:\Users\HP 14S-FQ1001NU\.jdks\openjdk-21.0.2\bin\verify.dll

Deoptimization events (20 events):
Event: 10.958 Thread 0x000001deed9f0860 Uncommon trap: trap_request=0xffffffde fr.pc=0x000001dedbe3934c relative=0x000000000000064c
Event: 10.958 Thread 0x000001deed9f0860 Uncommon trap: reason=class_check action=maybe_recompile pc=0x000001dedbe3934c method=org.springframework.util.ConcurrentReferenceHashMap$Segment.findInChain(Lorg/springframework/util/ConcurrentReferenceHashMap$Reference;Ljava/lang/Object;I)Lorg/springfra
Event: 10.958 Thread 0x000001deed9f0860 DEOPT PACKING pc=0x000001dedbe3934c sp=0x000000918bbfbce0
Event: 10.958 Thread 0x000001deed9f0860 DEOPT UNPACKING pc=0x000001dedb7146a2 sp=0x000000918bbfbac0 mode 2
Event: 10.960 Thread 0x000001deed9f0860 Uncommon trap: trap_request=0xffffffde fr.pc=0x000001dedbe7cdcc relative=0x000000000000056c
Event: 10.960 Thread 0x000001deed9f0860 Uncommon trap: reason=class_check action=maybe_recompile pc=0x000001dedbe7cdcc method=org.springframework.util.ConcurrentReferenceHashMap$Segment.findInChain(Lorg/springframework/util/ConcurrentReferenceHashMap$Reference;Ljava/lang/Object;I)Lorg/springfra
Event: 10.960 Thread 0x000001deed9f0860 DEOPT PACKING pc=0x000001dedbe7cdcc sp=0x000000918bbfbc90
Event: 10.960 Thread 0x000001deed9f0860 DEOPT UNPACKING pc=0x000001dedb7146a2 sp=0x000000918bbfbac8 mode 2
Event: 10.960 Thread 0x000001deed9f0860 Uncommon trap: trap_request=0xffffffde fr.pc=0x000001dedbe7df64 relative=0x0000000000000504
Event: 10.960 Thread 0x000001deed9f0860 Uncommon trap: reason=class_check action=maybe_recompile pc=0x000001dedbe7df64 method=org.springframework.util.ConcurrentReferenceHashMap$Segment.findInChain(Lorg/springframework/util/ConcurrentReferenceHashMap$Reference;Ljava/lang/Object;I)Lorg/springfra
Event: 10.960 Thread 0x000001deed9f0860 DEOPT PACKING pc=0x000001dedbe7df64 sp=0x000000918bbfbc10
Event: 10.960 Thread 0x000001deed9f0860 DEOPT UNPACKING pc=0x000001dedb7146a2 sp=0x000000918bbfbac8 mode 2
Event: 10.962 Thread 0x000001deed9f0860 Uncommon trap: trap_request=0xffffffde fr.pc=0x000001dedbe7f214 relative=0x00000000000003d4
Event: 10.962 Thread 0x000001deed9f0860 Uncommon trap: reason=class_check action=maybe_recompile pc=0x000001dedbe7f214 method=org.springframework.util.ConcurrentReferenceHashMap$Segment.findInChain(Lorg/springframework/util/ConcurrentReferenceHashMap$Reference;Ljava/lang/Object;I)Lorg/springfra
Event: 10.962 Thread 0x000001deed9f0860 DEOPT PACKING pc=0x000001dedbe7f214 sp=0x000000918bbfbbc0
Event: 10.962 Thread 0x000001deed9f0860 DEOPT UNPACKING pc=0x000001dedb7146a2 sp=0x000000918bbfbad8 mode 2
Event: 10.962 Thread 0x000001deed9f0860 Uncommon trap: trap_request=0xffffffde fr.pc=0x000001dedbe7b63c relative=0x00000000000001fc
Event: 10.962 Thread 0x000001deed9f0860 Uncommon trap: reason=class_check action=maybe_recompile pc=0x000001dedbe7b63c method=org.springframework.util.ConcurrentReferenceHashMap$Segment.findInChain(Lorg/springframework/util/ConcurrentReferenceHashMap$Reference;Ljava/lang/Object;I)Lorg/springfra
Event: 10.962 Thread 0x000001deed9f0860 DEOPT PACKING pc=0x000001dedbe7b63c sp=0x000000918bbfbb10
Event: 10.962 Thread 0x000001deed9f0860 DEOPT UNPACKING pc=0x000001dedb7146a2 sp=0x000000918bbfbad8 mode 2

Classes loaded (20 events):
Event: 10.051 Loading class java/lang/reflect/AnnotatedParameterizedType
Event: 10.051 Loading class java/lang/reflect/AnnotatedParameterizedType done
Event: 10.665 Loading class javax/naming/Reference
Event: 10.665 Loading class javax/naming/Reference done
Event: 10.699 Loading class java/lang/SafeVarargs
Event: 10.699 Loading class java/lang/SafeVarargs done
Event: 10.701 Loading class sun/reflect/generics/reflectiveObjects/GenericArrayTypeImpl
Event: 10.701 Loading class sun/reflect/generics/reflectiveObjects/GenericArrayTypeImpl done
Event: 10.748 Loading class java/util/concurrent/ConcurrentHashMap$TreeNode
Event: 10.748 Loading class java/util/concurrent/ConcurrentHashMap$TreeNode done
Event: 10.749 Loading class java/util/concurrent/ConcurrentHashMap$TreeBin
Event: 10.749 Loading class java/util/concurrent/ConcurrentHashMap$TreeBin done
Event: 10.949 Loading class java/util/WeakHashMap$KeyIterator
Event: 10.950 Loading class java/util/WeakHashMap$HashIterator
Event: 10.950 Loading class java/util/WeakHashMap$HashIterator done
Event: 10.950 Loading class java/util/WeakHashMap$KeyIterator done
Event: 10.950 Loading class java/util/WeakHashMap$EntrySet
Event: 10.951 Loading class java/util/WeakHashMap$EntrySet done
Event: 10.951 Loading class java/util/WeakHashMap$EntryIterator
Event: 10.951 Loading class java/util/WeakHashMap$EntryIterator done

Classes unloaded (0 events):
No events

Classes redefined (0 events):
No events

Internal exceptions (20 events):
Event: 10.298 Thread 0x000001deed9f0860 Exception <a 'java/lang/NoSuchMethodError'{0x000000008ecae8b0}: 'void java.lang.invoke.DirectMethodHandle$Holder.invokeSpecial(java.lang.Object, java.lang.Object, int, java.lang.Object)'> (0x000000008ecae8b0) 
thrown [s\open\src\hotspot\share\interpreter\linkResolver.cpp, line 773]
Event: 10.299 Thread 0x000001deed9f0860 Exception <a 'java/lang/NoSuchMethodError'{0x000000008ecb4bd8}: 'java.lang.Object java.lang.invoke.DirectMethodHandle$Holder.newInvokeSpecial(java.lang.Object, java.lang.Object, int)'> (0x000000008ecb4bd8) 
thrown [s\open\src\hotspot\share\interpreter\linkResolver.cpp, line 773]
Event: 10.322 Thread 0x000001deed9f0860 Exception <a 'java/lang/NoSuchMethodError'{0x000000008ea0b490}: 'int java.lang.invoke.DirectMethodHandle$Holder.invokeStatic(java.lang.Object, int, java.lang.Object)'> (0x000000008ea0b490) 
thrown [s\open\src\hotspot\share\interpreter\linkResolver.cpp, line 773]
Event: 10.324 Thread 0x000001deed9f0860 Exception <a 'java/lang/NoSuchMethodError'{0x000000008ea26398}: 'java.lang.Object java.lang.invoke.DirectMethodHandle$Holder.newInvokeSpecial(java.lang.Object, java.lang.Object, java.lang.Object, java.lang.Object, java.lang.Object, int, java.lang.Object)'> (0x000000008ea26398) 
thrown [s\open\src\hotspot\share\interpreter\linkResolver.cpp, line 773]
Event: 10.328 Thread 0x000001deed9f0860 Exception <a 'java/lang/NoSuchMethodError'{0x000000008ea668d8}: 'java.lang.Object java.lang.invoke.DirectMethodHandle$Holder.newInvokeSpecial(java.lang.Object, java.lang.Object, java.lang.Object, java.lang.Object, java.lang.Object, java.lang.Object, java.lang.Object, java.lang.Object, java.lang.Object, java.lang.Object, java.lang.Object, java.lang.Object)'> (0x000000008ea668d8) 
thrown [s\open\src\hotspot\share\interpreter\linkResolver.cpp, line 773]
Event: 10.328 Thread 0x000001deed9f0860 Exception <a 'java/lang/NoSuchMethodError'{0x000000008ea6b170}: 'java.lang.Object java.lang.invoke.DirectMethodHandle$Holder.invokeSpecial(java.lang.Object, java.lang.Object, java.lang.Object, java.lang.Object, java.lang.Object, java.lang.Object, java.lang.Object, java.lang.Object, java.lang.Object, java.lang.Object, java.lang.Object, java.lang.Object, java.lang.Object)'> (0x000000008ea6b170) 
thrown [s\open\src\hotspot\share\interpreter\linkResolver.cpp, line 773]
Event: 10.328 Thread 0x000001deed9f0860 Exception <a 'java/lang/NoSuchMethodError'{0x000000008ea6f648}: 'java.lang.Object java.lang.invoke.Invokers$Holder.linkToTargetMethod(java.lang.Object, java.lang.Object, java.lang.Object, java.lang.Object, java.lang.Object, java.lang.Object, java.lang.Object, java.lang.Object, java.lang.Object, java.lang.Object, java.lang.Object, java.lang.Object)'> (0x000000008ea6f648) 
thrown [s\open\src\hotspot\share\interpreter\linkResolver.cpp, line 773]
Event: 10.374 Thread 0x000001deed9f0860 Exception <a 'java/lang/NoSuchMethodError'{0x000000008d4946c0}: 'java.lang.Object java.lang.invoke.DirectMethodHandle$Holder.newInvokeSpecial(java.lang.Object, java.lang.Object, int, java.lang.Object, int, java.lang.Object, java.lang.Object)'> (0x000000008d4946c0) 
thrown [s\open\src\hotspot\share\interpreter\linkResolver.cpp, line 773]
Event: 10.389 Thread 0x000001deed9f0860 Exception <a 'java/lang/NoSuchMethodError'{0x000000008d33da70}: 'java.lang.Object java.lang.invoke.DirectMethodHandle$Holder.newInvokeSpecial(java.lang.Object, java.lang.Object, java.lang.Object, java.lang.Object, java.lang.Object, java.lang.Object, java.lang.Object, int)'> (0x000000008d33da70) 
thrown [s\open\src\hotspot\share\interpreter\linkResolver.cpp, line 773]
Event: 10.390 Thread 0x000001deed9f0860 Exception <a 'java/lang/NoSuchMethodError'{0x000000008d341fd0}: 'java.lang.Object java.lang.invoke.DirectMethodHandle$Holder.invokeSpecial(java.lang.Object, java.lang.Object, java.lang.Object, java.lang.Object, java.lang.Object, java.lang.Object, java.lang.Object, java.lang.Object, int)'> (0x000000008d341fd0) 
thrown [s\open\src\hotspot\share\interpreter\linkResolver.cpp, line 773]
Event: 10.390 Thread 0x000001deed9f0860 Exception <a 'java/lang/NoSuchMethodError'{0x000000008d345fe8}: 'java.lang.Object java.lang.invoke.Invokers$Holder.linkToTargetMethod(java.lang.Object, java.lang.Object, java.lang.Object, java.lang.Object, java.lang.Object, java.lang.Object, int, java.lang.Object)'> (0x000000008d345fe8) 
thrown [s\open\src\hotspot\share\interpreter\linkResolver.cpp, line 773]
Event: 10.411 Thread 0x000001deed9f0860 Exception <a 'java/lang/NoSuchMethodError'{0x000000008d20fdb0}: 'void java.lang.invoke.DirectMethodHandle$Holder.invokeInterface(java.lang.Object, java.lang.Object)'> (0x000000008d20fdb0) 
thrown [s\open\src\hotspot\share\interpreter\linkResolver.cpp, line 773]
Event: 10.561 Thread 0x000001deed9f0860 Exception <a 'java/lang/NoSuchMethodError'{0x000000008cee26b0}: 'java.lang.Object java.lang.invoke.DirectMethodHandle$Holder.invokeSpecial(java.lang.Object, java.lang.Object, int, java.lang.Object, int)'> (0x000000008cee26b0) 
thrown [s\open\src\hotspot\share\interpreter\linkResolver.cpp, line 773]
Event: 10.672 Thread 0x000001deed9f0860 Exception <a 'java/lang/NoSuchMethodError'{0x000000008cc79730}: 'void java.lang.invoke.Invokers$Holder.invokeExact_MT(java.lang.Object, java.lang.Object, java.lang.Object, java.lang.Object)'> (0x000000008cc79730) 
thrown [s\open\src\hotspot\share\interpreter\linkResolver.cpp, line 773]
Event: 10.693 Thread 0x000001deed9f0860 Implicit null exception at 0x000001dedbfa1977 to 0x000001dedbfa1be0
Event: 10.708 Thread 0x000001deed9f0860 Implicit null exception at 0x000001dedbf7d971 to 0x000001dedbf7dca8
Event: 10.708 Thread 0x000001deed9f0860 Implicit null exception at 0x000001dedbf793ba to 0x000001dedbf793f4
Event: 10.749 Thread 0x000001deed9f0860 Exception <a 'java/lang/IncompatibleClassChangeError'{0x000000008f0971b0}: Found class java.lang.Object, but interface was expected> (0x000000008f0971b0) 
thrown [s\open\src\hotspot\share\interpreter\linkResolver.cpp, line 840]
Event: 10.759 Thread 0x000001deed9f0860 Exception <a 'java/lang/IncompatibleClassChangeError'{0x000000008ef0b5c0}: Found class java.lang.Object, but interface was expected> (0x000000008ef0b5c0) 
thrown [s\open\src\hotspot\share\interpreter\linkResolver.cpp, line 840]
Event: 10.803 Thread 0x000001deed9f0860 Exception <a 'java/lang/IncompatibleClassChangeError'{0x000000008ee7a6d8}: Found class java.lang.Object, but interface was expected> (0x000000008ee7a6d8) 
thrown [s\open\src\hotspot\share\interpreter\linkResolver.cpp, line 840]

ZGC Phase Switch (0 events):
No events

VM Operations (20 events):
Event: 9.850 Executing VM operation: HandshakeAllThreads (Deoptimize)
Event: 9.850 Executing VM operation: HandshakeAllThreads (Deoptimize) done
Event: 9.854 Executing VM operation: HandshakeAllThreads (Deoptimize)
Event: 9.854 Executing VM operation: HandshakeAllThreads (Deoptimize) done
Event: 9.989 Executing VM operation: HandshakeAllThreads (Deoptimize)
Event: 9.989 Executing VM operation: HandshakeAllThreads (Deoptimize) done
Event: 10.069 Executing VM operation: ICBufferFull
Event: 10.070 Executing VM operation: ICBufferFull done
Event: 10.139 Executing VM operation: ICBufferFull
Event: 10.139 Executing VM operation: ICBufferFull done
Event: 10.155 Executing VM operation: G1CollectForAllocation (G1 Evacuation Pause)
Event: 10.158 Executing VM operation: G1CollectForAllocation (G1 Evacuation Pause) done
Event: 10.478 Executing VM operation: HandshakeAllThreads (Deoptimize)
Event: 10.478 Executing VM operation: HandshakeAllThreads (Deoptimize) done
Event: 10.694 Executing VM operation: ICBufferFull
Event: 10.694 Executing VM operation: ICBufferFull done
Event: 10.731 Executing VM operation: G1CollectForAllocation (G1 Evacuation Pause)
Event: 10.736 Executing VM operation: G1CollectForAllocation (G1 Evacuation Pause) done
Event: 10.938 Executing VM operation: HandshakeAllThreads (Deoptimize)
Event: 10.938 Executing VM operation: HandshakeAllThreads (Deoptimize) done

Events (20 events):
Event: 8.286 Thread 0x000001dee8383250 flushing nmethod 0x000001dedbc8d910
Event: 8.286 Thread 0x000001dee8383250 flushing nmethod 0x000001dedbc7db90
Event: 8.286 Thread 0x000001dee8383250 flushing nmethod 0x000001dedbc80f10
Event: 8.286 Thread 0x000001dee8383250 flushing nmethod 0x000001dedbc74910
Event: 8.286 Thread 0x000001dee8383250 flushing nmethod 0x000001dedbc74610
Event: 8.286 Thread 0x000001dee8383250 flushing nmethod 0x000001dedbc84590
Event: 8.286 Thread 0x000001dee8383250 flushing nmethod 0x000001dedbc7ad10
Event: 8.286 Thread 0x000001dee8383250 flushing nmethod 0x000001dedbc77510
Event: 8.286 Thread 0x000001dee8383250 flushing nmethod 0x000001dedbc61490
Event: 8.348 Thread 0x000001def049b060 Thread added: 0x000001def049b060
Event: 8.482 Thread 0x000001def049b060 Thread exited: 0x000001def049b060
Event: 8.649 Thread 0x000001def049b060 Thread added: 0x000001def049b060
Event: 8.653 Thread 0x000001deee2b81a0 Thread added: 0x000001deee2b81a0
Event: 8.745 Thread 0x000001deef8b4800 Thread added: 0x000001deef8b4800
Event: 8.758 Thread 0x000001deef8b1a10 Thread added: 0x000001deef8b1a10
Event: 8.873 Thread 0x000001deef8b2730 Thread added: 0x000001deef8b2730
Event: 9.537 Thread 0x000001deee2b81a0 Thread exited: 0x000001deee2b81a0
Event: 10.110 Thread 0x000001def038de30 Thread added: 0x000001def038de30
Event: 10.555 Thread 0x000001def038de30 Thread exited: 0x000001def038de30
Event: 10.707 Thread 0x000001deefe85420 Thread added: 0x000001deefe85420


Dynamic libraries:
0x00007ff6ef080000 - 0x00007ff6ef08e000 	C:\Users\HP 14S-FQ1001NU\.jdks\openjdk-21.0.2\bin\java.exe
0x00007ff9f2710000 - 0x00007ff9f2927000 	C:\WINDOWS\SYSTEM32\ntdll.dll
0x00007ff9f0e00000 - 0x00007ff9f0ec4000 	C:\WINDOWS\System32\KERNEL32.DLL
0x00007ff9efbb0000 - 0x00007ff9eff5d000 	C:\WINDOWS\System32\KERNELBASE.dll
0x00007ff9f01a0000 - 0x00007ff9f02b1000 	C:\WINDOWS\System32\ucrtbase.dll
0x00007ff9b8650000 - 0x00007ff9b866b000 	C:\Users\HP 14S-FQ1001NU\.jdks\openjdk-21.0.2\bin\VCRUNTIME140.dll
0x00007ff9b8630000 - 0x00007ff9b8648000 	C:\Users\HP 14S-FQ1001NU\.jdks\openjdk-21.0.2\bin\jli.dll
0x00007ff9f1f10000 - 0x00007ff9f20be000 	C:\WINDOWS\System32\USER32.dll
0x00007ff9f02c0000 - 0x00007ff9f02e6000 	C:\WINDOWS\System32\win32u.dll
0x00007ff9d6720000 - 0x00007ff9d69b3000 	C:\WINDOWS\WinSxS\amd64_microsoft.windows.common-controls_6595b64144ccf1df_6.0.22621.3672_none_2713b9d173822955\COMCTL32.dll
0x00007ff9f0a40000 - 0x00007ff9f0a69000 	C:\WINDOWS\System32\GDI32.dll
0x00007ff9f2350000 - 0x00007ff9f23f7000 	C:\WINDOWS\System32\msvcrt.dll
0x00007ff9f0010000 - 0x00007ff9f0129000 	C:\WINDOWS\System32\gdi32full.dll
0x00007ff9f03b0000 - 0x00007ff9f044a000 	C:\WINDOWS\System32\msvcp_win.dll
0x00007ff9f0fd0000 - 0x00007ff9f1001000 	C:\WINDOWS\System32\IMM32.DLL
0x00007ff9eac00000 - 0x00007ff9eac0c000 	C:\Users\HP 14S-FQ1001NU\.jdks\openjdk-21.0.2\bin\vcruntime140_1.dll
0x00007ff9af460000 - 0x00007ff9af4ee000 	C:\Users\HP 14S-FQ1001NU\.jdks\openjdk-21.0.2\bin\msvcp140.dll
0x00007ff9ae740000 - 0x00007ff9af457000 	C:\Users\HP 14S-FQ1001NU\.jdks\openjdk-21.0.2\bin\server\jvm.dll
0x00007ff9f1c90000 - 0x00007ff9f1d42000 	C:\WINDOWS\System32\ADVAPI32.dll
0x00007ff9f2170000 - 0x00007ff9f2219000 	C:\WINDOWS\System32\sechost.dll
0x00007ff9effe0000 - 0x00007ff9f0008000 	C:\WINDOWS\System32\bcrypt.dll
0x00007ff9f2230000 - 0x00007ff9f2344000 	C:\WINDOWS\System32\RPCRT4.dll
0x00007ff9f24e0000 - 0x00007ff9f2551000 	C:\WINDOWS\System32\WS2_32.dll
0x00007ff9ef6a0000 - 0x00007ff9ef6ed000 	C:\WINDOWS\SYSTEM32\POWRPROF.dll
0x00007ff9e7e60000 - 0x00007ff9e7e94000 	C:\WINDOWS\SYSTEM32\WINMM.dll
0x00007ff9e6830000 - 0x00007ff9e683a000 	C:\WINDOWS\SYSTEM32\VERSION.dll
0x00007ff9ef4e0000 - 0x00007ff9ef4f3000 	C:\WINDOWS\SYSTEM32\UMPDC.dll
0x00007ff9eea40000 - 0x00007ff9eea58000 	C:\WINDOWS\SYSTEM32\kernel.appcore.dll
0x00007ff9b8620000 - 0x00007ff9b862a000 	C:\Users\HP 14S-FQ1001NU\.jdks\openjdk-21.0.2\bin\jimage.dll
0x00007ff9ed3f0000 - 0x00007ff9ed622000 	C:\WINDOWS\SYSTEM32\DBGHELP.DLL
0x00007ff9f0a70000 - 0x00007ff9f0df8000 	C:\WINDOWS\System32\combase.dll
0x00007ff9f2400000 - 0x00007ff9f24d7000 	C:\WINDOWS\System32\OLEAUT32.dll
0x00007ff9d43b0000 - 0x00007ff9d43e2000 	C:\WINDOWS\SYSTEM32\dbgcore.DLL
0x00007ff9eff60000 - 0x00007ff9effdb000 	C:\WINDOWS\System32\bcryptPrimitives.dll
0x00007ff9eaf50000 - 0x00007ff9eaf5f000 	C:\Users\HP 14S-FQ1001NU\.jdks\openjdk-21.0.2\bin\instrument.dll
0x00007ff9c3aa0000 - 0x00007ff9c3abf000 	C:\Users\HP 14S-FQ1001NU\.jdks\openjdk-21.0.2\bin\java.dll
0x00007ff9f1010000 - 0x00007ff9f186f000 	C:\WINDOWS\System32\SHELL32.dll
0x00007ff9ed940000 - 0x00007ff9ee23c000 	C:\WINDOWS\SYSTEM32\windows.storage.dll
0x00007ff9ed800000 - 0x00007ff9ed93f000 	C:\WINDOWS\SYSTEM32\wintypes.dll
0x00007ff9f0ed0000 - 0x00007ff9f0fc4000 	C:\WINDOWS\System32\SHCORE.dll
0x00007ff9f2110000 - 0x00007ff9f216e000 	C:\WINDOWS\System32\shlwapi.dll
0x00007ff9ef970000 - 0x00007ff9ef991000 	C:\WINDOWS\SYSTEM32\profapi.dll
0x00007ff9ae550000 - 0x00007ff9ae627000 	C:\Users\HP 14S-FQ1001NU\.jdks\openjdk-21.0.2\bin\jsvml.dll
0x00007ff9c39d0000 - 0x00007ff9c39e8000 	C:\Users\HP 14S-FQ1001NU\.jdks\openjdk-21.0.2\bin\zip.dll
0x00007ff9c3a90000 - 0x00007ff9c3aa0000 	C:\Users\HP 14S-FQ1001NU\.jdks\openjdk-21.0.2\bin\net.dll
0x00007ff9e82f0000 - 0x00007ff9e8426000 	C:\WINDOWS\SYSTEM32\WINHTTP.dll
0x00007ff9eeec0000 - 0x00007ff9eef29000 	C:\WINDOWS\system32\mswsock.dll
0x00007ff9c3a70000 - 0x00007ff9c3a86000 	C:\Users\HP 14S-FQ1001NU\.jdks\openjdk-21.0.2\bin\nio.dll
0x00007ff9eaa60000 - 0x00007ff9eaa7a000 	C:\Program Files\JetBrains\IntelliJ IDEA Community Edition 2023.3.4\bin\breakgen64.dll
0x00007ff9c3a60000 - 0x00007ff9c3a69000 	C:\Users\HP 14S-FQ1001NU\.jdks\openjdk-21.0.2\bin\extnet.dll
0x00007ff9eaf40000 - 0x00007ff9eaf4a000 	C:\Users\HP 14S-FQ1001NU\.jdks\openjdk-21.0.2\bin\management.dll
0x00007ff9eaf30000 - 0x00007ff9eaf3b000 	C:\Users\HP 14S-FQ1001NU\.jdks\openjdk-21.0.2\bin\management_ext.dll
0x00007ff9f2560000 - 0x00007ff9f2568000 	C:\WINDOWS\System32\PSAPI.DLL
0x00007ff9eaf20000 - 0x00007ff9eaf2e000 	C:\Users\HP 14S-FQ1001NU\.jdks\openjdk-21.0.2\bin\sunmscapi.dll
0x00007ff9efa40000 - 0x00007ff9efba7000 	C:\WINDOWS\System32\CRYPT32.dll
0x00007ff9ef370000 - 0x00007ff9ef39e000 	C:\WINDOWS\SYSTEM32\ncrypt.dll
0x00007ff9ef330000 - 0x00007ff9ef367000 	C:\WINDOWS\SYSTEM32\NTASN1.dll
0x00007ff9ef120000 - 0x00007ff9ef13b000 	C:\WINDOWS\SYSTEM32\CRYPTSP.dll
0x00007ff9ee9a0000 - 0x00007ff9ee9d5000 	C:\WINDOWS\system32\rsaenh.dll
0x00007ff9eefc0000 - 0x00007ff9eefe8000 	C:\WINDOWS\SYSTEM32\USERENV.dll
0x00007ff9ef140000 - 0x00007ff9ef14c000 	C:\WINDOWS\SYSTEM32\CRYPTBASE.dll
0x00007ff9ee4a0000 - 0x00007ff9ee4cd000 	C:\WINDOWS\SYSTEM32\IPHLPAPI.DLL
0x00007ff9f1b70000 - 0x00007ff9f1b79000 	C:\WINDOWS\System32\NSI.dll
0x00007ff9c3a30000 - 0x00007ff9c3a40000 	C:\Users\HP 14S-FQ1001NU\.jdks\openjdk-21.0.2\bin\verify.dll
0x00007ff9ee4d0000 - 0x00007ff9ee5c8000 	C:\WINDOWS\SYSTEM32\DNSAPI.dll
0x00007ff9e6820000 - 0x00007ff9e682a000 	C:\Windows\System32\rasadhlp.dll
0x00007ff9e6de0000 - 0x00007ff9e6e63000 	C:\WINDOWS\System32\fwpuclnt.dll

dbghelp: loaded successfully - version: 4.0.5 - missing functions: none
symbol engine: initialized successfully - sym options: 0x614 - pdb path: .;C:\Users\HP 14S-FQ1001NU\.jdks\openjdk-21.0.2\bin;C:\WINDOWS\SYSTEM32;C:\WINDOWS\WinSxS\amd64_microsoft.windows.common-controls_6595b64144ccf1df_6.0.22621.3672_none_2713b9d173822955;C:\Users\HP 14S-FQ1001NU\.jdks\openjdk-21.0.2\bin\server;C:\Program Files\JetBrains\IntelliJ IDEA Community Edition 2023.3.4\bin

VM Arguments:
jvm_args: -javaagent:C:\Program Files\JetBrains\IntelliJ IDEA Community Edition 2023.3.4\lib\idea_rt.jar=50724:C:\Program Files\JetBrains\IntelliJ IDEA Community Edition 2023.3.4\bin -Dfile.encoding=UTF-8 -Dsun.stdout.encoding=UTF-8 -Dsun.stderr.encoding=UTF-8 
java_command: bg.fmi.javaweb.sportstournamentorganizer.SportsTournamentOrganizerApplication
java_class_path (initial): C:\Users\HP 14S-FQ1001NU\IdeaProjects\local_java_repo\target\classes;C:\Users\HP 14S-FQ1001NU\.m2\repository\org\springframework\boot\spring-boot-starter-web\3.3.0\spring-boot-starter-web-3.3.0.jar;C:\Users\HP 14S-FQ1001NU\.m2\repository\org\springframework\boot\spring-boot-starter\3.3.0\spring-boot-starter-3.3.0.jar;C:\Users\HP 14S-FQ1001NU\.m2\repository\org\springframework\boot\spring-boot-starter-logging\3.3.0\spring-boot-starter-logging-3.3.0.jar;C:\Users\HP 14S-FQ1001NU\.m2\repository\ch\qos\logback\logback-classic\1.5.6\logback-classic-1.5.6.jar;C:\Users\HP 14S-FQ1001NU\.m2\repository\ch\qos\logback\logback-core\1.5.6\logback-core-1.5.6.jar;C:\Users\HP 14S-FQ1001NU\.m2\repository\org\apache\logging\log4j\log4j-to-slf4j\2.23.1\log4j-to-slf4j-2.23.1.jar;C:\Users\HP 14S-FQ1001NU\.m2\repository\org\apache\logging\log4j\log4j-api\2.23.1\log4j-api-2.23.1.jar;C:\Users\HP 14S-FQ1001NU\.m2\repository\org\slf4j\jul-to-slf4j\2.0.13\jul-to-slf4j-2.0.13.jar;C:\Users\HP 14S-FQ1001NU\.m2\repository\jakarta\annotation\jakarta.annotation-api\2.1.1\jakarta.annotation-api-2.1.1.jar;C:\Users\HP 14S-FQ1001NU\.m2\repository\org\yaml\snakeyaml\2.2\snakeyaml-2.2.jar;C:\Users\HP 14S-FQ1001NU\.m2\repository\org\springframework\boot\spring-boot-starter-json\3.3.0\spring-boot-starter-json-3.3.0.jar;C:\Users\HP 14S-FQ1001NU\.m2\repository\com\fasterxml\jackson\core\jackson-databind\2.17.1\jackson-databind-2.17.1.jar;C:\Users\HP 14S-FQ1001NU\.m2\repository\com\fasterxml\jackson\core\jackson-annotations\2.17.1\jackson-annotations-2.17.1.jar;C:\Users\HP 14S-FQ1001NU\.m2\repository\com\fasterxml\jackson\core\jackson-core\2.17.1\jackson-core-2.17.1.jar;C:\Users\HP 14S-FQ1001NU\.m2\repository\com\fasterxml\jackson\datatype\jackson-datatype-jdk8\2.17.1\jackson-datatype-jdk8-2.17.1.jar;C:\Users\HP 14S-FQ1001NU\.m2\repository\com\fasterxml\jackson\datatype\jackson-datatype-jsr310\2.17.1\jackson-datatype-jsr310-2.17.1.jar;C:\Users\HP 14S-FQ1001NU\.m2\repository\com\fasterxml\jackson\module\jackson-module-parameter-names\2.17.1\jackson-module-parameter-names-2.17.1.jar;C:\Users\HP 14S-FQ1001NU\.m2\repository\org\springframework\boot\spring-boot-starter-tomcat\3.3.0\spring-boot-starter-tomcat-3.3.0.jar;C:\Users\HP 14S-FQ1001NU\.m2\repository\org\apache\tomcat\embed\tomcat-embed-core\10.1.24\tomcat-embed-core-10.1.24.jar;C:\Users\HP 14S-FQ1001NU\.m2\repository\org\apache\tomcat\embed\tomcat-embed-el\10.1.24\tomcat-embed-el-10.1.24.jar;C:\Users\HP 14S-FQ1001NU\.m2\repository\org\apache\tomcat\embed\tomcat-embed-websocket\10.1.24\tomcat-embed-websocket-10.1.24.jar;C:\Users\HP 14S-FQ1001NU\.m2\repository\org\springframework\spring-web\6.1.8\spring-web-6.1.8.jar;C:\Users\HP 14S-FQ1001NU\.m2\repository\org\springframework\spring-beans\6.1.8\spring-beans-6.1.8.jar;C:\Users\HP 14S-FQ1001NU\.m2\repository\io\micrometer\micrometer-observation\1.13.0\micrometer-observation-1.13.0.jar;C:\Users\HP 14S-FQ1001NU\.m2\repository\io\micrometer\micrometer-commons\1.13.0\micrometer-commons-1.13.0.jar;C:\Users\HP 14S-FQ1001NU\.m2\repository\org\springframework\spring-webmvc\6.1.8\spring-webmvc-6.1.8.jar;C:\Users\HP 14S-FQ1001NU\.m2\repository\org\springframework\spring-aop\6.1.8\spring-aop-6.1.8.jar;C:\Users\HP 14S-FQ1001NU\.m2\repository\org\springframework\spring-context\6.1.8\spring-context-6.1.8.jar;C:\Users\HP 14S-FQ1001NU\.m2\repository\org\springframework\spring-expression\6.1.8\spring-expression-6.1.8.jar;C:\Users\HP 14S-FQ1001NU\.m2\repository\org\springframework\boot\spring-boot-devtools\3.3.0\spring-boot-devtools-3.3.0.jar;C:\Users\HP 14S-FQ1001NU\.m2\repository\org\springframework\boot\spring-boot\3.3.0\spring-boot-3.3.0.jar;C:\Users\HP 14S-FQ1001NU\.m2\repository\org\springframework\boot\spring-boot-autoconfigure\3.3.0\spring-boot-autoconfigure-3.3.0.jar;C:\Users\HP 14S-FQ1001NU\.m2\repository\org\slf4j\slf4j-api\2.0.13\slf4j-api-2.0.13.jar;C:\Users\HP 14S-FQ1001NU\.m2\repository\jakarta\xml\bind\jakarta.xml.bind-api\4.0.2\jakarta.xml.bind-api-4.0.2.jar;C:\Users\HP 14S-FQ1001NU\.m2\repository\jakarta\activation\jakarta.activation-api\2.1.3\jakarta.activation-api-2.1.3.jar;C:\Users\HP 14S-FQ1001NU\.m2\repository\net\bytebuddy\byte-buddy\1.14.16\byte-buddy-1.14.16.jar;C:\Users\HP 14S-FQ1001NU\.m2\repository\org\springframework\spring-core\6.1.8\spring-core-6.1.8.jar;C:\Users\HP 14S-FQ1001NU\.m2\repository\org\springframework\spring-jcl\6.1.8\spring-jcl-6.1.8.jar;C:\Users\HP 14S-FQ1001NU\.m2\repository\org\mapstruct\mapstruct\1.6.0.Beta1\mapstruct-1.6.0.Beta1.jar;C:\Users\HP 14S-FQ1001NU\.m2\repository\org\mapstruct\mapstruct-processor\1.6.0.Beta1\mapstruct-processor-1.6.0.Beta1.jar;C:\Users\HP 14S-FQ1001NU\.m2\repository\org\postgresql\postgresql\42.7.3\postgresql-42.7.3.jar;C:\Users\HP 14S-FQ1001NU\.m2\repository\org\checkerframework\checker-qual\3.42.0\checker-qual-3.42.0.jar;C:\Users\HP 14S-FQ1001NU\.m2\repository\org\springframework\boot\spring-boot-starter-data-jpa\3.3.0\spring-boot-starter-data-jpa-3.3.0.jar;C:\Users\HP 14S-FQ1001NU\.m2\repository\org\springframework\boot\spring-boot-starter-aop\3.3.0\spring-boot-starter-aop-3.3.0.jar;C:\Users\HP 14S-FQ1001NU\.m2\repository\org\aspectj\aspectjweaver\1.9.22\aspectjweaver-1.9.22.jar;C:\Users\HP 14S-FQ1001NU\.m2\repository\org\springframework\boot\spring-boot-starter-jdbc\3.3.0\spring-boot-starter-jdbc-3.3.0.jar;C:\Users\HP 14S-FQ1001NU\.m2\repository\com\zaxxer\HikariCP\5.1.0\HikariCP-5.1.0.jar;C:\Users\HP 14S-FQ1001NU\.m2\repository\org\springframework\spring-jdbc\6.1.8\spring-jdbc-6.1.8.jar;C:\Users\HP 14S-FQ1001NU\.m2\repository\org\hibernate\orm\hibernate-core\6.5.2.Final\hibernate-core-6.5.2.Final.jar;C:\Users\HP 14S-FQ1001NU\.m2\repository\jakarta\persistence\jakarta.persistence-api\3.1.0\jakarta.persistence-api-3.1.0.jar;C:\Users\HP 14S-FQ1001NU\.m2\repository\jakarta\transaction\jakarta.transaction-api\2.0.1\jakarta.transaction-api-2.0.1.jar;C:\Users\HP 14S-FQ1001NU\.m2\repository\org\jboss\logging\jboss-logging\3.5.3.Final\jboss-logging-3.5.3.Final.jar;C:\Users\HP 14S-FQ1001NU\.m2\repository\org\hibernate\common\hibernate-commons-annotations\6.0.6.Final\hibernate-commons-annotations-6.0.6.Final.jar;C:\Users\HP 14S-FQ1001NU\.m2\repository\io\smallrye\jandex\3.1.2\jandex-3.1.2.jar;C:\Users\HP 14S-FQ1001NU\.m2\repository\com\fasterxml\classmate\1.7.0\classmate-1.7.0.jar;C:\Users\HP 14S-FQ1001NU\.m2\repository\org\glassfish\jaxb\jaxb-runtime\4.0.5\jaxb-runtime-4.0.5.jar;C:\Users\HP 14S-FQ1001NU\.m2\repository\org\glassfish\jaxb\jaxb-core\4.0.5\jaxb-core-4.0.5.jar;C:\Users\HP 14S-FQ1001NU\.m2\repository\org\eclipse\angus\angus-activation\2.0.2\angus-activation-2.0.2.jar;C:\Users\HP 14S-FQ1001NU\.m2\repository\org\glassfish\jaxb\txw2\4.0.5\txw2-4.0.5.jar;C:\Users\HP 14S-FQ1001NU\.m2\repository\com\sun\istack\istack-commons-runtime\4.1.2\istack-commons-runtime-4.1.2.jar;C:\Users\HP 14S-FQ1001NU\.m2\repository\jakarta\inject\jakarta.inject-api\2.0.1\jakarta.inject-api-2.0.1.jar;C:\Users\HP 14S-FQ1001NU\.m2\repository\org\antlr\antlr4-runtime\4.13.0\antlr4-runtime-4.13.0.jar;C:\Users\HP 14S-FQ1001NU\.m2\repository\org\springframework\data\spring-data-jpa\3.3.0\spring-data-jpa-3.3.0.jar;C:\Users\HP 14S-FQ1001NU\.m2\repository\org\springframework\data\spring-data-commons\3.3.0\spring-data-commons-3.3.0.jar;C:\Users\HP 14S-FQ1001NU\.m2\repository\org\springframework\spring-orm\6.1.8\spring-orm-6.1.8.jar;C:\Users\HP 14S-FQ1001NU\.m2\repository\org\springframework\spring-tx\6.1.8\spring-tx-6.1.8.jar;C:\Users\HP 14S-FQ1001NU\.m2\repository\org\springframework\spring-aspects\6.1.8\spring-aspects-6.1.8.jar;C:\Users\HP 14S-FQ1001NU\.m2\repository\org\jetbrains\annotations\24.1.0\annotations-24.1.0.jar
Launcher Type: SUN_STANDARD

[Global flags]
     intx CICompilerCount                          = 4                                         {product} {ergonomic}
     uint ConcGCThreads                            = 2                                         {product} {ergonomic}
     uint G1ConcRefinementThreads                  = 8                                         {product} {ergonomic}
   size_t G1HeapRegionSize                         = 1048576                                   {product} {ergonomic}
    uintx GCDrainStackTargetSize                   = 64                                        {product} {ergonomic}
   size_t InitialHeapSize                          = 123731968                                 {product} {ergonomic}
   size_t MarkStackSize                            = 4194304                                   {product} {ergonomic}
   size_t MaxHeapSize                              = 1967128576                                {product} {ergonomic}
   size_t MaxNewSize                               = 1179648000                                {product} {ergonomic}
   size_t MinHeapDeltaBytes                        = 1048576                                   {product} {ergonomic}
   size_t MinHeapSize                              = 8388608                                   {product} {ergonomic}
    uintx NonNMethodCodeHeapSize                   = 5839372                                {pd product} {ergonomic}
    uintx NonProfiledCodeHeapSize                  = 122909434                              {pd product} {ergonomic}
    uintx ProfiledCodeHeapSize                     = 122909434                              {pd product} {ergonomic}
    uintx ReservedCodeCacheSize                    = 251658240                              {pd product} {ergonomic}
     bool SegmentedCodeCache                       = true                                      {product} {ergonomic}
   size_t SoftMaxHeapSize                          = 1967128576                             {manageable} {ergonomic}
     bool UseCompressedOops                        = true                           {product lp64_product} {ergonomic}
     bool UseG1GC                                  = true                                      {product} {ergonomic}
     bool UseLargePagesIndividualAllocation        = false                                  {pd product} {ergonomic}

Logging:
Log output configuration:
 #0: stdout all=warning uptime,level,tags foldmultilines=false
 #1: stderr all=off uptime,level,tags foldmultilines=false

Environment Variables:
PATH=C:\Program Files (x86)\Cuminas\Document Express DjVu Plug-in\;C:\WINDOWS\system32;C:\WINDOWS;C:\WINDOWS\System32\Wbem;C:\WINDOWS\System32\WindowsPowerShell\v1.0\;C:\WINDOWS\System32\OpenSSH\;C:\Program Files\Git\cmd;C:\Program Files\Microsoft SQL Server\150\Tools\Binn\;C:\mysys64\mingw64\bin;C:\Program Files\PuTTY\;C:\Program Files (x86)\Microsoft SQL Server\160\Tools\Binn\;C:\Program Files\Microsoft SQL Server\160\Tools\Binn\;C:\Program Files\Microsoft SQL Server\Client SDK\ODBC\170\Tools\Binn\;C:\Program Files\Microsoft SQL Server\160\DTS\Binn\;C:\Program Files (x86)\Microsoft SQL Server\160\DTS\Binn\;C:\Program Files\Azure Data Studio\bin;C:\MinGW\bin;C:\Program Files\dotnet\;C:\Program Files\nodejs\;C:\php;C:\Users\HP 14S-FQ1001NU\AppData\Local\Programs\Python\Launcher\;C:\Users\HP 14S-FQ1001NU\AppData\Local\Microsoft\WindowsApps;C:\Users\HP 14S-FQ1001NU\AppData\Local\GitHubDesktop\bin;C:\Users\HP 14S-FQ1001NU\AppData\Local\Programs\Microsoft VS Code\bin;C:\Program Files\JetBrains\IntelliJ IDEA 2022.2.3\bin;;C:\Program Files\Azure Data Studio\bin;C:\Program Files\JetBrains\CLion 2023.1.3\bin;;C:\ghcup\bin;C:\Users\HP 14S-FQ1001NU\.dotnet\tools;C:\Users\HP 14S-FQ1001NU\AppData\Roaming\npm;C:\Users\HP 14S-FQ1001NU\AppData\Roaming\Microsoft\Windows\Start Menu\Programs\MSYS2 64bit\MSYS2 MSYS.lnk;C:\Program Files\MongoDB\mongosh-2.2.6-win32-x64\bin;C:\php;
USERNAME=HP 14S-FQ1001NU
OS=Windows_NT
PROCESSOR_IDENTIFIER=AMD64 Family 23 Model 104 Stepping 1, AuthenticAMD
TMP=C:\Users\HP14S-~1\AppData\Local\Temp
TEMP=C:\Users\HP14S-~1\AppData\Local\Temp




Periodic native trim disabled

---------------  S Y S T E M  ---------------

OS:
 Windows 11 , 64 bit Build 22621 (10.0.22621.3672)
OS uptime: 0 days 2:16 hours
Hyper-V role detected

CPU: total 8 (initial active 8) (8 cores per cpu, 2 threads per core) family 23 model 104 stepping 1 microcode 0x0, cx8, cmov, fxsr, ht, mmx, 3dnowpref, sse, sse2, sse3, ssse3, sse4a, sse4.1, sse4.2, popcnt, lzcnt, tsc, tscinvbit, avx, avx2, aes, clmul, bmi1, bmi2, adx, sha, fma, vzeroupper, clflush, clflushopt, hv, rdtscp, rdpid, f16c
Processor Information for all 8 processors :
  Max Mhz: 2600, Current Mhz: 2600, Mhz Limit: 2600

Memory: 4k page, system-wide physical 7502M (922M free)
TotalPageFile size 10502M (AvailPageFile size 5M)
current process WorkingSet (physical memory assigned to process): 257M, peak: 257M
current process commit charge ("private bytes"): 295M, peak: 295M

vm_info: OpenJDK 64-Bit Server VM (21.0.2+13-58) for windows-amd64 JRE (21.0.2+13-58), built on 2024-01-05T18:32:24Z by "mach5one" with MS VC++ 17.1 (VS2022)

END.
