#
# There is insufficient memory for the Java Runtime Environment to continue.
# Native memory allocation (malloc) failed to allocate 627280 bytes for Chunk::new
# Possible reasons:
#   The system is out of physical RAM or swap space
#   The process is running with CompressedOops enabled, and the Java Heap may be blocking the growth of the native heap
# Possible solutions:
#   Reduce memory load on the system
#   Increase physical memory or swap space
#   Check if swap backing store is full
#   Decrease Java heap size (-Xmx/-Xms)
#   Decrease number of Java threads
#   Decrease Java thread stack sizes (-Xss)
#   Set larger code cache with -XX:ReservedCodeCacheSize=
#   JVM is running with Unscaled Compressed Oops mode in which the Java heap is
#     placed in the first 4GB address space. The Java Heap base address is the
#     maximum limit for the native heap growth. Please use -XX:HeapBaseMinAddress
#     to set the Java Heap base and to place the Java Heap above 4GB virtual address.
# This output file may be truncated or incomplete.
#
#  Out of Memory Error (arena.cpp:168), pid=15728, tid=13128
#
# JRE version: OpenJDK Runtime Environment (21.0.2+13) (build 21.0.2+13-58)
# Java VM: OpenJDK 64-Bit Server VM (21.0.2+13-58, mixed mode, sharing, tiered, compressed oops, compressed class ptrs, g1 gc, windows-amd64)
# No core dump will be written. Minidumps are not enabled by default on client versions of Windows
#

---------------  S U M M A R Y ------------

Command Line: -javaagent:C:\Program Files\JetBrains\IntelliJ IDEA Community Edition 2023.3.4\lib\idea_rt.jar=54261:C:\Program Files\JetBrains\IntelliJ IDEA Community Edition 2023.3.4\bin -Dfile.encoding=UTF-8 -Dsun.stdout.encoding=UTF-8 -Dsun.stderr.encoding=UTF-8 bg.fmi.javaweb.sportstournamentorganizer.SportsTournamentOrganizerApplication

Host: AMD Ryzen 3 5300U with Radeon Graphics         , 8 cores, 7G,  Windows 11 , 64 bit Build 22621 (10.0.22621.3672)
Time: Sat Jun 29 14:23:06 2024  Windows 11 , 64 bit Build 22621 (10.0.22621.3672) elapsed time: 20.192360 seconds (0d 0h 0m 20s)

---------------  T H R E A D  ---------------

Current thread (0x0000024cebb8f0a0):  JavaThread "C2 CompilerThread0" daemon [_thread_in_native, id=13128, stack(0x000000b853600000,0x000000b853700000) (1024K)]


Current CompileTask:
C2:  20192 6627       4       org.springframework.core.ResolvableType::hasGenerics (14 bytes)

Stack: [0x000000b853600000,0x000000b853700000]
Native frames: (J=compiled Java code, j=interpreted, Vv=VM code, C=native code)
V  [jvm.dll+0x6cade9]
V  [jvm.dll+0x8569c1]
V  [jvm.dll+0x858d2e]
V  [jvm.dll+0x859413]
V  [jvm.dll+0x280e56]
V  [jvm.dll+0xc3f3d]
V  [jvm.dll+0xc4473]
V  [jvm.dll+0x13fa0f]
V  [jvm.dll+0x65b9f5]
V  [jvm.dll+0x659f0d]
V  [jvm.dll+0x249a55]
V  [jvm.dll+0x2491b1]
V  [jvm.dll+0x1c9634]
V  [jvm.dll+0x258859]
V  [jvm.dll+0x256e3a]
V  [jvm.dll+0x3ef6c6]
V  [jvm.dll+0x7ff568]
V  [jvm.dll+0x6c953d]
C  [ucrtbase.dll+0x29333]
C  [KERNEL32.DLL+0x1257d]
C  [ntdll.dll+0x5af28]


---------------  P R O C E S S  ---------------

Threads class SMR info:
_java_thread_list=0x0000024cf120eac0, length=31, elements={
0x0000024cebb7a1e0, 0x0000024cebb7af00, 0x0000024cebb7dd60, 0x0000024cebb7ec50,
0x0000024cebb816c0, 0x0000024cebb8b140, 0x0000024cebb8f0a0, 0x0000024cebb8fb40,
0x0000024cf00c9450, 0x0000024cf017d450, 0x0000024cf03e98f0, 0x0000024cf08557e0,
0x0000024cf0856500, 0x0000024cf0856b90, 0x0000024cf0857220, 0x0000024cf0857f40,
0x0000024cf3406970, 0x0000024cf3407690, 0x0000024cf3405c50, 0x0000024cf3408a40,
0x0000024cf3407000, 0x0000024cf3404210, 0x0000024cf3407d20, 0x0000024cf3409760,
0x0000024cf34083b0, 0x0000024cf34090d0, 0x0000024cf34034f0, 0x0000024cf34055c0,
0x0000024cf3403b80, 0x0000024cf34048a0, 0x0000024cf3404f30
}

Java Threads: ( => current thread )
  0x0000024cebb7a1e0 JavaThread "Reference Handler"          daemon [_thread_blocked, id=22728, stack(0x000000b853000000,0x000000b853100000) (1024K)]
  0x0000024cebb7af00 JavaThread "Finalizer"                  daemon [_thread_blocked, id=24228, stack(0x000000b853100000,0x000000b853200000) (1024K)]
  0x0000024cebb7dd60 JavaThread "Signal Dispatcher"          daemon [_thread_blocked, id=4676, stack(0x000000b853200000,0x000000b853300000) (1024K)]
  0x0000024cebb7ec50 JavaThread "Attach Listener"            daemon [_thread_blocked, id=20812, stack(0x000000b853300000,0x000000b853400000) (1024K)]
  0x0000024cebb816c0 JavaThread "Service Thread"             daemon [_thread_blocked, id=18644, stack(0x000000b853400000,0x000000b853500000) (1024K)]
  0x0000024cebb8b140 JavaThread "Monitor Deflation Thread"   daemon [_thread_blocked, id=20972, stack(0x000000b853500000,0x000000b853600000) (1024K)]
=>0x0000024cebb8f0a0 JavaThread "C2 CompilerThread0"         daemon [_thread_in_native, id=13128, stack(0x000000b853600000,0x000000b853700000) (1024K)]
  0x0000024cebb8fb40 JavaThread "C1 CompilerThread0"         daemon [_thread_blocked, id=19748, stack(0x000000b853700000,0x000000b853800000) (1024K)]
  0x0000024cf00c9450 JavaThread "Common-Cleaner"             daemon [_thread_blocked, id=23092, stack(0x000000b853800000,0x000000b853900000) (1024K)]
  0x0000024cf017d450 JavaThread "Monitor Ctrl-Break"         daemon [_thread_in_native, id=24060, stack(0x000000b853a00000,0x000000b853b00000) (1024K)]
  0x0000024cf03e98f0 JavaThread "Notification Thread"        daemon [_thread_blocked, id=20464, stack(0x000000b853b00000,0x000000b853c00000) (1024K)]
  0x0000024cf08557e0 JavaThread "Catalina-utility-1"                [_thread_blocked, id=21936, stack(0x000000b854600000,0x000000b854700000) (1024K)]
  0x0000024cf0856500 JavaThread "Catalina-utility-2"                [_thread_blocked, id=14112, stack(0x000000b854700000,0x000000b854800000) (1024K)]
  0x0000024cf0856b90 JavaThread "http-nio-8080-exec-1"       daemon [_thread_blocked, id=11712, stack(0x000000b854800000,0x000000b854900000) (1024K)]
  0x0000024cf0857220 JavaThread "http-nio-8080-exec-2"       daemon [_thread_blocked, id=12800, stack(0x000000b854900000,0x000000b854a00000) (1024K)]
  0x0000024cf0857f40 JavaThread "http-nio-8080-exec-3"       daemon [_thread_blocked, id=1660, stack(0x000000b854a00000,0x000000b854b00000) (1024K)]
  0x0000024cf3406970 JavaThread "http-nio-8080-exec-4"       daemon [_thread_blocked, id=23876, stack(0x000000b854b00000,0x000000b854c00000) (1024K)]
  0x0000024cf3407690 JavaThread "http-nio-8080-exec-5"       daemon [_thread_blocked, id=13596, stack(0x000000b854c00000,0x000000b854d00000) (1024K)]
  0x0000024cf3405c50 JavaThread "http-nio-8080-exec-6"       daemon [_thread_blocked, id=4600, stack(0x000000b854d00000,0x000000b854e00000) (1024K)]
  0x0000024cf3408a40 JavaThread "http-nio-8080-exec-7"       daemon [_thread_blocked, id=4548, stack(0x000000b854e00000,0x000000b854f00000) (1024K)]
  0x0000024cf3407000 JavaThread "http-nio-8080-exec-8"       daemon [_thread_blocked, id=4472, stack(0x000000b854f00000,0x000000b855000000) (1024K)]
  0x0000024cf3404210 JavaThread "http-nio-8080-exec-9"       daemon [_thread_blocked, id=23008, stack(0x000000b855000000,0x000000b855100000) (1024K)]
  0x0000024cf3407d20 JavaThread "http-nio-8080-exec-10"      daemon [_thread_blocked, id=23848, stack(0x000000b855100000,0x000000b855200000) (1024K)]
  0x0000024cf3409760 JavaThread "container-0"                       [_thread_blocked, id=1596, stack(0x000000b855200000,0x000000b855300000) (1024K)]
  0x0000024cf34083b0 JavaThread "PostgreSQL-JDBC-Cleaner"    daemon [_thread_blocked, id=7428, stack(0x000000b855400000,0x000000b855500000) (1024K)]
  0x0000024cf34090d0 JavaThread "HikariPool-1 housekeeper"   daemon [_thread_blocked, id=21404, stack(0x000000b855500000,0x000000b855600000) (1024K)]
  0x0000024cf34034f0 JavaThread "File Watcher"               daemon [_thread_blocked, id=11256, stack(0x000000b855700000,0x000000b855800000) (1024K)]
  0x0000024cf34055c0 JavaThread "Live Reload Server"         daemon [_thread_in_native, id=13792, stack(0x000000b855900000,0x000000b855a00000) (1024K)]
  0x0000024cf3403b80 JavaThread "http-nio-8080-Poller"       daemon [_thread_in_native, id=19676, stack(0x000000b855800000,0x000000b855900000) (1024K)]
  0x0000024cf34048a0 JavaThread "http-nio-8080-Acceptor"     daemon [_thread_in_native, id=16144, stack(0x000000b855a00000,0x000000b855b00000) (1024K)]
  0x0000024cf3404f30 JavaThread "DestroyJavaVM"                     [_thread_blocked, id=12628, stack(0x000000b852800000,0x000000b852900000) (1024K)]
Total: 31

Other Threads:
  0x0000024cebb557b0 VMThread "VM Thread"                           [id=21008, stack(0x000000b852f00000,0x000000b853000000) (1024K)]
  0x0000024cebb3cea0 WatcherThread "VM Periodic Task Thread"        [id=7748, stack(0x000000b852e00000,0x000000b852f00000) (1024K)]
  0x0000024ccd59c7f0 WorkerThread "GC Thread#0"                     [id=21780, stack(0x000000b852900000,0x000000b852a00000) (1024K)]
  0x0000024cebb54cd0 WorkerThread "GC Thread#1"                     [id=23828, stack(0x000000b853e00000,0x000000b853f00000) (1024K)]
  0x0000024cebb55410 WorkerThread "GC Thread#2"                     [id=13176, stack(0x000000b853f00000,0x000000b854000000) (1024K)]
  0x0000024cebb55070 WorkerThread "GC Thread#3"                     [id=18624, stack(0x000000b854000000,0x000000b854100000) (1024K)]
  0x0000024cebb55b50 WorkerThread "GC Thread#4"                     [id=21588, stack(0x000000b854100000,0x000000b854200000) (1024K)]
  0x0000024cebb54590 WorkerThread "GC Thread#5"                     [id=20108, stack(0x000000b854200000,0x000000b854300000) (1024K)]
  0x0000024cebb55ef0 WorkerThread "GC Thread#6"                     [id=11688, stack(0x000000b854400000,0x000000b854500000) (1024K)]
  0x0000024cf154af40 WorkerThread "GC Thread#7"                     [id=14444, stack(0x000000b854500000,0x000000b854600000) (1024K)]
  0x0000024ccd3edc30 ConcurrentGCThread "G1 Main Marker"            [id=11220, stack(0x000000b852a00000,0x000000b852b00000) (1024K)]
  0x0000024ccd5a87a0 WorkerThread "G1 Conc#0"                       [id=20504, stack(0x000000b852b00000,0x000000b852c00000) (1024K)]
  0x0000024cf154cc40 WorkerThread "G1 Conc#1"                       [id=2228, stack(0x000000b854300000,0x000000b854400000) (1024K)]
  0x0000024ccd5fe9e0 ConcurrentGCThread "G1 Refine#0"               [id=9200, stack(0x000000b852c00000,0x000000b852d00000) (1024K)]
  0x0000024ceba14b50 ConcurrentGCThread "G1 Service"                [id=10504, stack(0x000000b852d00000,0x000000b852e00000) (1024K)]
Total: 15

Threads with active compile tasks:
C2 CompilerThread0    20206 6627       4       org.springframework.core.ResolvableType::hasGenerics (14 bytes)
Total: 1

VM state: not at safepoint (normal execution)

VM Mutex/Monitor currently owned by a thread: None

Heap address: 0x000000008ac00000, size: 1876 MB, Compressed Oops mode: 32-bit

CDS archive(s) mapped at: [0x0000024c80000000-0x0000024c80c90000-0x0000024c80c90000), size 13172736, SharedBaseAddress: 0x0000024c80000000, ArchiveRelocationMode: 1.
Compressed class space mapped at: 0x0000024c81000000-0x0000024cc1000000, reserved size: 1073741824
Narrow klass base: 0x0000024c80000000, Narrow klass shift: 0, Narrow klass range: 0x100000000

GC Precious Log:
 CardTable entry size: 512
 Card Set container configuration: InlinePtr #cards 5 size 8 Array Of Cards #cards 12 size 40 Howl #buckets 4 coarsen threshold 1843 Howl Bitmap #cards 512 size 80 coarsen threshold 460 Card regions per heap region 1 cards per card region 2048
 CPUs: 8 total, 8 available
 Memory: 7502M
 Large Page Support: Disabled
 NUMA Support: Disabled
 Compressed Oops: Enabled (32-bit)
 Heap Region Size: 1M
 Heap Min Capacity: 8M
 Heap Initial Capacity: 118M
 Heap Max Capacity: 1876M
 Pre-touch: Disabled
 Parallel Workers: 8
 Concurrent Workers: 2
 Concurrent Refinement Workers: 8
 Periodic GC: Disabled

Heap:
 garbage-first heap   total 51200K, used 42007K [0x000000008ac00000, 0x0000000100000000)
  region size 1024K, 16 young (16384K), 2 survivors (2048K)
 Metaspace       used 66901K, committed 67648K, reserved 1114112K
  class space    used 9075K, committed 9408K, reserved 1048576K

Heap Regions: E=young(eden), S=young(survivor), O=old, HS=humongous(starts), HC=humongous(continues), CS=collection set, F=free, TAMS=top-at-mark-start, PB=parsable bottom
|   0|0x000000008ac00000, 0x000000008ad00000, 0x000000008ad00000|100%|HS|  |TAMS 0x000000008ac00000| PB 0x000000008ac00000| Complete 
|   1|0x000000008ad00000, 0x000000008ae00000, 0x000000008ae00000|100%| O|  |TAMS 0x000000008ad00000| PB 0x000000008ad00000| Untracked 
|   2|0x000000008ae00000, 0x000000008af00000, 0x000000008af00000|100%| O|  |TAMS 0x000000008ae00000| PB 0x000000008ae00000| Untracked 
|   3|0x000000008af00000, 0x000000008b000000, 0x000000008b000000|100%| O|  |TAMS 0x000000008af00000| PB 0x000000008af00000| Untracked 
|   4|0x000000008b000000, 0x000000008b100000, 0x000000008b100000|100%| O|  |TAMS 0x000000008b000000| PB 0x000000008b000000| Untracked 
|   5|0x000000008b100000, 0x000000008b200000, 0x000000008b200000|100%| O|  |TAMS 0x000000008b100000| PB 0x000000008b100000| Untracked 
|   6|0x000000008b200000, 0x000000008b300000, 0x000000008b300000|100%| O|  |TAMS 0x000000008b200000| PB 0x000000008b200000| Untracked 
|   7|0x000000008b300000, 0x000000008b400000, 0x000000008b400000|100%| O|  |TAMS 0x000000008b300000| PB 0x000000008b300000| Untracked 
|   8|0x000000008b400000, 0x000000008b500000, 0x000000008b500000|100%| O|  |TAMS 0x000000008b400000| PB 0x000000008b400000| Untracked 
|   9|0x000000008b500000, 0x000000008b600000, 0x000000008b600000|100%| O|  |TAMS 0x000000008b500000| PB 0x000000008b500000| Untracked 
|  10|0x000000008b600000, 0x000000008b700000, 0x000000008b700000|100%| O|  |TAMS 0x000000008b600000| PB 0x000000008b600000| Untracked 
|  11|0x000000008b700000, 0x000000008b800000, 0x000000008b800000|100%| O|  |TAMS 0x000000008b700000| PB 0x000000008b700000| Untracked 
|  12|0x000000008b800000, 0x000000008b900000, 0x000000008b900000|100%| O|  |TAMS 0x000000008b800000| PB 0x000000008b800000| Untracked 
|  13|0x000000008b900000, 0x000000008ba00000, 0x000000008ba00000|100%| O|  |TAMS 0x000000008b900000| PB 0x000000008b900000| Untracked 
|  14|0x000000008ba00000, 0x000000008bb00000, 0x000000008bb00000|100%| O|  |TAMS 0x000000008ba00000| PB 0x000000008ba00000| Untracked 
|  15|0x000000008bb00000, 0x000000008bc00000, 0x000000008bc00000|100%| O|  |TAMS 0x000000008bb00000| PB 0x000000008bb00000| Untracked 
|  16|0x000000008bc00000, 0x000000008bc00000, 0x000000008bd00000|  0%| F|  |TAMS 0x000000008bc00000| PB 0x000000008bc00000| Untracked 
|  17|0x000000008bd00000, 0x000000008be00000, 0x000000008be00000|100%| O|  |TAMS 0x000000008bd00000| PB 0x000000008bd00000| Untracked 
|  18|0x000000008be00000, 0x000000008bf00000, 0x000000008bf00000|100%| O|  |TAMS 0x000000008be00000| PB 0x000000008be00000| Untracked 
|  19|0x000000008bf00000, 0x000000008c000000, 0x000000008c000000|100%| O|  |TAMS 0x000000008bf00000| PB 0x000000008bf00000| Untracked 
|  20|0x000000008c000000, 0x000000008c100000, 0x000000008c100000|100%| O|  |TAMS 0x000000008c000000| PB 0x000000008c000000| Untracked 
|  21|0x000000008c100000, 0x000000008c200000, 0x000000008c200000|100%| O|  |TAMS 0x000000008c100000| PB 0x000000008c100000| Untracked 
|  22|0x000000008c200000, 0x000000008c300000, 0x000000008c300000|100%| O|  |TAMS 0x000000008c200000| PB 0x000000008c200000| Untracked 
|  23|0x000000008c300000, 0x000000008c400000, 0x000000008c400000|100%| O|  |TAMS 0x000000008c300000| PB 0x000000008c300000| Untracked 
|  24|0x000000008c400000, 0x000000008c500000, 0x000000008c500000|100%| O|  |TAMS 0x000000008c400000| PB 0x000000008c400000| Untracked 
|  25|0x000000008c500000, 0x000000008c600000, 0x000000008c600000|100%| O|  |TAMS 0x000000008c500000| PB 0x000000008c500000| Untracked 
|  26|0x000000008c600000, 0x000000008c600000, 0x000000008c700000|  0%| F|  |TAMS 0x000000008c600000| PB 0x000000008c600000| Untracked 
|  27|0x000000008c700000, 0x000000008c700000, 0x000000008c800000|  0%| F|  |TAMS 0x000000008c700000| PB 0x000000008c700000| Untracked 
|  28|0x000000008c800000, 0x000000008c800000, 0x000000008c900000|  0%| F|  |TAMS 0x000000008c800000| PB 0x000000008c800000| Untracked 
|  29|0x000000008c900000, 0x000000008ca00000, 0x000000008ca00000|100%| O|  |TAMS 0x000000008c900000| PB 0x000000008c900000| Untracked 
|  30|0x000000008ca00000, 0x000000008cb00000, 0x000000008cb00000|100%| O|  |TAMS 0x000000008ca00000| PB 0x000000008ca00000| Untracked 
|  31|0x000000008cb00000, 0x000000008cb3ab20, 0x000000008cc00000| 22%| O|  |TAMS 0x000000008cb00000| PB 0x000000008cb00000| Untracked 
|  32|0x000000008cc00000, 0x000000008cc00000, 0x000000008cd00000|  0%| F|  |TAMS 0x000000008cc00000| PB 0x000000008cc00000| Untracked 
|  33|0x000000008cd00000, 0x000000008cdcb3d8, 0x000000008ce00000| 79%| S|CS|TAMS 0x000000008cd00000| PB 0x000000008cd00000| Complete 
|  34|0x000000008ce00000, 0x000000008cf00000, 0x000000008cf00000|100%| S|CS|TAMS 0x000000008ce00000| PB 0x000000008ce00000| Complete 
|  35|0x000000008cf00000, 0x000000008cf00000, 0x000000008d000000|  0%| F|  |TAMS 0x000000008cf00000| PB 0x000000008cf00000| Untracked 
|  36|0x000000008d000000, 0x000000008d0d1e38, 0x000000008d100000| 81%| E|  |TAMS 0x000000008d000000| PB 0x000000008d000000| Complete 
|  37|0x000000008d100000, 0x000000008d200000, 0x000000008d200000|100%| E|CS|TAMS 0x000000008d100000| PB 0x000000008d100000| Complete 
|  38|0x000000008d200000, 0x000000008d300000, 0x000000008d300000|100%| E|  |TAMS 0x000000008d200000| PB 0x000000008d200000| Complete 
|  39|0x000000008d300000, 0x000000008d400000, 0x000000008d400000|100%| E|CS|TAMS 0x000000008d300000| PB 0x000000008d300000| Complete 
|  40|0x000000008d400000, 0x000000008d500000, 0x000000008d500000|100%| E|CS|TAMS 0x000000008d400000| PB 0x000000008d400000| Complete 
|  41|0x000000008d500000, 0x000000008d600000, 0x000000008d600000|100%| E|CS|TAMS 0x000000008d500000| PB 0x000000008d500000| Complete 
|  63|0x000000008eb00000, 0x000000008ec00000, 0x000000008ec00000|100%| E|CS|TAMS 0x000000008eb00000| PB 0x000000008eb00000| Complete 
|  64|0x000000008ec00000, 0x000000008ed00000, 0x000000008ed00000|100%| E|CS|TAMS 0x000000008ec00000| PB 0x000000008ec00000| Complete 
|  65|0x000000008ed00000, 0x000000008ee00000, 0x000000008ee00000|100%| E|CS|TAMS 0x000000008ed00000| PB 0x000000008ed00000| Complete 
|  66|0x000000008ee00000, 0x000000008ef00000, 0x000000008ef00000|100%| E|CS|TAMS 0x000000008ee00000| PB 0x000000008ee00000| Complete 
|  67|0x000000008ef00000, 0x000000008f000000, 0x000000008f000000|100%| E|CS|TAMS 0x000000008ef00000| PB 0x000000008ef00000| Complete 
|  68|0x000000008f000000, 0x000000008f100000, 0x000000008f100000|100%| E|CS|TAMS 0x000000008f000000| PB 0x000000008f000000| Complete 
|  69|0x000000008f100000, 0x000000008f200000, 0x000000008f200000|100%| E|CS|TAMS 0x000000008f100000| PB 0x000000008f100000| Complete 
| 117|0x0000000092100000, 0x0000000092200000, 0x0000000092200000|100%| E|CS|TAMS 0x0000000092100000| PB 0x0000000092100000| Complete 

Card table byte_map: [0x0000024ce6fb0000,0x0000024ce7360000] _byte_map_base: 0x0000024ce6b5a000

Marking Bits: (CMBitMap*) 0x0000024ccd59cef0
 Bits: [0x0000024ce7360000, 0x0000024ce90b0000)

Polling page: 0x0000024ccd600000

Metaspace:

Usage:
  Non-class:     56.47 MB used.
      Class:      8.86 MB used.
       Both:     65.33 MB used.

Virtual space:
  Non-class space:       64.00 MB reserved,      56.88 MB ( 89%) committed,  1 nodes.
      Class space:        1.00 GB reserved,       9.19 MB ( <1%) committed,  1 nodes.
             Both:        1.06 GB reserved,      66.06 MB (  6%) committed. 

Chunk freelists:
   Non-Class:  6.70 MB
       Class:  6.72 MB
        Both:  13.42 MB

MaxMetaspaceSize: unlimited
CompressedClassSpaceSize: 1.00 GB
Initial GC threshold: 21.00 MB
Current GC threshold: 98.12 MB
CDS: on
 - commit_granule_bytes: 65536.
 - commit_granule_words: 8192.
 - virtual_space_node_default_size: 8388608.
 - enlarge_chunks_in_place: 1.
 - use_allocation_guard: 0.


Internal statistics:

num_allocs_failed_limit: 9.
num_arena_births: 996.
num_arena_deaths: 0.
num_vsnodes_births: 2.
num_vsnodes_deaths: 0.
num_space_committed: 1057.
num_space_uncommitted: 0.
num_chunks_returned_to_freelist: 9.
num_chunks_taken_from_freelist: 3467.
num_chunk_merges: 9.
num_chunk_splits: 2480.
num_chunks_enlarged: 1882.
num_inconsistent_stats: 0.

CodeHeap 'non-profiled nmethods': size=120000Kb used=3961Kb max_used=3961Kb free=116038Kb
 bounds [0x0000024cdec70000, 0x0000024cdf050000, 0x0000024ce61a0000]
CodeHeap 'profiled nmethods': size=120000Kb used=11483Kb max_used=11483Kb free=108517Kb
 bounds [0x0000024cd71a0000, 0x0000024cd7ce0000, 0x0000024cde6d0000]
CodeHeap 'non-nmethods': size=5760Kb used=1677Kb max_used=1716Kb free=4082Kb
 bounds [0x0000024cde6d0000, 0x0000024cde940000, 0x0000024cdec70000]
 total_blobs=6703 nmethods=5989 adapters=618
 compilation: enabled
              stopped_count=0, restarted_count=0
 full_count=0

Compilation events (20 events):
Event: 20.055 Thread 0x0000024cebb8fb40 6649       1       org.springframework.core.annotation.AnnotationTypeMapping$MirrorSets$MirrorSet::size (5 bytes)
Event: 20.056 Thread 0x0000024cebb8fb40 nmethod 6649 0x0000024cdf04e210 code [0x0000024cdf04e3a0, 0x0000024cdf04e468]
Event: 20.070 Thread 0x0000024cebb8fb40 6651       3       java.lang.invoke.LambdaFormEditor$TransformKey::packedBytes (92 bytes)
Event: 20.071 Thread 0x0000024cebb8fb40 nmethod 6651 0x0000024cd7cd5610 code [0x0000024cd7cd5800, 0x0000024cd7cd5ba0]
Event: 20.073 Thread 0x0000024cebb8fb40 6652       3       java.util.regex.Pattern$BitClass::is (22 bytes)
Event: 20.073 Thread 0x0000024cebb8fb40 nmethod 6652 0x0000024cd7cd5d10 code [0x0000024cd7cd5ec0, 0x0000024cd7cd6088]
Event: 20.073 Thread 0x0000024cebb8fb40 6653       3       java.lang.invoke.MethodHandles::foldArgumentsWithCombiner (9 bytes)
Event: 20.073 Thread 0x0000024cebb8fb40 nmethod 6653 0x0000024cd7cd6190 code [0x0000024cd7cd6340, 0x0000024cd7cd6478]
Event: 20.073 Thread 0x0000024cebb8fb40 6654       3       java.lang.invoke.BoundMethodHandle$Species_LLLLL::make (18 bytes)
Event: 20.073 Thread 0x0000024cebb8fb40 nmethod 6654 0x0000024cd7cd6510 code [0x0000024cd7cd66c0, 0x0000024cd7cd6890]
Event: 20.073 Thread 0x0000024cebb8fb40 6656       3       java.lang.StringBuilder::append (8 bytes)
Event: 20.073 Thread 0x0000024cebb8fb40 nmethod 6656 0x0000024cd7cd6990 code [0x0000024cd7cd6b40, 0x0000024cd7cd6c90]
Event: 20.073 Thread 0x0000024cebb8fb40 6657       3       java.lang.AbstractStringBuilder::append (60 bytes)
Event: 20.074 Thread 0x0000024cebb8fb40 nmethod 6657 0x0000024cd7cd6d10 code [0x0000024cd7cd6f00, 0x0000024cd7cd7258]
Event: 20.074 Thread 0x0000024cebb8fb40 6658       3       java.lang.ThreadLocal::remove (8 bytes)
Event: 20.074 Thread 0x0000024cebb8fb40 nmethod 6658 0x0000024cd7cd7390 code [0x0000024cd7cd7560, 0x0000024cd7cd7830]
Event: 20.074 Thread 0x0000024cebb8fb40 6659       3       java.lang.ThreadLocal::remove (16 bytes)
Event: 20.074 Thread 0x0000024cebb8fb40 nmethod 6659 0x0000024cd7cd7990 code [0x0000024cd7cd7b60, 0x0000024cd7cd7db8]
Event: 20.074 Thread 0x0000024cebb8fb40 6655       3       java.lang.invoke.DirectMethodHandle$Holder::invokeStatic (26 bytes)
Event: 20.074 Thread 0x0000024cebb8fb40 nmethod 6655 0x0000024cd7cd7e90 code [0x0000024cd7cd8060, 0x0000024cd7cd85b0]

GC Heap History (20 events):
Event: 4.419 GC heap before
{Heap before GC invocations=5 (full 0):
 garbage-first heap   total 51200K, used 37581K [0x000000008ac00000, 0x0000000100000000)
  region size 1024K, 25 young (25600K), 3 survivors (3072K)
 Metaspace       used 28896K, committed 29376K, reserved 1114112K
  class space    used 3608K, committed 3840K, reserved 1048576K
}
Event: 4.424 GC heap after
{Heap after GC invocations=6 (full 0):
 garbage-first heap   total 51200K, used 17913K [0x000000008ac00000, 0x0000000100000000)
  region size 1024K, 3 young (3072K), 3 survivors (3072K)
 Metaspace       used 28896K, committed 29376K, reserved 1114112K
  class space    used 3608K, committed 3840K, reserved 1048576K
}
Event: 5.071 GC heap before
{Heap before GC invocations=6 (full 0):
 garbage-first heap   total 51200K, used 39417K [0x000000008ac00000, 0x0000000100000000)
  region size 1024K, 25 young (25600K), 3 survivors (3072K)
 Metaspace       used 33326K, committed 33856K, reserved 1114112K
  class space    used 4246K, committed 4480K, reserved 1048576K
}
Event: 5.074 GC heap after
{Heap after GC invocations=7 (full 0):
 garbage-first heap   total 51200K, used 19112K [0x000000008ac00000, 0x0000000100000000)
  region size 1024K, 4 young (4096K), 4 survivors (4096K)
 Metaspace       used 33326K, committed 33856K, reserved 1114112K
  class space    used 4246K, committed 4480K, reserved 1048576K
}
Event: 5.365 GC heap before
{Heap before GC invocations=7 (full 0):
 garbage-first heap   total 51200K, used 27304K [0x000000008ac00000, 0x0000000100000000)
  region size 1024K, 13 young (13312K), 4 survivors (4096K)
 Metaspace       used 35425K, committed 35968K, reserved 1114112K
  class space    used 4595K, committed 4864K, reserved 1048576K
}
Event: 5.368 GC heap after
{Heap after GC invocations=8 (full 0):
 garbage-first heap   total 51200K, used 19418K [0x000000008ac00000, 0x0000000100000000)
  region size 1024K, 2 young (2048K), 2 survivors (2048K)
 Metaspace       used 35425K, committed 35968K, reserved 1114112K
  class space    used 4595K, committed 4864K, reserved 1048576K
}
Event: 6.152 GC heap before
{Heap before GC invocations=9 (full 0):
 garbage-first heap   total 51200K, used 42970K [0x000000008ac00000, 0x0000000100000000)
  region size 1024K, 25 young (25600K), 2 survivors (2048K)
 Metaspace       used 41999K, committed 42560K, reserved 1114112K
  class space    used 5503K, committed 5760K, reserved 1048576K
}
Event: 6.156 GC heap after
{Heap after GC invocations=10 (full 0):
 garbage-first heap   total 51200K, used 20921K [0x000000008ac00000, 0x0000000100000000)
  region size 1024K, 4 young (4096K), 4 survivors (4096K)
 Metaspace       used 41999K, committed 42560K, reserved 1114112K
  class space    used 5503K, committed 5760K, reserved 1048576K
}
Event: 6.770 GC heap before
{Heap before GC invocations=10 (full 0):
 garbage-first heap   total 51200K, used 41401K [0x000000008ac00000, 0x0000000100000000)
  region size 1024K, 25 young (25600K), 4 survivors (4096K)
 Metaspace       used 47271K, committed 47872K, reserved 1114112K
  class space    used 6296K, committed 6592K, reserved 1048576K
}
Event: 6.775 GC heap after
{Heap after GC invocations=11 (full 0):
 garbage-first heap   total 51200K, used 22172K [0x000000008ac00000, 0x0000000100000000)
  region size 1024K, 4 young (4096K), 4 survivors (4096K)
 Metaspace       used 47271K, committed 47872K, reserved 1114112K
  class space    used 6296K, committed 6592K, reserved 1048576K
}
Event: 7.276 GC heap before
{Heap before GC invocations=11 (full 0):
 garbage-first heap   total 51200K, used 43676K [0x000000008ac00000, 0x0000000100000000)
  region size 1024K, 25 young (25600K), 4 survivors (4096K)
 Metaspace       used 51615K, committed 52288K, reserved 1114112K
  class space    used 6930K, committed 7232K, reserved 1048576K
}
Event: 7.279 GC heap after
{Heap after GC invocations=12 (full 0):
 garbage-first heap   total 51200K, used 22995K [0x000000008ac00000, 0x0000000100000000)
  region size 1024K, 3 young (3072K), 3 survivors (3072K)
 Metaspace       used 51615K, committed 52288K, reserved 1114112K
  class space    used 6930K, committed 7232K, reserved 1048576K
}
Event: 7.779 GC heap before
{Heap before GC invocations=12 (full 0):
 garbage-first heap   total 51200K, used 43475K [0x000000008ac00000, 0x0000000100000000)
  region size 1024K, 23 young (23552K), 3 survivors (3072K)
 Metaspace       used 56253K, committed 56960K, reserved 1114112K
  class space    used 7575K, committed 7872K, reserved 1048576K
}
Event: 7.783 GC heap after
{Heap after GC invocations=13 (full 0):
 garbage-first heap   total 51200K, used 24524K [0x000000008ac00000, 0x0000000100000000)
  region size 1024K, 3 young (3072K), 3 survivors (3072K)
 Metaspace       used 56253K, committed 56960K, reserved 1114112K
  class space    used 7575K, committed 7872K, reserved 1048576K
}
Event: 8.177 GC heap before
{Heap before GC invocations=13 (full 0):
 garbage-first heap   total 51200K, used 38860K [0x000000008ac00000, 0x0000000100000000)
  region size 1024K, 18 young (18432K), 3 survivors (3072K)
 Metaspace       used 59520K, committed 60160K, reserved 1114112K
  class space    used 8023K, committed 8320K, reserved 1048576K
}
Event: 8.181 GC heap after
{Heap after GC invocations=14 (full 0):
 garbage-first heap   total 51200K, used 26049K [0x000000008ac00000, 0x0000000100000000)
  region size 1024K, 3 young (3072K), 3 survivors (3072K)
 Metaspace       used 59520K, committed 60160K, reserved 1114112K
  class space    used 8023K, committed 8320K, reserved 1048576K
}
Event: 8.637 GC heap before
{Heap before GC invocations=15 (full 0):
 garbage-first heap   total 51200K, used 44481K [0x000000008ac00000, 0x0000000100000000)
  region size 1024K, 21 young (21504K), 3 survivors (3072K)
 Metaspace       used 60975K, committed 61632K, reserved 1114112K
  class space    used 8250K, committed 8512K, reserved 1048576K
}
Event: 8.641 GC heap after
{Heap after GC invocations=16 (full 0):
 garbage-first heap   total 51200K, used 28441K [0x000000008ac00000, 0x0000000100000000)
  region size 1024K, 3 young (3072K), 3 survivors (3072K)
 Metaspace       used 60975K, committed 61632K, reserved 1114112K
  class space    used 8250K, committed 8512K, reserved 1048576K
}
Event: 8.954 GC heap before
{Heap before GC invocations=16 (full 0):
 garbage-first heap   total 51200K, used 43801K [0x000000008ac00000, 0x0000000100000000)
  region size 1024K, 18 young (18432K), 3 survivors (3072K)
 Metaspace       used 62760K, committed 63424K, reserved 1114112K
  class space    used 8492K, committed 8768K, reserved 1048576K
}
Event: 8.958 GC heap after
{Heap after GC invocations=17 (full 0):
 garbage-first heap   total 51200K, used 29719K [0x000000008ac00000, 0x0000000100000000)
  region size 1024K, 2 young (2048K), 2 survivors (2048K)
 Metaspace       used 62760K, committed 63424K, reserved 1114112K
  class space    used 8492K, committed 8768K, reserved 1048576K
}

Dll operation events (14 events):
Event: 0.015 Loaded shared library C:\Users\HP 14S-FQ1001NU\.jdks\openjdk-21.0.2\bin\java.dll
Event: 0.056 Loaded shared library C:\Users\HP 14S-FQ1001NU\.jdks\openjdk-21.0.2\bin\jsvml.dll
Event: 0.187 Loaded shared library C:\Users\HP 14S-FQ1001NU\.jdks\openjdk-21.0.2\bin\zip.dll
Event: 0.192 Loaded shared library C:\Users\HP 14S-FQ1001NU\.jdks\openjdk-21.0.2\bin\instrument.dll
Event: 0.201 Loaded shared library C:\Users\HP 14S-FQ1001NU\.jdks\openjdk-21.0.2\bin\net.dll
Event: 0.205 Loaded shared library C:\Users\HP 14S-FQ1001NU\.jdks\openjdk-21.0.2\bin\nio.dll
Event: 0.209 Loaded shared library C:\Users\HP 14S-FQ1001NU\.jdks\openjdk-21.0.2\bin\zip.dll
Event: 0.341 Loaded shared library C:\Program Files\JetBrains\IntelliJ IDEA Community Edition 2023.3.4\bin\breakgen64.dll
Event: 0.354 Loaded shared library C:\Users\HP 14S-FQ1001NU\.jdks\openjdk-21.0.2\bin\extnet.dll
Event: 0.405 Loaded shared library C:\Users\HP 14S-FQ1001NU\.jdks\openjdk-21.0.2\bin\jimage.dll
Event: 0.804 Loaded shared library C:\Users\HP 14S-FQ1001NU\.jdks\openjdk-21.0.2\bin\management.dll
Event: 0.807 Loaded shared library C:\Users\HP 14S-FQ1001NU\.jdks\openjdk-21.0.2\bin\management_ext.dll
Event: 1.914 Loaded shared library C:\Users\HP 14S-FQ1001NU\.jdks\openjdk-21.0.2\bin\sunmscapi.dll
Event: 5.140 Loaded shared library C:\Users\HP 14S-FQ1001NU\.jdks\openjdk-21.0.2\bin\verify.dll

Deoptimization events (20 events):
Event: 8.991 Thread 0x0000024cf0855e70 Uncommon trap: trap_request=0xffffffde fr.pc=0x0000024cdee62668 relative=0x0000000000000308
Event: 8.991 Thread 0x0000024cf0855e70 Uncommon trap: reason=class_check action=maybe_recompile pc=0x0000024cdee62668 method=org.springframework.core.ResolvableType.resolveType()Lorg/springframework/core/ResolvableType; @ 44 c2
Event: 8.991 Thread 0x0000024cf0855e70 DEOPT PACKING pc=0x0000024cdee62668 sp=0x000000b853dfe210
Event: 8.991 Thread 0x0000024cf0855e70 DEOPT UNPACKING pc=0x0000024cde7246a2 sp=0x000000b853dfe1a8 mode 2
Event: 19.729 Thread 0x0000024cf0857220 Uncommon trap: trap_request=0xffffff54 fr.pc=0x0000024cdee15b48 relative=0x0000000000003cc8
Event: 19.729 Thread 0x0000024cf0857220 Uncommon trap: reason=speculate_null_assert action=make_not_entrant pc=0x0000024cdee15b48 method=java.lang.invoke.MethodType$ConcurrentWeakInternSet.add(Ljava/lang/Object;)Ljava/lang/Object; @ 47 c2
Event: 19.729 Thread 0x0000024cf0857220 DEOPT PACKING pc=0x0000024cdee15b48 sp=0x000000b8549fe1b0
Event: 19.729 Thread 0x0000024cf0857220 DEOPT UNPACKING pc=0x0000024cde7246a2 sp=0x000000b8549fe158 mode 2
Event: 19.904 Thread 0x0000024cf0857f40 Uncommon trap: trap_request=0xffffff45 fr.pc=0x0000024cdedce0cc relative=0x0000000000001e2c
Event: 19.904 Thread 0x0000024cf0857f40 Uncommon trap: reason=unstable_if action=reinterpret pc=0x0000024cdedce0cc method=java.util.zip.InflaterInputStream.read([BII)I @ 74 c2
Event: 19.904 Thread 0x0000024cf0857f40 DEOPT PACKING pc=0x0000024cdedce0cc sp=0x000000b854af94c0
Event: 19.904 Thread 0x0000024cf0857f40 DEOPT UNPACKING pc=0x0000024cde7246a2 sp=0x000000b854af9500 mode 2
Event: 20.045 Thread 0x0000024cf0857f40 Uncommon trap: trap_request=0xffffff45 fr.pc=0x0000024cdedfd8f4 relative=0x0000000000000394
Event: 20.045 Thread 0x0000024cf0857f40 Uncommon trap: reason=unstable_if action=reinterpret pc=0x0000024cdedfd8f4 method=java.util.StringTokenizer.scanToken(I)I @ 96 c2
Event: 20.045 Thread 0x0000024cf0857f40 DEOPT PACKING pc=0x0000024cdedfd8f4 sp=0x000000b854afb5c0
Event: 20.046 Thread 0x0000024cf0857f40 DEOPT UNPACKING pc=0x0000024cde7246a2 sp=0x000000b854afb550 mode 2
Event: 20.056 Thread 0x0000024cf0857f40 Uncommon trap: trap_request=0xffffff45 fr.pc=0x0000024cdefc8e30 relative=0x00000000000005f0
Event: 20.056 Thread 0x0000024cf0857f40 Uncommon trap: reason=unstable_if action=reinterpret pc=0x0000024cdefc8e30 method=java.util.ArrayList.toArray([Ljava/lang/Object;)[Ljava/lang/Object; @ 45 c2
Event: 20.056 Thread 0x0000024cf0857f40 DEOPT PACKING pc=0x0000024cdefc8e30 sp=0x000000b854afd940
Event: 20.056 Thread 0x0000024cf0857f40 DEOPT UNPACKING pc=0x0000024cde7246a2 sp=0x000000b854afd948 mode 2

Classes loaded (20 events):
Event: 19.727 Loading class java/nio/channels/SelectionKey
Event: 19.727 Loading class java/nio/channels/SelectionKey done
Event: 19.727 Loading class java/nio/channels/spi/AbstractSelectionKey done
Event: 19.727 Loading class sun/nio/ch/SelectionKeyImpl done
Event: 19.727 Loading class java/lang/invoke/ConstantBootstraps
Event: 19.727 Loading class java/lang/invoke/ConstantBootstraps done
Event: 19.887 Loading class java/time/format/DateTimeFormatterBuilder$ZoneTextPrinterParser
Event: 19.888 Loading class java/time/format/DateTimeFormatterBuilder$ZoneTextPrinterParser done
Event: 19.888 Loading class java/time/format/DateTimeFormatterBuilder$ReducedPrinterParser
Event: 19.888 Loading class java/time/format/DateTimeFormatterBuilder$ReducedPrinterParser done
Event: 19.984 Loading class java/util/AbstractMap$SimpleEntry
Event: 19.984 Loading class java/util/AbstractMap$SimpleEntry done
Event: 20.063 Loading class java/util/OptionalLong
Event: 20.063 Loading class java/util/OptionalLong done
Event: 20.063 Loading class java/util/OptionalDouble
Event: 20.063 Loading class java/util/OptionalDouble done
Event: 20.064 Loading class java/util/stream/LongStream
Event: 20.065 Loading class java/util/stream/LongStream done
Event: 20.065 Loading class java/util/stream/DoubleStream
Event: 20.065 Loading class java/util/stream/DoubleStream done

Classes unloaded (0 events):
No events

Classes redefined (0 events):
No events

Internal exceptions (20 events):
Event: 7.709 Thread 0x0000024cf0855e70 Exception <a 'java/lang/NoSuchMethodError'{0x000000008cd7ce18}: 'void java.lang.invoke.Invokers$Holder.invokeExact_MT(java.lang.Object, java.lang.Object, java.lang.Object, java.lang.Object)'> (0x000000008cd7ce18) 
thrown [s\open\src\hotspot\share\interpreter\linkResolver.cpp, line 773]
Event: 7.732 Thread 0x0000024cf0855e70 Implicit null exception at 0x0000024cdefa05f7 to 0x0000024cdefa0860
Event: 7.748 Thread 0x0000024cf0855e70 Implicit null exception at 0x0000024cdef82971 to 0x0000024cdef82ca8
Event: 7.748 Thread 0x0000024cf0855e70 Implicit null exception at 0x0000024cdef8253a to 0x0000024cdef82574
Event: 7.790 Thread 0x0000024cf0855e70 Exception <a 'java/lang/IncompatibleClassChangeError'{0x000000009217e890}: Found class java.lang.Object, but interface was expected> (0x000000009217e890) 
thrown [s\open\src\hotspot\share\interpreter\linkResolver.cpp, line 840]
Event: 7.803 Thread 0x0000024cf0855e70 Exception <a 'java/lang/IncompatibleClassChangeError'{0x00000000921f9bb8}: Found class java.lang.Object, but interface was expected> (0x00000000921f9bb8) 
thrown [s\open\src\hotspot\share\interpreter\linkResolver.cpp, line 840]
Event: 7.850 Thread 0x0000024cf0855e70 Exception <a 'java/lang/IncompatibleClassChangeError'{0x000000008f06a460}: Found class java.lang.Object, but interface was expected> (0x000000008f06a460) 
thrown [s\open\src\hotspot\share\interpreter\linkResolver.cpp, line 840]
Event: 8.056 Thread 0x0000024cf0855e70 Exception <a 'java/lang/IncompatibleClassChangeError'{0x000000008d37a1f0}: Found class java.lang.Object, but interface was expected> (0x000000008d37a1f0) 
thrown [s\open\src\hotspot\share\interpreter\linkResolver.cpp, line 840]
Event: 8.133 Thread 0x0000024cf0855e70 Exception <a 'java/lang/IncompatibleClassChangeError'{0x000000008d058230}: Found class java.lang.Object, but interface was expected> (0x000000008d058230) 
thrown [s\open\src\hotspot\share\interpreter\linkResolver.cpp, line 840]
Event: 8.409 Thread 0x0000024cf0855e70 Exception <a 'java/lang/NoSuchMethodError'{0x000000008d3db7d0}: 'java.lang.Object java.lang.invoke.DirectMethodHandle$Holder.newInvokeSpecial(java.lang.Object, java.lang.Object, java.lang.Object, java.lang.Object, java.lang.Object, java.lang.Object, java.lang.Object, java.lang.Object)'> (0x000000008d3db7d0) 
thrown [s\open\src\hotspot\share\interpreter\linkResolver.cpp, line 773]
Event: 8.694 Thread 0x0000024cf0855e70 Exception <a 'java/lang/IncompatibleClassChangeError'{0x000000008eff5c30}: Found class java.lang.Object, but interface was expected> (0x000000008eff5c30) 
thrown [s\open\src\hotspot\share\interpreter\linkResolver.cpp, line 840]
Event: 8.733 Thread 0x0000024cf0855e70 Exception <a 'java/lang/NoSuchMethodError'{0x000000008ed88448}: 'void java.lang.invoke.DirectMethodHandle$Holder.invokeVirtual(java.lang.Object, java.lang.Object, long)'> (0x000000008ed88448) 
thrown [s\open\src\hotspot\share\interpreter\linkResolver.cpp, line 773]
Event: 8.824 Thread 0x0000024cf0855e70 Exception <a 'java/lang/IncompatibleClassChangeError'{0x000000008d49c218}: Found class java.lang.Object, but interface was expected> (0x000000008d49c218) 
thrown [s\open\src\hotspot\share\interpreter\linkResolver.cpp, line 840]
Event: 8.948 Thread 0x0000024cf0855e70 Exception <a 'java/lang/NoSuchMethodError'{0x000000008cfcdfe0}: 'java.lang.Object java.lang.invoke.DirectMethodHandle$Holder.newInvokeSpecial(java.lang.Object, java.lang.Object, int, java.lang.Object, java.lang.Object)'> (0x000000008cfcdfe0) 
thrown [s\open\src\hotspot\share\interpreter\linkResolver.cpp, line 773]
Event: 8.948 Thread 0x0000024cf0855e70 Exception <a 'java/lang/NoSuchMethodError'{0x000000008cfd8ab0}: 'java.lang.Object java.lang.invoke.DirectMethodHandle$Holder.invokeSpecial(java.lang.Object, java.lang.Object, int, java.lang.Object, int, java.lang.Object)'> (0x000000008cfd8ab0) 
thrown [s\open\src\hotspot\share\interpreter\linkResolver.cpp, line 773]
Event: 8.949 Thread 0x0000024cf0855e70 Exception <a 'java/lang/NoSuchMethodError'{0x000000008cfdfe80}: 'java.lang.Object java.lang.invoke.DirectMethodHandle$Holder.newInvokeSpecial(java.lang.Object, java.lang.Object, int, java.lang.Object, int)'> (0x000000008cfdfe80) 
thrown [s\open\src\hotspot\share\interpreter\linkResolver.cpp, line 773]
Event: 8.949 Thread 0x0000024cf0855e70 Exception <a 'java/lang/NoSuchMethodError'{0x000000008cfe3cf0}: 'java.lang.Object java.lang.invoke.DirectMethodHandle$Holder.invokeSpecial(java.lang.Object, java.lang.Object, java.lang.Object, int, java.lang.Object, int)'> (0x000000008cfe3cf0) 
thrown [s\open\src\hotspot\share\interpreter\linkResolver.cpp, line 773]
Event: 19.763 Thread 0x0000024cf0857f40 Exception <a 'java/lang/NoSuchMethodError'{0x000000008ef806c0}: 'java.lang.Object java.lang.invoke.DirectMethodHandle$Holder.invokeSpecial(java.lang.Object, java.lang.Object, java.lang.Object, java.lang.Object, java.lang.Object, long)'> (0x000000008ef806c0) 
thrown [s\open\src\hotspot\share\interpreter\linkResolver.cpp, line 773]
Event: 19.764 Thread 0x0000024cf0857f40 Exception <a 'java/lang/NoSuchMethodError'{0x000000008ef83e80}: 'java.lang.Object java.lang.invoke.Invokers$Holder.linkToTargetMethod(java.lang.Object, java.lang.Object, java.lang.Object, long, java.lang.Object)'> (0x000000008ef83e80) 
thrown [s\open\src\hotspot\share\interpreter\linkResolver.cpp, line 773]
Event: 19.902 Thread 0x0000024cf0857f40 Exception <a 'java/lang/NoSuchMethodError'{0x000000008ecf4878}: 'void java.lang.invoke.DirectMethodHandle$Holder.invokeStaticInit(java.lang.Object, java.lang.Object, java.lang.Object, java.lang.Object)'> (0x000000008ecf4878) 
thrown [s\open\src\hotspot\share\interpreter\linkResolver.cpp, line 773]

ZGC Phase Switch (0 events):
No events

VM Operations (20 events):
Event: 12.988 Executing VM operation: Cleanup
Event: 12.988 Executing VM operation: Cleanup done
Event: 19.725 Executing VM operation: HandshakeAllThreads (Deoptimize)
Event: 19.725 Executing VM operation: HandshakeAllThreads (Deoptimize) done
Event: 19.783 Executing VM operation: HandshakeAllThreads (Deoptimize)
Event: 19.783 Executing VM operation: HandshakeAllThreads (Deoptimize) done
Event: 19.783 Executing VM operation: Cleanup
Event: 19.783 Executing VM operation: Cleanup done
Event: 19.865 Executing VM operation: HandshakeAllThreads (Deoptimize)
Event: 19.865 Executing VM operation: HandshakeAllThreads (Deoptimize) done
Event: 19.880 Executing VM operation: HandshakeAllThreads (Deoptimize)
Event: 19.880 Executing VM operation: HandshakeAllThreads (Deoptimize) done
Event: 19.965 Executing VM operation: HandshakeAllThreads (Deoptimize)
Event: 19.965 Executing VM operation: HandshakeAllThreads (Deoptimize) done
Event: 19.987 Executing VM operation: HandshakeAllThreads (Deoptimize)
Event: 19.988 Executing VM operation: HandshakeAllThreads (Deoptimize) done
Event: 20.052 Executing VM operation: HandshakeAllThreads (Deoptimize)
Event: 20.052 Executing VM operation: HandshakeAllThreads (Deoptimize) done
Event: 20.057 Executing VM operation: HandshakeAllThreads (Deoptimize)
Event: 20.057 Executing VM operation: HandshakeAllThreads (Deoptimize) done

Events (20 events):
Event: 8.205 Thread 0x0000024cebb557b0 flushing nmethod 0x0000024cded34710
Event: 8.205 Thread 0x0000024cebb557b0 flushing nmethod 0x0000024cded78f10
Event: 8.205 Thread 0x0000024cebb557b0 flushing nmethod 0x0000024cded45c10
Event: 8.205 Thread 0x0000024cebb557b0 flushing nmethod 0x0000024cded4e490
Event: 8.205 Thread 0x0000024cebb557b0 flushing nmethod 0x0000024cdecdfb90
Event: 8.205 Thread 0x0000024cebb557b0 flushing nmethod 0x0000024cdecf1790
Event: 8.205 Thread 0x0000024cebb557b0 flushing nmethod 0x0000024cdecde890
Event: 8.205 Thread 0x0000024cebb557b0 flushing nmethod 0x0000024cdec70010
Event: 8.926 Thread 0x0000024cf34034f0 Thread added: 0x0000024cf34034f0
Event: 8.934 Thread 0x0000024cf34048a0 Thread added: 0x0000024cf34048a0
Event: 8.934 Thread 0x0000024cf34048a0 Thread exited: 0x0000024cf34048a0
Event: 8.934 Thread 0x0000024cf34055c0 Thread added: 0x0000024cf34055c0
Event: 8.975 Thread 0x0000024cf3403b80 Thread added: 0x0000024cf3403b80
Event: 8.976 Thread 0x0000024cf34048a0 Thread added: 0x0000024cf34048a0
Event: 8.995 Thread 0x0000024cf0855e70 Thread exited: 0x0000024cf0855e70
Event: 8.997 Thread 0x0000024cf0855150 Thread exited: 0x0000024cf0855150
Event: 8.997 Thread 0x0000024ccd54b0c0 Thread exited: 0x0000024ccd54b0c0
Event: 8.997 Thread 0x0000024cf3404f30 Thread added: 0x0000024cf3404f30
Event: 9.544 Thread 0x0000024cf1b6c340 Thread exited: 0x0000024cf1b6c340
Event: 11.817 Thread 0x0000024cf34027d0 Thread exited: 0x0000024cf34027d0


Dynamic libraries:
0x00007ff63e6b0000 - 0x00007ff63e6be000 	C:\Users\HP 14S-FQ1001NU\.jdks\openjdk-21.0.2\bin\java.exe
0x00007ffff9990000 - 0x00007ffff9ba7000 	C:\WINDOWS\SYSTEM32\ntdll.dll
0x00007ffff8b00000 - 0x00007ffff8bc4000 	C:\WINDOWS\System32\KERNEL32.DLL
0x00007ffff7140000 - 0x00007ffff74ec000 	C:\WINDOWS\System32\KERNELBASE.dll
0x00007ffff7020000 - 0x00007ffff7131000 	C:\WINDOWS\System32\ucrtbase.dll
0x00007fffdc240000 - 0x00007fffdc258000 	C:\Users\HP 14S-FQ1001NU\.jdks\openjdk-21.0.2\bin\jli.dll
0x00007fffdc2e0000 - 0x00007fffdc2fb000 	C:\Users\HP 14S-FQ1001NU\.jdks\openjdk-21.0.2\bin\VCRUNTIME140.dll
0x00007ffff83d0000 - 0x00007ffff857e000 	C:\WINDOWS\System32\USER32.dll
0x00007ffff6ff0000 - 0x00007ffff7016000 	C:\WINDOWS\System32\win32u.dll
0x00007fffd6ed0000 - 0x00007fffd7163000 	C:\WINDOWS\WinSxS\amd64_microsoft.windows.common-controls_6595b64144ccf1df_6.0.22621.3672_none_2713b9d173822955\COMCTL32.dll
0x00007ffff8c10000 - 0x00007ffff8cb7000 	C:\WINDOWS\System32\msvcrt.dll
0x00007ffff8ad0000 - 0x00007ffff8af9000 	C:\WINDOWS\System32\GDI32.dll
0x00007ffff6cc0000 - 0x00007ffff6dd9000 	C:\WINDOWS\System32\gdi32full.dll
0x00007ffff6f50000 - 0x00007ffff6fea000 	C:\WINDOWS\System32\msvcp_win.dll
0x00007ffff8bd0000 - 0x00007ffff8c01000 	C:\WINDOWS\System32\IMM32.DLL
0x00007fffdc2d0000 - 0x00007fffdc2dc000 	C:\Users\HP 14S-FQ1001NU\.jdks\openjdk-21.0.2\bin\vcruntime140_1.dll
0x00007fffbcaf0000 - 0x00007fffbcb7e000 	C:\Users\HP 14S-FQ1001NU\.jdks\openjdk-21.0.2\bin\msvcp140.dll
0x00007fff751f0000 - 0x00007fff75f07000 	C:\Users\HP 14S-FQ1001NU\.jdks\openjdk-21.0.2\bin\server\jvm.dll
0x00007ffff8fa0000 - 0x00007ffff9052000 	C:\WINDOWS\System32\ADVAPI32.dll
0x00007ffff8590000 - 0x00007ffff863a000 	C:\WINDOWS\System32\sechost.dll
0x00007ffff7570000 - 0x00007ffff7598000 	C:\WINDOWS\System32\bcrypt.dll
0x00007ffff9830000 - 0x00007ffff9945000 	C:\WINDOWS\System32\RPCRT4.dll
0x00007ffff7f30000 - 0x00007ffff7fa1000 	C:\WINDOWS\System32\WS2_32.dll
0x00007ffff6580000 - 0x00007ffff65cd000 	C:\WINDOWS\SYSTEM32\POWRPROF.dll
0x00007fffed490000 - 0x00007fffed49a000 	C:\WINDOWS\SYSTEM32\VERSION.dll
0x00007fffed450000 - 0x00007fffed484000 	C:\WINDOWS\SYSTEM32\WINMM.dll
0x00007ffff6560000 - 0x00007ffff6573000 	C:\WINDOWS\SYSTEM32\UMPDC.dll
0x00007ffff5cd0000 - 0x00007ffff5ce8000 	C:\WINDOWS\SYSTEM32\kernel.appcore.dll
0x00007fffdc220000 - 0x00007fffdc22a000 	C:\Users\HP 14S-FQ1001NU\.jdks\openjdk-21.0.2\bin\jimage.dll
0x00007ffff4620000 - 0x00007ffff4852000 	C:\WINDOWS\SYSTEM32\DBGHELP.DLL
0x00007ffff8640000 - 0x00007ffff89c8000 	C:\WINDOWS\System32\combase.dll
0x00007ffff8e30000 - 0x00007ffff8f07000 	C:\WINDOWS\System32\OLEAUT32.dll
0x00007fffdaa10000 - 0x00007fffdaa42000 	C:\WINDOWS\SYSTEM32\dbgcore.DLL
0x00007ffff74f0000 - 0x00007ffff756b000 	C:\WINDOWS\System32\bcryptPrimitives.dll
0x00007ffff3230000 - 0x00007ffff323f000 	C:\Users\HP 14S-FQ1001NU\.jdks\openjdk-21.0.2\bin\instrument.dll
0x00007fffcc570000 - 0x00007fffcc58f000 	C:\Users\HP 14S-FQ1001NU\.jdks\openjdk-21.0.2\bin\java.dll
0x00007ffff76d0000 - 0x00007ffff7f2c000 	C:\WINDOWS\System32\SHELL32.dll
0x00007ffff4bc0000 - 0x00007ffff54b7000 	C:\WINDOWS\SYSTEM32\windows.storage.dll
0x00007ffff4a80000 - 0x00007ffff4bbf000 	C:\WINDOWS\SYSTEM32\wintypes.dll
0x00007ffff89d0000 - 0x00007ffff8ac4000 	C:\WINDOWS\System32\SHCORE.dll
0x00007ffff9070000 - 0x00007ffff90ce000 	C:\WINDOWS\System32\shlwapi.dll
0x00007ffff6bf0000 - 0x00007ffff6c11000 	C:\WINDOWS\SYSTEM32\profapi.dll
0x00007fffaff40000 - 0x00007fffb0017000 	C:\Users\HP 14S-FQ1001NU\.jdks\openjdk-21.0.2\bin\jsvml.dll
0x00007fffd11d0000 - 0x00007fffd11e8000 	C:\Users\HP 14S-FQ1001NU\.jdks\openjdk-21.0.2\bin\zip.dll
0x00007fffdbde0000 - 0x00007fffdbdf0000 	C:\Users\HP 14S-FQ1001NU\.jdks\openjdk-21.0.2\bin\net.dll
0x00007fffeea60000 - 0x00007fffeeb96000 	C:\WINDOWS\SYSTEM32\WINHTTP.dll
0x00007ffff6160000 - 0x00007ffff61c9000 	C:\WINDOWS\system32\mswsock.dll
0x00007fffd9e70000 - 0x00007fffd9e86000 	C:\Users\HP 14S-FQ1001NU\.jdks\openjdk-21.0.2\bin\nio.dll
0x00007fffdc320000 - 0x00007fffdc33a000 	C:\Program Files\JetBrains\IntelliJ IDEA Community Edition 2023.3.4\bin\breakgen64.dll
0x00007fffd9e60000 - 0x00007fffd9e69000 	C:\Users\HP 14S-FQ1001NU\.jdks\openjdk-21.0.2\bin\extnet.dll
0x00007fffea7d0000 - 0x00007fffea7da000 	C:\Users\HP 14S-FQ1001NU\.jdks\openjdk-21.0.2\bin\management.dll
0x00007fffdc310000 - 0x00007fffdc31b000 	C:\Users\HP 14S-FQ1001NU\.jdks\openjdk-21.0.2\bin\management_ext.dll
0x00007ffff8580000 - 0x00007ffff8588000 	C:\WINDOWS\System32\PSAPI.DLL
0x00007fffdc300000 - 0x00007fffdc30e000 	C:\Users\HP 14S-FQ1001NU\.jdks\openjdk-21.0.2\bin\sunmscapi.dll
0x00007ffff6de0000 - 0x00007ffff6f47000 	C:\WINDOWS\System32\CRYPT32.dll
0x00007ffff6670000 - 0x00007ffff669e000 	C:\WINDOWS\SYSTEM32\ncrypt.dll
0x00007ffff6630000 - 0x00007ffff6667000 	C:\WINDOWS\SYSTEM32\NTASN1.dll
0x00007ffff63c0000 - 0x00007ffff63db000 	C:\WINDOWS\SYSTEM32\CRYPTSP.dll
0x00007ffff5c30000 - 0x00007ffff5c65000 	C:\WINDOWS\system32\rsaenh.dll
0x00007ffff6260000 - 0x00007ffff6288000 	C:\WINDOWS\SYSTEM32\USERENV.dll
0x00007ffff63e0000 - 0x00007ffff63ec000 	C:\WINDOWS\SYSTEM32\CRYPTBASE.dll
0x00007ffff5730000 - 0x00007ffff575d000 	C:\WINDOWS\SYSTEM32\IPHLPAPI.DLL
0x00007ffff83c0000 - 0x00007ffff83c9000 	C:\WINDOWS\System32\NSI.dll
0x00007fffd2370000 - 0x00007fffd2380000 	C:\Users\HP 14S-FQ1001NU\.jdks\openjdk-21.0.2\bin\verify.dll
0x00007ffff5760000 - 0x00007ffff5858000 	C:\WINDOWS\SYSTEM32\DNSAPI.dll
0x00007fffeaac0000 - 0x00007fffeaaca000 	C:\Windows\System32\rasadhlp.dll
0x00007fffeb050000 - 0x00007fffeb0d3000 	C:\WINDOWS\System32\fwpuclnt.dll
0x00007fff9dcb0000 - 0x00007fff9dcb8000 	C:\WINDOWS\system32\wshunix.dll

dbghelp: loaded successfully - version: 4.0.5 - missing functions: none
symbol engine: initialized successfully - sym options: 0x614 - pdb path: .;C:\Users\HP 14S-FQ1001NU\.jdks\openjdk-21.0.2\bin;C:\WINDOWS\SYSTEM32;C:\WINDOWS\WinSxS\amd64_microsoft.windows.common-controls_6595b64144ccf1df_6.0.22621.3672_none_2713b9d173822955;C:\Users\HP 14S-FQ1001NU\.jdks\openjdk-21.0.2\bin\server;C:\Program Files\JetBrains\IntelliJ IDEA Community Edition 2023.3.4\bin

VM Arguments:
jvm_args: -javaagent:C:\Program Files\JetBrains\IntelliJ IDEA Community Edition 2023.3.4\lib\idea_rt.jar=54261:C:\Program Files\JetBrains\IntelliJ IDEA Community Edition 2023.3.4\bin -Dfile.encoding=UTF-8 -Dsun.stdout.encoding=UTF-8 -Dsun.stderr.encoding=UTF-8 
java_command: bg.fmi.javaweb.sportstournamentorganizer.SportsTournamentOrganizerApplication
java_class_path (initial): C:\Users\HP 14S-FQ1001NU\IdeaProjects\local_java_repo\target\classes;C:\Users\HP 14S-FQ1001NU\.m2\repository\org\springframework\boot\spring-boot-starter-web\3.3.0\spring-boot-starter-web-3.3.0.jar;C:\Users\HP 14S-FQ1001NU\.m2\repository\org\springframework\boot\spring-boot-starter\3.3.0\spring-boot-starter-3.3.0.jar;C:\Users\HP 14S-FQ1001NU\.m2\repository\org\springframework\boot\spring-boot-starter-logging\3.3.0\spring-boot-starter-logging-3.3.0.jar;C:\Users\HP 14S-FQ1001NU\.m2\repository\ch\qos\logback\logback-classic\1.5.6\logback-classic-1.5.6.jar;C:\Users\HP 14S-FQ1001NU\.m2\repository\ch\qos\logback\logback-core\1.5.6\logback-core-1.5.6.jar;C:\Users\HP 14S-FQ1001NU\.m2\repository\org\apache\logging\log4j\log4j-to-slf4j\2.23.1\log4j-to-slf4j-2.23.1.jar;C:\Users\HP 14S-FQ1001NU\.m2\repository\org\apache\logging\log4j\log4j-api\2.23.1\log4j-api-2.23.1.jar;C:\Users\HP 14S-FQ1001NU\.m2\repository\org\slf4j\jul-to-slf4j\2.0.13\jul-to-slf4j-2.0.13.jar;C:\Users\HP 14S-FQ1001NU\.m2\repository\jakarta\annotation\jakarta.annotation-api\2.1.1\jakarta.annotation-api-2.1.1.jar;C:\Users\HP 14S-FQ1001NU\.m2\repository\org\yaml\snakeyaml\2.2\snakeyaml-2.2.jar;C:\Users\HP 14S-FQ1001NU\.m2\repository\org\springframework\boot\spring-boot-starter-json\3.3.0\spring-boot-starter-json-3.3.0.jar;C:\Users\HP 14S-FQ1001NU\.m2\repository\com\fasterxml\jackson\core\jackson-databind\2.17.1\jackson-databind-2.17.1.jar;C:\Users\HP 14S-FQ1001NU\.m2\repository\com\fasterxml\jackson\core\jackson-annotations\2.17.1\jackson-annotations-2.17.1.jar;C:\Users\HP 14S-FQ1001NU\.m2\repository\com\fasterxml\jackson\core\jackson-core\2.17.1\jackson-core-2.17.1.jar;C:\Users\HP 14S-FQ1001NU\.m2\repository\com\fasterxml\jackson\datatype\jackson-datatype-jdk8\2.17.1\jackson-datatype-jdk8-2.17.1.jar;C:\Users\HP 14S-FQ1001NU\.m2\repository\com\fasterxml\jackson\datatype\jackson-datatype-jsr310\2.17.1\jackson-datatype-jsr310-2.17.1.jar;C:\Users\HP 14S-FQ1001NU\.m2\repository\com\fasterxml\jackson\module\jackson-module-parameter-names\2.17.1\jackson-module-parameter-names-2.17.1.jar;C:\Users\HP 14S-FQ1001NU\.m2\repository\org\springframework\boot\spring-boot-starter-tomcat\3.3.0\spring-boot-starter-tomcat-3.3.0.jar;C:\Users\HP 14S-FQ1001NU\.m2\repository\org\apache\tomcat\embed\tomcat-embed-core\10.1.24\tomcat-embed-core-10.1.24.jar;C:\Users\HP 14S-FQ1001NU\.m2\repository\org\apache\tomcat\embed\tomcat-embed-el\10.1.24\tomcat-embed-el-10.1.24.jar;C:\Users\HP 14S-FQ1001NU\.m2\repository\org\apache\tomcat\embed\tomcat-embed-websocket\10.1.24\tomcat-embed-websocket-10.1.24.jar;C:\Users\HP 14S-FQ1001NU\.m2\repository\org\springframework\spring-web\6.1.8\spring-web-6.1.8.jar;C:\Users\HP 14S-FQ1001NU\.m2\repository\org\springframework\spring-beans\6.1.8\spring-beans-6.1.8.jar;C:\Users\HP 14S-FQ1001NU\.m2\repository\io\micrometer\micrometer-observation\1.13.0\micrometer-observation-1.13.0.jar;C:\Users\HP 14S-FQ1001NU\.m2\repository\io\micrometer\micrometer-commons\1.13.0\micrometer-commons-1.13.0.jar;C:\Users\HP 14S-FQ1001NU\.m2\repository\org\springframework\spring-webmvc\6.1.8\spring-webmvc-6.1.8.jar;C:\Users\HP 14S-FQ1001NU\.m2\repository\org\springframework\spring-aop\6.1.8\spring-aop-6.1.8.jar;C:\Users\HP 14S-FQ1001NU\.m2\repository\org\springframework\spring-context\6.1.8\spring-context-6.1.8.jar;C:\Users\HP 14S-FQ1001NU\.m2\repository\org\springframework\spring-expression\6.1.8\spring-expression-6.1.8.jar;C:\Users\HP 14S-FQ1001NU\.m2\repository\org\springframework\boot\spring-boot-devtools\3.3.0\spring-boot-devtools-3.3.0.jar;C:\Users\HP 14S-FQ1001NU\.m2\repository\org\springframework\boot\spring-boot\3.3.0\spring-boot-3.3.0.jar;C:\Users\HP 14S-FQ1001NU\.m2\repository\org\springframework\boot\spring-boot-autoconfigure\3.3.0\spring-boot-autoconfigure-3.3.0.jar;C:\Users\HP 14S-FQ1001NU\.m2\repository\org\slf4j\slf4j-api\2.0.13\slf4j-api-2.0.13.jar;C:\Users\HP 14S-FQ1001NU\.m2\repository\jakarta\xml\bind\jakarta.xml.bind-api\4.0.2\jakarta.xml.bind-api-4.0.2.jar;C:\Users\HP 14S-FQ1001NU\.m2\repository\jakarta\activation\jakarta.activation-api\2.1.3\jakarta.activation-api-2.1.3.jar;C:\Users\HP 14S-FQ1001NU\.m2\repository\net\bytebuddy\byte-buddy\1.14.16\byte-buddy-1.14.16.jar;C:\Users\HP 14S-FQ1001NU\.m2\repository\org\springframework\spring-core\6.1.8\spring-core-6.1.8.jar;C:\Users\HP 14S-FQ1001NU\.m2\repository\org\springframework\spring-jcl\6.1.8\spring-jcl-6.1.8.jar;C:\Users\HP 14S-FQ1001NU\.m2\repository\org\mapstruct\mapstruct\1.6.0.Beta1\mapstruct-1.6.0.Beta1.jar;C:\Users\HP 14S-FQ1001NU\.m2\repository\org\mapstruct\mapstruct-processor\1.6.0.Beta1\mapstruct-processor-1.6.0.Beta1.jar;C:\Users\HP 14S-FQ1001NU\.m2\repository\org\postgresql\postgresql\42.7.3\postgresql-42.7.3.jar;C:\Users\HP 14S-FQ1001NU\.m2\repository\org\checkerframework\checker-qual\3.42.0\checker-qual-3.42.0.jar;C:\Users\HP 14S-FQ1001NU\.m2\repository\org\springframework\boot\spring-boot-starter-data-jpa\3.3.0\spring-boot-starter-data-jpa-3.3.0.jar;C:\Users\HP 14S-FQ1001NU\.m2\repository\org\springframework\boot\spring-boot-starter-aop\3.3.0\spring-boot-starter-aop-3.3.0.jar;C:\Users\HP 14S-FQ1001NU\.m2\repository\org\aspectj\aspectjweaver\1.9.22\aspectjweaver-1.9.22.jar;C:\Users\HP 14S-FQ1001NU\.m2\repository\org\springframework\boot\spring-boot-starter-jdbc\3.3.0\spring-boot-starter-jdbc-3.3.0.jar;C:\Users\HP 14S-FQ1001NU\.m2\repository\com\zaxxer\HikariCP\5.1.0\HikariCP-5.1.0.jar;C:\Users\HP 14S-FQ1001NU\.m2\repository\org\springframework\spring-jdbc\6.1.8\spring-jdbc-6.1.8.jar;C:\Users\HP 14S-FQ1001NU\.m2\repository\org\hibernate\orm\hibernate-core\6.5.2.Final\hibernate-core-6.5.2.Final.jar;C:\Users\HP 14S-FQ1001NU\.m2\repository\jakarta\persistence\jakarta.persistence-api\3.1.0\jakarta.persistence-api-3.1.0.jar;C:\Users\HP 14S-FQ1001NU\.m2\repository\jakarta\transaction\jakarta.transaction-api\2.0.1\jakarta.transaction-api-2.0.1.jar;C:\Users\HP 14S-FQ1001NU\.m2\repository\org\jboss\logging\jboss-logging\3.5.3.Final\jboss-logging-3.5.3.Final.jar;C:\Users\HP 14S-FQ1001NU\.m2\repository\org\hibernate\common\hibernate-commons-annotations\6.0.6.Final\hibernate-commons-annotations-6.0.6.Final.jar;C:\Users\HP 14S-FQ1001NU\.m2\repository\io\smallrye\jandex\3.1.2\jandex-3.1.2.jar;C:\Users\HP 14S-FQ1001NU\.m2\repository\com\fasterxml\classmate\1.7.0\classmate-1.7.0.jar;C:\Users\HP 14S-FQ1001NU\.m2\repository\org\glassfish\jaxb\jaxb-runtime\4.0.5\jaxb-runtime-4.0.5.jar;C:\Users\HP 14S-FQ1001NU\.m2\repository\org\glassfish\jaxb\jaxb-core\4.0.5\jaxb-core-4.0.5.jar;C:\Users\HP 14S-FQ1001NU\.m2\repository\org\eclipse\angus\angus-activation\2.0.2\angus-activation-2.0.2.jar;C:\Users\HP 14S-FQ1001NU\.m2\repository\org\glassfish\jaxb\txw2\4.0.5\txw2-4.0.5.jar;C:\Users\HP 14S-FQ1001NU\.m2\repository\com\sun\istack\istack-commons-runtime\4.1.2\istack-commons-runtime-4.1.2.jar;C:\Users\HP 14S-FQ1001NU\.m2\repository\jakarta\inject\jakarta.inject-api\2.0.1\jakarta.inject-api-2.0.1.jar;C:\Users\HP 14S-FQ1001NU\.m2\repository\org\antlr\antlr4-runtime\4.13.0\antlr4-runtime-4.13.0.jar;C:\Users\HP 14S-FQ1001NU\.m2\repository\org\springframework\data\spring-data-jpa\3.3.0\spring-data-jpa-3.3.0.jar;C:\Users\HP 14S-FQ1001NU\.m2\repository\org\springframework\data\spring-data-commons\3.3.0\spring-data-commons-3.3.0.jar;C:\Users\HP 14S-FQ1001NU\.m2\repository\org\springframework\spring-orm\6.1.8\spring-orm-6.1.8.jar;C:\Users\HP 14S-FQ1001NU\.m2\repository\org\springframework\spring-tx\6.1.8\spring-tx-6.1.8.jar;C:\Users\HP 14S-FQ1001NU\.m2\repository\org\springframework\spring-aspects\6.1.8\spring-aspects-6.1.8.jar
Launcher Type: SUN_STANDARD

[Global flags]
     intx CICompilerCount                          = 4                                         {product} {ergonomic}
     uint ConcGCThreads                            = 2                                         {product} {ergonomic}
     uint G1ConcRefinementThreads                  = 8                                         {product} {ergonomic}
   size_t G1HeapRegionSize                         = 1048576                                   {product} {ergonomic}
    uintx GCDrainStackTargetSize                   = 64                                        {product} {ergonomic}
   size_t InitialHeapSize                          = 123731968                                 {product} {ergonomic}
   size_t MarkStackSize                            = 4194304                                   {product} {ergonomic}
   size_t MaxHeapSize                              = 1967128576                                {product} {ergonomic}
   size_t MaxNewSize                               = 1179648000                                {product} {ergonomic}
   size_t MinHeapDeltaBytes                        = 1048576                                   {product} {ergonomic}
   size_t MinHeapSize                              = 8388608                                   {product} {ergonomic}
    uintx NonNMethodCodeHeapSize                   = 5839372                                {pd product} {ergonomic}
    uintx NonProfiledCodeHeapSize                  = 122909434                              {pd product} {ergonomic}
    uintx ProfiledCodeHeapSize                     = 122909434                              {pd product} {ergonomic}
    uintx ReservedCodeCacheSize                    = 251658240                              {pd product} {ergonomic}
     bool SegmentedCodeCache                       = true                                      {product} {ergonomic}
   size_t SoftMaxHeapSize                          = 1967128576                             {manageable} {ergonomic}
     bool UseCompressedOops                        = true                           {product lp64_product} {ergonomic}
     bool UseG1GC                                  = true                                      {product} {ergonomic}
     bool UseLargePagesIndividualAllocation        = false                                  {pd product} {ergonomic}

Logging:
Log output configuration:
 #0: stdout all=warning uptime,level,tags foldmultilines=false
 #1: stderr all=off uptime,level,tags foldmultilines=false

Environment Variables:
PATH=C:\Program Files (x86)\Cuminas\Document Express DjVu Plug-in\;C:\WINDOWS\system32;C:\WINDOWS;C:\WINDOWS\System32\Wbem;C:\WINDOWS\System32\WindowsPowerShell\v1.0\;C:\WINDOWS\System32\OpenSSH\;C:\Program Files\Git\cmd;C:\Program Files\Microsoft SQL Server\150\Tools\Binn\;C:\mysys64\mingw64\bin;C:\Program Files\PuTTY\;C:\Program Files (x86)\Microsoft SQL Server\160\Tools\Binn\;C:\Program Files\Microsoft SQL Server\160\Tools\Binn\;C:\Program Files\Microsoft SQL Server\Client SDK\ODBC\170\Tools\Binn\;C:\Program Files\Microsoft SQL Server\160\DTS\Binn\;C:\Program Files (x86)\Microsoft SQL Server\160\DTS\Binn\;C:\Program Files\Azure Data Studio\bin;C:\MinGW\bin;C:\Program Files\dotnet\;C:\Program Files\nodejs\;C:\php;C:\Users\HP 14S-FQ1001NU\AppData\Local\Programs\Python\Launcher\;C:\Users\HP 14S-FQ1001NU\AppData\Local\Microsoft\WindowsApps;C:\Users\HP 14S-FQ1001NU\AppData\Local\GitHubDesktop\bin;C:\Users\HP 14S-FQ1001NU\AppData\Local\Programs\Microsoft VS Code\bin;C:\Program Files\JetBrains\IntelliJ IDEA 2022.2.3\bin;;C:\Program Files\Azure Data Studio\bin;C:\Program Files\JetBrains\CLion 2023.1.3\bin;;C:\ghcup\bin;C:\Users\HP 14S-FQ1001NU\.dotnet\tools;C:\Users\HP 14S-FQ1001NU\AppData\Roaming\npm;C:\Users\HP 14S-FQ1001NU\AppData\Roaming\Microsoft\Windows\Start Menu\Programs\MSYS2 64bit\MSYS2 MSYS.lnk;C:\Program Files\MongoDB\mongosh-2.2.6-win32-x64\bin;C:\php;
USERNAME=HP 14S-FQ1001NU
OS=Windows_NT
PROCESSOR_IDENTIFIER=AMD64 Family 23 Model 104 Stepping 1, AuthenticAMD
TMP=C:\Users\HP14S-~1\AppData\Local\Temp
TEMP=C:\Users\HP14S-~1\AppData\Local\Temp




Periodic native trim disabled

---------------  S Y S T E M  ---------------

OS:
 Windows 11 , 64 bit Build 22621 (10.0.22621.3672)
OS uptime: 0 days 17:13 hours
Hyper-V role detected

CPU: total 8 (initial active 8) (8 cores per cpu, 2 threads per core) family 23 model 104 stepping 1 microcode 0x0, cx8, cmov, fxsr, ht, mmx, 3dnowpref, sse, sse2, sse3, ssse3, sse4a, sse4.1, sse4.2, popcnt, lzcnt, tsc, tscinvbit, avx, avx2, aes, clmul, bmi1, bmi2, adx, sha, fma, vzeroupper, clflush, clflushopt, hv, rdtscp, rdpid, f16c
Processor Information for all 8 processors :
  Max Mhz: 2600, Current Mhz: 2600, Mhz Limit: 2600

Memory: 4k page, system-wide physical 7502M (363M free)
TotalPageFile size 10502M (AvailPageFile size 4M)
current process WorkingSet (physical memory assigned to process): 234M, peak: 255M
current process commit charge ("private bytes"): 271M, peak: 292M

vm_info: OpenJDK 64-Bit Server VM (21.0.2+13-58) for windows-amd64 JRE (21.0.2+13-58), built on 2024-01-05T18:32:24Z by "mach5one" with MS VC++ 17.1 (VS2022)

END.
