#
# There is insufficient memory for the Java Runtime Environment to continue.
# Native memory allocation (mmap) failed to map 65536 bytes for Failed to commit metaspace.
# Possible reasons:
#   The system is out of physical RAM or swap space
#   The process is running with CompressedOops enabled, and the Java Heap may be blocking the growth of the native heap
# Possible solutions:
#   Reduce memory load on the system
#   Increase physical memory or swap space
#   Check if swap backing store is full
#   Decrease Java heap size (-Xmx/-Xms)
#   Decrease number of Java threads
#   Decrease Java thread stack sizes (-Xss)
#   Set larger code cache with -XX:ReservedCodeCacheSize=
#   JVM is running with Unscaled Compressed Oops mode in which the Java heap is
#     placed in the first 4GB address space. The Java Heap base address is the
#     maximum limit for the native heap growth. Please use -XX:HeapBaseMinAddress
#     to set the Java Heap base and to place the Java Heap above 4GB virtual address.
# This output file may be truncated or incomplete.
#
#  Out of Memory Error (virtualSpaceNode.cpp:112), pid=8724, tid=10280
#
# JRE version: OpenJDK Runtime Environment (21.0.2+13) (build 21.0.2+13-58)
# Java VM: OpenJDK 64-Bit Server VM (21.0.2+13-58, mixed mode, tiered, compressed oops, compressed class ptrs, g1 gc, windows-amd64)
# No core dump will be written. Minidumps are not enabled by default on client versions of Windows
#

---------------  S U M M A R Y ------------

Command Line: -javaagent:C:\Program Files\JetBrains\IntelliJ IDEA Community Edition 2023.3.4\lib\idea_rt.jar=49792:C:\Program Files\JetBrains\IntelliJ IDEA Community Edition 2023.3.4\bin -Dfile.encoding=UTF-8 -Dsun.stdout.encoding=UTF-8 -Dsun.stderr.encoding=UTF-8 bg.fmi.javaweb.sportstournamentorganizer.SportsTournamentOrganizerApplication

Host: AMD Ryzen 3 5300U with Radeon Graphics         , 8 cores, 7G,  Windows 11 , 64 bit Build 22621 (10.0.22621.3672)
Time: Fri Jun 28 20:22:14 2024  Windows 11 , 64 bit Build 22621 (10.0.22621.3672) elapsed time: 0.520179 seconds (0d 0h 0m 0s)

---------------  T H R E A D  ---------------

Current thread (0x000002084dd24bc0):  JavaThread "main"             [_thread_in_vm, id=10280, stack(0x0000004066800000,0x0000004066900000) (1024K)]

Stack: [0x0000004066800000,0x0000004066900000]
Native frames: (J=compiled Java code, j=interpreted, Vv=VM code, C=native code)
V  [jvm.dll+0x6cade9]
V  [jvm.dll+0x8569c1]
V  [jvm.dll+0x858d2e]
V  [jvm.dll+0x859413]
V  [jvm.dll+0x280e56]
V  [jvm.dll+0x8526ee]
V  [jvm.dll+0x66e705]
V  [jvm.dll+0x1e68cc]
V  [jvm.dll+0x1e669e]
V  [jvm.dll+0x67104c]
V  [jvm.dll+0x670e62]
V  [jvm.dll+0x66f0de]
V  [jvm.dll+0x26c721]
V  [jvm.dll+0x218617]
V  [jvm.dll+0x20dd9e]
V  [jvm.dll+0x5ad3dc]
V  [jvm.dll+0x7cf5e6]
V  [jvm.dll+0x470270]
V  [jvm.dll+0x475ef8]
C  [java.dll+0x17ec]

Java frames: (J=compiled Java code, j=interpreted, Vv=VM code)
j  java.lang.ClassLoader.defineClass1(Ljava/lang/ClassLoader;Ljava/lang/String;[BIILjava/security/ProtectionDomain;Ljava/lang/String;)Ljava/lang/Class;+0 java.base@21.0.2
j  java.lang.ClassLoader.defineClass(Ljava/lang/String;[BIILjava/security/ProtectionDomain;)Ljava/lang/Class;+27 java.base@21.0.2
j  java.security.SecureClassLoader.defineClass(Ljava/lang/String;[BIILjava/security/CodeSource;)Ljava/lang/Class;+12 java.base@21.0.2
j  jdk.internal.loader.BuiltinClassLoader.defineClass(Ljava/lang/String;Ljdk/internal/loader/Resource;)Ljava/lang/Class;+117 java.base@21.0.2
j  jdk.internal.loader.BuiltinClassLoader.findClassOnClassPathOrNull(Ljava/lang/String;)Ljava/lang/Class;+37 java.base@21.0.2
j  jdk.internal.loader.BuiltinClassLoader.loadClassOrNull(Ljava/lang/String;Z)Ljava/lang/Class;+111 java.base@21.0.2
j  jdk.internal.loader.BuiltinClassLoader.loadClass(Ljava/lang/String;Z)Ljava/lang/Class;+3 java.base@21.0.2
j  jdk.internal.loader.ClassLoaders$AppClassLoader.loadClass(Ljava/lang/String;Z)Ljava/lang/Class;+36 java.base@21.0.2
j  java.lang.ClassLoader.loadClass(Ljava/lang/String;)Ljava/lang/Class;+3 java.base@21.0.2
v  ~StubRoutines::call_stub 0x000002085d6a100d
j  bg.fmi.javaweb.sportstournamentorganizer.SportsTournamentOrganizerApplication.main([Ljava/lang/String;)V+3
v  ~StubRoutines::call_stub 0x000002085d6a100d

---------------  P R O C E S S  ---------------

Threads class SMR info:
_java_thread_list=0x00000208048c71a0, length=13, elements={
0x000002084dd24bc0, 0x0000020804073730, 0x000002080405f690, 0x00000208040876f0,
0x000002080406af20, 0x0000020804060950, 0x0000020804062d70, 0x0000020804064860,
0x0000020804088c70, 0x000002080422e3b0, 0x000002080462d420, 0x00000208047588c0,
0x0000020804795540
}

Java Threads: ( => current thread )
=>0x000002084dd24bc0 JavaThread "main"                              [_thread_in_vm, id=10280, stack(0x0000004066800000,0x0000004066900000) (1024K)]
  0x0000020804073730 JavaThread "Reference Handler"          daemon [_thread_blocked, id=4144, stack(0x0000004067000000,0x0000004067100000) (1024K)]
  0x000002080405f690 JavaThread "Finalizer"                  daemon [_thread_blocked, id=16440, stack(0x0000004067100000,0x0000004067200000) (1024K)]
  0x00000208040876f0 JavaThread "Signal Dispatcher"          daemon [_thread_blocked, id=10908, stack(0x0000004067200000,0x0000004067300000) (1024K)]
  0x000002080406af20 JavaThread "Attach Listener"            daemon [_thread_blocked, id=21464, stack(0x0000004067300000,0x0000004067400000) (1024K)]
  0x0000020804060950 JavaThread "Service Thread"             daemon [_thread_blocked, id=4588, stack(0x0000004067400000,0x0000004067500000) (1024K)]
  0x0000020804062d70 JavaThread "Monitor Deflation Thread"   daemon [_thread_blocked, id=20240, stack(0x0000004067500000,0x0000004067600000) (1024K)]
  0x0000020804064860 JavaThread "C2 CompilerThread0"         daemon [_thread_blocked, id=8312, stack(0x0000004067600000,0x0000004067700000) (1024K)]
  0x0000020804088c70 JavaThread "C1 CompilerThread0"         daemon [_thread_blocked, id=13508, stack(0x0000004067700000,0x0000004067800000) (1024K)]
  0x000002080422e3b0 JavaThread "Common-Cleaner"             daemon [_thread_blocked, id=20996, stack(0x0000004067800000,0x0000004067900000) (1024K)]
  0x000002080462d420 JavaThread "C2 CompilerThread1"         daemon [_thread_blocked, id=13936, stack(0x0000004067900000,0x0000004067a00000) (1024K)]
  0x00000208047588c0 JavaThread "Monitor Ctrl-Break"         daemon [_thread_in_native, id=14864, stack(0x0000004067a00000,0x0000004067b00000) (1024K)]
  0x0000020804795540 JavaThread "Notification Thread"        daemon [_thread_blocked, id=14708, stack(0x0000004067b00000,0x0000004067c00000) (1024K)]
Total: 13

Other Threads:
  0x000002086a38f970 VMThread "VM Thread"                           [id=4916, stack(0x0000004066f00000,0x0000004067000000) (1024K)]
  0x000002086a33b3b0 WatcherThread "VM Periodic Task Thread"        [id=1680, stack(0x0000004066e00000,0x0000004066f00000) (1024K)]
  0x000002084dd79240 WorkerThread "GC Thread#0"                     [id=1824, stack(0x0000004066900000,0x0000004066a00000) (1024K)]
  0x000002084dd88e50 ConcurrentGCThread "G1 Main Marker"            [id=12144, stack(0x0000004066a00000,0x0000004066b00000) (1024K)]
  0x000002084dd8a0f0 WorkerThread "G1 Conc#0"                       [id=18316, stack(0x0000004066b00000,0x0000004066c00000) (1024K)]
  0x000002086a210150 ConcurrentGCThread "G1 Refine#0"               [id=17624, stack(0x0000004066c00000,0x0000004066d00000) (1024K)]
  0x000002086a2108d0 ConcurrentGCThread "G1 Service"                [id=14056, stack(0x0000004066d00000,0x0000004066e00000) (1024K)]
Total: 7

Threads with active compile tasks:
Total: 0

VM state: not at safepoint (normal execution)

VM Mutex/Monitor currently owned by a thread:  ([mutex/lock_event])
[0x00007fffe6c8ace8] Metaspace_lock - owner thread: 0x000002084dd24bc0

Heap address: 0x000000008ac00000, size: 1876 MB, Compressed Oops mode: 32-bit

CDS archive(s) not mapped
Compressed class space mapped at: 0x0000000100000000-0x0000000140000000, reserved size: 1073741824
Narrow klass base: 0x0000000000000000, Narrow klass shift: 3, Narrow klass range: 0x140000000

GC Precious Log:
 CardTable entry size: 512
 Card Set container configuration: InlinePtr #cards 5 size 8 Array Of Cards #cards 12 size 40 Howl #buckets 4 coarsen threshold 1843 Howl Bitmap #cards 512 size 80 coarsen threshold 460 Card regions per heap region 1 cards per card region 2048
 CPUs: 8 total, 8 available
 Memory: 7502M
 Large Page Support: Disabled
 NUMA Support: Disabled
 Compressed Oops: Enabled (32-bit)
 Heap Region Size: 1M
 Heap Min Capacity: 8M
 Heap Initial Capacity: 118M
 Heap Max Capacity: 1876M
 Pre-touch: Disabled
 Parallel Workers: 8
 Concurrent Workers: 2
 Concurrent Refinement Workers: 8
 Periodic GC: Disabled

Heap:
 garbage-first heap   total 120832K, used 8192K [0x000000008ac00000, 0x0000000100000000)
  region size 1024K, 9 young (9216K), 0 survivors (0K)
 Metaspace       used 7964K, committed 8064K, reserved 1114112K
  class space    used 655K, committed 704K, reserved 1048576K

Heap Regions: E=young(eden), S=young(survivor), O=old, HS=humongous(starts), HC=humongous(continues), CS=collection set, F=free, TAMS=top-at-mark-start, PB=parsable bottom
|   0|0x000000008ac00000, 0x000000008ad00000, 0x000000008ad00000|100%|HS|  |TAMS 0x000000008ac00000| PB 0x000000008ac00000| Complete 
|   1|0x000000008ad00000, 0x000000008ad00000, 0x000000008ae00000|  0%| F|  |TAMS 0x000000008ad00000| PB 0x000000008ad00000| Untracked 
|   2|0x000000008ae00000, 0x000000008ae00000, 0x000000008af00000|  0%| F|  |TAMS 0x000000008ae00000| PB 0x000000008ae00000| Untracked 
|   3|0x000000008af00000, 0x000000008af00000, 0x000000008b000000|  0%| F|  |TAMS 0x000000008af00000| PB 0x000000008af00000| Untracked 
|   4|0x000000008b000000, 0x000000008b000000, 0x000000008b100000|  0%| F|  |TAMS 0x000000008b000000| PB 0x000000008b000000| Untracked 
|   5|0x000000008b100000, 0x000000008b100000, 0x000000008b200000|  0%| F|  |TAMS 0x000000008b100000| PB 0x000000008b100000| Untracked 
|   6|0x000000008b200000, 0x000000008b200000, 0x000000008b300000|  0%| F|  |TAMS 0x000000008b200000| PB 0x000000008b200000| Untracked 
|   7|0x000000008b300000, 0x000000008b300000, 0x000000008b400000|  0%| F|  |TAMS 0x000000008b300000| PB 0x000000008b300000| Untracked 
|   8|0x000000008b400000, 0x000000008b400000, 0x000000008b500000|  0%| F|  |TAMS 0x000000008b400000| PB 0x000000008b400000| Untracked 
|   9|0x000000008b500000, 0x000000008b500000, 0x000000008b600000|  0%| F|  |TAMS 0x000000008b500000| PB 0x000000008b500000| Untracked 
|  10|0x000000008b600000, 0x000000008b600000, 0x000000008b700000|  0%| F|  |TAMS 0x000000008b600000| PB 0x000000008b600000| Untracked 
|  11|0x000000008b700000, 0x000000008b700000, 0x000000008b800000|  0%| F|  |TAMS 0x000000008b700000| PB 0x000000008b700000| Untracked 
|  12|0x000000008b800000, 0x000000008b800000, 0x000000008b900000|  0%| F|  |TAMS 0x000000008b800000| PB 0x000000008b800000| Untracked 
|  13|0x000000008b900000, 0x000000008b900000, 0x000000008ba00000|  0%| F|  |TAMS 0x000000008b900000| PB 0x000000008b900000| Untracked 
|  14|0x000000008ba00000, 0x000000008ba00000, 0x000000008bb00000|  0%| F|  |TAMS 0x000000008ba00000| PB 0x000000008ba00000| Untracked 
|  15|0x000000008bb00000, 0x000000008bb00000, 0x000000008bc00000|  0%| F|  |TAMS 0x000000008bb00000| PB 0x000000008bb00000| Untracked 
|  16|0x000000008bc00000, 0x000000008bc00000, 0x000000008bd00000|  0%| F|  |TAMS 0x000000008bc00000| PB 0x000000008bc00000| Untracked 
|  17|0x000000008bd00000, 0x000000008bd00000, 0x000000008be00000|  0%| F|  |TAMS 0x000000008bd00000| PB 0x000000008bd00000| Untracked 
|  18|0x000000008be00000, 0x000000008be00000, 0x000000008bf00000|  0%| F|  |TAMS 0x000000008be00000| PB 0x000000008be00000| Untracked 
|  19|0x000000008bf00000, 0x000000008bf00000, 0x000000008c000000|  0%| F|  |TAMS 0x000000008bf00000| PB 0x000000008bf00000| Untracked 
|  20|0x000000008c000000, 0x000000008c000000, 0x000000008c100000|  0%| F|  |TAMS 0x000000008c000000| PB 0x000000008c000000| Untracked 
|  21|0x000000008c100000, 0x000000008c100000, 0x000000008c200000|  0%| F|  |TAMS 0x000000008c100000| PB 0x000000008c100000| Untracked 
|  22|0x000000008c200000, 0x000000008c200000, 0x000000008c300000|  0%| F|  |TAMS 0x000000008c200000| PB 0x000000008c200000| Untracked 
|  23|0x000000008c300000, 0x000000008c300000, 0x000000008c400000|  0%| F|  |TAMS 0x000000008c300000| PB 0x000000008c300000| Untracked 
|  24|0x000000008c400000, 0x000000008c400000, 0x000000008c500000|  0%| F|  |TAMS 0x000000008c400000| PB 0x000000008c400000| Untracked 
|  25|0x000000008c500000, 0x000000008c500000, 0x000000008c600000|  0%| F|  |TAMS 0x000000008c500000| PB 0x000000008c500000| Untracked 
|  26|0x000000008c600000, 0x000000008c600000, 0x000000008c700000|  0%| F|  |TAMS 0x000000008c600000| PB 0x000000008c600000| Untracked 
|  27|0x000000008c700000, 0x000000008c700000, 0x000000008c800000|  0%| F|  |TAMS 0x000000008c700000| PB 0x000000008c700000| Untracked 
|  28|0x000000008c800000, 0x000000008c800000, 0x000000008c900000|  0%| F|  |TAMS 0x000000008c800000| PB 0x000000008c800000| Untracked 
|  29|0x000000008c900000, 0x000000008c900000, 0x000000008ca00000|  0%| F|  |TAMS 0x000000008c900000| PB 0x000000008c900000| Untracked 
|  30|0x000000008ca00000, 0x000000008ca00000, 0x000000008cb00000|  0%| F|  |TAMS 0x000000008ca00000| PB 0x000000008ca00000| Untracked 
|  31|0x000000008cb00000, 0x000000008cb00000, 0x000000008cc00000|  0%| F|  |TAMS 0x000000008cb00000| PB 0x000000008cb00000| Untracked 
|  32|0x000000008cc00000, 0x000000008cc00000, 0x000000008cd00000|  0%| F|  |TAMS 0x000000008cc00000| PB 0x000000008cc00000| Untracked 
|  33|0x000000008cd00000, 0x000000008cd00000, 0x000000008ce00000|  0%| F|  |TAMS 0x000000008cd00000| PB 0x000000008cd00000| Untracked 
|  34|0x000000008ce00000, 0x000000008ce00000, 0x000000008cf00000|  0%| F|  |TAMS 0x000000008ce00000| PB 0x000000008ce00000| Untracked 
|  35|0x000000008cf00000, 0x000000008cf00000, 0x000000008d000000|  0%| F|  |TAMS 0x000000008cf00000| PB 0x000000008cf00000| Untracked 
|  36|0x000000008d000000, 0x000000008d000000, 0x000000008d100000|  0%| F|  |TAMS 0x000000008d000000| PB 0x000000008d000000| Untracked 
|  37|0x000000008d100000, 0x000000008d100000, 0x000000008d200000|  0%| F|  |TAMS 0x000000008d100000| PB 0x000000008d100000| Untracked 
|  38|0x000000008d200000, 0x000000008d200000, 0x000000008d300000|  0%| F|  |TAMS 0x000000008d200000| PB 0x000000008d200000| Untracked 
|  39|0x000000008d300000, 0x000000008d300000, 0x000000008d400000|  0%| F|  |TAMS 0x000000008d300000| PB 0x000000008d300000| Untracked 
|  40|0x000000008d400000, 0x000000008d400000, 0x000000008d500000|  0%| F|  |TAMS 0x000000008d400000| PB 0x000000008d400000| Untracked 
|  41|0x000000008d500000, 0x000000008d500000, 0x000000008d600000|  0%| F|  |TAMS 0x000000008d500000| PB 0x000000008d500000| Untracked 
|  42|0x000000008d600000, 0x000000008d600000, 0x000000008d700000|  0%| F|  |TAMS 0x000000008d600000| PB 0x000000008d600000| Untracked 
|  43|0x000000008d700000, 0x000000008d700000, 0x000000008d800000|  0%| F|  |TAMS 0x000000008d700000| PB 0x000000008d700000| Untracked 
|  44|0x000000008d800000, 0x000000008d800000, 0x000000008d900000|  0%| F|  |TAMS 0x000000008d800000| PB 0x000000008d800000| Untracked 
|  45|0x000000008d900000, 0x000000008d900000, 0x000000008da00000|  0%| F|  |TAMS 0x000000008d900000| PB 0x000000008d900000| Untracked 
|  46|0x000000008da00000, 0x000000008da00000, 0x000000008db00000|  0%| F|  |TAMS 0x000000008da00000| PB 0x000000008da00000| Untracked 
|  47|0x000000008db00000, 0x000000008db00000, 0x000000008dc00000|  0%| F|  |TAMS 0x000000008db00000| PB 0x000000008db00000| Untracked 
|  48|0x000000008dc00000, 0x000000008dc00000, 0x000000008dd00000|  0%| F|  |TAMS 0x000000008dc00000| PB 0x000000008dc00000| Untracked 
|  49|0x000000008dd00000, 0x000000008dd00000, 0x000000008de00000|  0%| F|  |TAMS 0x000000008dd00000| PB 0x000000008dd00000| Untracked 
|  50|0x000000008de00000, 0x000000008de00000, 0x000000008df00000|  0%| F|  |TAMS 0x000000008de00000| PB 0x000000008de00000| Untracked 
|  51|0x000000008df00000, 0x000000008df00000, 0x000000008e000000|  0%| F|  |TAMS 0x000000008df00000| PB 0x000000008df00000| Untracked 
|  52|0x000000008e000000, 0x000000008e000000, 0x000000008e100000|  0%| F|  |TAMS 0x000000008e000000| PB 0x000000008e000000| Untracked 
|  53|0x000000008e100000, 0x000000008e100000, 0x000000008e200000|  0%| F|  |TAMS 0x000000008e100000| PB 0x000000008e100000| Untracked 
|  54|0x000000008e200000, 0x000000008e200000, 0x000000008e300000|  0%| F|  |TAMS 0x000000008e200000| PB 0x000000008e200000| Untracked 
|  55|0x000000008e300000, 0x000000008e300000, 0x000000008e400000|  0%| F|  |TAMS 0x000000008e300000| PB 0x000000008e300000| Untracked 
|  56|0x000000008e400000, 0x000000008e400000, 0x000000008e500000|  0%| F|  |TAMS 0x000000008e400000| PB 0x000000008e400000| Untracked 
|  57|0x000000008e500000, 0x000000008e500000, 0x000000008e600000|  0%| F|  |TAMS 0x000000008e500000| PB 0x000000008e500000| Untracked 
|  58|0x000000008e600000, 0x000000008e600000, 0x000000008e700000|  0%| F|  |TAMS 0x000000008e600000| PB 0x000000008e600000| Untracked 
|  59|0x000000008e700000, 0x000000008e700000, 0x000000008e800000|  0%| F|  |TAMS 0x000000008e700000| PB 0x000000008e700000| Untracked 
|  60|0x000000008e800000, 0x000000008e800000, 0x000000008e900000|  0%| F|  |TAMS 0x000000008e800000| PB 0x000000008e800000| Untracked 
|  61|0x000000008e900000, 0x000000008e900000, 0x000000008ea00000|  0%| F|  |TAMS 0x000000008e900000| PB 0x000000008e900000| Untracked 
|  62|0x000000008ea00000, 0x000000008ea00000, 0x000000008eb00000|  0%| F|  |TAMS 0x000000008ea00000| PB 0x000000008ea00000| Untracked 
|  63|0x000000008eb00000, 0x000000008eb00000, 0x000000008ec00000|  0%| F|  |TAMS 0x000000008eb00000| PB 0x000000008eb00000| Untracked 
|  64|0x000000008ec00000, 0x000000008ec00000, 0x000000008ed00000|  0%| F|  |TAMS 0x000000008ec00000| PB 0x000000008ec00000| Untracked 
|  65|0x000000008ed00000, 0x000000008ed00000, 0x000000008ee00000|  0%| F|  |TAMS 0x000000008ed00000| PB 0x000000008ed00000| Untracked 
|  66|0x000000008ee00000, 0x000000008ee00000, 0x000000008ef00000|  0%| F|  |TAMS 0x000000008ee00000| PB 0x000000008ee00000| Untracked 
|  67|0x000000008ef00000, 0x000000008ef00000, 0x000000008f000000|  0%| F|  |TAMS 0x000000008ef00000| PB 0x000000008ef00000| Untracked 
|  68|0x000000008f000000, 0x000000008f000000, 0x000000008f100000|  0%| F|  |TAMS 0x000000008f000000| PB 0x000000008f000000| Untracked 
|  69|0x000000008f100000, 0x000000008f100000, 0x000000008f200000|  0%| F|  |TAMS 0x000000008f100000| PB 0x000000008f100000| Untracked 
|  70|0x000000008f200000, 0x000000008f200000, 0x000000008f300000|  0%| F|  |TAMS 0x000000008f200000| PB 0x000000008f200000| Untracked 
|  71|0x000000008f300000, 0x000000008f300000, 0x000000008f400000|  0%| F|  |TAMS 0x000000008f300000| PB 0x000000008f300000| Untracked 
|  72|0x000000008f400000, 0x000000008f400000, 0x000000008f500000|  0%| F|  |TAMS 0x000000008f400000| PB 0x000000008f400000| Untracked 
|  73|0x000000008f500000, 0x000000008f500000, 0x000000008f600000|  0%| F|  |TAMS 0x000000008f500000| PB 0x000000008f500000| Untracked 
|  74|0x000000008f600000, 0x000000008f600000, 0x000000008f700000|  0%| F|  |TAMS 0x000000008f600000| PB 0x000000008f600000| Untracked 
|  75|0x000000008f700000, 0x000000008f700000, 0x000000008f800000|  0%| F|  |TAMS 0x000000008f700000| PB 0x000000008f700000| Untracked 
|  76|0x000000008f800000, 0x000000008f800000, 0x000000008f900000|  0%| F|  |TAMS 0x000000008f800000| PB 0x000000008f800000| Untracked 
|  77|0x000000008f900000, 0x000000008f900000, 0x000000008fa00000|  0%| F|  |TAMS 0x000000008f900000| PB 0x000000008f900000| Untracked 
|  78|0x000000008fa00000, 0x000000008fa00000, 0x000000008fb00000|  0%| F|  |TAMS 0x000000008fa00000| PB 0x000000008fa00000| Untracked 
|  79|0x000000008fb00000, 0x000000008fb00000, 0x000000008fc00000|  0%| F|  |TAMS 0x000000008fb00000| PB 0x000000008fb00000| Untracked 
|  80|0x000000008fc00000, 0x000000008fc00000, 0x000000008fd00000|  0%| F|  |TAMS 0x000000008fc00000| PB 0x000000008fc00000| Untracked 
|  81|0x000000008fd00000, 0x000000008fd00000, 0x000000008fe00000|  0%| F|  |TAMS 0x000000008fd00000| PB 0x000000008fd00000| Untracked 
|  82|0x000000008fe00000, 0x000000008fe00000, 0x000000008ff00000|  0%| F|  |TAMS 0x000000008fe00000| PB 0x000000008fe00000| Untracked 
|  83|0x000000008ff00000, 0x000000008ff00000, 0x0000000090000000|  0%| F|  |TAMS 0x000000008ff00000| PB 0x000000008ff00000| Untracked 
|  84|0x0000000090000000, 0x0000000090000000, 0x0000000090100000|  0%| F|  |TAMS 0x0000000090000000| PB 0x0000000090000000| Untracked 
|  85|0x0000000090100000, 0x0000000090100000, 0x0000000090200000|  0%| F|  |TAMS 0x0000000090100000| PB 0x0000000090100000| Untracked 
|  86|0x0000000090200000, 0x0000000090200000, 0x0000000090300000|  0%| F|  |TAMS 0x0000000090200000| PB 0x0000000090200000| Untracked 
|  87|0x0000000090300000, 0x0000000090300000, 0x0000000090400000|  0%| F|  |TAMS 0x0000000090300000| PB 0x0000000090300000| Untracked 
|  88|0x0000000090400000, 0x0000000090400000, 0x0000000090500000|  0%| F|  |TAMS 0x0000000090400000| PB 0x0000000090400000| Untracked 
|  89|0x0000000090500000, 0x0000000090500000, 0x0000000090600000|  0%| F|  |TAMS 0x0000000090500000| PB 0x0000000090500000| Untracked 
|  90|0x0000000090600000, 0x0000000090600000, 0x0000000090700000|  0%| F|  |TAMS 0x0000000090600000| PB 0x0000000090600000| Untracked 
|  91|0x0000000090700000, 0x0000000090700000, 0x0000000090800000|  0%| F|  |TAMS 0x0000000090700000| PB 0x0000000090700000| Untracked 
|  92|0x0000000090800000, 0x0000000090800000, 0x0000000090900000|  0%| F|  |TAMS 0x0000000090800000| PB 0x0000000090800000| Untracked 
|  93|0x0000000090900000, 0x0000000090900000, 0x0000000090a00000|  0%| F|  |TAMS 0x0000000090900000| PB 0x0000000090900000| Untracked 
|  94|0x0000000090a00000, 0x0000000090a00000, 0x0000000090b00000|  0%| F|  |TAMS 0x0000000090a00000| PB 0x0000000090a00000| Untracked 
|  95|0x0000000090b00000, 0x0000000090b00000, 0x0000000090c00000|  0%| F|  |TAMS 0x0000000090b00000| PB 0x0000000090b00000| Untracked 
|  96|0x0000000090c00000, 0x0000000090c00000, 0x0000000090d00000|  0%| F|  |TAMS 0x0000000090c00000| PB 0x0000000090c00000| Untracked 
|  97|0x0000000090d00000, 0x0000000090d00000, 0x0000000090e00000|  0%| F|  |TAMS 0x0000000090d00000| PB 0x0000000090d00000| Untracked 
|  98|0x0000000090e00000, 0x0000000090e00000, 0x0000000090f00000|  0%| F|  |TAMS 0x0000000090e00000| PB 0x0000000090e00000| Untracked 
|  99|0x0000000090f00000, 0x0000000090f00000, 0x0000000091000000|  0%| F|  |TAMS 0x0000000090f00000| PB 0x0000000090f00000| Untracked 
| 100|0x0000000091000000, 0x0000000091000000, 0x0000000091100000|  0%| F|  |TAMS 0x0000000091000000| PB 0x0000000091000000| Untracked 
| 101|0x0000000091100000, 0x0000000091100000, 0x0000000091200000|  0%| F|  |TAMS 0x0000000091100000| PB 0x0000000091100000| Untracked 
| 102|0x0000000091200000, 0x0000000091200000, 0x0000000091300000|  0%| F|  |TAMS 0x0000000091200000| PB 0x0000000091200000| Untracked 
| 103|0x0000000091300000, 0x0000000091300000, 0x0000000091400000|  0%| F|  |TAMS 0x0000000091300000| PB 0x0000000091300000| Untracked 
| 104|0x0000000091400000, 0x0000000091400000, 0x0000000091500000|  0%| F|  |TAMS 0x0000000091400000| PB 0x0000000091400000| Untracked 
| 105|0x0000000091500000, 0x0000000091500000, 0x0000000091600000|  0%| F|  |TAMS 0x0000000091500000| PB 0x0000000091500000| Untracked 
| 106|0x0000000091600000, 0x0000000091600000, 0x0000000091700000|  0%| F|  |TAMS 0x0000000091600000| PB 0x0000000091600000| Untracked 
| 107|0x0000000091700000, 0x0000000091700000, 0x0000000091800000|  0%| F|  |TAMS 0x0000000091700000| PB 0x0000000091700000| Untracked 
| 108|0x0000000091800000, 0x0000000091800000, 0x0000000091900000|  0%| F|  |TAMS 0x0000000091800000| PB 0x0000000091800000| Untracked 
| 109|0x0000000091900000, 0x0000000091977e48, 0x0000000091a00000| 46%| E|  |TAMS 0x0000000091900000| PB 0x0000000091900000| Complete 
| 110|0x0000000091a00000, 0x0000000091b00000, 0x0000000091b00000|100%| E|CS|TAMS 0x0000000091a00000| PB 0x0000000091a00000| Complete 
| 111|0x0000000091b00000, 0x0000000091c00000, 0x0000000091c00000|100%| E|  |TAMS 0x0000000091b00000| PB 0x0000000091b00000| Complete 
| 112|0x0000000091c00000, 0x0000000091d00000, 0x0000000091d00000|100%| E|CS|TAMS 0x0000000091c00000| PB 0x0000000091c00000| Complete 
| 113|0x0000000091d00000, 0x0000000091e00000, 0x0000000091e00000|100%| E|CS|TAMS 0x0000000091d00000| PB 0x0000000091d00000| Complete 
| 114|0x0000000091e00000, 0x0000000091f00000, 0x0000000091f00000|100%| E|CS|TAMS 0x0000000091e00000| PB 0x0000000091e00000| Complete 
| 115|0x0000000091f00000, 0x0000000092000000, 0x0000000092000000|100%| E|CS|TAMS 0x0000000091f00000| PB 0x0000000091f00000| Complete 
| 116|0x0000000092000000, 0x0000000092100000, 0x0000000092100000|100%| E|CS|TAMS 0x0000000092000000| PB 0x0000000092000000| Complete 
| 117|0x0000000092100000, 0x0000000092200000, 0x0000000092200000|100%| E|CS|TAMS 0x0000000092100000| PB 0x0000000092100000| Complete 

Card table byte_map: [0x0000020865850000,0x0000020865c00000] _byte_map_base: 0x00000208653fa000

Marking Bits: (CMBitMap*) 0x000002084dd79940
 Bits: [0x0000020865c00000, 0x0000020867950000)

Polling page: 0x000002084be70000

Metaspace:

Usage:
  Non-class:      7.14 MB used.
      Class:    655.85 KB used.
       Both:      7.78 MB used.

Virtual space:
  Non-class space:       64.00 MB reserved,       7.19 MB ( 11%) committed,  1 nodes.
      Class space:        1.00 GB reserved,     704.00 KB ( <1%) committed,  1 nodes.
             Both:        1.06 GB reserved,       7.88 MB ( <1%) committed. 

Chunk freelists:
   Non-Class:  8.36 MB
       Class:  15.22 MB
        Both:  23.58 MB

MaxMetaspaceSize: unlimited
CompressedClassSpaceSize: 1.00 GB
Initial GC threshold: 21.00 MB
Current GC threshold: 21.00 MB
CDS: off
 - commit_granule_bytes: 65536.
 - commit_granule_words: 8192.
 - virtual_space_node_default_size: 8388608.
 - enlarge_chunks_in_place: 1.
 - use_allocation_guard: 0.


Internal statistics:

num_allocs_failed_limit: 0.
num_arena_births: 24.
num_arena_deaths: 0.
num_vsnodes_births: 2.
num_vsnodes_deaths: 0.
num_space_committed: 126.
num_space_uncommitted: 0.
num_chunks_returned_to_freelist: 0.
num_chunks_taken_from_freelist: 57.
num_chunk_merges: 0.
num_chunk_splits: 26.
num_chunks_enlarged: 12.
num_inconsistent_stats: 0.

CodeHeap 'non-profiled nmethods': size=120000Kb used=142Kb max_used=142Kb free=119857Kb
 bounds [0x000002085dc40000, 0x000002085deb0000, 0x0000020865170000]
CodeHeap 'profiled nmethods': size=120000Kb used=548Kb max_used=548Kb free=119451Kb
 bounds [0x0000020856170000, 0x00000208563e0000, 0x000002085d6a0000]
CodeHeap 'non-nmethods': size=5760Kb used=1301Kb max_used=1315Kb free=4458Kb
 bounds [0x000002085d6a0000, 0x000002085d910000, 0x000002085dc40000]
 total_blobs=833 nmethods=416 adapters=322
 compilation: enabled
              stopped_count=0, restarted_count=0
 full_count=0

Compilation events (20 events):
Event: 0.512 Thread 0x0000020804088c70  407       3       java.util.zip.ZipUtils::CENLEN (9 bytes)
Event: 0.512 Thread 0x0000020804088c70 nmethod 407 0x00000208561f7210 code [0x00000208561f73c0, 0x00000208561f7698]
Event: 0.513 Thread 0x0000020804088c70  408       3       java.lang.AbstractStringBuilder::append (55 bytes)
Event: 0.513 Thread 0x0000020804088c70 nmethod 408 0x00000208561f7810 code [0x00000208561f7a00, 0x00000208561f7d58]
Event: 0.513 Thread 0x0000020804088c70  409       1       java.net.URL::getPort (5 bytes)
Event: 0.514 Thread 0x0000020804088c70 nmethod 409 0x000002085dc62690 code [0x000002085dc62820, 0x000002085dc628e8]
Event: 0.514 Thread 0x0000020804088c70  410       1       java.net.URL::getAuthority (5 bytes)
Event: 0.514 Thread 0x0000020804088c70 nmethod 410 0x000002085dc62990 code [0x000002085dc62b20, 0x000002085dc62be8]
Event: 0.514 Thread 0x0000020804088c70  411       1       java.net.URL::getPath (5 bytes)
Event: 0.514 Thread 0x0000020804088c70 nmethod 411 0x000002085dc62c90 code [0x000002085dc62e20, 0x000002085dc62ee8]
Event: 0.514 Thread 0x0000020804088c70  412       1       java.net.URL::getQuery (5 bytes)
Event: 0.514 Thread 0x0000020804088c70 nmethod 412 0x000002085dc62f90 code [0x000002085dc63120, 0x000002085dc631e8]
Event: 0.515 Thread 0x0000020804088c70  413       3       jdk.internal.misc.Unsafe::allocateUninitializedArray0 (90 bytes)
Event: 0.515 Thread 0x000002080462d420  414       4       java.util.zip.ZipUtils::LG (22 bytes)
Event: 0.515 Thread 0x0000020804088c70 nmethod 413 0x00000208561f7e90 code [0x00000208561f80c0, 0x00000208561f8998]
Event: 0.516 Thread 0x000002080462d420 nmethod 414 0x000002085dc63290 code [0x000002085dc63420, 0x000002085dc63530]
Event: 0.516 Thread 0x0000020804088c70  415       1       java.lang.Class::getModule (5 bytes)
Event: 0.516 Thread 0x0000020804088c70 nmethod 415 0x000002085dc63610 code [0x000002085dc637a0, 0x000002085dc63868]
Event: 0.517 Thread 0x0000020804088c70  416       3       java.lang.CharacterDataLatin1::equalsIgnoreCase (63 bytes)
Event: 0.517 Thread 0x0000020804088c70 nmethod 416 0x00000208561f8b10 code [0x00000208561f8cc0, 0x00000208561f8fb8]

GC Heap History (0 events):
No events

Dll operation events (9 events):
Event: 0.012 Loaded shared library C:\Users\HP 14S-FQ1001NU\.jdks\openjdk-21.0.2\bin\java.dll
Event: 0.076 Loaded shared library C:\Users\HP 14S-FQ1001NU\.jdks\openjdk-21.0.2\bin\jsvml.dll
Event: 0.286 Loaded shared library C:\Users\HP 14S-FQ1001NU\.jdks\openjdk-21.0.2\bin\zip.dll
Event: 0.295 Loaded shared library C:\Users\HP 14S-FQ1001NU\.jdks\openjdk-21.0.2\bin\instrument.dll
Event: 0.322 Loaded shared library C:\Users\HP 14S-FQ1001NU\.jdks\openjdk-21.0.2\bin\net.dll
Event: 0.326 Loaded shared library C:\Users\HP 14S-FQ1001NU\.jdks\openjdk-21.0.2\bin\nio.dll
Event: 0.348 Loaded shared library C:\Users\HP 14S-FQ1001NU\.jdks\openjdk-21.0.2\bin\zip.dll
Event: 0.477 Loaded shared library C:\Program Files\JetBrains\IntelliJ IDEA Community Edition 2023.3.4\bin\breakgen64.dll
Event: 0.499 Loaded shared library C:\Users\HP 14S-FQ1001NU\.jdks\openjdk-21.0.2\bin\extnet.dll

Deoptimization events (10 events):
Event: 0.286 Thread 0x000002084dd24bc0 Uncommon trap: trap_request=0xffffff45 fr.pc=0x000002085dc416e0 relative=0x00000000000000c0
Event: 0.286 Thread 0x000002084dd24bc0 Uncommon trap: reason=unstable_if action=reinterpret pc=0x000002085dc416e0 method=java.lang.String.isLatin1()Z @ 10 c2
Event: 0.286 Thread 0x000002084dd24bc0 DEOPT PACKING pc=0x000002085dc416e0 sp=0x00000040668fe690
Event: 0.286 Thread 0x000002084dd24bc0 DEOPT UNPACKING pc=0x000002085d6f46a2 sp=0x00000040668fe5d0 mode 2
Event: 0.399 Thread 0x000002084dd24bc0 DEOPT PACKING pc=0x000002085617be78 sp=0x00000040668fdaf0
Event: 0.399 Thread 0x000002084dd24bc0 DEOPT UNPACKING pc=0x000002085d6f4e42 sp=0x00000040668fcf10 mode 0
Event: 0.459 Thread 0x000002084dd24bc0 Uncommon trap: trap_request=0xffffff45 fr.pc=0x000002085dc57ebc relative=0x000000000000017c
Event: 0.459 Thread 0x000002084dd24bc0 Uncommon trap: reason=unstable_if action=reinterpret pc=0x000002085dc57ebc method=java.util.zip.ZipFile$Source.isMetaName([BII)Z @ 57 c2
Event: 0.459 Thread 0x000002084dd24bc0 DEOPT PACKING pc=0x000002085dc57ebc sp=0x00000040668fdd40
Event: 0.459 Thread 0x000002084dd24bc0 DEOPT UNPACKING pc=0x000002085d6f46a2 sp=0x00000040668fdce8 mode 2

Classes loaded (20 events):
Event: 0.509 Loading class java/net/Socket$SocketInputStream
Event: 0.509 Loading class java/net/Socket$SocketInputStream done
Event: 0.509 Loading class sun/nio/ch/NioSocketImpl$1
Event: 0.509 Loading class sun/nio/ch/NioSocketImpl$1 done
Event: 0.509 Loading class java/lang/IllegalStateException
Event: 0.510 Loading class java/lang/IllegalStateException done
Event: 0.510 Loading class sun/nio/cs/StreamDecoder
Event: 0.510 Loading class sun/nio/cs/StreamDecoder done
Event: 0.510 Loading class sun/nio/cs/US_ASCII$Decoder
Event: 0.510 Loading class java/util/EventObject
Event: 0.511 Loading class sun/nio/cs/US_ASCII$Decoder done
Event: 0.511 Loading class java/util/EventObject done
Event: 0.511 Loading class sun/nio/ch/Util
Event: 0.511 Loading class sun/nio/ch/Util done
Event: 0.511 Loading class sun/nio/ch/Util$1
Event: 0.511 Loading class sun/nio/ch/Util$1 done
Event: 0.511 Loading class sun/nio/ch/Util$BufferCache
Event: 0.512 Loading class sun/nio/ch/Util$BufferCache done
Event: 0.512 Loading class java/nio/DirectByteBuffer$Deallocator
Event: 0.512 Loading class java/nio/DirectByteBuffer$Deallocator done

Classes unloaded (0 events):
No events

Classes redefined (0 events):
No events

Internal exceptions (3 events):
Event: 0.465 Thread 0x000002084dd24bc0 Exception <a 'java/lang/NoSuchMethodError'{0x0000000091a23e30}: 'void java.lang.invoke.DirectMethodHandle$Holder.invokeStatic(java.lang.Object, java.lang.Object, java.lang.Object)'> (0x0000000091a23e30) 
thrown [s\open\src\hotspot\share\interpreter\linkResolver.cpp, line 773]
Event: 0.470 Thread 0x000002084dd24bc0 Exception <a 'java/lang/NoSuchMethodError'{0x0000000091a3b220}: 'java.lang.Object java.lang.invoke.Invokers$Holder.invokeExact_MT(java.lang.Object, java.lang.Object, java.lang.Object, java.lang.Object, java.lang.Object)'> (0x0000000091a3b220) 
thrown [s\open\src\hotspot\share\interpreter\linkResolver.cpp, line 773]
Event: 0.502 Thread 0x00000208047588c0 Exception <a 'java/lang/NoSuchMethodError'{0x0000000091a9aa00}: 'void java.lang.invoke.DirectMethodHandle$Holder.invokeStatic(java.lang.Object, java.lang.Object)'> (0x0000000091a9aa00) 
thrown [s\open\src\hotspot\share\interpreter\linkResolver.cpp, line 773]

ZGC Phase Switch (0 events):
No events

VM Operations (2 events):
Event: 0.263 Executing VM operation: HandshakeAllThreads (Deoptimize)
Event: 0.263 Executing VM operation: HandshakeAllThreads (Deoptimize) done

Events (13 events):
Event: 0.021 Thread 0x000002084dd24bc0 Thread added: 0x000002084dd24bc0
Event: 0.072 Thread 0x0000020804073730 Thread added: 0x0000020804073730
Event: 0.072 Thread 0x000002080405f690 Thread added: 0x000002080405f690
Event: 0.073 Thread 0x00000208040876f0 Thread added: 0x00000208040876f0
Event: 0.074 Thread 0x000002080406af20 Thread added: 0x000002080406af20
Event: 0.074 Thread 0x0000020804060950 Thread added: 0x0000020804060950
Event: 0.074 Thread 0x0000020804062d70 Thread added: 0x0000020804062d70
Event: 0.074 Thread 0x0000020804064860 Thread added: 0x0000020804064860
Event: 0.074 Thread 0x0000020804088c70 Thread added: 0x0000020804088c70
Event: 0.238 Thread 0x000002080422e3b0 Thread added: 0x000002080422e3b0
Event: 0.398 Thread 0x000002080462d420 Thread added: 0x000002080462d420
Event: 0.477 Thread 0x00000208047588c0 Thread added: 0x00000208047588c0
Event: 0.477 Thread 0x0000020804795540 Thread added: 0x0000020804795540


Dynamic libraries:
0x00007ff7918f0000 - 0x00007ff7918fe000 	C:\Users\HP 14S-FQ1001NU\.jdks\openjdk-21.0.2\bin\java.exe
0x00007ff841870000 - 0x00007ff841a87000 	C:\WINDOWS\SYSTEM32\ntdll.dll
0x00007ff8403f0000 - 0x00007ff8404b4000 	C:\WINDOWS\System32\KERNEL32.DLL
0x00007ff83f200000 - 0x00007ff83f5ac000 	C:\WINDOWS\System32\KERNELBASE.dll
0x00007ff83f0e0000 - 0x00007ff83f1f1000 	C:\WINDOWS\System32\ucrtbase.dll
0x00007ff827d80000 - 0x00007ff827d9b000 	C:\Users\HP 14S-FQ1001NU\.jdks\openjdk-21.0.2\bin\VCRUNTIME140.dll
0x00007ff839b10000 - 0x00007ff839b28000 	C:\Users\HP 14S-FQ1001NU\.jdks\openjdk-21.0.2\bin\jli.dll
0x00007ff841300000 - 0x00007ff8414ae000 	C:\WINDOWS\System32\USER32.dll
0x00007ff83ebd0000 - 0x00007ff83ebf6000 	C:\WINDOWS\System32\win32u.dll
0x00007ff828390000 - 0x00007ff828623000 	C:\WINDOWS\WinSxS\amd64_microsoft.windows.common-controls_6595b64144ccf1df_6.0.22621.3672_none_2713b9d173822955\COMCTL32.dll
0x00007ff8403c0000 - 0x00007ff8403e9000 	C:\WINDOWS\System32\GDI32.dll
0x00007ff83f890000 - 0x00007ff83f937000 	C:\WINDOWS\System32\msvcrt.dll
0x00007ff83ec00000 - 0x00007ff83ed19000 	C:\WINDOWS\System32\gdi32full.dll
0x00007ff83ef80000 - 0x00007ff83f01a000 	C:\WINDOWS\System32\msvcp_win.dll
0x00007ff83f940000 - 0x00007ff83f971000 	C:\WINDOWS\System32\IMM32.DLL
0x00007ff839de0000 - 0x00007ff839dec000 	C:\Users\HP 14S-FQ1001NU\.jdks\openjdk-21.0.2\bin\vcruntime140_1.dll
0x00007ff810820000 - 0x00007ff8108ae000 	C:\Users\HP 14S-FQ1001NU\.jdks\openjdk-21.0.2\bin\msvcp140.dll
0x00007fffe6050000 - 0x00007fffe6d67000 	C:\Users\HP 14S-FQ1001NU\.jdks\openjdk-21.0.2\bin\server\jvm.dll
0x00007ff83f7d0000 - 0x00007ff83f882000 	C:\WINDOWS\System32\ADVAPI32.dll
0x00007ff841610000 - 0x00007ff8416ba000 	C:\WINDOWS\System32\sechost.dll
0x00007ff83eba0000 - 0x00007ff83ebc8000 	C:\WINDOWS\System32\bcrypt.dll
0x00007ff840290000 - 0x00007ff8403a5000 	C:\WINDOWS\System32\RPCRT4.dll
0x00007ff841750000 - 0x00007ff8417c1000 	C:\WINDOWS\System32\WS2_32.dll
0x00007ff8351e0000 - 0x00007ff8351ea000 	C:\WINDOWS\SYSTEM32\VERSION.dll
0x00007ff83e530000 - 0x00007ff83e57d000 	C:\WINDOWS\SYSTEM32\POWRPROF.dll
0x00007ff8351a0000 - 0x00007ff8351d4000 	C:\WINDOWS\SYSTEM32\WINMM.dll
0x00007ff83e4a0000 - 0x00007ff83e4b3000 	C:\WINDOWS\SYSTEM32\UMPDC.dll
0x00007ff83dba0000 - 0x00007ff83dbb8000 	C:\WINDOWS\SYSTEM32\kernel.appcore.dll
0x00007ff83afa0000 - 0x00007ff83afaa000 	C:\Users\HP 14S-FQ1001NU\.jdks\openjdk-21.0.2\bin\jimage.dll
0x00007ff83c550000 - 0x00007ff83c782000 	C:\WINDOWS\SYSTEM32\DBGHELP.DLL
0x00007ff840c60000 - 0x00007ff840fe8000 	C:\WINDOWS\System32\combase.dll
0x00007ff840950000 - 0x00007ff840a27000 	C:\WINDOWS\System32\OLEAUT32.dll
0x00007ff821e70000 - 0x00007ff821ea2000 	C:\WINDOWS\SYSTEM32\dbgcore.DLL
0x00007ff83ed20000 - 0x00007ff83ed9b000 	C:\WINDOWS\System32\bcryptPrimitives.dll
0x00007ff83b020000 - 0x00007ff83b02f000 	C:\Users\HP 14S-FQ1001NU\.jdks\openjdk-21.0.2\bin\instrument.dll
0x00007ff837970000 - 0x00007ff83798f000 	C:\Users\HP 14S-FQ1001NU\.jdks\openjdk-21.0.2\bin\java.dll
0x00007ff83fa30000 - 0x00007ff84028c000 	C:\WINDOWS\System32\SHELL32.dll
0x00007ff83caa0000 - 0x00007ff83d397000 	C:\WINDOWS\SYSTEM32\windows.storage.dll
0x00007ff83c960000 - 0x00007ff83ca9f000 	C:\WINDOWS\SYSTEM32\wintypes.dll
0x00007ff841200000 - 0x00007ff8412f4000 	C:\WINDOWS\System32\SHCORE.dll
0x00007ff83f5b0000 - 0x00007ff83f60e000 	C:\WINDOWS\System32\shlwapi.dll
0x00007ff83ead0000 - 0x00007ff83eaf1000 	C:\WINDOWS\SYSTEM32\profapi.dll
0x00007ff8105a0000 - 0x00007ff810677000 	C:\Users\HP 14S-FQ1001NU\.jdks\openjdk-21.0.2\bin\jsvml.dll
0x00007ff827d60000 - 0x00007ff827d78000 	C:\Users\HP 14S-FQ1001NU\.jdks\openjdk-21.0.2\bin\zip.dll
0x00007ff83af90000 - 0x00007ff83afa0000 	C:\Users\HP 14S-FQ1001NU\.jdks\openjdk-21.0.2\bin\net.dll
0x00007ff8369d0000 - 0x00007ff836b06000 	C:\WINDOWS\SYSTEM32\WINHTTP.dll
0x00007ff83e020000 - 0x00007ff83e089000 	C:\WINDOWS\system32\mswsock.dll
0x00007ff827db0000 - 0x00007ff827dc6000 	C:\Users\HP 14S-FQ1001NU\.jdks\openjdk-21.0.2\bin\nio.dll
0x00007ff825a10000 - 0x00007ff825a2a000 	C:\Program Files\JetBrains\IntelliJ IDEA Community Edition 2023.3.4\bin\breakgen64.dll
0x00007ff837960000 - 0x00007ff837969000 	C:\Users\HP 14S-FQ1001NU\.jdks\openjdk-21.0.2\bin\extnet.dll

dbghelp: loaded successfully - version: 4.0.5 - missing functions: none
symbol engine: initialized successfully - sym options: 0x614 - pdb path: .;C:\Users\HP 14S-FQ1001NU\.jdks\openjdk-21.0.2\bin;C:\WINDOWS\SYSTEM32;C:\WINDOWS\WinSxS\amd64_microsoft.windows.common-controls_6595b64144ccf1df_6.0.22621.3672_none_2713b9d173822955;C:\Users\HP 14S-FQ1001NU\.jdks\openjdk-21.0.2\bin\server;C:\Program Files\JetBrains\IntelliJ IDEA Community Edition 2023.3.4\bin

VM Arguments:
jvm_args: -javaagent:C:\Program Files\JetBrains\IntelliJ IDEA Community Edition 2023.3.4\lib\idea_rt.jar=49792:C:\Program Files\JetBrains\IntelliJ IDEA Community Edition 2023.3.4\bin -Dfile.encoding=UTF-8 -Dsun.stdout.encoding=UTF-8 -Dsun.stderr.encoding=UTF-8 
java_command: bg.fmi.javaweb.sportstournamentorganizer.SportsTournamentOrganizerApplication
java_class_path (initial): C:\Users\HP 14S-FQ1001NU\IdeaProjects\local_java_repo\target\classes;C:\Users\HP 14S-FQ1001NU\.m2\repository\org\springframework\boot\spring-boot-starter-web\3.3.0\spring-boot-starter-web-3.3.0.jar;C:\Users\HP 14S-FQ1001NU\.m2\repository\org\springframework\boot\spring-boot-starter\3.3.0\spring-boot-starter-3.3.0.jar;C:\Users\HP 14S-FQ1001NU\.m2\repository\org\springframework\boot\spring-boot-starter-logging\3.3.0\spring-boot-starter-logging-3.3.0.jar;C:\Users\HP 14S-FQ1001NU\.m2\repository\ch\qos\logback\logback-classic\1.5.6\logback-classic-1.5.6.jar;C:\Users\HP 14S-FQ1001NU\.m2\repository\ch\qos\logback\logback-core\1.5.6\logback-core-1.5.6.jar;C:\Users\HP 14S-FQ1001NU\.m2\repository\org\apache\logging\log4j\log4j-to-slf4j\2.23.1\log4j-to-slf4j-2.23.1.jar;C:\Users\HP 14S-FQ1001NU\.m2\repository\org\apache\logging\log4j\log4j-api\2.23.1\log4j-api-2.23.1.jar;C:\Users\HP 14S-FQ1001NU\.m2\repository\org\slf4j\jul-to-slf4j\2.0.13\jul-to-slf4j-2.0.13.jar;C:\Users\HP 14S-FQ1001NU\.m2\repository\jakarta\annotation\jakarta.annotation-api\2.1.1\jakarta.annotation-api-2.1.1.jar;C:\Users\HP 14S-FQ1001NU\.m2\repository\org\yaml\snakeyaml\2.2\snakeyaml-2.2.jar;C:\Users\HP 14S-FQ1001NU\.m2\repository\org\springframework\boot\spring-boot-starter-json\3.3.0\spring-boot-starter-json-3.3.0.jar;C:\Users\HP 14S-FQ1001NU\.m2\repository\com\fasterxml\jackson\core\jackson-databind\2.17.1\jackson-databind-2.17.1.jar;C:\Users\HP 14S-FQ1001NU\.m2\repository\com\fasterxml\jackson\core\jackson-annotations\2.17.1\jackson-annotations-2.17.1.jar;C:\Users\HP 14S-FQ1001NU\.m2\repository\com\fasterxml\jackson\core\jackson-core\2.17.1\jackson-core-2.17.1.jar;C:\Users\HP 14S-FQ1001NU\.m2\repository\com\fasterxml\jackson\datatype\jackson-datatype-jdk8\2.17.1\jackson-datatype-jdk8-2.17.1.jar;C:\Users\HP 14S-FQ1001NU\.m2\repository\com\fasterxml\jackson\datatype\jackson-datatype-jsr310\2.17.1\jackson-datatype-jsr310-2.17.1.jar;C:\Users\HP 14S-FQ1001NU\.m2\repository\com\fasterxml\jackson\module\jackson-module-parameter-names\2.17.1\jackson-module-parameter-names-2.17.1.jar;C:\Users\HP 14S-FQ1001NU\.m2\repository\org\springframework\boot\spring-boot-starter-tomcat\3.3.0\spring-boot-starter-tomcat-3.3.0.jar;C:\Users\HP 14S-FQ1001NU\.m2\repository\org\apache\tomcat\embed\tomcat-embed-core\10.1.24\tomcat-embed-core-10.1.24.jar;C:\Users\HP 14S-FQ1001NU\.m2\repository\org\apache\tomcat\embed\tomcat-embed-el\10.1.24\tomcat-embed-el-10.1.24.jar;C:\Users\HP 14S-FQ1001NU\.m2\repository\org\apache\tomcat\embed\tomcat-embed-websocket\10.1.24\tomcat-embed-websocket-10.1.24.jar;C:\Users\HP 14S-FQ1001NU\.m2\repository\org\springframework\spring-web\6.1.8\spring-web-6.1.8.jar;C:\Users\HP 14S-FQ1001NU\.m2\repository\org\springframework\spring-beans\6.1.8\spring-beans-6.1.8.jar;C:\Users\HP 14S-FQ1001NU\.m2\repository\io\micrometer\micrometer-observation\1.13.0\micrometer-observation-1.13.0.jar;C:\Users\HP 14S-FQ1001NU\.m2\repository\io\micrometer\micrometer-commons\1.13.0\micrometer-commons-1.13.0.jar;C:\Users\HP 14S-FQ1001NU\.m2\repository\org\springframework\spring-webmvc\6.1.8\spring-webmvc-6.1.8.jar;C:\Users\HP 14S-FQ1001NU\.m2\repository\org\springframework\spring-aop\6.1.8\spring-aop-6.1.8.jar;C:\Users\HP 14S-FQ1001NU\.m2\repository\org\springframework\spring-context\6.1.8\spring-context-6.1.8.jar;C:\Users\HP 14S-FQ1001NU\.m2\repository\org\springframework\spring-expression\6.1.8\spring-expression-6.1.8.jar;C:\Users\HP 14S-FQ1001NU\.m2\repository\org\springframework\boot\spring-boot-devtools\3.3.0\spring-boot-devtools-3.3.0.jar;C:\Users\HP 14S-FQ1001NU\.m2\repository\org\springframework\boot\spring-boot\3.3.0\spring-boot-3.3.0.jar;C:\Users\HP 14S-FQ1001NU\.m2\repository\org\springframework\boot\spring-boot-autoconfigure\3.3.0\spring-boot-autoconfigure-3.3.0.jar;C:\Users\HP 14S-FQ1001NU\.m2\repository\org\slf4j\slf4j-api\2.0.13\slf4j-api-2.0.13.jar;C:\Users\HP 14S-FQ1001NU\.m2\repository\jakarta\xml\bind\jakarta.xml.bind-api\4.0.2\jakarta.xml.bind-api-4.0.2.jar;C:\Users\HP 14S-FQ1001NU\.m2\repository\jakarta\activation\jakarta.activation-api\2.1.3\jakarta.activation-api-2.1.3.jar;C:\Users\HP 14S-FQ1001NU\.m2\repository\net\bytebuddy\byte-buddy\1.14.16\byte-buddy-1.14.16.jar;C:\Users\HP 14S-FQ1001NU\.m2\repository\org\springframework\spring-core\6.1.8\spring-core-6.1.8.jar;C:\Users\HP 14S-FQ1001NU\.m2\repository\org\springframework\spring-jcl\6.1.8\spring-jcl-6.1.8.jar;C:\Users\HP 14S-FQ1001NU\.m2\repository\org\mapstruct\mapstruct\1.6.0.Beta1\mapstruct-1.6.0.Beta1.jar;C:\Users\HP 14S-FQ1001NU\.m2\repository\org\mapstruct\mapstruct-processor\1.6.0.Beta1\mapstruct-processor-1.6.0.Beta1.jar;C:\Users\HP 14S-FQ1001NU\.m2\repository\org\postgresql\postgresql\42.7.3\postgresql-42.7.3.jar;C:\Users\HP 14S-FQ1001NU\.m2\repository\org\checkerframework\checker-qual\3.42.0\checker-qual-3.42.0.jar;C:\Users\HP 14S-FQ1001NU\.m2\repository\org\springframework\boot\spring-boot-starter-data-jpa\3.3.0\spring-boot-starter-data-jpa-3.3.0.jar;C:\Users\HP 14S-FQ1001NU\.m2\repository\org\springframework\boot\spring-boot-starter-aop\3.3.0\spring-boot-starter-aop-3.3.0.jar;C:\Users\HP 14S-FQ1001NU\.m2\repository\org\aspectj\aspectjweaver\1.9.22\aspectjweaver-1.9.22.jar;C:\Users\HP 14S-FQ1001NU\.m2\repository\org\springframework\boot\spring-boot-starter-jdbc\3.3.0\spring-boot-starter-jdbc-3.3.0.jar;C:\Users\HP 14S-FQ1001NU\.m2\repository\com\zaxxer\HikariCP\5.1.0\HikariCP-5.1.0.jar;C:\Users\HP 14S-FQ1001NU\.m2\repository\org\springframework\spring-jdbc\6.1.8\spring-jdbc-6.1.8.jar;C:\Users\HP 14S-FQ1001NU\.m2\repository\org\hibernate\orm\hibernate-core\6.5.2.Final\hibernate-core-6.5.2.Final.jar;C:\Users\HP 14S-FQ1001NU\.m2\repository\jakarta\persistence\jakarta.persistence-api\3.1.0\jakarta.persistence-api-3.1.0.jar;C:\Users\HP 14S-FQ1001NU\.m2\repository\jakarta\transaction\jakarta.transaction-api\2.0.1\jakarta.transaction-api-2.0.1.jar;C:\Users\HP 14S-FQ1001NU\.m2\repository\org\jboss\logging\jboss-logging\3.5.3.Final\jboss-logging-3.5.3.Final.jar;C:\Users\HP 14S-FQ1001NU\.m2\repository\org\hibernate\common\hibernate-commons-annotations\6.0.6.Final\hibernate-commons-annotations-6.0.6.Final.jar;C:\Users\HP 14S-FQ1001NU\.m2\repository\io\smallrye\jandex\3.1.2\jandex-3.1.2.jar;C:\Users\HP 14S-FQ1001NU\.m2\repository\com\fasterxml\classmate\1.7.0\classmate-1.7.0.jar;C:\Users\HP 14S-FQ1001NU\.m2\repository\org\glassfish\jaxb\jaxb-runtime\4.0.5\jaxb-runtime-4.0.5.jar;C:\Users\HP 14S-FQ1001NU\.m2\repository\org\glassfish\jaxb\jaxb-core\4.0.5\jaxb-core-4.0.5.jar;C:\Users\HP 14S-FQ1001NU\.m2\repository\org\eclipse\angus\angus-activation\2.0.2\angus-activation-2.0.2.jar;C:\Users\HP 14S-FQ1001NU\.m2\repository\org\glassfish\jaxb\txw2\4.0.5\txw2-4.0.5.jar;C:\Users\HP 14S-FQ1001NU\.m2\repository\com\sun\istack\istack-commons-runtime\4.1.2\istack-commons-runtime-4.1.2.jar;C:\Users\HP 14S-FQ1001NU\.m2\repository\jakarta\inject\jakarta.inject-api\2.0.1\jakarta.inject-api-2.0.1.jar;C:\Users\HP 14S-FQ1001NU\.m2\repository\org\antlr\antlr4-runtime\4.13.0\antlr4-runtime-4.13.0.jar;C:\Users\HP 14S-FQ1001NU\.m2\repository\org\springframework\data\spring-data-jpa\3.3.0\spring-data-jpa-3.3.0.jar;C:\Users\HP 14S-FQ1001NU\.m2\repository\org\springframework\data\spring-data-commons\3.3.0\spring-data-commons-3.3.0.jar;C:\Users\HP 14S-FQ1001NU\.m2\repository\org\springframework\spring-orm\6.1.8\spring-orm-6.1.8.jar;C:\Users\HP 14S-FQ1001NU\.m2\repository\org\springframework\spring-tx\6.1.8\spring-tx-6.1.8.jar;C:\Users\HP 14S-FQ1001NU\.m2\repository\org\springframework\spring-aspects\6.1.8\spring-aspects-6.1.8.jar
Launcher Type: SUN_STANDARD

[Global flags]
     intx CICompilerCount                          = 4                                         {product} {ergonomic}
     uint ConcGCThreads                            = 2                                         {product} {ergonomic}
     uint G1ConcRefinementThreads                  = 8                                         {product} {ergonomic}
   size_t G1HeapRegionSize                         = 1048576                                   {product} {ergonomic}
    uintx GCDrainStackTargetSize                   = 64                                        {product} {ergonomic}
   size_t InitialHeapSize                          = 123731968                                 {product} {ergonomic}
   size_t MarkStackSize                            = 4194304                                   {product} {ergonomic}
   size_t MaxHeapSize                              = 1967128576                                {product} {ergonomic}
   size_t MaxNewSize                               = 1179648000                                {product} {ergonomic}
   size_t MinHeapDeltaBytes                        = 1048576                                   {product} {ergonomic}
   size_t MinHeapSize                              = 8388608                                   {product} {ergonomic}
    uintx NonNMethodCodeHeapSize                   = 5839372                                {pd product} {ergonomic}
    uintx NonProfiledCodeHeapSize                  = 122909434                              {pd product} {ergonomic}
    uintx ProfiledCodeHeapSize                     = 122909434                              {pd product} {ergonomic}
    uintx ReservedCodeCacheSize                    = 251658240                              {pd product} {ergonomic}
     bool SegmentedCodeCache                       = true                                      {product} {ergonomic}
   size_t SoftMaxHeapSize                          = 1967128576                             {manageable} {ergonomic}
     bool UseCompressedOops                        = true                           {product lp64_product} {ergonomic}
     bool UseG1GC                                  = true                                      {product} {ergonomic}
     bool UseLargePagesIndividualAllocation        = false                                  {pd product} {ergonomic}

Logging:
Log output configuration:
 #0: stdout all=warning uptime,level,tags foldmultilines=false
 #1: stderr all=off uptime,level,tags foldmultilines=false

Environment Variables:
PATH=C:\Program Files (x86)\Cuminas\Document Express DjVu Plug-in\;C:\WINDOWS\system32;C:\WINDOWS;C:\WINDOWS\System32\Wbem;C:\WINDOWS\System32\WindowsPowerShell\v1.0\;C:\WINDOWS\System32\OpenSSH\;C:\Program Files\Git\cmd;C:\Program Files\Microsoft SQL Server\150\Tools\Binn\;C:\mysys64\mingw64\bin;C:\Program Files\PuTTY\;C:\Program Files (x86)\Microsoft SQL Server\160\Tools\Binn\;C:\Program Files\Microsoft SQL Server\160\Tools\Binn\;C:\Program Files\Microsoft SQL Server\Client SDK\ODBC\170\Tools\Binn\;C:\Program Files\Microsoft SQL Server\160\DTS\Binn\;C:\Program Files (x86)\Microsoft SQL Server\160\DTS\Binn\;C:\Program Files\Azure Data Studio\bin;C:\MinGW\bin;C:\Program Files\dotnet\;C:\Program Files\nodejs\;C:\php;C:\Users\HP 14S-FQ1001NU\AppData\Local\Programs\Python\Launcher\;C:\Users\HP 14S-FQ1001NU\AppData\Local\Microsoft\WindowsApps;C:\Users\HP 14S-FQ1001NU\AppData\Local\GitHubDesktop\bin;C:\Users\HP 14S-FQ1001NU\AppData\Local\Programs\Microsoft VS Code\bin;C:\Program Files\JetBrains\IntelliJ IDEA 2022.2.3\bin;;C:\Program Files\Azure Data Studio\bin;C:\Program Files\JetBrains\CLion 2023.1.3\bin;;C:\ghcup\bin;C:\Users\HP 14S-FQ1001NU\.dotnet\tools;C:\Users\HP 14S-FQ1001NU\AppData\Roaming\npm;C:\Users\HP 14S-FQ1001NU\AppData\Roaming\Microsoft\Windows\Start Menu\Programs\MSYS2 64bit\MSYS2 MSYS.lnk;C:\Program Files\MongoDB\mongosh-2.2.6-win32-x64\bin;C:\php;
USERNAME=HP 14S-FQ1001NU
OS=Windows_NT
PROCESSOR_IDENTIFIER=AMD64 Family 23 Model 104 Stepping 1, AuthenticAMD
TMP=C:\Users\HP14S-~1\AppData\Local\Temp
TEMP=C:\Users\HP14S-~1\AppData\Local\Temp




Periodic native trim disabled

---------------  S Y S T E M  ---------------

OS:
 Windows 11 , 64 bit Build 22621 (10.0.22621.3672)
OS uptime: 0 days 1:48 hours
Hyper-V role detected

CPU: total 8 (initial active 8) (8 cores per cpu, 2 threads per core) family 23 model 104 stepping 1 microcode 0x0, cx8, cmov, fxsr, ht, mmx, 3dnowpref, sse, sse2, sse3, ssse3, sse4a, sse4.1, sse4.2, popcnt, lzcnt, tsc, tscinvbit, avx, avx2, aes, clmul, bmi1, bmi2, adx, sha, fma, vzeroupper, clflush, clflushopt, hv, rdtscp, rdpid, f16c
Processor Information for all 8 processors :
  Max Mhz: 2600, Current Mhz: 2600, Mhz Limit: 2600

Memory: 4k page, system-wide physical 7502M (850M free)
TotalPageFile size 10502M (AvailPageFile size 2M)
current process WorkingSet (physical memory assigned to process): 45M, peak: 45M
current process commit charge ("private bytes"): 200M, peak: 200M

vm_info: OpenJDK 64-Bit Server VM (21.0.2+13-58) for windows-amd64 JRE (21.0.2+13-58), built on 2024-01-05T18:32:24Z by "mach5one" with MS VC++ 17.1 (VS2022)

END.
