#
# There is insufficient memory for the Java Runtime Environment to continue.
# Native memory allocation (malloc) failed to allocate 2019440 bytes for Chunk::new
# Possible reasons:
#   The system is out of physical RAM or swap space
#   The process is running with CompressedOops enabled, and the Java Heap may be blocking the growth of the native heap
# Possible solutions:
#   Reduce memory load on the system
#   Increase physical memory or swap space
#   Check if swap backing store is full
#   Decrease Java heap size (-Xmx/-Xms)
#   Decrease number of Java threads
#   Decrease Java thread stack sizes (-Xss)
#   Set larger code cache with -XX:ReservedCodeCacheSize=
#   JVM is running with Unscaled Compressed Oops mode in which the Java heap is
#     placed in the first 4GB address space. The Java Heap base address is the
#     maximum limit for the native heap growth. Please use -XX:HeapBaseMinAddress
#     to set the Java Heap base and to place the Java Heap above 4GB virtual address.
# This output file may be truncated or incomplete.
#
#  Out of Memory Error (arena.cpp:168), pid=12640, tid=22616
#
# JRE version: OpenJDK Runtime Environment (21.0.2+13) (build 21.0.2+13-58)
# Java VM: OpenJDK 64-Bit Server VM (21.0.2+13-58, mixed mode, sharing, tiered, compressed oops, compressed class ptrs, g1 gc, windows-amd64)
# No core dump will be written. Minidumps are not enabled by default on client versions of Windows
#

---------------  S U M M A R Y ------------

Command Line: -javaagent:C:\Program Files\JetBrains\IntelliJ IDEA Community Edition 2023.3.4\lib\idea_rt.jar=63605:C:\Program Files\JetBrains\IntelliJ IDEA Community Edition 2023.3.4\bin -Dfile.encoding=UTF-8 -Dsun.stdout.encoding=UTF-8 -Dsun.stderr.encoding=UTF-8 bg.fmi.javaweb.sportstournamentorganizer.SportsTournamentOrganizerApplication

Host: AMD Ryzen 3 5300U with Radeon Graphics         , 8 cores, 7G,  Windows 11 , 64 bit Build 22621 (10.0.22621.3672)
Time: Tue Jul  2 17:33:17 2024  Windows 11 , 64 bit Build 22621 (10.0.22621.3672) elapsed time: 12.909187 seconds (0d 0h 0m 12s)

---------------  T H R E A D  ---------------

Current thread (0x000002086e08b880):  JavaThread "C2 CompilerThread1" daemon [_thread_in_native, id=22616, stack(0x0000007b32f00000,0x0000007b33000000) (1024K)]


Current CompileTask:
C2:  12909 5807   !   4       org.springframework.core.annotation.AnnotationsScanner::processMethodHierarchy (276 bytes)

Stack: [0x0000007b32f00000,0x0000007b33000000]
Native frames: (J=compiled Java code, j=interpreted, Vv=VM code, C=native code)
V  [jvm.dll+0x6cade9]
V  [jvm.dll+0x8569c1]
V  [jvm.dll+0x858d2e]
V  [jvm.dll+0x859413]
V  [jvm.dll+0x280e56]
V  [jvm.dll+0xc3f3d]
V  [jvm.dll+0xc4473]
V  [jvm.dll+0x3b5c2c]
V  [jvm.dll+0x382855]
V  [jvm.dll+0x381cca]
V  [jvm.dll+0x249bd0]
V  [jvm.dll+0x2491b1]
V  [jvm.dll+0x1c9634]
V  [jvm.dll+0x258859]
V  [jvm.dll+0x256e3a]
V  [jvm.dll+0x3ef6c6]
V  [jvm.dll+0x7ff568]
V  [jvm.dll+0x6c953d]
C  [ucrtbase.dll+0x29333]
C  [KERNEL32.DLL+0x1257d]
C  [ntdll.dll+0x5af28]


---------------  P R O C E S S  ---------------

Threads class SMR info:
_java_thread_list=0x000002086e22f240, length=31, elements={
0x0000020848bcc760, 0x000002086751e150, 0x0000020867521620, 0x00000208675250e0,
0x0000020867527140, 0x0000020867528340, 0x00000208675300c0, 0x0000020867531720,
0x0000020867532960, 0x0000020867743410, 0x000002086c1bcd30, 0x000002086c055900,
0x000002086cd148c0, 0x000002086cb96000, 0x000002086c3e8410, 0x000002086c3e8aa0,
0x000002086c3e6340, 0x000002086c3e7d80, 0x000002086c3e69d0, 0x000002086c3e9130,
0x000002086c3e7060, 0x000002086c3e76f0, 0x000002086e8f2de0, 0x000002086e8f13a0,
0x000002086e8f4eb0, 0x000002086e8f20c0, 0x000002086e8f2750, 0x000002086e8f3b00,
0x000002086e8f4820, 0x000002086e8f4190, 0x000002086e08b880
}

Java Threads: ( => current thread )
  0x0000020848bcc760 JavaThread "main"                              [_thread_blocked, id=23056, stack(0x0000007b31e00000,0x0000007b31f00000) (1024K)]
  0x000002086751e150 JavaThread "Reference Handler"          daemon [_thread_blocked, id=10184, stack(0x0000007b32600000,0x0000007b32700000) (1024K)]
  0x0000020867521620 JavaThread "Finalizer"                  daemon [_thread_blocked, id=11744, stack(0x0000007b32700000,0x0000007b32800000) (1024K)]
  0x00000208675250e0 JavaThread "Signal Dispatcher"          daemon [_thread_blocked, id=22136, stack(0x0000007b32800000,0x0000007b32900000) (1024K)]
  0x0000020867527140 JavaThread "Attach Listener"            daemon [_thread_blocked, id=24356, stack(0x0000007b32900000,0x0000007b32a00000) (1024K)]
  0x0000020867528340 JavaThread "Service Thread"             daemon [_thread_blocked, id=22476, stack(0x0000007b32a00000,0x0000007b32b00000) (1024K)]
  0x00000208675300c0 JavaThread "Monitor Deflation Thread"   daemon [_thread_blocked, id=22920, stack(0x0000007b32b00000,0x0000007b32c00000) (1024K)]
  0x0000020867531720 JavaThread "C2 CompilerThread0"         daemon [_thread_in_native, id=9628, stack(0x0000007b32c00000,0x0000007b32d00000) (1024K)]
  0x0000020867532960 JavaThread "C1 CompilerThread0"         daemon [_thread_blocked, id=15452, stack(0x0000007b32d00000,0x0000007b32e00000) (1024K)]
  0x0000020867743410 JavaThread "Common-Cleaner"             daemon [_thread_blocked, id=9472, stack(0x0000007b32e00000,0x0000007b32f00000) (1024K)]
  0x000002086c1bcd30 JavaThread "Monitor Ctrl-Break"         daemon [_thread_in_native, id=8404, stack(0x0000007b33000000,0x0000007b33100000) (1024K)]
  0x000002086c055900 JavaThread "Notification Thread"        daemon [_thread_blocked, id=9468, stack(0x0000007b33100000,0x0000007b33200000) (1024K)]
  0x000002086cd148c0 JavaThread "Thread-0"                          [_thread_blocked, id=14568, stack(0x0000007b33200000,0x0000007b33300000) (1024K)]
  0x000002086cb96000 JavaThread "restartedMain"                     [_thread_in_vm, id=13624, stack(0x0000007b33300000,0x0000007b33400000) (1024K)]
  0x000002086c3e8410 JavaThread "Catalina-utility-1"                [_thread_blocked, id=15468, stack(0x0000007b33d00000,0x0000007b33e00000) (1024K)]
  0x000002086c3e8aa0 JavaThread "Catalina-utility-2"                [_thread_blocked, id=5720, stack(0x0000007b33e00000,0x0000007b33f00000) (1024K)]
  0x000002086c3e6340 JavaThread "http-nio-8080-exec-1"       daemon [_thread_blocked, id=21400, stack(0x0000007b33f00000,0x0000007b34000000) (1024K)]
  0x000002086c3e7d80 JavaThread "http-nio-8080-exec-2"       daemon [_thread_blocked, id=20520, stack(0x0000007b34000000,0x0000007b34100000) (1024K)]
  0x000002086c3e69d0 JavaThread "http-nio-8080-exec-3"       daemon [_thread_blocked, id=2032, stack(0x0000007b34100000,0x0000007b34200000) (1024K)]
  0x000002086c3e9130 JavaThread "http-nio-8080-exec-4"       daemon [_thread_blocked, id=24324, stack(0x0000007b34200000,0x0000007b34300000) (1024K)]
  0x000002086c3e7060 JavaThread "http-nio-8080-exec-5"       daemon [_thread_blocked, id=23572, stack(0x0000007b34300000,0x0000007b34400000) (1024K)]
  0x000002086c3e76f0 JavaThread "http-nio-8080-exec-6"       daemon [_thread_blocked, id=24012, stack(0x0000007b34400000,0x0000007b34500000) (1024K)]
  0x000002086e8f2de0 JavaThread "http-nio-8080-exec-7"       daemon [_thread_blocked, id=24468, stack(0x0000007b34500000,0x0000007b34600000) (1024K)]
  0x000002086e8f13a0 JavaThread "http-nio-8080-exec-8"       daemon [_thread_blocked, id=11868, stack(0x0000007b34600000,0x0000007b34700000) (1024K)]
  0x000002086e8f4eb0 JavaThread "http-nio-8080-exec-9"       daemon [_thread_blocked, id=25556, stack(0x0000007b34700000,0x0000007b34800000) (1024K)]
  0x000002086e8f20c0 JavaThread "http-nio-8080-exec-10"      daemon [_thread_blocked, id=24916, stack(0x0000007b34800000,0x0000007b34900000) (1024K)]
  0x000002086e8f2750 JavaThread "container-0"                       [_thread_blocked, id=23688, stack(0x0000007b34900000,0x0000007b34a00000) (1024K)]
  0x000002086e8f3b00 JavaThread "PostgreSQL-JDBC-Cleaner"    daemon [_thread_blocked, id=24320, stack(0x0000007b34b00000,0x0000007b34c00000) (1024K)]
  0x000002086e8f4820 JavaThread "HikariPool-1 housekeeper"   daemon [_thread_blocked, id=25368, stack(0x0000007b34c00000,0x0000007b34d00000) (1024K)]
  0x000002086e8f4190 JavaThread "HikariPool-1 connection adder" daemon [_thread_blocked, id=20676, stack(0x0000007b34d00000,0x0000007b34e00000) (1024K)]
=>0x000002086e08b880 JavaThread "C2 CompilerThread1"         daemon [_thread_in_native, id=22616, stack(0x0000007b32f00000,0x0000007b33000000) (1024K)]
Total: 31

Other Threads:
  0x0000020867500b80 VMThread "VM Thread"                           [id=14832, stack(0x0000007b32500000,0x0000007b32600000) (1024K)]
  0x00000208674e9db0 WatcherThread "VM Periodic Task Thread"        [id=11536, stack(0x0000007b32400000,0x0000007b32500000) (1024K)]
  0x000002084af27d30 WorkerThread "GC Thread#0"                     [id=9044, stack(0x0000007b31f00000,0x0000007b32000000) (1024K)]
  0x000002086c5c1be0 WorkerThread "GC Thread#1"                     [id=4072, stack(0x0000007b33400000,0x0000007b33500000) (1024K)]
  0x000002086c2d5f00 WorkerThread "GC Thread#2"                     [id=24760, stack(0x0000007b33500000,0x0000007b33600000) (1024K)]
  0x000002086c2d62a0 WorkerThread "GC Thread#3"                     [id=6664, stack(0x0000007b33600000,0x0000007b33700000) (1024K)]
  0x000002086c2d6640 WorkerThread "GC Thread#4"                     [id=9372, stack(0x0000007b33700000,0x0000007b33800000) (1024K)]
  0x000002086c5b89b0 WorkerThread "GC Thread#5"                     [id=15720, stack(0x0000007b33800000,0x0000007b33900000) (1024K)]
  0x000002086cd32430 WorkerThread "GC Thread#6"                     [id=21544, stack(0x0000007b33900000,0x0000007b33a00000) (1024K)]
  0x000002086cd327d0 WorkerThread "GC Thread#7"                     [id=21700, stack(0x0000007b33a00000,0x0000007b33b00000) (1024K)]
  0x000002084af37940 ConcurrentGCThread "G1 Main Marker"            [id=22784, stack(0x0000007b32000000,0x0000007b32100000) (1024K)]
  0x000002084af38c50 WorkerThread "G1 Conc#0"                       [id=25128, stack(0x0000007b32100000,0x0000007b32200000) (1024K)]
  0x000002086cd32090 WorkerThread "G1 Conc#1"                       [id=16736, stack(0x0000007b33b00000,0x0000007b33c00000) (1024K)]
  0x00000208673be140 ConcurrentGCThread "G1 Refine#0"               [id=22544, stack(0x0000007b32200000,0x0000007b32300000) (1024K)]
  0x00000208673beac0 ConcurrentGCThread "G1 Service"                [id=13768, stack(0x0000007b32300000,0x0000007b32400000) (1024K)]
Total: 15

Threads with active compile tasks:
C2 CompilerThread0    12957 5802   !   4       org.springframework.util.ReflectionUtils::doWithMethods (186 bytes)
C2 CompilerThread1    12957 5807   !   4       org.springframework.core.annotation.AnnotationsScanner::processMethodHierarchy (276 bytes)
Total: 2

VM state: not at safepoint (normal execution)

VM Mutex/Monitor currently owned by a thread: None

Heap address: 0x000000008ac00000, size: 1876 MB, Compressed Oops mode: 32-bit

CDS archive(s) mapped at: [0x0000020800000000-0x0000020800c90000-0x0000020800c90000), size 13172736, SharedBaseAddress: 0x0000020800000000, ArchiveRelocationMode: 1.
Compressed class space mapped at: 0x0000020801000000-0x0000020841000000, reserved size: 1073741824
Narrow klass base: 0x0000020800000000, Narrow klass shift: 0, Narrow klass range: 0x100000000

GC Precious Log:
 CardTable entry size: 512
 Card Set container configuration: InlinePtr #cards 5 size 8 Array Of Cards #cards 12 size 40 Howl #buckets 4 coarsen threshold 1843 Howl Bitmap #cards 512 size 80 coarsen threshold 460 Card regions per heap region 1 cards per card region 2048
 CPUs: 8 total, 8 available
 Memory: 7502M
 Large Page Support: Disabled
 NUMA Support: Disabled
 Compressed Oops: Enabled (32-bit)
 Heap Region Size: 1M
 Heap Min Capacity: 8M
 Heap Initial Capacity: 118M
 Heap Max Capacity: 1876M
 Pre-touch: Disabled
 Parallel Workers: 8
 Concurrent Workers: 2
 Concurrent Refinement Workers: 8
 Periodic GC: Disabled

Heap:
 garbage-first heap   total 51200K, used 32422K [0x000000008ac00000, 0x0000000100000000)
  region size 1024K, 11 young (11264K), 3 survivors (3072K)
 Metaspace       used 57989K, committed 58688K, reserved 1114112K
  class space    used 7798K, committed 8128K, reserved 1048576K

Heap Regions: E=young(eden), S=young(survivor), O=old, HS=humongous(starts), HC=humongous(continues), CS=collection set, F=free, TAMS=top-at-mark-start, PB=parsable bottom
|   0|0x000000008ac00000, 0x000000008ad00000, 0x000000008ad00000|100%|HS|  |TAMS 0x000000008ac00000| PB 0x000000008ac00000| Complete 
|   1|0x000000008ad00000, 0x000000008ae00000, 0x000000008ae00000|100%| O|  |TAMS 0x000000008ad00000| PB 0x000000008ad00000| Untracked 
|   2|0x000000008ae00000, 0x000000008af00000, 0x000000008af00000|100%| O|  |TAMS 0x000000008ae00000| PB 0x000000008ae00000| Untracked 
|   3|0x000000008af00000, 0x000000008b000000, 0x000000008b000000|100%| O|  |TAMS 0x000000008af00000| PB 0x000000008af00000| Untracked 
|   4|0x000000008b000000, 0x000000008b100000, 0x000000008b100000|100%| O|  |TAMS 0x000000008b000000| PB 0x000000008b000000| Untracked 
|   5|0x000000008b100000, 0x000000008b200000, 0x000000008b200000|100%| O|  |TAMS 0x000000008b100000| PB 0x000000008b100000| Untracked 
|   6|0x000000008b200000, 0x000000008b300000, 0x000000008b300000|100%| O|  |TAMS 0x000000008b200000| PB 0x000000008b200000| Untracked 
|   7|0x000000008b300000, 0x000000008b400000, 0x000000008b400000|100%| O|  |TAMS 0x000000008b300000| PB 0x000000008b300000| Untracked 
|   8|0x000000008b400000, 0x000000008b500000, 0x000000008b500000|100%| O|  |TAMS 0x000000008b400000| PB 0x000000008b400000| Untracked 
|   9|0x000000008b500000, 0x000000008b600000, 0x000000008b600000|100%| O|  |TAMS 0x000000008b500000| PB 0x000000008b500000| Untracked 
|  10|0x000000008b600000, 0x000000008b700000, 0x000000008b700000|100%| O|  |TAMS 0x000000008b600000| PB 0x000000008b600000| Untracked 
|  11|0x000000008b700000, 0x000000008b800000, 0x000000008b800000|100%| O|  |TAMS 0x000000008b700000| PB 0x000000008b700000| Untracked 
|  12|0x000000008b800000, 0x000000008b900000, 0x000000008b900000|100%| O|  |TAMS 0x000000008b800000| PB 0x000000008b800000| Untracked 
|  13|0x000000008b900000, 0x000000008ba00000, 0x000000008ba00000|100%| O|  |TAMS 0x000000008b900000| PB 0x000000008b900000| Untracked 
|  14|0x000000008ba00000, 0x000000008bb00000, 0x000000008bb00000|100%| O|  |TAMS 0x000000008ba00000| PB 0x000000008ba00000| Untracked 
|  15|0x000000008bb00000, 0x000000008bc00000, 0x000000008bc00000|100%| O|  |TAMS 0x000000008bb00000| PB 0x000000008bb00000| Untracked 
|  16|0x000000008bc00000, 0x000000008bd00000, 0x000000008bd00000|100%| O|  |TAMS 0x000000008bc00000| PB 0x000000008bc00000| Untracked 
|  17|0x000000008bd00000, 0x000000008be00000, 0x000000008be00000|100%| O|  |TAMS 0x000000008bd00000| PB 0x000000008bd00000| Untracked 
|  18|0x000000008be00000, 0x000000008bf00000, 0x000000008bf00000|100%| O|  |TAMS 0x000000008be00000| PB 0x000000008be00000| Untracked 
|  19|0x000000008bf00000, 0x000000008c000000, 0x000000008c000000|100%| O|  |TAMS 0x000000008bf00000| PB 0x000000008bf00000| Untracked 
|  20|0x000000008c000000, 0x000000008c100000, 0x000000008c100000|100%| O|  |TAMS 0x000000008c000000| PB 0x000000008c000000| Untracked 
|  21|0x000000008c100000, 0x000000008c1ed350, 0x000000008c200000| 92%| O|  |TAMS 0x000000008c100000| PB 0x000000008c100000| Untracked 
|  22|0x000000008c200000, 0x000000008c200000, 0x000000008c300000|  0%| F|  |TAMS 0x000000008c200000| PB 0x000000008c200000| Untracked 
|  23|0x000000008c300000, 0x000000008c300000, 0x000000008c400000|  0%| F|  |TAMS 0x000000008c300000| PB 0x000000008c300000| Untracked 
|  24|0x000000008c400000, 0x000000008c400000, 0x000000008c500000|  0%| F|  |TAMS 0x000000008c400000| PB 0x000000008c400000| Untracked 
|  25|0x000000008c500000, 0x000000008c500000, 0x000000008c600000|  0%| F|  |TAMS 0x000000008c500000| PB 0x000000008c500000| Untracked 
|  26|0x000000008c600000, 0x000000008c6bc7b0, 0x000000008c700000| 73%| S|CS|TAMS 0x000000008c600000| PB 0x000000008c600000| Complete 
|  27|0x000000008c700000, 0x000000008c800000, 0x000000008c800000|100%| S|CS|TAMS 0x000000008c700000| PB 0x000000008c700000| Complete 
|  28|0x000000008c800000, 0x000000008c900000, 0x000000008c900000|100%| S|CS|TAMS 0x000000008c800000| PB 0x000000008c800000| Complete 
|  29|0x000000008c900000, 0x000000008c900000, 0x000000008ca00000|  0%| F|  |TAMS 0x000000008c900000| PB 0x000000008c900000| Untracked 
|  30|0x000000008ca00000, 0x000000008ca00000, 0x000000008cb00000|  0%| F|  |TAMS 0x000000008ca00000| PB 0x000000008ca00000| Untracked 
|  31|0x000000008cb00000, 0x000000008cb00000, 0x000000008cc00000|  0%| F|  |TAMS 0x000000008cb00000| PB 0x000000008cb00000| Untracked 
|  32|0x000000008cc00000, 0x000000008cc00000, 0x000000008cd00000|  0%| F|  |TAMS 0x000000008cc00000| PB 0x000000008cc00000| Untracked 
|  33|0x000000008cd00000, 0x000000008cd00000, 0x000000008ce00000|  0%| F|  |TAMS 0x000000008cd00000| PB 0x000000008cd00000| Untracked 
|  34|0x000000008ce00000, 0x000000008ce00000, 0x000000008cf00000|  0%| F|  |TAMS 0x000000008ce00000| PB 0x000000008ce00000| Untracked 
|  35|0x000000008cf00000, 0x000000008cf00000, 0x000000008d000000|  0%| F|  |TAMS 0x000000008cf00000| PB 0x000000008cf00000| Untracked 
|  36|0x000000008d000000, 0x000000008d000000, 0x000000008d100000|  0%| F|  |TAMS 0x000000008d000000| PB 0x000000008d000000| Untracked 
|  37|0x000000008d100000, 0x000000008d100000, 0x000000008d200000|  0%| F|  |TAMS 0x000000008d100000| PB 0x000000008d100000| Untracked 
|  38|0x000000008d200000, 0x000000008d200000, 0x000000008d300000|  0%| F|  |TAMS 0x000000008d200000| PB 0x000000008d200000| Untracked 
|  39|0x000000008d300000, 0x000000008d300000, 0x000000008d400000|  0%| F|  |TAMS 0x000000008d300000| PB 0x000000008d300000| Untracked 
|  40|0x000000008d400000, 0x000000008d400000, 0x000000008d500000|  0%| F|  |TAMS 0x000000008d400000| PB 0x000000008d400000| Untracked 
|  41|0x000000008d500000, 0x000000008d500000, 0x000000008d600000|  0%| F|  |TAMS 0x000000008d500000| PB 0x000000008d500000| Untracked 
|  62|0x000000008ea00000, 0x000000008eac8278, 0x000000008eb00000| 78%| E|  |TAMS 0x000000008ea00000| PB 0x000000008ea00000| Complete 
|  63|0x000000008eb00000, 0x000000008ec00000, 0x000000008ec00000|100%| E|CS|TAMS 0x000000008eb00000| PB 0x000000008eb00000| Complete 
|  64|0x000000008ec00000, 0x000000008ed00000, 0x000000008ed00000|100%| E|CS|TAMS 0x000000008ec00000| PB 0x000000008ec00000| Complete 
|  65|0x000000008ed00000, 0x000000008ee00000, 0x000000008ee00000|100%| E|CS|TAMS 0x000000008ed00000| PB 0x000000008ed00000| Complete 
|  66|0x000000008ee00000, 0x000000008ef00000, 0x000000008ef00000|100%| E|CS|TAMS 0x000000008ee00000| PB 0x000000008ee00000| Complete 
|  67|0x000000008ef00000, 0x000000008f000000, 0x000000008f000000|100%| E|CS|TAMS 0x000000008ef00000| PB 0x000000008ef00000| Complete 
|  68|0x000000008f000000, 0x000000008f100000, 0x000000008f100000|100%| E|CS|TAMS 0x000000008f000000| PB 0x000000008f000000| Complete 
| 117|0x0000000092100000, 0x0000000092200000, 0x0000000092200000|100%| E|CS|TAMS 0x0000000092100000| PB 0x0000000092100000| Complete 

Card table byte_map: [0x0000020862a00000,0x0000020862db0000] _byte_map_base: 0x00000208625aa000

Marking Bits: (CMBitMap*) 0x000002084af28430
 Bits: [0x0000020862db0000, 0x0000020864b00000)

Polling page: 0x0000020848e00000

Metaspace:

Usage:
  Non-class:     49.02 MB used.
      Class:      7.62 MB used.
       Both:     56.64 MB used.

Virtual space:
  Non-class space:       64.00 MB reserved,      49.38 MB ( 77%) committed,  1 nodes.
      Class space:        1.00 GB reserved,       7.94 MB ( <1%) committed,  1 nodes.
             Both:        1.06 GB reserved,      57.31 MB (  5%) committed. 

Chunk freelists:
   Non-Class:  14.48 MB
       Class:  7.91 MB
        Both:  22.39 MB

MaxMetaspaceSize: unlimited
CompressedClassSpaceSize: 1.00 GB
Initial GC threshold: 21.00 MB
Current GC threshold: 59.06 MB
CDS: on
 - commit_granule_bytes: 65536.
 - commit_granule_words: 8192.
 - virtual_space_node_default_size: 8388608.
 - enlarge_chunks_in_place: 1.
 - use_allocation_guard: 0.


Internal statistics:

num_allocs_failed_limit: 6.
num_arena_births: 880.
num_arena_deaths: 0.
num_vsnodes_births: 2.
num_vsnodes_deaths: 0.
num_space_committed: 917.
num_space_uncommitted: 0.
num_chunks_returned_to_freelist: 6.
num_chunks_taken_from_freelist: 3007.
num_chunk_merges: 6.
num_chunk_splits: 2136.
num_chunks_enlarged: 1627.
num_inconsistent_stats: 0.

CodeHeap 'non-profiled nmethods': size=120000Kb used=3455Kb max_used=3455Kb free=116544Kb
 bounds [0x000002085adf0000, 0x000002085b150000, 0x0000020862320000]
CodeHeap 'profiled nmethods': size=120000Kb used=10627Kb max_used=10627Kb free=109372Kb
 bounds [0x0000020853320000, 0x0000020853d90000, 0x000002085a850000]
CodeHeap 'non-nmethods': size=5760Kb used=1653Kb max_used=1667Kb free=4106Kb
 bounds [0x000002085a850000, 0x000002085aac0000, 0x000002085adf0000]
 total_blobs=6107 nmethods=5413 adapters=598
 compilation: enabled
              stopped_count=0, restarted_count=0
 full_count=0

Compilation events (20 events):
Event: 12.769 Thread 0x0000020867532960 5841       3       jdk.internal.reflect.ConstructorAccessorImpl::<init> (5 bytes)
Event: 12.769 Thread 0x0000020867532960 nmethod 5841 0x0000020853d72210 code [0x0000020853d723c0, 0x0000020853d72588]
Event: 12.772 Thread 0x0000020867532960 5842       3       java.util.stream.ForEachOps$ForEachOp::<init> (10 bytes)
Event: 12.772 Thread 0x0000020867532960 nmethod 5842 0x0000020853d72690 code [0x0000020853d72840, 0x0000020853d729b0]
Event: 12.772 Thread 0x0000020867532960 5843       3       java.util.stream.ForEachOps$ForEachOp::getOpFlags (15 bytes)
Event: 12.772 Thread 0x0000020867532960 nmethod 5843 0x0000020853d72a90 code [0x0000020853d72c40, 0x0000020853d72dc8]
Event: 12.777 Thread 0x0000020867532960 5844       3       org.springframework.core.convert.support.GenericConversionService$ConverterAdapter::<init> (41 bytes)
Event: 12.778 Thread 0x0000020867532960 nmethod 5844 0x0000020853d72e90 code [0x0000020853d730e0, 0x0000020853d73ca8]
Event: 12.778 Thread 0x0000020867532960 5845       3       org.springframework.core.convert.support.GenericConversionService$ConverterAdapter::getConvertibleTypes (8 bytes)
Event: 12.779 Thread 0x0000020867532960 nmethod 5845 0x0000020853d74090 code [0x0000020853d74260, 0x0000020853d74600]
Event: 12.849 Thread 0x0000020867532960 5846       1       org.hibernate.metamodel.model.domain.NavigableRole::getFullPath (5 bytes)
Event: 12.850 Thread 0x0000020867532960 nmethod 5846 0x000002085b14f810 code [0x000002085b14f9a0, 0x000002085b14fa68]
Event: 12.856 Thread 0x0000020867532960 5847       3       java.lang.reflect.Constructor::isVarArgs (5 bytes)
Event: 12.856 Thread 0x0000020867532960 nmethod 5847 0x0000020853d74790 code [0x0000020853d74940, 0x0000020853d74b20]
Event: 12.856 Thread 0x0000020867532960 5848       3       java.lang.invoke.MemberName::<init> (78 bytes)
Event: 12.858 Thread 0x0000020867532960 nmethod 5848 0x0000020853d74c10 code [0x0000020853d74e40, 0x0000020853d75840]
Event: 12.865 Thread 0x0000020867532960 5849       2       sun.invoke.util.VerifyType::isNullConversion (157 bytes)
Event: 12.867 Thread 0x0000020867532960 nmethod 5849 0x0000020853d75a90 code [0x0000020853d75cc0, 0x0000020853d76340]
Event: 12.894 Thread 0x0000020867532960 5850       3       jdk.internal.reflect.ReflectionFactory::newConstructorAccessor (144 bytes)
Event: 12.895 Thread 0x0000020867532960 nmethod 5850 0x0000020853d76590 code [0x0000020853d767c0, 0x0000020853d76e18]

GC Heap History (20 events):
Event: 2.954 GC heap before
{Heap before GC invocations=1 (full 0):
 garbage-first heap   total 120832K, used 36675K [0x000000008ac00000, 0x0000000100000000)
  region size 1024K, 32 young (32768K), 3 survivors (3072K)
 Metaspace       used 13846K, committed 14080K, reserved 1114112K
  class space    used 1624K, committed 1728K, reserved 1048576K
}
Event: 2.961 GC heap after
{Heap after GC invocations=2 (full 0):
 garbage-first heap   total 120832K, used 9949K [0x000000008ac00000, 0x0000000100000000)
  region size 1024K, 3 young (3072K), 3 survivors (3072K)
 Metaspace       used 13846K, committed 14080K, reserved 1114112K
  class space    used 1624K, committed 1728K, reserved 1048576K
}
Event: 4.936 GC heap before
{Heap before GC invocations=2 (full 0):
 garbage-first heap   total 120832K, used 55005K [0x000000008ac00000, 0x0000000100000000)
  region size 1024K, 49 young (50176K), 3 survivors (3072K)
 Metaspace       used 21257K, committed 21504K, reserved 1114112K
  class space    used 2558K, committed 2688K, reserved 1048576K
}
Event: 4.944 GC heap after
{Heap after GC invocations=3 (full 0):
 garbage-first heap   total 120832K, used 13675K [0x000000008ac00000, 0x0000000100000000)
  region size 1024K, 7 young (7168K), 7 survivors (7168K)
 Metaspace       used 21257K, committed 21504K, reserved 1114112K
  class space    used 2558K, committed 2688K, reserved 1048576K
}
Event: 6.253 GC heap before
{Heap before GC invocations=4 (full 0):
 garbage-first heap   total 51200K, used 37227K [0x000000008ac00000, 0x0000000100000000)
  region size 1024K, 30 young (30720K), 7 survivors (7168K)
 Metaspace       used 24899K, committed 25280K, reserved 1114112K
  class space    used 3092K, committed 3264K, reserved 1048576K
}
Event: 6.261 GC heap after
{Heap after GC invocations=5 (full 0):
 garbage-first heap   total 51200K, used 16139K [0x000000008ac00000, 0x0000000100000000)
  region size 1024K, 3 young (3072K), 3 survivors (3072K)
 Metaspace       used 24899K, committed 25280K, reserved 1114112K
  class space    used 3092K, committed 3264K, reserved 1048576K
}
Event: 7.339 GC heap before
{Heap before GC invocations=5 (full 0):
 garbage-first heap   total 51200K, used 38667K [0x000000008ac00000, 0x0000000100000000)
  region size 1024K, 26 young (26624K), 3 survivors (3072K)
 Metaspace       used 29146K, committed 29696K, reserved 1114112K
  class space    used 3643K, committed 3904K, reserved 1048576K
}
Event: 7.348 GC heap after
{Heap after GC invocations=6 (full 0):
 garbage-first heap   total 51200K, used 18273K [0x000000008ac00000, 0x0000000100000000)
  region size 1024K, 3 young (3072K), 3 survivors (3072K)
 Metaspace       used 29146K, committed 29696K, reserved 1114112K
  class space    used 3643K, committed 3904K, reserved 1048576K
}
Event: 8.325 GC heap before
{Heap before GC invocations=6 (full 0):
 garbage-first heap   total 51200K, used 39777K [0x000000008ac00000, 0x0000000100000000)
  region size 1024K, 25 young (25600K), 3 survivors (3072K)
 Metaspace       used 33810K, committed 34368K, reserved 1114112K
  class space    used 4321K, committed 4544K, reserved 1048576K
}
Event: 8.331 GC heap after
{Heap after GC invocations=7 (full 0):
 garbage-first heap   total 51200K, used 19292K [0x000000008ac00000, 0x0000000100000000)
  region size 1024K, 4 young (4096K), 4 survivors (4096K)
 Metaspace       used 33810K, committed 34368K, reserved 1114112K
  class space    used 4321K, committed 4544K, reserved 1048576K
}
Event: 8.631 GC heap before
{Heap before GC invocations=7 (full 0):
 garbage-first heap   total 51200K, used 26460K [0x000000008ac00000, 0x0000000100000000)
  region size 1024K, 12 young (12288K), 4 survivors (4096K)
 Metaspace       used 35605K, committed 36096K, reserved 1114112K
  class space    used 4633K, committed 4864K, reserved 1048576K
}
Event: 8.635 GC heap after
{Heap after GC invocations=8 (full 0):
 garbage-first heap   total 51200K, used 19715K [0x000000008ac00000, 0x0000000100000000)
  region size 1024K, 2 young (2048K), 2 survivors (2048K)
 Metaspace       used 35605K, committed 36096K, reserved 1114112K
  class space    used 4633K, committed 4864K, reserved 1048576K
}
Event: 10.065 GC heap before
{Heap before GC invocations=9 (full 0):
 garbage-first heap   total 51200K, used 42243K [0x000000008ac00000, 0x0000000100000000)
  region size 1024K, 25 young (25600K), 2 survivors (2048K)
 Metaspace       used 42051K, committed 42624K, reserved 1114112K
  class space    used 5514K, committed 5760K, reserved 1048576K
}
Event: 10.069 GC heap after
{Heap after GC invocations=10 (full 0):
 garbage-first heap   total 51200K, used 21213K [0x000000008ac00000, 0x0000000100000000)
  region size 1024K, 4 young (4096K), 4 survivors (4096K)
 Metaspace       used 42051K, committed 42624K, reserved 1114112K
  class space    used 5514K, committed 5760K, reserved 1048576K
}
Event: 10.839 GC heap before
{Heap before GC invocations=10 (full 0):
 garbage-first heap   total 51200K, used 41693K [0x000000008ac00000, 0x0000000100000000)
  region size 1024K, 25 young (25600K), 4 survivors (4096K)
 Metaspace       used 47459K, committed 48064K, reserved 1114112K
  class space    used 6296K, committed 6592K, reserved 1048576K
}
Event: 10.845 GC heap after
{Heap after GC invocations=11 (full 0):
 garbage-first heap   total 51200K, used 22530K [0x000000008ac00000, 0x0000000100000000)
  region size 1024K, 4 young (4096K), 4 survivors (4096K)
 Metaspace       used 47459K, committed 48064K, reserved 1114112K
  class space    used 6296K, committed 6592K, reserved 1048576K
}
Event: 11.626 GC heap before
{Heap before GC invocations=11 (full 0):
 garbage-first heap   total 51200K, used 43010K [0x000000008ac00000, 0x0000000100000000)
  region size 1024K, 24 young (24576K), 4 survivors (4096K)
 Metaspace       used 51611K, committed 52224K, reserved 1114112K
  class space    used 6935K, committed 7232K, reserved 1048576K
}
Event: 11.631 GC heap after
{Heap after GC invocations=12 (full 0):
 garbage-first heap   total 51200K, used 23384K [0x000000008ac00000, 0x0000000100000000)
  region size 1024K, 3 young (3072K), 3 survivors (3072K)
 Metaspace       used 51611K, committed 52224K, reserved 1114112K
  class space    used 6935K, committed 7232K, reserved 1048576K
}
Event: 12.641 GC heap before
{Heap before GC invocations=12 (full 0):
 garbage-first heap   total 51200K, used 43864K [0x000000008ac00000, 0x0000000100000000)
  region size 1024K, 23 young (23552K), 3 survivors (3072K)
 Metaspace       used 56192K, committed 56832K, reserved 1114112K
  class space    used 7579K, committed 7872K, reserved 1048576K
}
Event: 12.646 GC heap after
{Heap after GC invocations=13 (full 0):
 garbage-first heap   total 51200K, used 25254K [0x000000008ac00000, 0x0000000100000000)
  region size 1024K, 3 young (3072K), 3 survivors (3072K)
 Metaspace       used 56192K, committed 56832K, reserved 1114112K
  class space    used 7579K, committed 7872K, reserved 1048576K
}

Dll operation events (14 events):
Event: 0.029 Loaded shared library C:\Users\HP 14S-FQ1001NU\.jdks\openjdk-21.0.2\bin\java.dll
Event: 0.095 Loaded shared library C:\Users\HP 14S-FQ1001NU\.jdks\openjdk-21.0.2\bin\jsvml.dll
Event: 0.338 Loaded shared library C:\Users\HP 14S-FQ1001NU\.jdks\openjdk-21.0.2\bin\zip.dll
Event: 0.349 Loaded shared library C:\Users\HP 14S-FQ1001NU\.jdks\openjdk-21.0.2\bin\instrument.dll
Event: 0.366 Loaded shared library C:\Users\HP 14S-FQ1001NU\.jdks\openjdk-21.0.2\bin\net.dll
Event: 0.371 Loaded shared library C:\Users\HP 14S-FQ1001NU\.jdks\openjdk-21.0.2\bin\nio.dll
Event: 0.378 Loaded shared library C:\Users\HP 14S-FQ1001NU\.jdks\openjdk-21.0.2\bin\zip.dll
Event: 0.595 Loaded shared library C:\Program Files\JetBrains\IntelliJ IDEA Community Edition 2023.3.4\bin\breakgen64.dll
Event: 0.617 Loaded shared library C:\Users\HP 14S-FQ1001NU\.jdks\openjdk-21.0.2\bin\extnet.dll
Event: 0.718 Loaded shared library C:\Users\HP 14S-FQ1001NU\.jdks\openjdk-21.0.2\bin\jimage.dll
Event: 1.492 Loaded shared library C:\Users\HP 14S-FQ1001NU\.jdks\openjdk-21.0.2\bin\management.dll
Event: 1.496 Loaded shared library C:\Users\HP 14S-FQ1001NU\.jdks\openjdk-21.0.2\bin\management_ext.dll
Event: 3.325 Loaded shared library C:\Users\HP 14S-FQ1001NU\.jdks\openjdk-21.0.2\bin\sunmscapi.dll
Event: 8.335 Loaded shared library C:\Users\HP 14S-FQ1001NU\.jdks\openjdk-21.0.2\bin\verify.dll

Deoptimization events (20 events):
Event: 12.606 Thread 0x000002086cb96000 Uncommon trap: trap_request=0xffffff45 fr.pc=0x000002085b106acc relative=0x00000000000003ec
Event: 12.606 Thread 0x000002086cb96000 Uncommon trap: reason=unstable_if action=reinterpret pc=0x000002085b106acc method=jdk.internal.reflect.DirectMethodHandleAccessor.checkArgumentCount(I[Ljava/lang/Object;)V @ 1 c2
Event: 12.606 Thread 0x000002086cb96000 DEOPT PACKING pc=0x000002085b106acc sp=0x0000007b333fbdc0
Event: 12.606 Thread 0x000002086cb96000 DEOPT UNPACKING pc=0x000002085a8a46a2 sp=0x0000007b333fbcf0 mode 2
Event: 12.606 Thread 0x000002086cb96000 Uncommon trap: trap_request=0xffffff45 fr.pc=0x000002085b103d88 relative=0x0000000000000068
Event: 12.606 Thread 0x000002086cb96000 Uncommon trap: reason=unstable_if action=reinterpret pc=0x000002085b103d88 method=jdk.internal.reflect.DirectMethodHandleAccessor.checkArgumentCount(I[Ljava/lang/Object;)V @ 1 c2
Event: 12.606 Thread 0x000002086cb96000 DEOPT PACKING pc=0x000002085b103d88 sp=0x0000007b333fbcd0
Event: 12.606 Thread 0x000002086cb96000 DEOPT UNPACKING pc=0x000002085a8a46a2 sp=0x0000007b333fbc68 mode 2
Event: 12.647 Thread 0x000002086cb96000 Uncommon trap: trap_request=0xfffffff4 fr.pc=0x000002085af1f774 relative=0x0000000000005234
Event: 12.647 Thread 0x000002086cb96000 Uncommon trap: reason=null_check action=make_not_entrant pc=0x000002085af1f774 method=java.lang.invoke.MethodType.equals(Ljava/lang/Object;)Z @ 39 c2
Event: 12.647 Thread 0x000002086cb96000 DEOPT PACKING pc=0x000002085af1f774 sp=0x0000007b333fb700
Event: 12.647 Thread 0x000002086cb96000 DEOPT UNPACKING pc=0x000002085a8a46a2 sp=0x0000007b333fb5a0 mode 2
Event: 12.673 Thread 0x000002086cb96000 Uncommon trap: trap_request=0xffffff45 fr.pc=0x000002085b0bbc24 relative=0x0000000000000ea4
Event: 12.673 Thread 0x000002086cb96000 Uncommon trap: reason=unstable_if action=reinterpret pc=0x000002085b0bbc24 method=java.util.concurrent.ConcurrentHashMap.putVal(Ljava/lang/Object;Ljava/lang/Object;Z)Ljava/lang/Object; @ 401 c2
Event: 12.673 Thread 0x000002086cb96000 DEOPT PACKING pc=0x000002085b0bbc24 sp=0x0000007b333fbed0
Event: 12.673 Thread 0x000002086cb96000 DEOPT UNPACKING pc=0x000002085a8a46a2 sp=0x0000007b333fbe50 mode 2
Event: 12.675 Thread 0x000002086cb96000 Uncommon trap: trap_request=0xffffff45 fr.pc=0x000002085b04eda0 relative=0x0000000000000260
Event: 12.675 Thread 0x000002086cb96000 Uncommon trap: reason=unstable_if action=reinterpret pc=0x000002085b04eda0 method=java.util.concurrent.ConcurrentHashMap.get(Ljava/lang/Object;)Ljava/lang/Object; @ 86 c2
Event: 12.675 Thread 0x000002086cb96000 DEOPT PACKING pc=0x000002085b04eda0 sp=0x0000007b333fbf60
Event: 12.675 Thread 0x000002086cb96000 DEOPT UNPACKING pc=0x000002085a8a46a2 sp=0x0000007b333fbec8 mode 2

Classes loaded (20 events):
Event: 11.225 Loading class java/util/AbstractList$SubList
Event: 11.225 Loading class java/util/AbstractList$SubList done
Event: 11.248 Loading class java/lang/reflect/AnnotatedArrayType
Event: 11.249 Loading class java/lang/reflect/AnnotatedArrayType done
Event: 11.309 Loading class java/lang/foreign/ValueLayout
Event: 11.309 Loading class java/lang/foreign/MemoryLayout
Event: 11.310 Loading class java/lang/foreign/MemoryLayout done
Event: 11.310 Loading class java/lang/foreign/ValueLayout done
Event: 11.407 Loading class java/lang/reflect/AnnotatedParameterizedType
Event: 11.407 Loading class java/lang/reflect/AnnotatedParameterizedType done
Event: 12.537 Loading class javax/naming/Reference
Event: 12.537 Loading class javax/naming/Reference done
Event: 12.592 Loading class java/lang/SafeVarargs
Event: 12.592 Loading class java/lang/SafeVarargs done
Event: 12.595 Loading class sun/reflect/generics/reflectiveObjects/GenericArrayTypeImpl
Event: 12.595 Loading class sun/reflect/generics/reflectiveObjects/GenericArrayTypeImpl done
Event: 12.673 Loading class java/util/concurrent/ConcurrentHashMap$TreeNode
Event: 12.673 Loading class java/util/concurrent/ConcurrentHashMap$TreeNode done
Event: 12.673 Loading class java/util/concurrent/ConcurrentHashMap$TreeBin
Event: 12.673 Loading class java/util/concurrent/ConcurrentHashMap$TreeBin done

Classes unloaded (0 events):
No events

Classes redefined (0 events):
No events

Internal exceptions (20 events):
Event: 11.809 Thread 0x000002086cb96000 Exception <a 'java/lang/NoSuchMethodError'{0x000000008ec017a8}: 'java.lang.Object java.lang.invoke.DirectMethodHandle$Holder.newInvokeSpecial(java.lang.Object, java.lang.Object, int)'> (0x000000008ec017a8) 
thrown [s\open\src\hotspot\share\interpreter\linkResolver.cpp, line 773]
Event: 11.852 Thread 0x000002086cb96000 Exception <a 'java/lang/NoSuchMethodError'{0x000000008eb57168}: 'int java.lang.invoke.DirectMethodHandle$Holder.invokeStatic(java.lang.Object, int, java.lang.Object)'> (0x000000008eb57168) 
thrown [s\open\src\hotspot\share\interpreter\linkResolver.cpp, line 773]
Event: 11.856 Thread 0x000002086cb96000 Exception <a 'java/lang/NoSuchMethodError'{0x000000008eb722b8}: 'java.lang.Object java.lang.invoke.DirectMethodHandle$Holder.newInvokeSpecial(java.lang.Object, java.lang.Object, java.lang.Object, java.lang.Object, java.lang.Object, int, java.lang.Object)'> (0x000000008eb722b8) 
thrown [s\open\src\hotspot\share\interpreter\linkResolver.cpp, line 773]
Event: 11.867 Thread 0x000002086cb96000 Exception <a 'java/lang/NoSuchMethodError'{0x000000008ebb1650}: 'java.lang.Object java.lang.invoke.DirectMethodHandle$Holder.newInvokeSpecial(java.lang.Object, java.lang.Object, java.lang.Object, java.lang.Object, java.lang.Object, java.lang.Object, java.lang.Object, java.lang.Object, java.lang.Object, java.lang.Object, java.lang.Object, java.lang.Object)'> (0x000000008ebb1650) 
thrown [s\open\src\hotspot\share\interpreter\linkResolver.cpp, line 773]
Event: 11.867 Thread 0x000002086cb96000 Exception <a 'java/lang/NoSuchMethodError'{0x000000008ebb5ee8}: 'java.lang.Object java.lang.invoke.DirectMethodHandle$Holder.invokeSpecial(java.lang.Object, java.lang.Object, java.lang.Object, java.lang.Object, java.lang.Object, java.lang.Object, java.lang.Object, java.lang.Object, java.lang.Object, java.lang.Object, java.lang.Object, java.lang.Object, java.lang.Object)'> (0x000000008ebb5ee8) 
thrown [s\open\src\hotspot\share\interpreter\linkResolver.cpp, line 773]
Event: 11.868 Thread 0x000002086cb96000 Exception <a 'java/lang/NoSuchMethodError'{0x000000008ebba3c0}: 'java.lang.Object java.lang.invoke.Invokers$Holder.linkToTargetMethod(java.lang.Object, java.lang.Object, java.lang.Object, java.lang.Object, java.lang.Object, java.lang.Object, java.lang.Object, java.lang.Object, java.lang.Object, java.lang.Object, java.lang.Object, java.lang.Object)'> (0x000000008ebba3c0) 
thrown [s\open\src\hotspot\share\interpreter\linkResolver.cpp, line 773]
Event: 11.951 Thread 0x000002086cb96000 Exception <a 'java/lang/NoSuchMethodError'{0x000000008d5e09d0}: 'java.lang.Object java.lang.invoke.DirectMethodHandle$Holder.newInvokeSpecial(java.lang.Object, java.lang.Object, int, java.lang.Object, int, java.lang.Object, java.lang.Object)'> (0x000000008d5e09d0) 
thrown [s\open\src\hotspot\share\interpreter\linkResolver.cpp, line 773]
Event: 11.982 Thread 0x000002086cb96000 Exception <a 'java/lang/NoSuchMethodError'{0x000000008d48a860}: 'java.lang.Object java.lang.invoke.DirectMethodHandle$Holder.newInvokeSpecial(java.lang.Object, java.lang.Object, java.lang.Object, java.lang.Object, java.lang.Object, java.lang.Object, java.lang.Object, int)'> (0x000000008d48a860) 
thrown [s\open\src\hotspot\share\interpreter\linkResolver.cpp, line 773]
Event: 11.982 Thread 0x000002086cb96000 Exception <a 'java/lang/NoSuchMethodError'{0x000000008d48edc0}: 'java.lang.Object java.lang.invoke.DirectMethodHandle$Holder.invokeSpecial(java.lang.Object, java.lang.Object, java.lang.Object, java.lang.Object, java.lang.Object, java.lang.Object, java.lang.Object, java.lang.Object, int)'> (0x000000008d48edc0) 
thrown [s\open\src\hotspot\share\interpreter\linkResolver.cpp, line 773]
Event: 11.983 Thread 0x000002086cb96000 Exception <a 'java/lang/NoSuchMethodError'{0x000000008d492dd8}: 'java.lang.Object java.lang.invoke.Invokers$Holder.linkToTargetMethod(java.lang.Object, java.lang.Object, java.lang.Object, java.lang.Object, java.lang.Object, java.lang.Object, int, java.lang.Object)'> (0x000000008d492dd8) 
thrown [s\open\src\hotspot\share\interpreter\linkResolver.cpp, line 773]
Event: 12.023 Thread 0x000002086cb96000 Exception <a 'java/lang/NoSuchMethodError'{0x000000008d35c150}: 'void java.lang.invoke.DirectMethodHandle$Holder.invokeInterface(java.lang.Object, java.lang.Object)'> (0x000000008d35c150) 
thrown [s\open\src\hotspot\share\interpreter\linkResolver.cpp, line 773]
Event: 12.307 Thread 0x000002086cb96000 Exception <a 'java/lang/NoSuchMethodError'{0x000000008ce2a148}: 'java.lang.Object java.lang.invoke.DirectMethodHandle$Holder.invokeSpecial(java.lang.Object, java.lang.Object, int, java.lang.Object, int)'> (0x000000008ce2a148) 
thrown [s\open\src\hotspot\share\interpreter\linkResolver.cpp, line 773]
Event: 12.549 Thread 0x000002086cb96000 Exception <a 'java/lang/NoSuchMethodError'{0x000000008cdbfbc0}: 'void java.lang.invoke.Invokers$Holder.invokeExact_MT(java.lang.Object, java.lang.Object, java.lang.Object, java.lang.Object)'> (0x000000008cdbfbc0) 
thrown [s\open\src\hotspot\share\interpreter\linkResolver.cpp, line 773]
Event: 12.585 Thread 0x000002086cb96000 Implicit null exception at 0x000002085b12a9f7 to 0x000002085b12ac60
Event: 12.606 Thread 0x000002086cb96000 Implicit null exception at 0x000002085b106771 to 0x000002085b106aa8
Event: 12.606 Thread 0x000002086cb96000 Implicit null exception at 0x000002085b103d3a to 0x000002085b103d74
Event: 12.647 Thread 0x000002086cb96000 Implicit null exception at 0x000002085af1a93b to 0x000002085af1f750
Event: 12.674 Thread 0x000002086cb96000 Exception <a 'java/lang/IncompatibleClassChangeError'{0x00000000921d2648}: Found class java.lang.Object, but interface was expected> (0x00000000921d2648) 
thrown [s\open\src\hotspot\share\interpreter\linkResolver.cpp, line 840]
Event: 12.693 Thread 0x000002086cb96000 Exception <a 'java/lang/IncompatibleClassChangeError'{0x000000008f0488f8}: Found class java.lang.Object, but interface was expected> (0x000000008f0488f8) 
thrown [s\open\src\hotspot\share\interpreter\linkResolver.cpp, line 840]
Event: 12.767 Thread 0x000002086cb96000 Exception <a 'java/lang/IncompatibleClassChangeError'{0x000000008efb88d0}: Found class java.lang.Object, but interface was expected> (0x000000008efb88d0) 
thrown [s\open\src\hotspot\share\interpreter\linkResolver.cpp, line 840]

ZGC Phase Switch (0 events):
No events

VM Operations (20 events):
Event: 9.158 Executing VM operation: HandshakeAllThreads (Deoptimize)
Event: 9.159 Executing VM operation: HandshakeAllThreads (Deoptimize) done
Event: 9.168 Executing VM operation: HandshakeAllThreads (Deoptimize)
Event: 9.168 Executing VM operation: HandshakeAllThreads (Deoptimize) done
Event: 10.065 Executing VM operation: G1CollectForAllocation (G1 Evacuation Pause)
Event: 10.069 Executing VM operation: G1CollectForAllocation (G1 Evacuation Pause) done
Event: 10.839 Executing VM operation: G1CollectForAllocation (G1 Evacuation Pause)
Event: 10.845 Executing VM operation: G1CollectForAllocation (G1 Evacuation Pause) done
Event: 11.059 Executing VM operation: HandshakeAllThreads (Deoptimize)
Event: 11.059 Executing VM operation: HandshakeAllThreads (Deoptimize) done
Event: 11.065 Executing VM operation: HandshakeAllThreads (Deoptimize)
Event: 11.065 Executing VM operation: HandshakeAllThreads (Deoptimize) done
Event: 11.294 Executing VM operation: HandshakeAllThreads (Deoptimize)
Event: 11.294 Executing VM operation: HandshakeAllThreads (Deoptimize) done
Event: 11.438 Executing VM operation: ICBufferFull
Event: 11.438 Executing VM operation: ICBufferFull done
Event: 11.626 Executing VM operation: G1CollectForAllocation (G1 Evacuation Pause)
Event: 11.631 Executing VM operation: G1CollectForAllocation (G1 Evacuation Pause) done
Event: 12.640 Executing VM operation: G1CollectForAllocation (G1 Evacuation Pause)
Event: 12.646 Executing VM operation: G1CollectForAllocation (G1 Evacuation Pause) done

Events (20 events):
Event: 8.663 Thread 0x0000020867500b80 flushing nmethod 0x000002085ae05990
Event: 8.663 Thread 0x0000020867500b80 flushing nmethod 0x000002085ae12510
Event: 8.663 Thread 0x0000020867500b80 flushing nmethod 0x000002085ae04e90
Event: 8.663 Thread 0x0000020867500b80 flushing nmethod 0x000002085ae0d110
Event: 8.663 Thread 0x0000020867500b80 flushing nmethod 0x000002085ae08510
Event: 8.663 Thread 0x0000020867500b80 flushing nmethod 0x000002085ae07a90
Event: 8.663 Thread 0x0000020867500b80 flushing nmethod 0x000002085adf1490
Event: 8.663 Thread 0x0000020867500b80 flushing nmethod 0x000002085adfa210
Event: 8.763 Thread 0x000002086e08bf50 Thread added: 0x000002086e08bf50
Event: 9.249 Thread 0x000002086e08b880 Thread added: 0x000002086e08b880
Event: 9.386 Thread 0x000002086e8f3b00 Thread added: 0x000002086e8f3b00
Event: 9.418 Thread 0x000002086e8f4820 Thread added: 0x000002086e8f4820
Event: 9.531 Thread 0x000002086e8f4190 Thread added: 0x000002086e8f4190
Event: 10.566 Thread 0x000002086e08b880 Thread exited: 0x000002086e08b880
Event: 10.598 Thread 0x000002086e08bf50 Thread exited: 0x000002086e08bf50
Event: 11.423 Thread 0x000002086e08b880 Thread added: 0x000002086e08b880
Event: 11.889 Thread 0x000002086e08b880 Thread exited: 0x000002086e08b880
Event: 11.981 Thread 0x000002086e08c620 Thread added: 0x000002086e08c620
Event: 12.202 Thread 0x000002086e08c620 Thread exited: 0x000002086e08c620
Event: 12.598 Thread 0x000002086e08b880 Thread added: 0x000002086e08b880


Dynamic libraries:
0x00007ff7455d0000 - 0x00007ff7455de000 	C:\Users\HP 14S-FQ1001NU\.jdks\openjdk-21.0.2\bin\java.exe
0x00007ffa97c90000 - 0x00007ffa97ea7000 	C:\WINDOWS\SYSTEM32\ntdll.dll
0x00007ffa95e80000 - 0x00007ffa95f44000 	C:\WINDOWS\System32\KERNEL32.DLL
0x00007ffa95150000 - 0x00007ffa954fc000 	C:\WINDOWS\System32\KERNELBASE.dll
0x00007ffa95030000 - 0x00007ffa95141000 	C:\WINDOWS\System32\ucrtbase.dll
0x00007ffa91780000 - 0x00007ffa91798000 	C:\Users\HP 14S-FQ1001NU\.jdks\openjdk-21.0.2\bin\jli.dll
0x00007ffa91760000 - 0x00007ffa9177b000 	C:\Users\HP 14S-FQ1001NU\.jdks\openjdk-21.0.2\bin\VCRUNTIME140.dll
0x00007ffa95ab0000 - 0x00007ffa95c5e000 	C:\WINDOWS\System32\USER32.dll
0x00007ffa95880000 - 0x00007ffa958a6000 	C:\WINDOWS\System32\win32u.dll
0x00007ffa95cc0000 - 0x00007ffa95ce9000 	C:\WINDOWS\System32\GDI32.dll
0x00007ffa956a0000 - 0x00007ffa957b9000 	C:\WINDOWS\System32\gdi32full.dll
0x00007ffa72e80000 - 0x00007ffa73113000 	C:\WINDOWS\WinSxS\amd64_microsoft.windows.common-controls_6595b64144ccf1df_6.0.22621.3672_none_2713b9d173822955\COMCTL32.dll
0x00007ffa97ba0000 - 0x00007ffa97c47000 	C:\WINDOWS\System32\msvcrt.dll
0x00007ffa958b0000 - 0x00007ffa9594a000 	C:\WINDOWS\System32\msvcp_win.dll
0x00007ffa96ca0000 - 0x00007ffa96cd1000 	C:\WINDOWS\System32\IMM32.DLL
0x00007ffa7e2d0000 - 0x00007ffa7e2dc000 	C:\Users\HP 14S-FQ1001NU\.jdks\openjdk-21.0.2\bin\vcruntime140_1.dll
0x00007ffa6b8b0000 - 0x00007ffa6b93e000 	C:\Users\HP 14S-FQ1001NU\.jdks\openjdk-21.0.2\bin\msvcp140.dll
0x00007ffa4e030000 - 0x00007ffa4ed47000 	C:\Users\HP 14S-FQ1001NU\.jdks\openjdk-21.0.2\bin\server\jvm.dll
0x00007ffa968d0000 - 0x00007ffa96982000 	C:\WINDOWS\System32\ADVAPI32.dll
0x00007ffa96dd0000 - 0x00007ffa96e7a000 	C:\WINDOWS\System32\sechost.dll
0x00007ffa95670000 - 0x00007ffa95698000 	C:\WINDOWS\System32\bcrypt.dll
0x00007ffa967b0000 - 0x00007ffa968c5000 	C:\WINDOWS\System32\RPCRT4.dll
0x00007ffa95cf0000 - 0x00007ffa95d61000 	C:\WINDOWS\System32\WS2_32.dll
0x00007ffa94880000 - 0x00007ffa948cd000 	C:\WINDOWS\SYSTEM32\POWRPROF.dll
0x00007ffa8c140000 - 0x00007ffa8c174000 	C:\WINDOWS\SYSTEM32\WINMM.dll
0x00007ffa8cf00000 - 0x00007ffa8cf0a000 	C:\WINDOWS\SYSTEM32\VERSION.dll
0x00007ffa94860000 - 0x00007ffa94873000 	C:\WINDOWS\SYSTEM32\UMPDC.dll
0x00007ffa93fd0000 - 0x00007ffa93fe8000 	C:\WINDOWS\SYSTEM32\kernel.appcore.dll
0x00007ffa7dfa0000 - 0x00007ffa7dfaa000 	C:\Users\HP 14S-FQ1001NU\.jdks\openjdk-21.0.2\bin\jimage.dll
0x00007ffa878f0000 - 0x00007ffa87b22000 	C:\WINDOWS\SYSTEM32\DBGHELP.DLL
0x00007ffa97390000 - 0x00007ffa97718000 	C:\WINDOWS\System32\combase.dll
0x00007ffa96b10000 - 0x00007ffa96be7000 	C:\WINDOWS\System32\OLEAUT32.dll
0x00007ffa793c0000 - 0x00007ffa793f2000 	C:\WINDOWS\SYSTEM32\dbgcore.DLL
0x00007ffa95950000 - 0x00007ffa959cb000 	C:\WINDOWS\System32\bcryptPrimitives.dll
0x00007ffa91a20000 - 0x00007ffa91a2f000 	C:\Users\HP 14S-FQ1001NU\.jdks\openjdk-21.0.2\bin\instrument.dll
0x00007ffa7de70000 - 0x00007ffa7de8f000 	C:\Users\HP 14S-FQ1001NU\.jdks\openjdk-21.0.2\bin\java.dll
0x00007ffa95f50000 - 0x00007ffa967ac000 	C:\WINDOWS\System32\SHELL32.dll
0x00007ffa92ec0000 - 0x00007ffa937b7000 	C:\WINDOWS\SYSTEM32\windows.storage.dll
0x00007ffa92d80000 - 0x00007ffa92ebf000 	C:\WINDOWS\SYSTEM32\wintypes.dll
0x00007ffa95d80000 - 0x00007ffa95e74000 	C:\WINDOWS\System32\SHCORE.dll
0x00007ffa95c60000 - 0x00007ffa95cbe000 	C:\WINDOWS\System32\shlwapi.dll
0x00007ffa94ef0000 - 0x00007ffa94f11000 	C:\WINDOWS\SYSTEM32\profapi.dll
0x00007ffa56910000 - 0x00007ffa569e7000 	C:\Users\HP 14S-FQ1001NU\.jdks\openjdk-21.0.2\bin\jsvml.dll
0x00007ffa7aa80000 - 0x00007ffa7aa98000 	C:\Users\HP 14S-FQ1001NU\.jdks\openjdk-21.0.2\bin\zip.dll
0x00007ffa7de60000 - 0x00007ffa7de70000 	C:\Users\HP 14S-FQ1001NU\.jdks\openjdk-21.0.2\bin\net.dll
0x00007ffa8ddc0000 - 0x00007ffa8def6000 	C:\WINDOWS\SYSTEM32\WINHTTP.dll
0x00007ffa94460000 - 0x00007ffa944c9000 	C:\WINDOWS\system32\mswsock.dll
0x00007ffa7b0a0000 - 0x00007ffa7b0b6000 	C:\Users\HP 14S-FQ1001NU\.jdks\openjdk-21.0.2\bin\nio.dll
0x00007ffa90b80000 - 0x00007ffa90b9a000 	C:\Program Files\JetBrains\IntelliJ IDEA Community Edition 2023.3.4\bin\breakgen64.dll
0x00007ffa7d320000 - 0x00007ffa7d329000 	C:\Users\HP 14S-FQ1001NU\.jdks\openjdk-21.0.2\bin\extnet.dll
0x00007ffa90ae0000 - 0x00007ffa90aea000 	C:\Users\HP 14S-FQ1001NU\.jdks\openjdk-21.0.2\bin\management.dll
0x00007ffa90ad0000 - 0x00007ffa90adb000 	C:\Users\HP 14S-FQ1001NU\.jdks\openjdk-21.0.2\bin\management_ext.dll
0x00007ffa96ce0000 - 0x00007ffa96ce8000 	C:\WINDOWS\System32\PSAPI.DLL
0x00007ffa90ac0000 - 0x00007ffa90ace000 	C:\Users\HP 14S-FQ1001NU\.jdks\openjdk-21.0.2\bin\sunmscapi.dll
0x00007ffa95500000 - 0x00007ffa95667000 	C:\WINDOWS\System32\CRYPT32.dll
0x00007ffa94970000 - 0x00007ffa9499e000 	C:\WINDOWS\SYSTEM32\ncrypt.dll
0x00007ffa94930000 - 0x00007ffa94967000 	C:\WINDOWS\SYSTEM32\NTASN1.dll
0x00007ffa946c0000 - 0x00007ffa946db000 	C:\WINDOWS\SYSTEM32\CRYPTSP.dll
0x00007ffa93f30000 - 0x00007ffa93f65000 	C:\WINDOWS\system32\rsaenh.dll
0x00007ffa94560000 - 0x00007ffa94588000 	C:\WINDOWS\SYSTEM32\USERENV.dll
0x00007ffa946e0000 - 0x00007ffa946ec000 	C:\WINDOWS\SYSTEM32\CRYPTBASE.dll
0x00007ffa93a30000 - 0x00007ffa93a5d000 	C:\WINDOWS\SYSTEM32\IPHLPAPI.DLL
0x00007ffa97030000 - 0x00007ffa97039000 	C:\WINDOWS\System32\NSI.dll
0x00007ffa7aa70000 - 0x00007ffa7aa80000 	C:\Users\HP 14S-FQ1001NU\.jdks\openjdk-21.0.2\bin\verify.dll
0x00007ffa93a60000 - 0x00007ffa93b58000 	C:\WINDOWS\SYSTEM32\DNSAPI.dll
0x00007ffa89a60000 - 0x00007ffa89a6a000 	C:\Windows\System32\rasadhlp.dll
0x00007ffa8c210000 - 0x00007ffa8c293000 	C:\WINDOWS\System32\fwpuclnt.dll

dbghelp: loaded successfully - version: 4.0.5 - missing functions: none
symbol engine: initialized successfully - sym options: 0x614 - pdb path: .;C:\Users\HP 14S-FQ1001NU\.jdks\openjdk-21.0.2\bin;C:\WINDOWS\SYSTEM32;C:\WINDOWS\WinSxS\amd64_microsoft.windows.common-controls_6595b64144ccf1df_6.0.22621.3672_none_2713b9d173822955;C:\Users\HP 14S-FQ1001NU\.jdks\openjdk-21.0.2\bin\server;C:\Program Files\JetBrains\IntelliJ IDEA Community Edition 2023.3.4\bin

VM Arguments:
jvm_args: -javaagent:C:\Program Files\JetBrains\IntelliJ IDEA Community Edition 2023.3.4\lib\idea_rt.jar=63605:C:\Program Files\JetBrains\IntelliJ IDEA Community Edition 2023.3.4\bin -Dfile.encoding=UTF-8 -Dsun.stdout.encoding=UTF-8 -Dsun.stderr.encoding=UTF-8 
java_command: bg.fmi.javaweb.sportstournamentorganizer.SportsTournamentOrganizerApplication
java_class_path (initial): C:\Users\HP 14S-FQ1001NU\IdeaProjects\local_java_repo\target\classes;C:\Users\HP 14S-FQ1001NU\.m2\repository\org\springframework\boot\spring-boot-starter-web\3.3.0\spring-boot-starter-web-3.3.0.jar;C:\Users\HP 14S-FQ1001NU\.m2\repository\org\springframework\boot\spring-boot-starter\3.3.0\spring-boot-starter-3.3.0.jar;C:\Users\HP 14S-FQ1001NU\.m2\repository\org\springframework\boot\spring-boot-starter-logging\3.3.0\spring-boot-starter-logging-3.3.0.jar;C:\Users\HP 14S-FQ1001NU\.m2\repository\ch\qos\logback\logback-classic\1.5.6\logback-classic-1.5.6.jar;C:\Users\HP 14S-FQ1001NU\.m2\repository\ch\qos\logback\logback-core\1.5.6\logback-core-1.5.6.jar;C:\Users\HP 14S-FQ1001NU\.m2\repository\org\apache\logging\log4j\log4j-to-slf4j\2.23.1\log4j-to-slf4j-2.23.1.jar;C:\Users\HP 14S-FQ1001NU\.m2\repository\org\apache\logging\log4j\log4j-api\2.23.1\log4j-api-2.23.1.jar;C:\Users\HP 14S-FQ1001NU\.m2\repository\org\slf4j\jul-to-slf4j\2.0.13\jul-to-slf4j-2.0.13.jar;C:\Users\HP 14S-FQ1001NU\.m2\repository\jakarta\annotation\jakarta.annotation-api\2.1.1\jakarta.annotation-api-2.1.1.jar;C:\Users\HP 14S-FQ1001NU\.m2\repository\org\yaml\snakeyaml\2.2\snakeyaml-2.2.jar;C:\Users\HP 14S-FQ1001NU\.m2\repository\org\springframework\boot\spring-boot-starter-json\3.3.0\spring-boot-starter-json-3.3.0.jar;C:\Users\HP 14S-FQ1001NU\.m2\repository\com\fasterxml\jackson\core\jackson-databind\2.17.1\jackson-databind-2.17.1.jar;C:\Users\HP 14S-FQ1001NU\.m2\repository\com\fasterxml\jackson\core\jackson-annotations\2.17.1\jackson-annotations-2.17.1.jar;C:\Users\HP 14S-FQ1001NU\.m2\repository\com\fasterxml\jackson\core\jackson-core\2.17.1\jackson-core-2.17.1.jar;C:\Users\HP 14S-FQ1001NU\.m2\repository\com\fasterxml\jackson\datatype\jackson-datatype-jdk8\2.17.1\jackson-datatype-jdk8-2.17.1.jar;C:\Users\HP 14S-FQ1001NU\.m2\repository\com\fasterxml\jackson\datatype\jackson-datatype-jsr310\2.17.1\jackson-datatype-jsr310-2.17.1.jar;C:\Users\HP 14S-FQ1001NU\.m2\repository\com\fasterxml\jackson\module\jackson-module-parameter-names\2.17.1\jackson-module-parameter-names-2.17.1.jar;C:\Users\HP 14S-FQ1001NU\.m2\repository\org\springframework\boot\spring-boot-starter-tomcat\3.3.0\spring-boot-starter-tomcat-3.3.0.jar;C:\Users\HP 14S-FQ1001NU\.m2\repository\org\apache\tomcat\embed\tomcat-embed-core\10.1.24\tomcat-embed-core-10.1.24.jar;C:\Users\HP 14S-FQ1001NU\.m2\repository\org\apache\tomcat\embed\tomcat-embed-el\10.1.24\tomcat-embed-el-10.1.24.jar;C:\Users\HP 14S-FQ1001NU\.m2\repository\org\apache\tomcat\embed\tomcat-embed-websocket\10.1.24\tomcat-embed-websocket-10.1.24.jar;C:\Users\HP 14S-FQ1001NU\.m2\repository\org\springframework\spring-web\6.1.8\spring-web-6.1.8.jar;C:\Users\HP 14S-FQ1001NU\.m2\repository\org\springframework\spring-beans\6.1.8\spring-beans-6.1.8.jar;C:\Users\HP 14S-FQ1001NU\.m2\repository\io\micrometer\micrometer-observation\1.13.0\micrometer-observation-1.13.0.jar;C:\Users\HP 14S-FQ1001NU\.m2\repository\io\micrometer\micrometer-commons\1.13.0\micrometer-commons-1.13.0.jar;C:\Users\HP 14S-FQ1001NU\.m2\repository\org\springframework\spring-webmvc\6.1.8\spring-webmvc-6.1.8.jar;C:\Users\HP 14S-FQ1001NU\.m2\repository\org\springframework\spring-aop\6.1.8\spring-aop-6.1.8.jar;C:\Users\HP 14S-FQ1001NU\.m2\repository\org\springframework\spring-context\6.1.8\spring-context-6.1.8.jar;C:\Users\HP 14S-FQ1001NU\.m2\repository\org\springframework\spring-expression\6.1.8\spring-expression-6.1.8.jar;C:\Users\HP 14S-FQ1001NU\.m2\repository\org\springframework\boot\spring-boot-devtools\3.3.0\spring-boot-devtools-3.3.0.jar;C:\Users\HP 14S-FQ1001NU\.m2\repository\org\springframework\boot\spring-boot\3.3.0\spring-boot-3.3.0.jar;C:\Users\HP 14S-FQ1001NU\.m2\repository\org\springframework\boot\spring-boot-autoconfigure\3.3.0\spring-boot-autoconfigure-3.3.0.jar;C:\Users\HP 14S-FQ1001NU\.m2\repository\org\slf4j\slf4j-api\2.0.13\slf4j-api-2.0.13.jar;C:\Users\HP 14S-FQ1001NU\.m2\repository\jakarta\xml\bind\jakarta.xml.bind-api\4.0.2\jakarta.xml.bind-api-4.0.2.jar;C:\Users\HP 14S-FQ1001NU\.m2\repository\jakarta\activation\jakarta.activation-api\2.1.3\jakarta.activation-api-2.1.3.jar;C:\Users\HP 14S-FQ1001NU\.m2\repository\net\bytebuddy\byte-buddy\1.14.16\byte-buddy-1.14.16.jar;C:\Users\HP 14S-FQ1001NU\.m2\repository\org\springframework\spring-core\6.1.8\spring-core-6.1.8.jar;C:\Users\HP 14S-FQ1001NU\.m2\repository\org\springframework\spring-jcl\6.1.8\spring-jcl-6.1.8.jar;C:\Users\HP 14S-FQ1001NU\.m2\repository\org\mapstruct\mapstruct\1.6.0.Beta1\mapstruct-1.6.0.Beta1.jar;C:\Users\HP 14S-FQ1001NU\.m2\repository\org\mapstruct\mapstruct-processor\1.6.0.Beta1\mapstruct-processor-1.6.0.Beta1.jar;C:\Users\HP 14S-FQ1001NU\.m2\repository\org\postgresql\postgresql\42.7.3\postgresql-42.7.3.jar;C:\Users\HP 14S-FQ1001NU\.m2\repository\org\checkerframework\checker-qual\3.42.0\checker-qual-3.42.0.jar;C:\Users\HP 14S-FQ1001NU\.m2\repository\org\springframework\boot\spring-boot-starter-data-jpa\3.3.0\spring-boot-starter-data-jpa-3.3.0.jar;C:\Users\HP 14S-FQ1001NU\.m2\repository\org\springframework\boot\spring-boot-starter-aop\3.3.0\spring-boot-starter-aop-3.3.0.jar;C:\Users\HP 14S-FQ1001NU\.m2\repository\org\aspectj\aspectjweaver\1.9.22\aspectjweaver-1.9.22.jar;C:\Users\HP 14S-FQ1001NU\.m2\repository\org\springframework\boot\spring-boot-starter-jdbc\3.3.0\spring-boot-starter-jdbc-3.3.0.jar;C:\Users\HP 14S-FQ1001NU\.m2\repository\com\zaxxer\HikariCP\5.1.0\HikariCP-5.1.0.jar;C:\Users\HP 14S-FQ1001NU\.m2\repository\org\springframework\spring-jdbc\6.1.8\spring-jdbc-6.1.8.jar;C:\Users\HP 14S-FQ1001NU\.m2\repository\org\hibernate\orm\hibernate-core\6.5.2.Final\hibernate-core-6.5.2.Final.jar;C:\Users\HP 14S-FQ1001NU\.m2\repository\jakarta\persistence\jakarta.persistence-api\3.1.0\jakarta.persistence-api-3.1.0.jar;C:\Users\HP 14S-FQ1001NU\.m2\repository\jakarta\transaction\jakarta.transaction-api\2.0.1\jakarta.transaction-api-2.0.1.jar;C:\Users\HP 14S-FQ1001NU\.m2\repository\org\jboss\logging\jboss-logging\3.5.3.Final\jboss-logging-3.5.3.Final.jar;C:\Users\HP 14S-FQ1001NU\.m2\repository\org\hibernate\common\hibernate-commons-annotations\6.0.6.Final\hibernate-commons-annotations-6.0.6.Final.jar;C:\Users\HP 14S-FQ1001NU\.m2\repository\io\smallrye\jandex\3.1.2\jandex-3.1.2.jar;C:\Users\HP 14S-FQ1001NU\.m2\repository\com\fasterxml\classmate\1.7.0\classmate-1.7.0.jar;C:\Users\HP 14S-FQ1001NU\.m2\repository\org\glassfish\jaxb\jaxb-runtime\4.0.5\jaxb-runtime-4.0.5.jar;C:\Users\HP 14S-FQ1001NU\.m2\repository\org\glassfish\jaxb\jaxb-core\4.0.5\jaxb-core-4.0.5.jar;C:\Users\HP 14S-FQ1001NU\.m2\repository\org\eclipse\angus\angus-activation\2.0.2\angus-activation-2.0.2.jar;C:\Users\HP 14S-FQ1001NU\.m2\repository\org\glassfish\jaxb\txw2\4.0.5\txw2-4.0.5.jar;C:\Users\HP 14S-FQ1001NU\.m2\repository\com\sun\istack\istack-commons-runtime\4.1.2\istack-commons-runtime-4.1.2.jar;C:\Users\HP 14S-FQ1001NU\.m2\repository\jakarta\inject\jakarta.inject-api\2.0.1\jakarta.inject-api-2.0.1.jar;C:\Users\HP 14S-FQ1001NU\.m2\repository\org\antlr\antlr4-runtime\4.13.0\antlr4-runtime-4.13.0.jar;C:\Users\HP 14S-FQ1001NU\.m2\repository\org\springframework\data\spring-data-jpa\3.3.0\spring-data-jpa-3.3.0.jar;C:\Users\HP 14S-FQ1001NU\.m2\repository\org\springframework\data\spring-data-commons\3.3.0\spring-data-commons-3.3.0.jar;C:\Users\HP 14S-FQ1001NU\.m2\repository\org\springframework\spring-orm\6.1.8\spring-orm-6.1.8.jar;C:\Users\HP 14S-FQ1001NU\.m2\repository\org\springframework\spring-tx\6.1.8\spring-tx-6.1.8.jar;C:\Users\HP 14S-FQ1001NU\.m2\repository\org\springframework\spring-aspects\6.1.8\spring-aspects-6.1.8.jar;C:\Users\HP 14S-FQ1001NU\.m2\repository\org\jetbrains\annotations\24.1.0\annotations-24.1.0.jar
Launcher Type: SUN_STANDARD

[Global flags]
     intx CICompilerCount                          = 4                                         {product} {ergonomic}
     uint ConcGCThreads                            = 2                                         {product} {ergonomic}
     uint G1ConcRefinementThreads                  = 8                                         {product} {ergonomic}
   size_t G1HeapRegionSize                         = 1048576                                   {product} {ergonomic}
    uintx GCDrainStackTargetSize                   = 64                                        {product} {ergonomic}
   size_t InitialHeapSize                          = 123731968                                 {product} {ergonomic}
   size_t MarkStackSize                            = 4194304                                   {product} {ergonomic}
   size_t MaxHeapSize                              = 1967128576                                {product} {ergonomic}
   size_t MaxNewSize                               = 1179648000                                {product} {ergonomic}
   size_t MinHeapDeltaBytes                        = 1048576                                   {product} {ergonomic}
   size_t MinHeapSize                              = 8388608                                   {product} {ergonomic}
    uintx NonNMethodCodeHeapSize                   = 5839372                                {pd product} {ergonomic}
    uintx NonProfiledCodeHeapSize                  = 122909434                              {pd product} {ergonomic}
    uintx ProfiledCodeHeapSize                     = 122909434                              {pd product} {ergonomic}
    uintx ReservedCodeCacheSize                    = 251658240                              {pd product} {ergonomic}
     bool SegmentedCodeCache                       = true                                      {product} {ergonomic}
   size_t SoftMaxHeapSize                          = 1967128576                             {manageable} {ergonomic}
     bool UseCompressedOops                        = true                           {product lp64_product} {ergonomic}
     bool UseG1GC                                  = true                                      {product} {ergonomic}
     bool UseLargePagesIndividualAllocation        = false                                  {pd product} {ergonomic}

Logging:
Log output configuration:
 #0: stdout all=warning uptime,level,tags foldmultilines=false
 #1: stderr all=off uptime,level,tags foldmultilines=false

Environment Variables:
PATH=C:\Program Files (x86)\Cuminas\Document Express DjVu Plug-in\;C:\WINDOWS\system32;C:\WINDOWS;C:\WINDOWS\System32\Wbem;C:\WINDOWS\System32\WindowsPowerShell\v1.0\;C:\WINDOWS\System32\OpenSSH\;C:\Program Files\Git\cmd;C:\Program Files\Microsoft SQL Server\150\Tools\Binn\;C:\mysys64\mingw64\bin;C:\Program Files\PuTTY\;C:\Program Files (x86)\Microsoft SQL Server\160\Tools\Binn\;C:\Program Files\Microsoft SQL Server\160\Tools\Binn\;C:\Program Files\Microsoft SQL Server\Client SDK\ODBC\170\Tools\Binn\;C:\Program Files\Microsoft SQL Server\160\DTS\Binn\;C:\Program Files (x86)\Microsoft SQL Server\160\DTS\Binn\;C:\Program Files\Azure Data Studio\bin;C:\MinGW\bin;C:\Program Files\dotnet\;C:\Program Files\nodejs\;C:\php;C:\Users\HP 14S-FQ1001NU\AppData\Local\Programs\Python\Launcher\;C:\Users\HP 14S-FQ1001NU\AppData\Local\Microsoft\WindowsApps;C:\Users\HP 14S-FQ1001NU\AppData\Local\GitHubDesktop\bin;C:\Users\HP 14S-FQ1001NU\AppData\Local\Programs\Microsoft VS Code\bin;C:\Program Files\JetBrains\IntelliJ IDEA 2022.2.3\bin;;C:\Program Files\Azure Data Studio\bin;C:\Program Files\JetBrains\CLion 2023.1.3\bin;;C:\ghcup\bin;C:\Users\HP 14S-FQ1001NU\.dotnet\tools;C:\Users\HP 14S-FQ1001NU\AppData\Roaming\npm;C:\Users\HP 14S-FQ1001NU\AppData\Roaming\Microsoft\Windows\Start Menu\Programs\MSYS2 64bit\MSYS2 MSYS.lnk;C:\Program Files\MongoDB\mongosh-2.2.6-win32-x64\bin;C:\php;
USERNAME=HP 14S-FQ1001NU
OS=Windows_NT
PROCESSOR_IDENTIFIER=AMD64 Family 23 Model 104 Stepping 1, AuthenticAMD
TMP=C:\Users\HP14S-~1\AppData\Local\Temp
TEMP=C:\Users\HP14S-~1\AppData\Local\Temp




Periodic native trim disabled

---------------  S Y S T E M  ---------------

OS:
 Windows 11 , 64 bit Build 22621 (10.0.22621.3672)
OS uptime: 1 days 3:41 hours
Hyper-V role detected

CPU: total 8 (initial active 8) (8 cores per cpu, 2 threads per core) family 23 model 104 stepping 1 microcode 0x0, cx8, cmov, fxsr, ht, mmx, 3dnowpref, sse, sse2, sse3, ssse3, sse4a, sse4.1, sse4.2, popcnt, lzcnt, tsc, tscinvbit, avx, avx2, aes, clmul, bmi1, bmi2, adx, sha, fma, vzeroupper, clflush, clflushopt, hv, rdtscp, rdpid, f16c
Processor Information for processor 0
  Max Mhz: 2600, Current Mhz: 1896, Mhz Limit: 2600
Processor Information for processor 1
  Max Mhz: 2600, Current Mhz: 1896, Mhz Limit: 2600
Processor Information for processor 2
  Max Mhz: 2600, Current Mhz: 1896, Mhz Limit: 2600
Processor Information for processor 3
  Max Mhz: 2600, Current Mhz: 1896, Mhz Limit: 2600
Processor Information for processor 4
  Max Mhz: 2600, Current Mhz: 1896, Mhz Limit: 2600
Processor Information for processor 5
  Max Mhz: 2600, Current Mhz: 1789, Mhz Limit: 2600
Processor Information for processor 6
  Max Mhz: 2600, Current Mhz: 1896, Mhz Limit: 2600
Processor Information for processor 7
  Max Mhz: 2600, Current Mhz: 1896, Mhz Limit: 2600

Memory: 4k page, system-wide physical 7502M (537M free)
TotalPageFile size 10502M (AvailPageFile size 17M)
current process WorkingSet (physical memory assigned to process): 233M, peak: 235M
current process commit charge ("private bytes"): 272M, peak: 274M

vm_info: OpenJDK 64-Bit Server VM (21.0.2+13-58) for windows-amd64 JRE (21.0.2+13-58), built on 2024-01-05T18:32:24Z by "mach5one" with MS VC++ 17.1 (VS2022)

END.
