#
# There is insufficient memory for the Java Runtime Environment to continue.
# Native memory allocation (malloc) failed to allocate 1177376 bytes for Chunk::new
# Possible reasons:
#   The system is out of physical RAM or swap space
#   The process is running with CompressedOops enabled, and the Java Heap may be blocking the growth of the native heap
# Possible solutions:
#   Reduce memory load on the system
#   Increase physical memory or swap space
#   Check if swap backing store is full
#   Decrease Java heap size (-Xmx/-Xms)
#   Decrease number of Java threads
#   Decrease Java thread stack sizes (-Xss)
#   Set larger code cache with -XX:ReservedCodeCacheSize=
#   JVM is running with Unscaled Compressed Oops mode in which the Java heap is
#     placed in the first 4GB address space. The Java Heap base address is the
#     maximum limit for the native heap growth. Please use -XX:HeapBaseMinAddress
#     to set the Java Heap base and to place the Java Heap above 4GB virtual address.
# This output file may be truncated or incomplete.
#
#  Out of Memory Error (arena.cpp:168), pid=9340, tid=15008
#
# JRE version: OpenJDK Runtime Environment (21.0.2+13) (build 21.0.2+13-58)
# Java VM: OpenJDK 64-Bit Server VM (21.0.2+13-58, mixed mode, sharing, tiered, compressed oops, compressed class ptrs, g1 gc, windows-amd64)
# No core dump will be written. Minidumps are not enabled by default on client versions of Windows
#

---------------  S U M M A R Y ------------

Command Line: -javaagent:C:\Program Files\JetBrains\IntelliJ IDEA Community Edition 2023.3.4\lib\idea_rt.jar=51133:C:\Program Files\JetBrains\IntelliJ IDEA Community Edition 2023.3.4\bin -Dfile.encoding=UTF-8 -Dsun.stdout.encoding=UTF-8 -Dsun.stderr.encoding=UTF-8 bg.fmi.javaweb.sportstournamentorganizer.SportsTournamentOrganizerApplication

Host: AMD Ryzen 3 5300U with Radeon Graphics         , 8 cores, 7G,  Windows 11 , 64 bit Build 22621 (10.0.22621.3672)
Time: Mon Jul  1 14:44:36 2024  Windows 11 , 64 bit Build 22621 (10.0.22621.3672) elapsed time: 10.042447 seconds (0d 0h 0m 10s)

---------------  T H R E A D  ---------------

Current thread (0x00000232c9e84440):  JavaThread "C2 CompilerThread1" daemon [_thread_in_native, id=15008, stack(0x000000f108a00000,0x000000f108b00000) (1024K)]


Current CompileTask:
C2:  10042 5850       4       org.springframework.core.annotation.TypeMappedAnnotations::get (8 bytes)

Stack: [0x000000f108a00000,0x000000f108b00000]
Native frames: (J=compiled Java code, j=interpreted, Vv=VM code, C=native code)
V  [jvm.dll+0x6cade9]
V  [jvm.dll+0x8569c1]
V  [jvm.dll+0x858d2e]
V  [jvm.dll+0x859413]
V  [jvm.dll+0x280e56]
V  [jvm.dll+0xc3f3d]
V  [jvm.dll+0xc4473]
V  [jvm.dll+0x2f437f]
V  [jvm.dll+0x5f5056]
V  [jvm.dll+0x252d7f]
V  [jvm.dll+0x25315f]
V  [jvm.dll+0x24b8e0]
V  [jvm.dll+0x2490a3]
V  [jvm.dll+0x1c9634]
V  [jvm.dll+0x258859]
V  [jvm.dll+0x256e3a]
V  [jvm.dll+0x3ef6c6]
V  [jvm.dll+0x7ff568]
V  [jvm.dll+0x6c953d]
C  [ucrtbase.dll+0x29333]
C  [KERNEL32.DLL+0x1257d]
C  [ntdll.dll+0x5af28]


---------------  P R O C E S S  ---------------

Threads class SMR info:
_java_thread_list=0x00000233106efe50, length=32, elements={
0x00000232ad813b70, 0x00000232c9e713a0, 0x00000232c9e72270, 0x00000232c9e75110,
0x00000232c9e76ce0, 0x00000232c9e77eb0, 0x00000232c9e7a3a0, 0x00000232c9e7e1c0,
0x00000232c9e81b60, 0x000002330f0c6180, 0x000002330f2d2620, 0x000002330f2d2c90,
0x0000023310082cf0, 0x000002330fd76620, 0x0000023310cd3a60, 0x0000023310cd40d0,
0x00000233111327a0, 0x0000023311cd74f0, 0x0000023311cd7b80, 0x0000023311cd88a0,
0x0000023311cd8210, 0x000002331166ee00, 0x000002331166f490, 0x000002331166fb20,
0x00000233116701b0, 0x000002331166b2f0, 0x000002331166c010, 0x000002331166da50,
0x0000023311671bf0, 0x000002331166b980, 0x00000232c9e84440, 0x00000232c9e82fd0
}

Java Threads: ( => current thread )
  0x00000232ad813b70 JavaThread "main"                              [_thread_blocked, id=14040, stack(0x000000f106c00000,0x000000f106d00000) (1024K)]
  0x00000232c9e713a0 JavaThread "Reference Handler"          daemon [_thread_blocked, id=12796, stack(0x000000f107400000,0x000000f107500000) (1024K)]
  0x00000232c9e72270 JavaThread "Finalizer"                  daemon [_thread_blocked, id=5820, stack(0x000000f107500000,0x000000f107600000) (1024K)]
  0x00000232c9e75110 JavaThread "Signal Dispatcher"          daemon [_thread_blocked, id=11740, stack(0x000000f107600000,0x000000f107700000) (1024K)]
  0x00000232c9e76ce0 JavaThread "Attach Listener"            daemon [_thread_blocked, id=13240, stack(0x000000f107700000,0x000000f107800000) (1024K)]
  0x00000232c9e77eb0 JavaThread "Service Thread"             daemon [_thread_blocked, id=6844, stack(0x000000f107800000,0x000000f107900000) (1024K)]
  0x00000232c9e7a3a0 JavaThread "Monitor Deflation Thread"   daemon [_thread_blocked, id=14804, stack(0x000000f107900000,0x000000f107a00000) (1024K)]
  0x00000232c9e7e1c0 JavaThread "C2 CompilerThread0"         daemon [_thread_in_native, id=12956, stack(0x000000f107a00000,0x000000f107b00000) (1024K)]
  0x00000232c9e81b60 JavaThread "C1 CompilerThread0"         daemon [_thread_blocked, id=11048, stack(0x000000f107b00000,0x000000f107c00000) (1024K)]
  0x000002330f0c6180 JavaThread "Common-Cleaner"             daemon [_thread_blocked, id=3692, stack(0x000000f107c00000,0x000000f107d00000) (1024K)]
  0x000002330f2d2620 JavaThread "Monitor Ctrl-Break"         daemon [_thread_in_native, id=5292, stack(0x000000f107f00000,0x000000f108000000) (1024K)]
  0x000002330f2d2c90 JavaThread "Notification Thread"        daemon [_thread_blocked, id=292, stack(0x000000f108000000,0x000000f108100000) (1024K)]
  0x0000023310082cf0 JavaThread "Thread-0"                          [_thread_blocked, id=14468, stack(0x000000f107e00000,0x000000f107f00000) (1024K)]
  0x000002330fd76620 JavaThread "restartedMain"                     [_thread_in_native, id=3720, stack(0x000000f108100000,0x000000f108200000) (1024K)]
  0x0000023310cd3a60 JavaThread "Catalina-utility-1"                [_thread_blocked, id=13560, stack(0x000000f108b00000,0x000000f108c00000) (1024K)]
  0x0000023310cd40d0 JavaThread "Catalina-utility-2"                [_thread_blocked, id=4676, stack(0x000000f108c00000,0x000000f108d00000) (1024K)]
  0x00000233111327a0 JavaThread "http-nio-8080-exec-1"       daemon [_thread_blocked, id=17152, stack(0x000000f108d00000,0x000000f108e00000) (1024K)]
  0x0000023311cd74f0 JavaThread "http-nio-8080-exec-2"       daemon [_thread_blocked, id=2004, stack(0x000000f108e00000,0x000000f108f00000) (1024K)]
  0x0000023311cd7b80 JavaThread "http-nio-8080-exec-3"       daemon [_thread_blocked, id=16980, stack(0x000000f108f00000,0x000000f109000000) (1024K)]
  0x0000023311cd88a0 JavaThread "http-nio-8080-exec-4"       daemon [_thread_blocked, id=9756, stack(0x000000f109000000,0x000000f109100000) (1024K)]
  0x0000023311cd8210 JavaThread "http-nio-8080-exec-5"       daemon [_thread_blocked, id=2072, stack(0x000000f109100000,0x000000f109200000) (1024K)]
  0x000002331166ee00 JavaThread "http-nio-8080-exec-6"       daemon [_thread_blocked, id=15812, stack(0x000000f109200000,0x000000f109300000) (1024K)]
  0x000002331166f490 JavaThread "http-nio-8080-exec-7"       daemon [_thread_blocked, id=5320, stack(0x000000f109300000,0x000000f109400000) (1024K)]
  0x000002331166fb20 JavaThread "http-nio-8080-exec-8"       daemon [_thread_blocked, id=12416, stack(0x000000f109400000,0x000000f109500000) (1024K)]
  0x00000233116701b0 JavaThread "http-nio-8080-exec-9"       daemon [_thread_blocked, id=13776, stack(0x000000f109500000,0x000000f109600000) (1024K)]
  0x000002331166b2f0 JavaThread "http-nio-8080-exec-10"      daemon [_thread_blocked, id=12732, stack(0x000000f109600000,0x000000f109700000) (1024K)]
  0x000002331166c010 JavaThread "container-0"                       [_thread_blocked, id=14964, stack(0x000000f109700000,0x000000f109800000) (1024K)]
  0x000002331166da50 JavaThread "PostgreSQL-JDBC-Cleaner"    daemon [_thread_blocked, id=14348, stack(0x000000f109800000,0x000000f109900000) (1024K)]
  0x0000023311671bf0 JavaThread "HikariPool-1 housekeeper"   daemon [_thread_blocked, id=4380, stack(0x000000f109900000,0x000000f109a00000) (1024K)]
  0x000002331166b980 JavaThread "HikariPool-1 connection adder" daemon [_thread_blocked, id=8668, stack(0x000000f109a00000,0x000000f109b00000) (1024K)]
=>0x00000232c9e84440 JavaThread "C2 CompilerThread1"         daemon [_thread_in_native, id=15008, stack(0x000000f108a00000,0x000000f108b00000) (1024K)]
  0x00000232c9e82fd0 JavaThread "C2 CompilerThread2"         daemon [_thread_in_native, id=13432, stack(0x000000f109b00000,0x000000f109c00000) (1024K)]
Total: 32

Other Threads:
  0x00000232c9e50260 VMThread "VM Thread"                           [id=12704, stack(0x000000f107300000,0x000000f107400000) (1024K)]
  0x00000232c9e370f0 WatcherThread "VM Periodic Task Thread"        [id=5460, stack(0x000000f107200000,0x000000f107300000) (1024K)]
  0x00000232ad867820 WorkerThread "GC Thread#0"                     [id=1076, stack(0x000000f106d00000,0x000000f106e00000) (1024K)]
  0x00000233101dedd0 WorkerThread "GC Thread#1"                     [id=12180, stack(0x000000f108200000,0x000000f108300000) (1024K)]
  0x000002330fa512f0 WorkerThread "GC Thread#2"                     [id=2192, stack(0x000000f108300000,0x000000f108400000) (1024K)]
  0x000002330fb799c0 WorkerThread "GC Thread#3"                     [id=18768, stack(0x000000f108400000,0x000000f108500000) (1024K)]
  0x000002331005b760 WorkerThread "GC Thread#4"                     [id=7832, stack(0x000000f108500000,0x000000f108600000) (1024K)]
  0x00000233100a3720 WorkerThread "GC Thread#5"                     [id=6376, stack(0x000000f108600000,0x000000f108700000) (1024K)]
  0x00000233107aa2d0 WorkerThread "GC Thread#6"                     [id=1544, stack(0x000000f108800000,0x000000f108900000) (1024K)]
  0x00000233107a90b0 WorkerThread "GC Thread#7"                     [id=18684, stack(0x000000f108900000,0x000000f108a00000) (1024K)]
  0x00000232ad877280 ConcurrentGCThread "G1 Main Marker"            [id=12280, stack(0x000000f106e00000,0x000000f106f00000) (1024K)]
  0x00000232ad877d80 WorkerThread "G1 Conc#0"                       [id=140, stack(0x000000f106f00000,0x000000f107000000) (1024K)]
  0x00000233107a9450 WorkerThread "G1 Conc#1"                       [id=10736, stack(0x000000f108700000,0x000000f108800000) (1024K)]
  0x00000232c9d0d130 ConcurrentGCThread "G1 Refine#0"               [id=2932, stack(0x000000f107000000,0x000000f107100000) (1024K)]
  0x00000232c9d0dab0 ConcurrentGCThread "G1 Service"                [id=13000, stack(0x000000f107100000,0x000000f107200000) (1024K)]
Total: 15

Threads with active compile tasks:
C2 CompilerThread0    10059 5965       4       org.springframework.core.annotation.AnnotationsScanner::scan (21 bytes)
C2 CompilerThread1    10059 5850       4       org.springframework.core.annotation.TypeMappedAnnotations::get (8 bytes)
C2 CompilerThread2    10060 5851   !   4       org.springframework.core.annotation.AnnotationsScanner::processMethodHierarchy (276 bytes)
Total: 3

VM state: not at safepoint (normal execution)

VM Mutex/Monitor currently owned by a thread: None

Heap address: 0x000000008ac00000, size: 1876 MB, Compressed Oops mode: 32-bit

CDS archive(s) mapped at: [0x00000232ca000000-0x00000232cac90000-0x00000232cac90000), size 13172736, SharedBaseAddress: 0x00000232ca000000, ArchiveRelocationMode: 1.
Compressed class space mapped at: 0x00000232cb000000-0x000002330b000000, reserved size: 1073741824
Narrow klass base: 0x00000232ca000000, Narrow klass shift: 0, Narrow klass range: 0x100000000

GC Precious Log:
 CardTable entry size: 512
 Card Set container configuration: InlinePtr #cards 5 size 8 Array Of Cards #cards 12 size 40 Howl #buckets 4 coarsen threshold 1843 Howl Bitmap #cards 512 size 80 coarsen threshold 460 Card regions per heap region 1 cards per card region 2048
 CPUs: 8 total, 8 available
 Memory: 7502M
 Large Page Support: Disabled
 NUMA Support: Disabled
 Compressed Oops: Enabled (32-bit)
 Heap Region Size: 1M
 Heap Min Capacity: 8M
 Heap Initial Capacity: 118M
 Heap Max Capacity: 1876M
 Pre-touch: Disabled
 Parallel Workers: 8
 Concurrent Workers: 2
 Concurrent Refinement Workers: 8
 Periodic GC: Disabled

Heap:
 garbage-first heap   total 51200K, used 38090K [0x000000008ac00000, 0x0000000100000000)
  region size 1024K, 18 young (18432K), 3 survivors (3072K)
 Metaspace       used 58965K, committed 59648K, reserved 1114112K
  class space    used 7942K, committed 8256K, reserved 1048576K

Heap Regions: E=young(eden), S=young(survivor), O=old, HS=humongous(starts), HC=humongous(continues), CS=collection set, F=free, TAMS=top-at-mark-start, PB=parsable bottom
|   0|0x000000008ac00000, 0x000000008ad00000, 0x000000008ad00000|100%|HS|  |TAMS 0x000000008ac00000| PB 0x000000008ac00000| Complete 
|   1|0x000000008ad00000, 0x000000008ae00000, 0x000000008ae00000|100%| O|  |TAMS 0x000000008ad00000| PB 0x000000008ad00000| Untracked 
|   2|0x000000008ae00000, 0x000000008af00000, 0x000000008af00000|100%| O|  |TAMS 0x000000008ae00000| PB 0x000000008ae00000| Untracked 
|   3|0x000000008af00000, 0x000000008b000000, 0x000000008b000000|100%| O|  |TAMS 0x000000008af00000| PB 0x000000008af00000| Untracked 
|   4|0x000000008b000000, 0x000000008b100000, 0x000000008b100000|100%| O|  |TAMS 0x000000008b000000| PB 0x000000008b000000| Untracked 
|   5|0x000000008b100000, 0x000000008b200000, 0x000000008b200000|100%| O|  |TAMS 0x000000008b100000| PB 0x000000008b100000| Untracked 
|   6|0x000000008b200000, 0x000000008b300000, 0x000000008b300000|100%| O|  |TAMS 0x000000008b200000| PB 0x000000008b200000| Untracked 
|   7|0x000000008b300000, 0x000000008b400000, 0x000000008b400000|100%| O|  |TAMS 0x000000008b300000| PB 0x000000008b300000| Untracked 
|   8|0x000000008b400000, 0x000000008b500000, 0x000000008b500000|100%| O|  |TAMS 0x000000008b400000| PB 0x000000008b400000| Untracked 
|   9|0x000000008b500000, 0x000000008b600000, 0x000000008b600000|100%| O|  |TAMS 0x000000008b500000| PB 0x000000008b500000| Untracked 
|  10|0x000000008b600000, 0x000000008b700000, 0x000000008b700000|100%| O|  |TAMS 0x000000008b600000| PB 0x000000008b600000| Untracked 
|  11|0x000000008b700000, 0x000000008b800000, 0x000000008b800000|100%| O|  |TAMS 0x000000008b700000| PB 0x000000008b700000| Untracked 
|  12|0x000000008b800000, 0x000000008b900000, 0x000000008b900000|100%| O|  |TAMS 0x000000008b800000| PB 0x000000008b800000| Untracked 
|  13|0x000000008b900000, 0x000000008ba00000, 0x000000008ba00000|100%| O|  |TAMS 0x000000008b900000| PB 0x000000008b900000| Untracked 
|  14|0x000000008ba00000, 0x000000008bb00000, 0x000000008bb00000|100%| O|  |TAMS 0x000000008ba00000| PB 0x000000008ba00000| Untracked 
|  15|0x000000008bb00000, 0x000000008bc00000, 0x000000008bc00000|100%| O|  |TAMS 0x000000008bb00000| PB 0x000000008bb00000| Untracked 
|  16|0x000000008bc00000, 0x000000008bd00000, 0x000000008bd00000|100%| O|  |TAMS 0x000000008bc00000| PB 0x000000008bc00000| Untracked 
|  17|0x000000008bd00000, 0x000000008be00000, 0x000000008be00000|100%| O|  |TAMS 0x000000008bd00000| PB 0x000000008bd00000| Untracked 
|  18|0x000000008be00000, 0x000000008bf00000, 0x000000008bf00000|100%| O|  |TAMS 0x000000008be00000| PB 0x000000008be00000| Untracked 
|  19|0x000000008bf00000, 0x000000008c000000, 0x000000008c000000|100%| O|  |TAMS 0x000000008bf00000| PB 0x000000008bf00000| Untracked 
|  20|0x000000008c000000, 0x000000008c100000, 0x000000008c100000|100%| O|  |TAMS 0x000000008c000000| PB 0x000000008c000000| Untracked 
|  21|0x000000008c100000, 0x000000008c1bb748, 0x000000008c200000| 73%| O|  |TAMS 0x000000008c100000| PB 0x000000008c100000| Untracked 
|  22|0x000000008c200000, 0x000000008c200000, 0x000000008c300000|  0%| F|  |TAMS 0x000000008c200000| PB 0x000000008c200000| Untracked 
|  23|0x000000008c300000, 0x000000008c300000, 0x000000008c400000|  0%| F|  |TAMS 0x000000008c300000| PB 0x000000008c300000| Untracked 
|  24|0x000000008c400000, 0x000000008c400000, 0x000000008c500000|  0%| F|  |TAMS 0x000000008c400000| PB 0x000000008c400000| Untracked 
|  25|0x000000008c500000, 0x000000008c500000, 0x000000008c600000|  0%| F|  |TAMS 0x000000008c500000| PB 0x000000008c500000| Untracked 
|  26|0x000000008c600000, 0x000000008c677328, 0x000000008c700000| 46%| S|CS|TAMS 0x000000008c600000| PB 0x000000008c600000| Complete 
|  27|0x000000008c700000, 0x000000008c800000, 0x000000008c800000|100%| S|CS|TAMS 0x000000008c700000| PB 0x000000008c700000| Complete 
|  28|0x000000008c800000, 0x000000008c900000, 0x000000008c900000|100%| S|CS|TAMS 0x000000008c800000| PB 0x000000008c800000| Complete 
|  29|0x000000008c900000, 0x000000008c900000, 0x000000008ca00000|  0%| F|  |TAMS 0x000000008c900000| PB 0x000000008c900000| Untracked 
|  30|0x000000008ca00000, 0x000000008ca00000, 0x000000008cb00000|  0%| F|  |TAMS 0x000000008ca00000| PB 0x000000008ca00000| Untracked 
|  31|0x000000008cb00000, 0x000000008cb00000, 0x000000008cc00000|  0%| F|  |TAMS 0x000000008cb00000| PB 0x000000008cb00000| Untracked 
|  32|0x000000008cc00000, 0x000000008cc00000, 0x000000008cd00000|  0%| F|  |TAMS 0x000000008cc00000| PB 0x000000008cc00000| Untracked 
|  33|0x000000008cd00000, 0x000000008cd00000, 0x000000008ce00000|  0%| F|  |TAMS 0x000000008cd00000| PB 0x000000008cd00000| Untracked 
|  34|0x000000008ce00000, 0x000000008ce00000, 0x000000008cf00000|  0%| F|  |TAMS 0x000000008ce00000| PB 0x000000008ce00000| Untracked 
|  35|0x000000008cf00000, 0x000000008cf62778, 0x000000008d000000| 38%| E|  |TAMS 0x000000008cf00000| PB 0x000000008cf00000| Complete 
|  36|0x000000008d000000, 0x000000008d100000, 0x000000008d100000|100%| E|CS|TAMS 0x000000008d000000| PB 0x000000008d000000| Complete 
|  37|0x000000008d100000, 0x000000008d200000, 0x000000008d200000|100%| E|CS|TAMS 0x000000008d100000| PB 0x000000008d100000| Complete 
|  38|0x000000008d200000, 0x000000008d300000, 0x000000008d300000|100%| E|CS|TAMS 0x000000008d200000| PB 0x000000008d200000| Complete 
|  39|0x000000008d300000, 0x000000008d400000, 0x000000008d400000|100%| E|CS|TAMS 0x000000008d300000| PB 0x000000008d300000| Complete 
|  40|0x000000008d400000, 0x000000008d500000, 0x000000008d500000|100%| E|CS|TAMS 0x000000008d400000| PB 0x000000008d400000| Complete 
|  41|0x000000008d500000, 0x000000008d600000, 0x000000008d600000|100%| E|CS|TAMS 0x000000008d500000| PB 0x000000008d500000| Complete 
|  62|0x000000008ea00000, 0x000000008eb00000, 0x000000008eb00000|100%| E|CS|TAMS 0x000000008ea00000| PB 0x000000008ea00000| Complete 
|  63|0x000000008eb00000, 0x000000008ec00000, 0x000000008ec00000|100%| E|CS|TAMS 0x000000008eb00000| PB 0x000000008eb00000| Complete 
|  64|0x000000008ec00000, 0x000000008ed00000, 0x000000008ed00000|100%| E|CS|TAMS 0x000000008ec00000| PB 0x000000008ec00000| Complete 
|  65|0x000000008ed00000, 0x000000008ee00000, 0x000000008ee00000|100%| E|  |TAMS 0x000000008ed00000| PB 0x000000008ed00000| Complete 
|  66|0x000000008ee00000, 0x000000008ef00000, 0x000000008ef00000|100%| E|CS|TAMS 0x000000008ee00000| PB 0x000000008ee00000| Complete 
|  67|0x000000008ef00000, 0x000000008f000000, 0x000000008f000000|100%| E|CS|TAMS 0x000000008ef00000| PB 0x000000008ef00000| Complete 
|  68|0x000000008f000000, 0x000000008f100000, 0x000000008f100000|100%| E|CS|TAMS 0x000000008f000000| PB 0x000000008f000000| Complete 
| 117|0x0000000092100000, 0x0000000092200000, 0x0000000092200000|100%| E|CS|TAMS 0x0000000092100000| PB 0x0000000092100000| Complete 

Card table byte_map: [0x00000232c5350000,0x00000232c5700000] _byte_map_base: 0x00000232c4efa000

Marking Bits: (CMBitMap*) 0x00000232ad867f20
 Bits: [0x00000232c5700000, 0x00000232c7450000)

Polling page: 0x00000232ab780000

Metaspace:

Usage:
  Non-class:     49.83 MB used.
      Class:      7.76 MB used.
       Both:     57.59 MB used.

Virtual space:
  Non-class space:       64.00 MB reserved,      50.19 MB ( 78%) committed,  1 nodes.
      Class space:        1.00 GB reserved,       8.06 MB ( <1%) committed,  1 nodes.
             Both:        1.06 GB reserved,      58.25 MB (  5%) committed. 

Chunk freelists:
   Non-Class:  13.84 MB
       Class:  7.80 MB
        Both:  21.64 MB

MaxMetaspaceSize: unlimited
CompressedClassSpaceSize: 1.00 GB
Initial GC threshold: 21.00 MB
Current GC threshold: 58.69 MB
CDS: on
 - commit_granule_bytes: 65536.
 - commit_granule_words: 8192.
 - virtual_space_node_default_size: 8388608.
 - enlarge_chunks_in_place: 1.
 - use_allocation_guard: 0.


Internal statistics:

num_allocs_failed_limit: 6.
num_arena_births: 886.
num_arena_deaths: 0.
num_vsnodes_births: 2.
num_vsnodes_deaths: 0.
num_space_committed: 932.
num_space_uncommitted: 0.
num_chunks_returned_to_freelist: 6.
num_chunks_taken_from_freelist: 3068.
num_chunk_merges: 6.
num_chunk_splits: 2171.
num_chunks_enlarged: 1649.
num_inconsistent_stats: 0.

CodeHeap 'non-profiled nmethods': size=120000Kb used=3612Kb max_used=3612Kb free=116387Kb
 bounds [0x00000232bd730000, 0x00000232bdac0000, 0x00000232c4c60000]
CodeHeap 'profiled nmethods': size=120000Kb used=10926Kb max_used=10926Kb free=109074Kb
 bounds [0x00000232b5c60000, 0x00000232b6710000, 0x00000232bd190000]
CodeHeap 'non-nmethods': size=5760Kb used=1651Kb max_used=1697Kb free=4108Kb
 bounds [0x00000232bd190000, 0x00000232bd400000, 0x00000232bd730000]
 total_blobs=6264 nmethods=5570 adapters=598
 compilation: enabled
              stopped_count=0, restarted_count=0
 full_count=0

Compilation events (20 events):
Event: 9.962 Thread 0x00000232c9e81b60 nmethod 6017 0x00000232b6706190 code [0x00000232b6706340, 0x00000232b6706560]
Event: 9.963 Thread 0x00000232c9e81b60 6018       3       java.util.stream.MatchOps$$Lambda/0x00000232cb0d70d0::get (12 bytes)
Event: 9.963 Thread 0x00000232c9e81b60 nmethod 6018 0x00000232b6706610 code [0x00000232b67067e0, 0x00000232b6706be8]
Event: 9.963 Thread 0x00000232c9e81b60 6019       3       java.util.stream.MatchOps::lambda$makeRef$0 (10 bytes)
Event: 9.963 Thread 0x00000232c9e81b60 nmethod 6019 0x00000232b6706d90 code [0x00000232b6706f60, 0x00000232b67072e0]
Event: 9.963 Thread 0x00000232c9e81b60 6020       3       java.util.stream.MatchOps$1MatchSink::<init> (16 bytes)
Event: 9.963 Thread 0x00000232c9e81b60 nmethod 6020 0x00000232b6707410 code [0x00000232b67075c0, 0x00000232b67078a0]
Event: 9.998 Thread 0x00000232c9e7e1c0 nmethod 5827 0x00000232bdaa5a90 code [0x00000232bdaa6740, 0x00000232bdaae4a8]
Event: 9.999 Thread 0x00000232c9e7e1c0 5937       4       java.lang.invoke.VarHandle::checkAccessModeThenIsDirect (29 bytes)
Event: 10.002 Thread 0x00000232c9e7e1c0 nmethod 5937 0x00000232bdab4b90 code [0x00000232bdab4d40, 0x00000232bdab5118]
Event: 10.002 Thread 0x00000232c9e7e1c0 6013       4       java.util.concurrent.ConcurrentMap::computeIfAbsent (51 bytes)
Event: 10.006 Thread 0x00000232c9e81b60 6021       3       org.springframework.core.annotation.AttributeMethods::isAttributeMethod (23 bytes)
Event: 10.006 Thread 0x00000232c9e81b60 nmethod 6021 0x00000232b6707990 code [0x00000232b6707b40, 0x00000232b6707d48]
Event: 10.014 Thread 0x00000232c9e7e1c0 nmethod 6013 0x00000232bdab5290 code [0x00000232bdab5540, 0x00000232bdab6160]
Event: 10.014 Thread 0x00000232c9e7e1c0 5945       4       org.springframework.util.ConcurrentReferenceHashMap$Segment::getIndex (7 bytes)
Event: 10.015 Thread 0x00000232c9e7e1c0 nmethod 5945 0x00000232bdab6c10 code [0x00000232bdab6da0, 0x00000232bdab6e48]
Event: 10.015 Thread 0x00000232c9e7e1c0 5963       4       java.util.stream.ReferencePipeline$7$1::cancellationRequested (15 bytes)
Event: 10.015 Thread 0x00000232c9e7e1c0 nmethod 5963 0x00000232bdab6f10 code [0x00000232bdab70a0, 0x00000232bdab7158]
Event: 10.015 Thread 0x00000232c9e7e1c0 5965       4       org.springframework.core.annotation.AnnotationsScanner::scan (21 bytes)
Event: 10.040 Thread 0x00000232c9e81b60 6022       3       java.util.regex.Pattern::expr (142 bytes)

GC Heap History (20 events):
Event: 2.149 GC heap before
{Heap before GC invocations=1 (full 0):
 garbage-first heap   total 120832K, used 36298K [0x000000008ac00000, 0x0000000100000000)
  region size 1024K, 33 young (33792K), 3 survivors (3072K)
 Metaspace       used 14238K, committed 14464K, reserved 1114112K
  class space    used 1678K, committed 1792K, reserved 1048576K
}
Event: 2.153 GC heap after
{Heap after GC invocations=2 (full 0):
 garbage-first heap   total 120832K, used 9737K [0x000000008ac00000, 0x0000000100000000)
  region size 1024K, 4 young (4096K), 4 survivors (4096K)
 Metaspace       used 14238K, committed 14464K, reserved 1114112K
  class space    used 1678K, committed 1792K, reserved 1048576K
}
Event: 3.972 GC heap before
{Heap before GC invocations=2 (full 0):
 garbage-first heap   total 120832K, used 53769K [0x000000008ac00000, 0x0000000100000000)
  region size 1024K, 49 young (50176K), 4 survivors (4096K)
 Metaspace       used 21227K, committed 21504K, reserved 1114112K
  class space    used 2553K, committed 2688K, reserved 1048576K
}
Event: 3.978 GC heap after
{Heap after GC invocations=3 (full 0):
 garbage-first heap   total 120832K, used 13643K [0x000000008ac00000, 0x0000000100000000)
  region size 1024K, 7 young (7168K), 7 survivors (7168K)
 Metaspace       used 21227K, committed 21504K, reserved 1114112K
  class space    used 2553K, committed 2688K, reserved 1048576K
}
Event: 4.869 GC heap before
{Heap before GC invocations=4 (full 0):
 garbage-first heap   total 51200K, used 37195K [0x000000008ac00000, 0x0000000100000000)
  region size 1024K, 30 young (30720K), 7 survivors (7168K)
 Metaspace       used 24748K, committed 25152K, reserved 1114112K
  class space    used 3065K, committed 3264K, reserved 1048576K
}
Event: 4.879 GC heap after
{Heap after GC invocations=5 (full 0):
 garbage-first heap   total 51200K, used 15763K [0x000000008ac00000, 0x0000000100000000)
  region size 1024K, 3 young (3072K), 3 survivors (3072K)
 Metaspace       used 24748K, committed 25152K, reserved 1114112K
  class space    used 3065K, committed 3264K, reserved 1048576K
}
Event: 5.762 GC heap before
{Heap before GC invocations=5 (full 0):
 garbage-first heap   total 51200K, used 37267K [0x000000008ac00000, 0x0000000100000000)
  region size 1024K, 25 young (25600K), 3 survivors (3072K)
 Metaspace       used 28963K, committed 29504K, reserved 1114112K
  class space    used 3614K, committed 3840K, reserved 1048576K
}
Event: 5.768 GC heap after
{Heap after GC invocations=6 (full 0):
 garbage-first heap   total 51200K, used 17790K [0x000000008ac00000, 0x0000000100000000)
  region size 1024K, 3 young (3072K), 3 survivors (3072K)
 Metaspace       used 28963K, committed 29504K, reserved 1114112K
  class space    used 3614K, committed 3840K, reserved 1048576K
}
Event: 6.554 GC heap before
{Heap before GC invocations=6 (full 0):
 garbage-first heap   total 51200K, used 40318K [0x000000008ac00000, 0x0000000100000000)
  region size 1024K, 25 young (25600K), 3 survivors (3072K)
 Metaspace       used 33573K, committed 34176K, reserved 1114112K
  class space    used 4284K, committed 4544K, reserved 1048576K
}
Event: 6.557 GC heap after
{Heap after GC invocations=7 (full 0):
 garbage-first heap   total 51200K, used 18988K [0x000000008ac00000, 0x0000000100000000)
  region size 1024K, 4 young (4096K), 4 survivors (4096K)
 Metaspace       used 33573K, committed 34176K, reserved 1114112K
  class space    used 4284K, committed 4544K, reserved 1048576K
}
Event: 6.839 GC heap before
{Heap before GC invocations=7 (full 0):
 garbage-first heap   total 51200K, used 26156K [0x000000008ac00000, 0x0000000100000000)
  region size 1024K, 12 young (12288K), 4 survivors (4096K)
 Metaspace       used 35442K, committed 35968K, reserved 1114112K
  class space    used 4594K, committed 4864K, reserved 1048576K
}
Event: 6.842 GC heap after
{Heap after GC invocations=8 (full 0):
 garbage-first heap   total 51200K, used 19509K [0x000000008ac00000, 0x0000000100000000)
  region size 1024K, 2 young (2048K), 2 survivors (2048K)
 Metaspace       used 35442K, committed 35968K, reserved 1114112K
  class space    used 4594K, committed 4864K, reserved 1048576K
}
Event: 7.782 GC heap before
{Heap before GC invocations=9 (full 0):
 garbage-first heap   total 51200K, used 42037K [0x000000008ac00000, 0x0000000100000000)
  region size 1024K, 25 young (25600K), 2 survivors (2048K)
 Metaspace       used 41977K, committed 42496K, reserved 1114112K
  class space    used 5504K, committed 5696K, reserved 1048576K
}
Event: 7.786 GC heap after
{Heap after GC invocations=10 (full 0):
 garbage-first heap   total 51200K, used 21123K [0x000000008ac00000, 0x0000000100000000)
  region size 1024K, 4 young (4096K), 4 survivors (4096K)
 Metaspace       used 41977K, committed 42496K, reserved 1114112K
  class space    used 5504K, committed 5696K, reserved 1048576K
}
Event: 8.437 GC heap before
{Heap before GC invocations=10 (full 0):
 garbage-first heap   total 51200K, used 41603K [0x000000008ac00000, 0x0000000100000000)
  region size 1024K, 25 young (25600K), 4 survivors (4096K)
 Metaspace       used 47241K, committed 47808K, reserved 1114112K
  class space    used 6252K, committed 6528K, reserved 1048576K
}
Event: 8.441 GC heap after
{Heap after GC invocations=11 (full 0):
 garbage-first heap   total 51200K, used 22133K [0x000000008ac00000, 0x0000000100000000)
  region size 1024K, 4 young (4096K), 4 survivors (4096K)
 Metaspace       used 47241K, committed 47808K, reserved 1114112K
  class space    used 6252K, committed 6528K, reserved 1048576K
}
Event: 8.974 GC heap before
{Heap before GC invocations=11 (full 0):
 garbage-first heap   total 51200K, used 42613K [0x000000008ac00000, 0x0000000100000000)
  region size 1024K, 24 young (24576K), 4 survivors (4096K)
 Metaspace       used 51622K, committed 52224K, reserved 1114112K
  class space    used 6933K, committed 7232K, reserved 1048576K
}
Event: 8.977 GC heap after
{Heap after GC invocations=12 (full 0):
 garbage-first heap   total 51200K, used 22958K [0x000000008ac00000, 0x0000000100000000)
  region size 1024K, 3 young (3072K), 3 survivors (3072K)
 Metaspace       used 51622K, committed 52224K, reserved 1114112K
  class space    used 6933K, committed 7232K, reserved 1048576K
}
Event: 9.591 GC heap before
{Heap before GC invocations=12 (full 0):
 garbage-first heap   total 51200K, used 43438K [0x000000008ac00000, 0x0000000100000000)
  region size 1024K, 23 young (23552K), 3 survivors (3072K)
 Metaspace       used 56228K, committed 56896K, reserved 1114112K
  class space    used 7580K, committed 7872K, reserved 1048576K
}
Event: 9.594 GC heap after
{Heap after GC invocations=13 (full 0):
 garbage-first heap   total 51200K, used 24778K [0x000000008ac00000, 0x0000000100000000)
  region size 1024K, 3 young (3072K), 3 survivors (3072K)
 Metaspace       used 56228K, committed 56896K, reserved 1114112K
  class space    used 7580K, committed 7872K, reserved 1048576K
}

Dll operation events (14 events):
Event: 0.017 Loaded shared library C:\Users\HP 14S-FQ1001NU\.jdks\openjdk-21.0.2\bin\java.dll
Event: 0.055 Loaded shared library C:\Users\HP 14S-FQ1001NU\.jdks\openjdk-21.0.2\bin\jsvml.dll
Event: 0.166 Loaded shared library C:\Users\HP 14S-FQ1001NU\.jdks\openjdk-21.0.2\bin\zip.dll
Event: 0.177 Loaded shared library C:\Users\HP 14S-FQ1001NU\.jdks\openjdk-21.0.2\bin\instrument.dll
Event: 0.186 Loaded shared library C:\Users\HP 14S-FQ1001NU\.jdks\openjdk-21.0.2\bin\net.dll
Event: 0.190 Loaded shared library C:\Users\HP 14S-FQ1001NU\.jdks\openjdk-21.0.2\bin\nio.dll
Event: 0.195 Loaded shared library C:\Users\HP 14S-FQ1001NU\.jdks\openjdk-21.0.2\bin\zip.dll
Event: 0.321 Loaded shared library C:\Program Files\JetBrains\IntelliJ IDEA Community Edition 2023.3.4\bin\breakgen64.dll
Event: 0.335 Loaded shared library C:\Users\HP 14S-FQ1001NU\.jdks\openjdk-21.0.2\bin\extnet.dll
Event: 0.401 Loaded shared library C:\Users\HP 14S-FQ1001NU\.jdks\openjdk-21.0.2\bin\jimage.dll
Event: 0.897 Loaded shared library C:\Users\HP 14S-FQ1001NU\.jdks\openjdk-21.0.2\bin\management.dll
Event: 0.900 Loaded shared library C:\Users\HP 14S-FQ1001NU\.jdks\openjdk-21.0.2\bin\management_ext.dll
Event: 2.520 Loaded shared library C:\Users\HP 14S-FQ1001NU\.jdks\openjdk-21.0.2\bin\sunmscapi.dll
Event: 6.603 Loaded shared library C:\Users\HP 14S-FQ1001NU\.jdks\openjdk-21.0.2\bin\verify.dll

Deoptimization events (20 events):
Event: 10.001 Thread 0x000002330fd76620 Uncommon trap: trap_request=0xfffffff4 fr.pc=0x00000232bd8ab604 relative=0x00000000000001c4
Event: 10.001 Thread 0x000002330fd76620 Uncommon trap: reason=null_check action=make_not_entrant pc=0x00000232bd8ab604 method=org.springframework.util.ClassUtils.isAssignable(Ljava/lang/Class;Ljava/lang/Class;)Z @ 14 c2
Event: 10.001 Thread 0x000002330fd76620 DEOPT PACKING pc=0x00000232bd8ab604 sp=0x000000f1081fc380
Event: 10.001 Thread 0x000002330fd76620 DEOPT UNPACKING pc=0x00000232bd1e46a2 sp=0x000000f1081fc320 mode 2
Event: 10.039 Thread 0x000002330fd76620 Uncommon trap: trap_request=0xffffffc6 fr.pc=0x00000232bd76e574 relative=0x0000000000001174
Event: 10.039 Thread 0x000002330fd76620 Uncommon trap: reason=bimorphic_or_optimized_type_check action=maybe_recompile pc=0x00000232bd76e574 method=java.util.regex.Matcher.search(I)Z @ 121 c2
Event: 10.039 Thread 0x000002330fd76620 DEOPT PACKING pc=0x00000232bd76e574 sp=0x000000f1081fc080
Event: 10.039 Thread 0x000002330fd76620 DEOPT UNPACKING pc=0x00000232bd1e46a2 sp=0x000000f1081fc060 mode 2
Event: 10.039 Thread 0x000002330fd76620 Uncommon trap: trap_request=0xffffffc6 fr.pc=0x00000232bd76e574 relative=0x0000000000001174
Event: 10.039 Thread 0x000002330fd76620 Uncommon trap: reason=bimorphic_or_optimized_type_check action=maybe_recompile pc=0x00000232bd76e574 method=java.util.regex.Matcher.search(I)Z @ 121 c2
Event: 10.039 Thread 0x000002330fd76620 DEOPT PACKING pc=0x00000232bd76e574 sp=0x000000f1081fc080
Event: 10.039 Thread 0x000002330fd76620 DEOPT UNPACKING pc=0x00000232bd1e46a2 sp=0x000000f1081fc060 mode 2
Event: 10.039 Thread 0x000002330fd76620 Uncommon trap: trap_request=0xffffffc6 fr.pc=0x00000232bd76e574 relative=0x0000000000001174
Event: 10.039 Thread 0x000002330fd76620 Uncommon trap: reason=bimorphic_or_optimized_type_check action=maybe_recompile pc=0x00000232bd76e574 method=java.util.regex.Matcher.search(I)Z @ 121 c2
Event: 10.039 Thread 0x000002330fd76620 DEOPT PACKING pc=0x00000232bd76e574 sp=0x000000f1081fc080
Event: 10.039 Thread 0x000002330fd76620 DEOPT UNPACKING pc=0x00000232bd1e46a2 sp=0x000000f1081fc060 mode 2
Event: 10.039 Thread 0x000002330fd76620 Uncommon trap: trap_request=0xffffffc6 fr.pc=0x00000232bd76e574 relative=0x0000000000001174
Event: 10.039 Thread 0x000002330fd76620 Uncommon trap: reason=bimorphic_or_optimized_type_check action=maybe_recompile pc=0x00000232bd76e574 method=java.util.regex.Matcher.search(I)Z @ 121 c2
Event: 10.039 Thread 0x000002330fd76620 DEOPT PACKING pc=0x00000232bd76e574 sp=0x000000f1081fc090
Event: 10.039 Thread 0x000002330fd76620 DEOPT UNPACKING pc=0x00000232bd1e46a2 sp=0x000000f1081fc070 mode 2

Classes loaded (20 events):
Event: 9.610 Loading class java/util/concurrent/ConcurrentHashMap$TreeNode done
Event: 9.610 Loading class java/util/concurrent/ConcurrentHashMap$TreeBin
Event: 9.611 Loading class java/util/concurrent/ConcurrentHashMap$TreeBin done
Event: 9.858 Loading class java/util/WeakHashMap$KeyIterator
Event: 9.859 Loading class java/util/WeakHashMap$HashIterator
Event: 9.859 Loading class java/util/WeakHashMap$HashIterator done
Event: 9.859 Loading class java/util/WeakHashMap$KeyIterator done
Event: 9.859 Loading class java/util/WeakHashMap$EntrySet
Event: 9.860 Loading class java/util/WeakHashMap$EntrySet done
Event: 9.860 Loading class java/util/WeakHashMap$EntryIterator
Event: 9.860 Loading class java/util/WeakHashMap$EntryIterator done
Event: 9.958 Loading class java/lang/Package$1PackageInfoProxy
Event: 9.958 Loading class java/lang/Package$1PackageInfoProxy done
Event: 9.985 Loading class java/util/stream/ReduceOps$5
Event: 9.985 Loading class java/util/stream/ReduceOps$5 done
Event: 9.985 Loading class java/util/stream/ReduceOps$CountingSink$OfRef
Event: 9.985 Loading class java/util/stream/ReduceOps$CountingSink$OfRef done
Event: 10.027 Loading class java/lang/invoke/WrongMethodTypeException
Event: 10.028 Loading class java/lang/invoke/WrongMethodTypeException done
Event: 10.040 Loading class java/lang/Character$UnicodeBlock

Classes unloaded (0 events):
No events

Classes redefined (0 events):
No events

Internal exceptions (20 events):
Event: 9.107 Thread 0x000002330fd76620 Exception <a 'java/lang/NoSuchMethodError'{0x000000008eca4b10}: 'java.lang.Object java.lang.invoke.DirectMethodHandle$Holder.newInvokeSpecial(java.lang.Object, java.lang.Object, int)'> (0x000000008eca4b10) 
thrown [s\open\src\hotspot\share\interpreter\linkResolver.cpp, line 773]
Event: 9.134 Thread 0x000002330fd76620 Exception <a 'java/lang/NoSuchMethodError'{0x000000008ebf9d18}: 'int java.lang.invoke.DirectMethodHandle$Holder.invokeStatic(java.lang.Object, int, java.lang.Object)'> (0x000000008ebf9d18) 
thrown [s\open\src\hotspot\share\interpreter\linkResolver.cpp, line 773]
Event: 9.136 Thread 0x000002330fd76620 Exception <a 'java/lang/NoSuchMethodError'{0x000000008ea15578}: 'java.lang.Object java.lang.invoke.DirectMethodHandle$Holder.newInvokeSpecial(java.lang.Object, java.lang.Object, java.lang.Object, java.lang.Object, java.lang.Object, int, java.lang.Object)'> (0x000000008ea15578) 
thrown [s\open\src\hotspot\share\interpreter\linkResolver.cpp, line 773]
Event: 9.142 Thread 0x000002330fd76620 Exception <a 'java/lang/NoSuchMethodError'{0x000000008ea54a90}: 'java.lang.Object java.lang.invoke.DirectMethodHandle$Holder.newInvokeSpecial(java.lang.Object, java.lang.Object, java.lang.Object, java.lang.Object, java.lang.Object, java.lang.Object, java.lang.Object, java.lang.Object, java.lang.Object, java.lang.Object, java.lang.Object, java.lang.Object)'> (0x000000008ea54a90) 
thrown [s\open\src\hotspot\share\interpreter\linkResolver.cpp, line 773]
Event: 9.142 Thread 0x000002330fd76620 Exception <a 'java/lang/NoSuchMethodError'{0x000000008ea59328}: 'java.lang.Object java.lang.invoke.DirectMethodHandle$Holder.invokeSpecial(java.lang.Object, java.lang.Object, java.lang.Object, java.lang.Object, java.lang.Object, java.lang.Object, java.lang.Object, java.lang.Object, java.lang.Object, java.lang.Object, java.lang.Object, java.lang.Object, java.lang.Object)'> (0x000000008ea59328) 
thrown [s\open\src\hotspot\share\interpreter\linkResolver.cpp, line 773]
Event: 9.142 Thread 0x000002330fd76620 Exception <a 'java/lang/NoSuchMethodError'{0x000000008ea5d800}: 'java.lang.Object java.lang.invoke.Invokers$Holder.linkToTargetMethod(java.lang.Object, java.lang.Object, java.lang.Object, java.lang.Object, java.lang.Object, java.lang.Object, java.lang.Object, java.lang.Object, java.lang.Object, java.lang.Object, java.lang.Object, java.lang.Object)'> (0x000000008ea5d800) 
thrown [s\open\src\hotspot\share\interpreter\linkResolver.cpp, line 773]
Event: 9.204 Thread 0x000002330fd76620 Exception <a 'java/lang/NoSuchMethodError'{0x000000008d481a70}: 'java.lang.Object java.lang.invoke.DirectMethodHandle$Holder.newInvokeSpecial(java.lang.Object, java.lang.Object, int, java.lang.Object, int, java.lang.Object, java.lang.Object)'> (0x000000008d481a70) 
thrown [s\open\src\hotspot\share\interpreter\linkResolver.cpp, line 773]
Event: 9.223 Thread 0x000002330fd76620 Exception <a 'java/lang/NoSuchMethodError'{0x000000008d32a8d8}: 'java.lang.Object java.lang.invoke.DirectMethodHandle$Holder.newInvokeSpecial(java.lang.Object, java.lang.Object, java.lang.Object, java.lang.Object, java.lang.Object, java.lang.Object, java.lang.Object, int)'> (0x000000008d32a8d8) 
thrown [s\open\src\hotspot\share\interpreter\linkResolver.cpp, line 773]
Event: 9.223 Thread 0x000002330fd76620 Exception <a 'java/lang/NoSuchMethodError'{0x000000008d32ee38}: 'java.lang.Object java.lang.invoke.DirectMethodHandle$Holder.invokeSpecial(java.lang.Object, java.lang.Object, java.lang.Object, java.lang.Object, java.lang.Object, java.lang.Object, java.lang.Object, java.lang.Object, int)'> (0x000000008d32ee38) 
thrown [s\open\src\hotspot\share\interpreter\linkResolver.cpp, line 773]
Event: 9.223 Thread 0x000002330fd76620 Exception <a 'java/lang/NoSuchMethodError'{0x000000008d332e50}: 'java.lang.Object java.lang.invoke.Invokers$Holder.linkToTargetMethod(java.lang.Object, java.lang.Object, java.lang.Object, java.lang.Object, java.lang.Object, java.lang.Object, int, java.lang.Object)'> (0x000000008d332e50) 
thrown [s\open\src\hotspot\share\interpreter\linkResolver.cpp, line 773]
Event: 9.250 Thread 0x000002330fd76620 Exception <a 'java/lang/NoSuchMethodError'{0x000000008d3fb980}: 'void java.lang.invoke.DirectMethodHandle$Holder.invokeInterface(java.lang.Object, java.lang.Object)'> (0x000000008d3fb980) 
thrown [s\open\src\hotspot\share\interpreter\linkResolver.cpp, line 773]
Event: 9.414 Thread 0x000002330fd76620 Exception <a 'java/lang/NoSuchMethodError'{0x000000008cecabd8}: 'java.lang.Object java.lang.invoke.DirectMethodHandle$Holder.invokeSpecial(java.lang.Object, java.lang.Object, int, java.lang.Object, int)'> (0x000000008cecabd8) 
thrown [s\open\src\hotspot\share\interpreter\linkResolver.cpp, line 773]
Event: 9.525 Thread 0x000002330fd76620 Exception <a 'java/lang/NoSuchMethodError'{0x000000008cc61468}: 'void java.lang.invoke.Invokers$Holder.invokeExact_MT(java.lang.Object, java.lang.Object, java.lang.Object, java.lang.Object)'> (0x000000008cc61468) 
thrown [s\open\src\hotspot\share\interpreter\linkResolver.cpp, line 773]
Event: 9.552 Thread 0x000002330fd76620 Implicit null exception at 0x00000232bd9c82f7 to 0x00000232bd9c8568
Event: 9.565 Thread 0x000002330fd76620 Implicit null exception at 0x00000232bda4ab71 to 0x00000232bda4aea8
Event: 9.565 Thread 0x000002330fd76620 Implicit null exception at 0x00000232bda479ba to 0x00000232bda479f4
Event: 9.611 Thread 0x000002330fd76620 Exception <a 'java/lang/IncompatibleClassChangeError'{0x000000008f059690}: Found class java.lang.Object, but interface was expected> (0x000000008f059690) 
thrown [s\open\src\hotspot\share\interpreter\linkResolver.cpp, line 840]
Event: 9.622 Thread 0x000002330fd76620 Exception <a 'java/lang/IncompatibleClassChangeError'{0x000000008f0cfcc0}: Found class java.lang.Object, but interface was expected> (0x000000008f0cfcc0) 
thrown [s\open\src\hotspot\share\interpreter\linkResolver.cpp, line 840]
Event: 9.678 Thread 0x000002330fd76620 Exception <a 'java/lang/IncompatibleClassChangeError'{0x000000008ee3dde8}: Found class java.lang.Object, but interface was expected> (0x000000008ee3dde8) 
thrown [s\open\src\hotspot\share\interpreter\linkResolver.cpp, line 840]
Event: 9.949 Thread 0x000002330fd76620 Exception <a 'java/lang/IncompatibleClassChangeError'{0x000000008d24a600}: Found class java.lang.Object, but interface was expected> (0x000000008d24a600) 
thrown [s\open\src\hotspot\share\interpreter\linkResolver.cpp, line 840]

ZGC Phase Switch (0 events):
No events

VM Operations (20 events):
Event: 8.652 Executing VM operation: HandshakeAllThreads (Deoptimize)
Event: 8.652 Executing VM operation: HandshakeAllThreads (Deoptimize) done
Event: 8.787 Executing VM operation: HandshakeAllThreads (Deoptimize)
Event: 8.787 Executing VM operation: HandshakeAllThreads (Deoptimize) done
Event: 8.905 Executing VM operation: ICBufferFull
Event: 8.905 Executing VM operation: ICBufferFull done
Event: 8.974 Executing VM operation: G1CollectForAllocation (G1 Evacuation Pause)
Event: 8.977 Executing VM operation: G1CollectForAllocation (G1 Evacuation Pause) done
Event: 9.325 Executing VM operation: HandshakeAllThreads (Deoptimize)
Event: 9.325 Executing VM operation: HandshakeAllThreads (Deoptimize) done
Event: 9.522 Executing VM operation: ICBufferFull
Event: 9.522 Executing VM operation: ICBufferFull done
Event: 9.590 Executing VM operation: G1CollectForAllocation (G1 Evacuation Pause)
Event: 9.594 Executing VM operation: G1CollectForAllocation (G1 Evacuation Pause) done
Event: 9.848 Executing VM operation: HandshakeAllThreads (Deoptimize)
Event: 9.848 Executing VM operation: HandshakeAllThreads (Deoptimize) done
Event: 9.965 Executing VM operation: HandshakeAllThreads (Deoptimize)
Event: 9.965 Executing VM operation: HandshakeAllThreads (Deoptimize) done
Event: 9.966 Executing VM operation: HandshakeAllThreads (Deoptimize)
Event: 9.966 Executing VM operation: HandshakeAllThreads (Deoptimize) done

Events (20 events):
Event: 6.857 Thread 0x00000232c9e50260 flushing nmethod 0x00000232bd757510
Event: 6.857 Thread 0x00000232c9e50260 flushing nmethod 0x00000232bd754310
Event: 6.857 Thread 0x00000232c9e50260 flushing nmethod 0x00000232bd744d90
Event: 6.857 Thread 0x00000232c9e50260 flushing nmethod 0x00000232bd743f90
Event: 6.857 Thread 0x00000232c9e50260 flushing nmethod 0x00000232bd748190
Event: 6.857 Thread 0x00000232c9e50260 flushing nmethod 0x00000232bd73c910
Event: 6.857 Thread 0x00000232c9e50260 flushing nmethod 0x00000232bd74cb90
Event: 6.857 Thread 0x00000232c9e50260 flushing nmethod 0x00000232bd746f90
Event: 6.857 Thread 0x00000232c9e50260 flushing nmethod 0x00000232bd731490
Event: 7.166 Thread 0x00000232c9e83d70 Thread added: 0x00000232c9e83d70
Event: 7.286 Thread 0x000002331166da50 Thread added: 0x000002331166da50
Event: 7.307 Thread 0x0000023311671bf0 Thread added: 0x0000023311671bf0
Event: 7.415 Thread 0x000002331166b980 Thread added: 0x000002331166b980
Event: 8.450 Thread 0x00000232c9e83d70 Thread exited: 0x00000232c9e83d70
Event: 8.878 Thread 0x00000232c9e836a0 Thread added: 0x00000232c9e836a0
Event: 8.929 Thread 0x00000232c9e82fd0 Thread added: 0x00000232c9e82fd0
Event: 9.211 Thread 0x00000232c9e82fd0 Thread exited: 0x00000232c9e82fd0
Event: 9.219 Thread 0x00000232c9e836a0 Thread exited: 0x00000232c9e836a0
Event: 9.564 Thread 0x00000232c9e84440 Thread added: 0x00000232c9e84440
Event: 9.565 Thread 0x00000232c9e82fd0 Thread added: 0x00000232c9e82fd0


Dynamic libraries:
0x00007ff61ea40000 - 0x00007ff61ea4e000 	C:\Users\HP 14S-FQ1001NU\.jdks\openjdk-21.0.2\bin\java.exe
0x00007ffa97c90000 - 0x00007ffa97ea7000 	C:\WINDOWS\SYSTEM32\ntdll.dll
0x00007ffa95e80000 - 0x00007ffa95f44000 	C:\WINDOWS\System32\KERNEL32.DLL
0x00007ffa95150000 - 0x00007ffa954fc000 	C:\WINDOWS\System32\KERNELBASE.dll
0x00007ffa95030000 - 0x00007ffa95141000 	C:\WINDOWS\System32\ucrtbase.dll
0x00007ffa7a700000 - 0x00007ffa7a718000 	C:\Users\HP 14S-FQ1001NU\.jdks\openjdk-21.0.2\bin\jli.dll
0x00007ffa7a790000 - 0x00007ffa7a7ab000 	C:\Users\HP 14S-FQ1001NU\.jdks\openjdk-21.0.2\bin\VCRUNTIME140.dll
0x00007ffa95ab0000 - 0x00007ffa95c5e000 	C:\WINDOWS\System32\USER32.dll
0x00007ffa95880000 - 0x00007ffa958a6000 	C:\WINDOWS\System32\win32u.dll
0x00007ffa72e80000 - 0x00007ffa73113000 	C:\WINDOWS\WinSxS\amd64_microsoft.windows.common-controls_6595b64144ccf1df_6.0.22621.3672_none_2713b9d173822955\COMCTL32.dll
0x00007ffa97ba0000 - 0x00007ffa97c47000 	C:\WINDOWS\System32\msvcrt.dll
0x00007ffa95cc0000 - 0x00007ffa95ce9000 	C:\WINDOWS\System32\GDI32.dll
0x00007ffa956a0000 - 0x00007ffa957b9000 	C:\WINDOWS\System32\gdi32full.dll
0x00007ffa958b0000 - 0x00007ffa9594a000 	C:\WINDOWS\System32\msvcp_win.dll
0x00007ffa96ca0000 - 0x00007ffa96cd1000 	C:\WINDOWS\System32\IMM32.DLL
0x00007ffa7b290000 - 0x00007ffa7b29c000 	C:\Users\HP 14S-FQ1001NU\.jdks\openjdk-21.0.2\bin\vcruntime140_1.dll
0x00007ffa6e340000 - 0x00007ffa6e3ce000 	C:\Users\HP 14S-FQ1001NU\.jdks\openjdk-21.0.2\bin\msvcp140.dll
0x00007ffa45ea0000 - 0x00007ffa46bb7000 	C:\Users\HP 14S-FQ1001NU\.jdks\openjdk-21.0.2\bin\server\jvm.dll
0x00007ffa968d0000 - 0x00007ffa96982000 	C:\WINDOWS\System32\ADVAPI32.dll
0x00007ffa96dd0000 - 0x00007ffa96e7a000 	C:\WINDOWS\System32\sechost.dll
0x00007ffa95670000 - 0x00007ffa95698000 	C:\WINDOWS\System32\bcrypt.dll
0x00007ffa967b0000 - 0x00007ffa968c5000 	C:\WINDOWS\System32\RPCRT4.dll
0x00007ffa95cf0000 - 0x00007ffa95d61000 	C:\WINDOWS\System32\WS2_32.dll
0x00007ffa94880000 - 0x00007ffa948cd000 	C:\WINDOWS\SYSTEM32\POWRPROF.dll
0x00007ffa8cf00000 - 0x00007ffa8cf0a000 	C:\WINDOWS\SYSTEM32\VERSION.dll
0x00007ffa8c140000 - 0x00007ffa8c174000 	C:\WINDOWS\SYSTEM32\WINMM.dll
0x00007ffa94860000 - 0x00007ffa94873000 	C:\WINDOWS\SYSTEM32\UMPDC.dll
0x00007ffa93fd0000 - 0x00007ffa93fe8000 	C:\WINDOWS\SYSTEM32\kernel.appcore.dll
0x00007ffa7a780000 - 0x00007ffa7a78a000 	C:\Users\HP 14S-FQ1001NU\.jdks\openjdk-21.0.2\bin\jimage.dll
0x00007ffa878f0000 - 0x00007ffa87b22000 	C:\WINDOWS\SYSTEM32\DBGHELP.DLL
0x00007ffa97390000 - 0x00007ffa97718000 	C:\WINDOWS\System32\combase.dll
0x00007ffa96b10000 - 0x00007ffa96be7000 	C:\WINDOWS\System32\OLEAUT32.dll
0x00007ffa793c0000 - 0x00007ffa793f2000 	C:\WINDOWS\SYSTEM32\dbgcore.DLL
0x00007ffa95950000 - 0x00007ffa959cb000 	C:\WINDOWS\System32\bcryptPrimitives.dll
0x00007ffa90220000 - 0x00007ffa9022f000 	C:\Users\HP 14S-FQ1001NU\.jdks\openjdk-21.0.2\bin\instrument.dll
0x00007ffa6f780000 - 0x00007ffa6f79f000 	C:\Users\HP 14S-FQ1001NU\.jdks\openjdk-21.0.2\bin\java.dll
0x00007ffa95f50000 - 0x00007ffa967ac000 	C:\WINDOWS\System32\SHELL32.dll
0x00007ffa92ec0000 - 0x00007ffa937b7000 	C:\WINDOWS\SYSTEM32\windows.storage.dll
0x00007ffa92d80000 - 0x00007ffa92ebf000 	C:\WINDOWS\SYSTEM32\wintypes.dll
0x00007ffa95d80000 - 0x00007ffa95e74000 	C:\WINDOWS\System32\SHCORE.dll
0x00007ffa95c60000 - 0x00007ffa95cbe000 	C:\WINDOWS\System32\shlwapi.dll
0x00007ffa94ef0000 - 0x00007ffa94f11000 	C:\WINDOWS\SYSTEM32\profapi.dll
0x00007ffa67a30000 - 0x00007ffa67b07000 	C:\Users\HP 14S-FQ1001NU\.jdks\openjdk-21.0.2\bin\jsvml.dll
0x00007ffa72a90000 - 0x00007ffa72aa8000 	C:\Users\HP 14S-FQ1001NU\.jdks\openjdk-21.0.2\bin\zip.dll
0x00007ffa7a6e0000 - 0x00007ffa7a6f0000 	C:\Users\HP 14S-FQ1001NU\.jdks\openjdk-21.0.2\bin\net.dll
0x00007ffa8ddc0000 - 0x00007ffa8def6000 	C:\WINDOWS\SYSTEM32\WINHTTP.dll
0x00007ffa94460000 - 0x00007ffa944c9000 	C:\WINDOWS\system32\mswsock.dll
0x00007ffa7a6c0000 - 0x00007ffa7a6d6000 	C:\Users\HP 14S-FQ1001NU\.jdks\openjdk-21.0.2\bin\nio.dll
0x00007ffa8c4c0000 - 0x00007ffa8c4da000 	C:\Program Files\JetBrains\IntelliJ IDEA Community Edition 2023.3.4\bin\breakgen64.dll
0x00007ffa7a6b0000 - 0x00007ffa7a6b9000 	C:\Users\HP 14S-FQ1001NU\.jdks\openjdk-21.0.2\bin\extnet.dll
0x00007ffa8c4f0000 - 0x00007ffa8c4fa000 	C:\Users\HP 14S-FQ1001NU\.jdks\openjdk-21.0.2\bin\management.dll
0x00007ffa8c4e0000 - 0x00007ffa8c4eb000 	C:\Users\HP 14S-FQ1001NU\.jdks\openjdk-21.0.2\bin\management_ext.dll
0x00007ffa96ce0000 - 0x00007ffa96ce8000 	C:\WINDOWS\System32\PSAPI.DLL
0x00007ffa7a6f0000 - 0x00007ffa7a6fe000 	C:\Users\HP 14S-FQ1001NU\.jdks\openjdk-21.0.2\bin\sunmscapi.dll
0x00007ffa95500000 - 0x00007ffa95667000 	C:\WINDOWS\System32\CRYPT32.dll
0x00007ffa94970000 - 0x00007ffa9499e000 	C:\WINDOWS\SYSTEM32\ncrypt.dll
0x00007ffa94930000 - 0x00007ffa94967000 	C:\WINDOWS\SYSTEM32\NTASN1.dll
0x00007ffa946c0000 - 0x00007ffa946db000 	C:\WINDOWS\SYSTEM32\CRYPTSP.dll
0x00007ffa93f30000 - 0x00007ffa93f65000 	C:\WINDOWS\system32\rsaenh.dll
0x00007ffa94560000 - 0x00007ffa94588000 	C:\WINDOWS\SYSTEM32\USERENV.dll
0x00007ffa946e0000 - 0x00007ffa946ec000 	C:\WINDOWS\SYSTEM32\CRYPTBASE.dll
0x00007ffa93a30000 - 0x00007ffa93a5d000 	C:\WINDOWS\SYSTEM32\IPHLPAPI.DLL
0x00007ffa97030000 - 0x00007ffa97039000 	C:\WINDOWS\System32\NSI.dll
0x00007ffa72090000 - 0x00007ffa720a0000 	C:\Users\HP 14S-FQ1001NU\.jdks\openjdk-21.0.2\bin\verify.dll
0x00007ffa93a60000 - 0x00007ffa93b58000 	C:\WINDOWS\SYSTEM32\DNSAPI.dll
0x00007ffa89a60000 - 0x00007ffa89a6a000 	C:\Windows\System32\rasadhlp.dll
0x00007ffa8c210000 - 0x00007ffa8c293000 	C:\WINDOWS\System32\fwpuclnt.dll

dbghelp: loaded successfully - version: 4.0.5 - missing functions: none
symbol engine: initialized successfully - sym options: 0x614 - pdb path: .;C:\Users\HP 14S-FQ1001NU\.jdks\openjdk-21.0.2\bin;C:\WINDOWS\SYSTEM32;C:\WINDOWS\WinSxS\amd64_microsoft.windows.common-controls_6595b64144ccf1df_6.0.22621.3672_none_2713b9d173822955;C:\Users\HP 14S-FQ1001NU\.jdks\openjdk-21.0.2\bin\server;C:\Program Files\JetBrains\IntelliJ IDEA Community Edition 2023.3.4\bin

VM Arguments:
jvm_args: -javaagent:C:\Program Files\JetBrains\IntelliJ IDEA Community Edition 2023.3.4\lib\idea_rt.jar=51133:C:\Program Files\JetBrains\IntelliJ IDEA Community Edition 2023.3.4\bin -Dfile.encoding=UTF-8 -Dsun.stdout.encoding=UTF-8 -Dsun.stderr.encoding=UTF-8 
java_command: bg.fmi.javaweb.sportstournamentorganizer.SportsTournamentOrganizerApplication
java_class_path (initial): C:\Users\HP 14S-FQ1001NU\IdeaProjects\local_java_repo\target\classes;C:\Users\HP 14S-FQ1001NU\.m2\repository\org\springframework\boot\spring-boot-starter-web\3.3.0\spring-boot-starter-web-3.3.0.jar;C:\Users\HP 14S-FQ1001NU\.m2\repository\org\springframework\boot\spring-boot-starter\3.3.0\spring-boot-starter-3.3.0.jar;C:\Users\HP 14S-FQ1001NU\.m2\repository\org\springframework\boot\spring-boot-starter-logging\3.3.0\spring-boot-starter-logging-3.3.0.jar;C:\Users\HP 14S-FQ1001NU\.m2\repository\ch\qos\logback\logback-classic\1.5.6\logback-classic-1.5.6.jar;C:\Users\HP 14S-FQ1001NU\.m2\repository\ch\qos\logback\logback-core\1.5.6\logback-core-1.5.6.jar;C:\Users\HP 14S-FQ1001NU\.m2\repository\org\apache\logging\log4j\log4j-to-slf4j\2.23.1\log4j-to-slf4j-2.23.1.jar;C:\Users\HP 14S-FQ1001NU\.m2\repository\org\apache\logging\log4j\log4j-api\2.23.1\log4j-api-2.23.1.jar;C:\Users\HP 14S-FQ1001NU\.m2\repository\org\slf4j\jul-to-slf4j\2.0.13\jul-to-slf4j-2.0.13.jar;C:\Users\HP 14S-FQ1001NU\.m2\repository\jakarta\annotation\jakarta.annotation-api\2.1.1\jakarta.annotation-api-2.1.1.jar;C:\Users\HP 14S-FQ1001NU\.m2\repository\org\yaml\snakeyaml\2.2\snakeyaml-2.2.jar;C:\Users\HP 14S-FQ1001NU\.m2\repository\org\springframework\boot\spring-boot-starter-json\3.3.0\spring-boot-starter-json-3.3.0.jar;C:\Users\HP 14S-FQ1001NU\.m2\repository\com\fasterxml\jackson\core\jackson-databind\2.17.1\jackson-databind-2.17.1.jar;C:\Users\HP 14S-FQ1001NU\.m2\repository\com\fasterxml\jackson\core\jackson-annotations\2.17.1\jackson-annotations-2.17.1.jar;C:\Users\HP 14S-FQ1001NU\.m2\repository\com\fasterxml\jackson\core\jackson-core\2.17.1\jackson-core-2.17.1.jar;C:\Users\HP 14S-FQ1001NU\.m2\repository\com\fasterxml\jackson\datatype\jackson-datatype-jdk8\2.17.1\jackson-datatype-jdk8-2.17.1.jar;C:\Users\HP 14S-FQ1001NU\.m2\repository\com\fasterxml\jackson\datatype\jackson-datatype-jsr310\2.17.1\jackson-datatype-jsr310-2.17.1.jar;C:\Users\HP 14S-FQ1001NU\.m2\repository\com\fasterxml\jackson\module\jackson-module-parameter-names\2.17.1\jackson-module-parameter-names-2.17.1.jar;C:\Users\HP 14S-FQ1001NU\.m2\repository\org\springframework\boot\spring-boot-starter-tomcat\3.3.0\spring-boot-starter-tomcat-3.3.0.jar;C:\Users\HP 14S-FQ1001NU\.m2\repository\org\apache\tomcat\embed\tomcat-embed-core\10.1.24\tomcat-embed-core-10.1.24.jar;C:\Users\HP 14S-FQ1001NU\.m2\repository\org\apache\tomcat\embed\tomcat-embed-el\10.1.24\tomcat-embed-el-10.1.24.jar;C:\Users\HP 14S-FQ1001NU\.m2\repository\org\apache\tomcat\embed\tomcat-embed-websocket\10.1.24\tomcat-embed-websocket-10.1.24.jar;C:\Users\HP 14S-FQ1001NU\.m2\repository\org\springframework\spring-web\6.1.8\spring-web-6.1.8.jar;C:\Users\HP 14S-FQ1001NU\.m2\repository\org\springframework\spring-beans\6.1.8\spring-beans-6.1.8.jar;C:\Users\HP 14S-FQ1001NU\.m2\repository\io\micrometer\micrometer-observation\1.13.0\micrometer-observation-1.13.0.jar;C:\Users\HP 14S-FQ1001NU\.m2\repository\io\micrometer\micrometer-commons\1.13.0\micrometer-commons-1.13.0.jar;C:\Users\HP 14S-FQ1001NU\.m2\repository\org\springframework\spring-webmvc\6.1.8\spring-webmvc-6.1.8.jar;C:\Users\HP 14S-FQ1001NU\.m2\repository\org\springframework\spring-aop\6.1.8\spring-aop-6.1.8.jar;C:\Users\HP 14S-FQ1001NU\.m2\repository\org\springframework\spring-context\6.1.8\spring-context-6.1.8.jar;C:\Users\HP 14S-FQ1001NU\.m2\repository\org\springframework\spring-expression\6.1.8\spring-expression-6.1.8.jar;C:\Users\HP 14S-FQ1001NU\.m2\repository\org\springframework\boot\spring-boot-devtools\3.3.0\spring-boot-devtools-3.3.0.jar;C:\Users\HP 14S-FQ1001NU\.m2\repository\org\springframework\boot\spring-boot\3.3.0\spring-boot-3.3.0.jar;C:\Users\HP 14S-FQ1001NU\.m2\repository\org\springframework\boot\spring-boot-autoconfigure\3.3.0\spring-boot-autoconfigure-3.3.0.jar;C:\Users\HP 14S-FQ1001NU\.m2\repository\org\slf4j\slf4j-api\2.0.13\slf4j-api-2.0.13.jar;C:\Users\HP 14S-FQ1001NU\.m2\repository\jakarta\xml\bind\jakarta.xml.bind-api\4.0.2\jakarta.xml.bind-api-4.0.2.jar;C:\Users\HP 14S-FQ1001NU\.m2\repository\jakarta\activation\jakarta.activation-api\2.1.3\jakarta.activation-api-2.1.3.jar;C:\Users\HP 14S-FQ1001NU\.m2\repository\net\bytebuddy\byte-buddy\1.14.16\byte-buddy-1.14.16.jar;C:\Users\HP 14S-FQ1001NU\.m2\repository\org\springframework\spring-core\6.1.8\spring-core-6.1.8.jar;C:\Users\HP 14S-FQ1001NU\.m2\repository\org\springframework\spring-jcl\6.1.8\spring-jcl-6.1.8.jar;C:\Users\HP 14S-FQ1001NU\.m2\repository\org\mapstruct\mapstruct\1.6.0.Beta1\mapstruct-1.6.0.Beta1.jar;C:\Users\HP 14S-FQ1001NU\.m2\repository\org\mapstruct\mapstruct-processor\1.6.0.Beta1\mapstruct-processor-1.6.0.Beta1.jar;C:\Users\HP 14S-FQ1001NU\.m2\repository\org\postgresql\postgresql\42.7.3\postgresql-42.7.3.jar;C:\Users\HP 14S-FQ1001NU\.m2\repository\org\checkerframework\checker-qual\3.42.0\checker-qual-3.42.0.jar;C:\Users\HP 14S-FQ1001NU\.m2\repository\org\springframework\boot\spring-boot-starter-data-jpa\3.3.0\spring-boot-starter-data-jpa-3.3.0.jar;C:\Users\HP 14S-FQ1001NU\.m2\repository\org\springframework\boot\spring-boot-starter-aop\3.3.0\spring-boot-starter-aop-3.3.0.jar;C:\Users\HP 14S-FQ1001NU\.m2\repository\org\aspectj\aspectjweaver\1.9.22\aspectjweaver-1.9.22.jar;C:\Users\HP 14S-FQ1001NU\.m2\repository\org\springframework\boot\spring-boot-starter-jdbc\3.3.0\spring-boot-starter-jdbc-3.3.0.jar;C:\Users\HP 14S-FQ1001NU\.m2\repository\com\zaxxer\HikariCP\5.1.0\HikariCP-5.1.0.jar;C:\Users\HP 14S-FQ1001NU\.m2\repository\org\springframework\spring-jdbc\6.1.8\spring-jdbc-6.1.8.jar;C:\Users\HP 14S-FQ1001NU\.m2\repository\org\hibernate\orm\hibernate-core\6.5.2.Final\hibernate-core-6.5.2.Final.jar;C:\Users\HP 14S-FQ1001NU\.m2\repository\jakarta\persistence\jakarta.persistence-api\3.1.0\jakarta.persistence-api-3.1.0.jar;C:\Users\HP 14S-FQ1001NU\.m2\repository\jakarta\transaction\jakarta.transaction-api\2.0.1\jakarta.transaction-api-2.0.1.jar;C:\Users\HP 14S-FQ1001NU\.m2\repository\org\jboss\logging\jboss-logging\3.5.3.Final\jboss-logging-3.5.3.Final.jar;C:\Users\HP 14S-FQ1001NU\.m2\repository\org\hibernate\common\hibernate-commons-annotations\6.0.6.Final\hibernate-commons-annotations-6.0.6.Final.jar;C:\Users\HP 14S-FQ1001NU\.m2\repository\io\smallrye\jandex\3.1.2\jandex-3.1.2.jar;C:\Users\HP 14S-FQ1001NU\.m2\repository\com\fasterxml\classmate\1.7.0\classmate-1.7.0.jar;C:\Users\HP 14S-FQ1001NU\.m2\repository\org\glassfish\jaxb\jaxb-runtime\4.0.5\jaxb-runtime-4.0.5.jar;C:\Users\HP 14S-FQ1001NU\.m2\repository\org\glassfish\jaxb\jaxb-core\4.0.5\jaxb-core-4.0.5.jar;C:\Users\HP 14S-FQ1001NU\.m2\repository\org\eclipse\angus\angus-activation\2.0.2\angus-activation-2.0.2.jar;C:\Users\HP 14S-FQ1001NU\.m2\repository\org\glassfish\jaxb\txw2\4.0.5\txw2-4.0.5.jar;C:\Users\HP 14S-FQ1001NU\.m2\repository\com\sun\istack\istack-commons-runtime\4.1.2\istack-commons-runtime-4.1.2.jar;C:\Users\HP 14S-FQ1001NU\.m2\repository\jakarta\inject\jakarta.inject-api\2.0.1\jakarta.inject-api-2.0.1.jar;C:\Users\HP 14S-FQ1001NU\.m2\repository\org\antlr\antlr4-runtime\4.13.0\antlr4-runtime-4.13.0.jar;C:\Users\HP 14S-FQ1001NU\.m2\repository\org\springframework\data\spring-data-jpa\3.3.0\spring-data-jpa-3.3.0.jar;C:\Users\HP 14S-FQ1001NU\.m2\repository\org\springframework\data\spring-data-commons\3.3.0\spring-data-commons-3.3.0.jar;C:\Users\HP 14S-FQ1001NU\.m2\repository\org\springframework\spring-orm\6.1.8\spring-orm-6.1.8.jar;C:\Users\HP 14S-FQ1001NU\.m2\repository\org\springframework\spring-tx\6.1.8\spring-tx-6.1.8.jar;C:\Users\HP 14S-FQ1001NU\.m2\repository\org\springframework\spring-aspects\6.1.8\spring-aspects-6.1.8.jar
Launcher Type: SUN_STANDARD

[Global flags]
     intx CICompilerCount                          = 4                                         {product} {ergonomic}
     uint ConcGCThreads                            = 2                                         {product} {ergonomic}
     uint G1ConcRefinementThreads                  = 8                                         {product} {ergonomic}
   size_t G1HeapRegionSize                         = 1048576                                   {product} {ergonomic}
    uintx GCDrainStackTargetSize                   = 64                                        {product} {ergonomic}
   size_t InitialHeapSize                          = 123731968                                 {product} {ergonomic}
   size_t MarkStackSize                            = 4194304                                   {product} {ergonomic}
   size_t MaxHeapSize                              = 1967128576                                {product} {ergonomic}
   size_t MaxNewSize                               = 1179648000                                {product} {ergonomic}
   size_t MinHeapDeltaBytes                        = 1048576                                   {product} {ergonomic}
   size_t MinHeapSize                              = 8388608                                   {product} {ergonomic}
    uintx NonNMethodCodeHeapSize                   = 5839372                                {pd product} {ergonomic}
    uintx NonProfiledCodeHeapSize                  = 122909434                              {pd product} {ergonomic}
    uintx ProfiledCodeHeapSize                     = 122909434                              {pd product} {ergonomic}
    uintx ReservedCodeCacheSize                    = 251658240                              {pd product} {ergonomic}
     bool SegmentedCodeCache                       = true                                      {product} {ergonomic}
   size_t SoftMaxHeapSize                          = 1967128576                             {manageable} {ergonomic}
     bool UseCompressedOops                        = true                           {product lp64_product} {ergonomic}
     bool UseG1GC                                  = true                                      {product} {ergonomic}
     bool UseLargePagesIndividualAllocation        = false                                  {pd product} {ergonomic}

Logging:
Log output configuration:
 #0: stdout all=warning uptime,level,tags foldmultilines=false
 #1: stderr all=off uptime,level,tags foldmultilines=false

Environment Variables:
PATH=C:\Program Files (x86)\Cuminas\Document Express DjVu Plug-in\;C:\WINDOWS\system32;C:\WINDOWS;C:\WINDOWS\System32\Wbem;C:\WINDOWS\System32\WindowsPowerShell\v1.0\;C:\WINDOWS\System32\OpenSSH\;C:\Program Files\Git\cmd;C:\Program Files\Microsoft SQL Server\150\Tools\Binn\;C:\mysys64\mingw64\bin;C:\Program Files\PuTTY\;C:\Program Files (x86)\Microsoft SQL Server\160\Tools\Binn\;C:\Program Files\Microsoft SQL Server\160\Tools\Binn\;C:\Program Files\Microsoft SQL Server\Client SDK\ODBC\170\Tools\Binn\;C:\Program Files\Microsoft SQL Server\160\DTS\Binn\;C:\Program Files (x86)\Microsoft SQL Server\160\DTS\Binn\;C:\Program Files\Azure Data Studio\bin;C:\MinGW\bin;C:\Program Files\dotnet\;C:\Program Files\nodejs\;C:\php;C:\Users\HP 14S-FQ1001NU\AppData\Local\Programs\Python\Launcher\;C:\Users\HP 14S-FQ1001NU\AppData\Local\Microsoft\WindowsApps;C:\Users\HP 14S-FQ1001NU\AppData\Local\GitHubDesktop\bin;C:\Users\HP 14S-FQ1001NU\AppData\Local\Programs\Microsoft VS Code\bin;C:\Program Files\JetBrains\IntelliJ IDEA 2022.2.3\bin;;C:\Program Files\Azure Data Studio\bin;C:\Program Files\JetBrains\CLion 2023.1.3\bin;;C:\ghcup\bin;C:\Users\HP 14S-FQ1001NU\.dotnet\tools;C:\Users\HP 14S-FQ1001NU\AppData\Roaming\npm;C:\Users\HP 14S-FQ1001NU\AppData\Roaming\Microsoft\Windows\Start Menu\Programs\MSYS2 64bit\MSYS2 MSYS.lnk;C:\Program Files\MongoDB\mongosh-2.2.6-win32-x64\bin;C:\php;
USERNAME=HP 14S-FQ1001NU
OS=Windows_NT
PROCESSOR_IDENTIFIER=AMD64 Family 23 Model 104 Stepping 1, AuthenticAMD
TMP=C:\Users\HP14S-~1\AppData\Local\Temp
TEMP=C:\Users\HP14S-~1\AppData\Local\Temp




Periodic native trim disabled

---------------  S Y S T E M  ---------------

OS:
 Windows 11 , 64 bit Build 22621 (10.0.22621.3672)
OS uptime: 0 days 0:53 hours
Hyper-V role detected

CPU: total 8 (initial active 8) (8 cores per cpu, 2 threads per core) family 23 model 104 stepping 1 microcode 0x0, cx8, cmov, fxsr, ht, mmx, 3dnowpref, sse, sse2, sse3, ssse3, sse4a, sse4.1, sse4.2, popcnt, lzcnt, tsc, tscinvbit, avx, avx2, aes, clmul, bmi1, bmi2, adx, sha, fma, vzeroupper, clflush, clflushopt, hv, rdtscp, rdpid, f16c
Processor Information for all 8 processors :
  Max Mhz: 2600, Current Mhz: 2600, Mhz Limit: 2600

Memory: 4k page, system-wide physical 7502M (727M free)
TotalPageFile size 10502M (AvailPageFile size 5M)
current process WorkingSet (physical memory assigned to process): 255M, peak: 260M
current process commit charge ("private bytes"): 292M, peak: 298M

vm_info: OpenJDK 64-Bit Server VM (21.0.2+13-58) for windows-amd64 JRE (21.0.2+13-58), built on 2024-01-05T18:32:24Z by "mach5one" with MS VC++ 17.1 (VS2022)

END.
