#
# There is insufficient memory for the Java Runtime Environment to continue.
# Native memory allocation (malloc) failed to allocate 1552512 bytes for Chunk::new
# Possible reasons:
#   The system is out of physical RAM or swap space
#   The process is running with CompressedOops enabled, and the Java Heap may be blocking the growth of the native heap
# Possible solutions:
#   Reduce memory load on the system
#   Increase physical memory or swap space
#   Check if swap backing store is full
#   Decrease Java heap size (-Xmx/-Xms)
#   Decrease number of Java threads
#   Decrease Java thread stack sizes (-Xss)
#   Set larger code cache with -XX:ReservedCodeCacheSize=
#   JVM is running with Unscaled Compressed Oops mode in which the Java heap is
#     placed in the first 4GB address space. The Java Heap base address is the
#     maximum limit for the native heap growth. Please use -XX:HeapBaseMinAddress
#     to set the Java Heap base and to place the Java Heap above 4GB virtual address.
# This output file may be truncated or incomplete.
#
#  Out of Memory Error (arena.cpp:168), pid=9896, tid=16912
#
# JRE version: OpenJDK Runtime Environment (21.0.2+13) (build 21.0.2+13-58)
# Java VM: OpenJDK 64-Bit Server VM (21.0.2+13-58, mixed mode, sharing, tiered, compressed oops, compressed class ptrs, g1 gc, windows-amd64)
# No core dump will be written. Minidumps are not enabled by default on client versions of Windows
#

---------------  S U M M A R Y ------------

Command Line: -javaagent:C:\Program Files\JetBrains\IntelliJ IDEA Community Edition 2023.3.4\lib\idea_rt.jar=57269:C:\Program Files\JetBrains\IntelliJ IDEA Community Edition 2023.3.4\bin -Dfile.encoding=UTF-8 -Dsun.stdout.encoding=UTF-8 -Dsun.stderr.encoding=UTF-8 bg.fmi.javaweb.sportstournamentorganizer.SportsTournamentOrganizerApplication

Host: AMD Ryzen 3 5300U with Radeon Graphics         , 8 cores, 7G,  Windows 11 , 64 bit Build 22621 (10.0.22621.3672)
Time: Fri Jul 19 19:05:24 2024  Windows 11 , 64 bit Build 22621 (10.0.22621.3672) elapsed time: 7.152102 seconds (0d 0h 0m 7s)

---------------  T H R E A D  ---------------

Current thread (0x000001e069255ec0):  JavaThread "C2 CompilerThread1" daemon [_thread_in_native, id=16912, stack(0x0000007ba8f00000,0x0000007ba9000000) (1024K)]


Current CompileTask:
C2:   7152 5885 % !   4       org.springframework.beans.factory.support.DefaultListableBeanFactory::doGetBeanNamesForType @ 20 (505 bytes)

Stack: [0x0000007ba8f00000,0x0000007ba9000000]
Native frames: (J=compiled Java code, j=interpreted, Vv=VM code, C=native code)
V  [jvm.dll+0x6cade9]
V  [jvm.dll+0x8569c1]
V  [jvm.dll+0x858d2e]
V  [jvm.dll+0x859413]
V  [jvm.dll+0x280e56]
V  [jvm.dll+0xc3f3d]
V  [jvm.dll+0xc4473]
V  [jvm.dll+0x3b5c2c]
V  [jvm.dll+0x382855]
V  [jvm.dll+0x381cca]
V  [jvm.dll+0x249bd0]
V  [jvm.dll+0x2491b1]
V  [jvm.dll+0x1c9634]
V  [jvm.dll+0x258859]
V  [jvm.dll+0x256e3a]
V  [jvm.dll+0x3ef6c6]
V  [jvm.dll+0x7ff568]
V  [jvm.dll+0x6c953d]
C  [ucrtbase.dll+0x29333]
C  [KERNEL32.DLL+0x1257d]
C  [ntdll.dll+0x5af28]


---------------  P R O C E S S  ---------------

Threads class SMR info:
_java_thread_list=0x000001e06c77e1d0, length=32, elements={
0x000001e0075d67a0, 0x000001e023c214d0, 0x000001e023c24200, 0x000001e023c26650,
0x000001e023c27410, 0x000001e023c27e70, 0x000001e023c2b8f0, 0x000001e023c35900,
0x000001e023c40dd0, 0x000001e069090150, 0x000001e069255ec0, 0x000001e06948c600,
0x000001e06948cc70, 0x000001e06990ff60, 0x000001e06a11cc90, 0x000001e06a6a3300,
0x000001e06a69fe80, 0x000001e06a6a0510, 0x000001e06a6a0ba0, 0x000001e06a6a25e0,
0x000001e06a6a1230, 0x000001e06a6a18c0, 0x000001e06a6a1f50, 0x000001e06ad51330,
0x000001e06ad55b60, 0x000001e06ad50610, 0x000001e06ad4ff80, 0x000001e06ad575a0,
0x000001e06ad54120, 0x000001e06ad52d70, 0x000001e06ad50ca0, 0x000001e06c25cf10
}

Java Threads: ( => current thread )
  0x000001e0075d67a0 JavaThread "main"                              [_thread_blocked, id=15396, stack(0x0000007ba7e00000,0x0000007ba7f00000) (1024K)]
  0x000001e023c214d0 JavaThread "Reference Handler"          daemon [_thread_blocked, id=16192, stack(0x0000007ba8600000,0x0000007ba8700000) (1024K)]
  0x000001e023c24200 JavaThread "Finalizer"                  daemon [_thread_blocked, id=12728, stack(0x0000007ba8700000,0x0000007ba8800000) (1024K)]
  0x000001e023c26650 JavaThread "Signal Dispatcher"          daemon [_thread_blocked, id=6140, stack(0x0000007ba8800000,0x0000007ba8900000) (1024K)]
  0x000001e023c27410 JavaThread "Attach Listener"            daemon [_thread_blocked, id=18744, stack(0x0000007ba8900000,0x0000007ba8a00000) (1024K)]
  0x000001e023c27e70 JavaThread "Service Thread"             daemon [_thread_blocked, id=14904, stack(0x0000007ba8a00000,0x0000007ba8b00000) (1024K)]
  0x000001e023c2b8f0 JavaThread "Monitor Deflation Thread"   daemon [_thread_blocked, id=18364, stack(0x0000007ba8b00000,0x0000007ba8c00000) (1024K)]
  0x000001e023c35900 JavaThread "C2 CompilerThread0"         daemon [_thread_in_native, id=6536, stack(0x0000007ba8c00000,0x0000007ba8d00000) (1024K)]
  0x000001e023c40dd0 JavaThread "C1 CompilerThread0"         daemon [_thread_blocked, id=1284, stack(0x0000007ba8d00000,0x0000007ba8e00000) (1024K)]
  0x000001e069090150 JavaThread "Common-Cleaner"             daemon [_thread_blocked, id=7908, stack(0x0000007ba8e00000,0x0000007ba8f00000) (1024K)]
=>0x000001e069255ec0 JavaThread "C2 CompilerThread1"         daemon [_thread_in_native, id=16912, stack(0x0000007ba8f00000,0x0000007ba9000000) (1024K)]
  0x000001e06948c600 JavaThread "Monitor Ctrl-Break"         daemon [_thread_in_native, id=1252, stack(0x0000007ba9000000,0x0000007ba9100000) (1024K)]
  0x000001e06948cc70 JavaThread "Notification Thread"        daemon [_thread_blocked, id=7468, stack(0x0000007ba9100000,0x0000007ba9200000) (1024K)]
  0x000001e06990ff60 JavaThread "Thread-0"                          [_thread_blocked, id=14976, stack(0x0000007ba9200000,0x0000007ba9300000) (1024K)]
  0x000001e06a11cc90 JavaThread "restartedMain"                     [_thread_in_native, id=17176, stack(0x0000007ba9300000,0x0000007ba9400000) (1024K)]
  0x000001e06a6a3300 JavaThread "Catalina-utility-1"                [_thread_blocked, id=14000, stack(0x0000007ba9d00000,0x0000007ba9e00000) (1024K)]
  0x000001e06a69fe80 JavaThread "Catalina-utility-2"                [_thread_blocked, id=17052, stack(0x0000007ba9e00000,0x0000007ba9f00000) (1024K)]
  0x000001e06a6a0510 JavaThread "http-nio-8080-exec-1"       daemon [_thread_blocked, id=12736, stack(0x0000007ba9f00000,0x0000007baa000000) (1024K)]
  0x000001e06a6a0ba0 JavaThread "http-nio-8080-exec-2"       daemon [_thread_blocked, id=16616, stack(0x0000007baa000000,0x0000007baa100000) (1024K)]
  0x000001e06a6a25e0 JavaThread "http-nio-8080-exec-3"       daemon [_thread_blocked, id=16532, stack(0x0000007baa100000,0x0000007baa200000) (1024K)]
  0x000001e06a6a1230 JavaThread "http-nio-8080-exec-4"       daemon [_thread_blocked, id=14836, stack(0x0000007baa200000,0x0000007baa300000) (1024K)]
  0x000001e06a6a18c0 JavaThread "http-nio-8080-exec-5"       daemon [_thread_blocked, id=12368, stack(0x0000007baa300000,0x0000007baa400000) (1024K)]
  0x000001e06a6a1f50 JavaThread "http-nio-8080-exec-6"       daemon [_thread_blocked, id=2128, stack(0x0000007baa400000,0x0000007baa500000) (1024K)]
  0x000001e06ad51330 JavaThread "http-nio-8080-exec-7"       daemon [_thread_blocked, id=9956, stack(0x0000007baa500000,0x0000007baa600000) (1024K)]
  0x000001e06ad55b60 JavaThread "http-nio-8080-exec-8"       daemon [_thread_blocked, id=15944, stack(0x0000007baa600000,0x0000007baa700000) (1024K)]
  0x000001e06ad50610 JavaThread "http-nio-8080-exec-9"       daemon [_thread_blocked, id=1616, stack(0x0000007baa700000,0x0000007baa800000) (1024K)]
  0x000001e06ad4ff80 JavaThread "http-nio-8080-exec-10"      daemon [_thread_blocked, id=9832, stack(0x0000007baa800000,0x0000007baa900000) (1024K)]
  0x000001e06ad575a0 JavaThread "container-0"                       [_thread_blocked, id=13236, stack(0x0000007baa900000,0x0000007baaa00000) (1024K)]
  0x000001e06ad54120 JavaThread "PostgreSQL-JDBC-Cleaner"    daemon [_thread_blocked, id=2300, stack(0x0000007baab00000,0x0000007baac00000) (1024K)]
  0x000001e06ad52d70 JavaThread "HikariPool-1 housekeeper"   daemon [_thread_blocked, id=12384, stack(0x0000007baac00000,0x0000007baad00000) (1024K)]
  0x000001e06ad50ca0 JavaThread "HikariPool-1 connection adder" daemon [_thread_blocked, id=3672, stack(0x0000007baad00000,0x0000007baae00000) (1024K)]
  0x000001e06c25cf10 JavaThread "C2 CompilerThread2"         daemon [_thread_in_native, id=2092, stack(0x0000007ba9a00000,0x0000007ba9b00000) (1024K)]
Total: 32

Other Threads:
  0x000001e023c02d60 VMThread "VM Thread"                           [id=5884, stack(0x0000007ba8500000,0x0000007ba8600000) (1024K)]
  0x000001e023beaa90 WatcherThread "VM Periodic Task Thread"        [id=3824, stack(0x0000007ba8400000,0x0000007ba8500000) (1024K)]
  0x000001e00762a2e0 WorkerThread "GC Thread#0"                     [id=12648, stack(0x0000007ba7f00000,0x0000007ba8000000) (1024K)]
  0x000001e069e5e1b0 WorkerThread "GC Thread#1"                     [id=14992, stack(0x0000007ba9400000,0x0000007ba9500000) (1024K)]
  0x000001e069e45bd0 WorkerThread "GC Thread#2"                     [id=3784, stack(0x0000007ba9500000,0x0000007ba9600000) (1024K)]
  0x000001e069e45f70 WorkerThread "GC Thread#3"                     [id=10612, stack(0x0000007ba9600000,0x0000007ba9700000) (1024K)]
  0x000001e069e46310 WorkerThread "GC Thread#4"                     [id=12128, stack(0x0000007ba9700000,0x0000007ba9800000) (1024K)]
  0x000001e069a1df00 WorkerThread "GC Thread#5"                     [id=2496, stack(0x0000007ba9800000,0x0000007ba9900000) (1024K)]
  0x000001e069a1e2a0 WorkerThread "GC Thread#6"                     [id=8272, stack(0x0000007ba9b00000,0x0000007ba9c00000) (1024K)]
  0x000001e069a1f4c0 WorkerThread "GC Thread#7"                     [id=18120, stack(0x0000007ba9c00000,0x0000007ba9d00000) (1024K)]
  0x000001e007639c40 ConcurrentGCThread "G1 Main Marker"            [id=3240, stack(0x0000007ba8000000,0x0000007ba8100000) (1024K)]
  0x000001e00763a7f0 WorkerThread "G1 Conc#0"                       [id=2344, stack(0x0000007ba8100000,0x0000007ba8200000) (1024K)]
  0x000001e069a1e640 WorkerThread "G1 Conc#1"                       [id=18380, stack(0x0000007ba9900000,0x0000007ba9a00000) (1024K)]
  0x000001e023ac4100 ConcurrentGCThread "G1 Refine#0"               [id=11524, stack(0x0000007ba8200000,0x0000007ba8300000) (1024K)]
  0x000001e023ac4a80 ConcurrentGCThread "G1 Service"                [id=19092, stack(0x0000007ba8300000,0x0000007ba8400000) (1024K)]
Total: 15

Threads with active compile tasks:
C2 CompilerThread0     7168 5887   !   4       org.springframework.util.ReflectionUtils::doWithMethods (186 bytes)
C2 CompilerThread1     7168 5885 % !   4       org.springframework.beans.factory.support.DefaultListableBeanFactory::doGetBeanNamesForType @ 20 (505 bytes)
C2 CompilerThread2     7168 5894   !   4       org.springframework.core.annotation.AnnotationsScanner::processMethodHierarchy (276 bytes)
Total: 3

VM state: not at safepoint (normal execution)

VM Mutex/Monitor currently owned by a thread: None

Heap address: 0x000000008ac00000, size: 1876 MB, Compressed Oops mode: 32-bit

CDS archive(s) mapped at: [0x000001e024000000-0x000001e024c90000-0x000001e024c90000), size 13172736, SharedBaseAddress: 0x000001e024000000, ArchiveRelocationMode: 1.
Compressed class space mapped at: 0x000001e025000000-0x000001e065000000, reserved size: 1073741824
Narrow klass base: 0x000001e024000000, Narrow klass shift: 0, Narrow klass range: 0x100000000

GC Precious Log:
 CardTable entry size: 512
 Card Set container configuration: InlinePtr #cards 5 size 8 Array Of Cards #cards 12 size 40 Howl #buckets 4 coarsen threshold 1843 Howl Bitmap #cards 512 size 80 coarsen threshold 460 Card regions per heap region 1 cards per card region 2048
 CPUs: 8 total, 8 available
 Memory: 7502M
 Large Page Support: Disabled
 NUMA Support: Disabled
 Compressed Oops: Enabled (32-bit)
 Heap Region Size: 1M
 Heap Min Capacity: 8M
 Heap Initial Capacity: 118M
 Heap Max Capacity: 1876M
 Pre-touch: Disabled
 Parallel Workers: 8
 Concurrent Workers: 2
 Concurrent Refinement Workers: 8
 Periodic GC: Disabled

Heap:
 garbage-first heap   total 51200K, used 25727K [0x000000008ac00000, 0x0000000100000000)
  region size 1024K, 5 young (5120K), 3 survivors (3072K)
 Metaspace       used 57227K, committed 57920K, reserved 1114112K
  class space    used 7674K, committed 8000K, reserved 1048576K

Heap Regions: E=young(eden), S=young(survivor), O=old, HS=humongous(starts), HC=humongous(continues), CS=collection set, F=free, TAMS=top-at-mark-start, PB=parsable bottom
|   0|0x000000008ac00000, 0x000000008ad00000, 0x000000008ad00000|100%|HS|  |TAMS 0x000000008ac00000| PB 0x000000008ac00000| Complete 
|   1|0x000000008ad00000, 0x000000008ae00000, 0x000000008ae00000|100%| O|  |TAMS 0x000000008ad00000| PB 0x000000008ad00000| Untracked 
|   2|0x000000008ae00000, 0x000000008af00000, 0x000000008af00000|100%| O|  |TAMS 0x000000008ae00000| PB 0x000000008ae00000| Untracked 
|   3|0x000000008af00000, 0x000000008b000000, 0x000000008b000000|100%| O|  |TAMS 0x000000008af00000| PB 0x000000008af00000| Untracked 
|   4|0x000000008b000000, 0x000000008b100000, 0x000000008b100000|100%| O|  |TAMS 0x000000008b000000| PB 0x000000008b000000| Untracked 
|   5|0x000000008b100000, 0x000000008b200000, 0x000000008b200000|100%| O|  |TAMS 0x000000008b100000| PB 0x000000008b100000| Untracked 
|   6|0x000000008b200000, 0x000000008b300000, 0x000000008b300000|100%| O|  |TAMS 0x000000008b200000| PB 0x000000008b200000| Untracked 
|   7|0x000000008b300000, 0x000000008b400000, 0x000000008b400000|100%| O|  |TAMS 0x000000008b300000| PB 0x000000008b300000| Untracked 
|   8|0x000000008b400000, 0x000000008b500000, 0x000000008b500000|100%| O|  |TAMS 0x000000008b400000| PB 0x000000008b400000| Untracked 
|   9|0x000000008b500000, 0x000000008b600000, 0x000000008b600000|100%| O|  |TAMS 0x000000008b500000| PB 0x000000008b500000| Untracked 
|  10|0x000000008b600000, 0x000000008b700000, 0x000000008b700000|100%| O|  |TAMS 0x000000008b600000| PB 0x000000008b600000| Untracked 
|  11|0x000000008b700000, 0x000000008b800000, 0x000000008b800000|100%| O|  |TAMS 0x000000008b700000| PB 0x000000008b700000| Untracked 
|  12|0x000000008b800000, 0x000000008b900000, 0x000000008b900000|100%| O|  |TAMS 0x000000008b800000| PB 0x000000008b800000| Untracked 
|  13|0x000000008b900000, 0x000000008ba00000, 0x000000008ba00000|100%| O|  |TAMS 0x000000008b900000| PB 0x000000008b900000| Untracked 
|  14|0x000000008ba00000, 0x000000008bb00000, 0x000000008bb00000|100%| O|  |TAMS 0x000000008ba00000| PB 0x000000008ba00000| Untracked 
|  15|0x000000008bb00000, 0x000000008bc00000, 0x000000008bc00000|100%| O|  |TAMS 0x000000008bb00000| PB 0x000000008bb00000| Untracked 
|  16|0x000000008bc00000, 0x000000008bd00000, 0x000000008bd00000|100%| O|  |TAMS 0x000000008bc00000| PB 0x000000008bc00000| Untracked 
|  17|0x000000008bd00000, 0x000000008be00000, 0x000000008be00000|100%| O|  |TAMS 0x000000008bd00000| PB 0x000000008bd00000| Untracked 
|  18|0x000000008be00000, 0x000000008bf00000, 0x000000008bf00000|100%| O|  |TAMS 0x000000008be00000| PB 0x000000008be00000| Untracked 
|  19|0x000000008bf00000, 0x000000008c000000, 0x000000008c000000|100%| O|  |TAMS 0x000000008bf00000| PB 0x000000008bf00000| Untracked 
|  20|0x000000008c000000, 0x000000008c100000, 0x000000008c100000|100%| O|  |TAMS 0x000000008c000000| PB 0x000000008c000000| Untracked 
|  21|0x000000008c100000, 0x000000008c147ed8, 0x000000008c200000| 28%| O|  |TAMS 0x000000008c100000| PB 0x000000008c100000| Untracked 
|  22|0x000000008c200000, 0x000000008c200000, 0x000000008c300000|  0%| F|  |TAMS 0x000000008c200000| PB 0x000000008c200000| Untracked 
|  23|0x000000008c300000, 0x000000008c300000, 0x000000008c400000|  0%| F|  |TAMS 0x000000008c300000| PB 0x000000008c300000| Untracked 
|  24|0x000000008c400000, 0x000000008c400000, 0x000000008c500000|  0%| F|  |TAMS 0x000000008c400000| PB 0x000000008c400000| Untracked 
|  25|0x000000008c500000, 0x000000008c5d8100, 0x000000008c600000| 84%| S|CS|TAMS 0x000000008c500000| PB 0x000000008c500000| Complete 
|  26|0x000000008c600000, 0x000000008c700000, 0x000000008c700000|100%| S|CS|TAMS 0x000000008c600000| PB 0x000000008c600000| Complete 
|  27|0x000000008c700000, 0x000000008c800000, 0x000000008c800000|100%| S|CS|TAMS 0x000000008c700000| PB 0x000000008c700000| Complete 
|  28|0x000000008c800000, 0x000000008c800000, 0x000000008c900000|  0%| F|  |TAMS 0x000000008c800000| PB 0x000000008c800000| Untracked 
|  29|0x000000008c900000, 0x000000008c900000, 0x000000008ca00000|  0%| F|  |TAMS 0x000000008c900000| PB 0x000000008c900000| Untracked 
|  30|0x000000008ca00000, 0x000000008ca00000, 0x000000008cb00000|  0%| F|  |TAMS 0x000000008ca00000| PB 0x000000008ca00000| Untracked 
|  31|0x000000008cb00000, 0x000000008cb00000, 0x000000008cc00000|  0%| F|  |TAMS 0x000000008cb00000| PB 0x000000008cb00000| Untracked 
|  32|0x000000008cc00000, 0x000000008cc00000, 0x000000008cd00000|  0%| F|  |TAMS 0x000000008cc00000| PB 0x000000008cc00000| Untracked 
|  33|0x000000008cd00000, 0x000000008cd00000, 0x000000008ce00000|  0%| F|  |TAMS 0x000000008cd00000| PB 0x000000008cd00000| Untracked 
|  34|0x000000008ce00000, 0x000000008ce00000, 0x000000008cf00000|  0%| F|  |TAMS 0x000000008ce00000| PB 0x000000008ce00000| Untracked 
|  35|0x000000008cf00000, 0x000000008cf00000, 0x000000008d000000|  0%| F|  |TAMS 0x000000008cf00000| PB 0x000000008cf00000| Untracked 
|  36|0x000000008d000000, 0x000000008d000000, 0x000000008d100000|  0%| F|  |TAMS 0x000000008d000000| PB 0x000000008d000000| Untracked 
|  37|0x000000008d100000, 0x000000008d100000, 0x000000008d200000|  0%| F|  |TAMS 0x000000008d100000| PB 0x000000008d100000| Untracked 
|  38|0x000000008d200000, 0x000000008d200000, 0x000000008d300000|  0%| F|  |TAMS 0x000000008d200000| PB 0x000000008d200000| Untracked 
|  39|0x000000008d300000, 0x000000008d300000, 0x000000008d400000|  0%| F|  |TAMS 0x000000008d300000| PB 0x000000008d300000| Untracked 
|  40|0x000000008d400000, 0x000000008d400000, 0x000000008d500000|  0%| F|  |TAMS 0x000000008d400000| PB 0x000000008d400000| Untracked 
|  41|0x000000008d500000, 0x000000008d500000, 0x000000008d600000|  0%| F|  |TAMS 0x000000008d500000| PB 0x000000008d500000| Untracked 
|  62|0x000000008ea00000, 0x000000008ea00000, 0x000000008eb00000|  0%| F|  |TAMS 0x000000008ea00000| PB 0x000000008ea00000| Untracked 
|  63|0x000000008eb00000, 0x000000008eb00000, 0x000000008ec00000|  0%| F|  |TAMS 0x000000008eb00000| PB 0x000000008eb00000| Untracked 
|  64|0x000000008ec00000, 0x000000008ec00000, 0x000000008ed00000|  0%| F|  |TAMS 0x000000008ec00000| PB 0x000000008ec00000| Untracked 
|  65|0x000000008ed00000, 0x000000008ed00000, 0x000000008ee00000|  0%| F|  |TAMS 0x000000008ed00000| PB 0x000000008ed00000| Untracked 
|  66|0x000000008ee00000, 0x000000008ee00000, 0x000000008ef00000|  0%| F|  |TAMS 0x000000008ee00000| PB 0x000000008ee00000| Untracked 
|  67|0x000000008ef00000, 0x000000008ef00000, 0x000000008f000000|  0%| F|  |TAMS 0x000000008ef00000| PB 0x000000008ef00000| Untracked 
|  68|0x000000008f000000, 0x000000008f067948, 0x000000008f100000| 40%| E|  |TAMS 0x000000008f000000| PB 0x000000008f000000| Complete 
| 117|0x0000000092100000, 0x0000000092200000, 0x0000000092200000|100%| E|CS|TAMS 0x0000000092100000| PB 0x0000000092100000| Complete 

Card table byte_map: [0x000001e01f100000,0x000001e01f4b0000] _byte_map_base: 0x000001e01ecaa000

Marking Bits: (CMBitMap*) 0x000001e00762a8e0
 Bits: [0x000001e01f4b0000, 0x000001e021200000)

Polling page: 0x000001e005490000

Metaspace:

Usage:
  Non-class:     48.41 MB used.
      Class:      7.50 MB used.
       Both:     55.91 MB used.

Virtual space:
  Non-class space:       64.00 MB reserved,      48.75 MB ( 76%) committed,  1 nodes.
      Class space:        1.00 GB reserved,       7.81 MB ( <1%) committed,  1 nodes.
             Both:        1.06 GB reserved,      56.56 MB (  5%) committed. 

Chunk freelists:
   Non-Class:  14.83 MB
       Class:  8.03 MB
        Both:  22.86 MB

MaxMetaspaceSize: unlimited
CompressedClassSpaceSize: 1.00 GB
Initial GC threshold: 21.00 MB
Current GC threshold: 58.88 MB
CDS: on
 - commit_granule_bytes: 65536.
 - commit_granule_words: 8192.
 - virtual_space_node_default_size: 8388608.
 - enlarge_chunks_in_place: 1.
 - use_allocation_guard: 0.


Internal statistics:

num_allocs_failed_limit: 6.
num_arena_births: 872.
num_arena_deaths: 0.
num_vsnodes_births: 2.
num_vsnodes_deaths: 0.
num_space_committed: 905.
num_space_uncommitted: 0.
num_chunks_returned_to_freelist: 6.
num_chunks_taken_from_freelist: 2961.
num_chunk_merges: 6.
num_chunk_splits: 2099.
num_chunks_enlarged: 1613.
num_inconsistent_stats: 0.

CodeHeap 'non-profiled nmethods': size=120000Kb used=3519Kb max_used=3519Kb free=116480Kb
 bounds [0x000001e0174f0000, 0x000001e017860000, 0x000001e01ea20000]
CodeHeap 'profiled nmethods': size=120000Kb used=10641Kb max_used=10641Kb free=109358Kb
 bounds [0x000001e00fa20000, 0x000001e010490000, 0x000001e016f50000]
CodeHeap 'non-nmethods': size=5760Kb used=1650Kb max_used=1665Kb free=4109Kb
 bounds [0x000001e016f50000, 0x000001e0171c0000, 0x000001e0174f0000]
 total_blobs=6164 nmethods=5473 adapters=595
 compilation: enabled
              stopped_count=0, restarted_count=0
 full_count=0

Compilation events (20 events):
Event: 7.118 Thread 0x000001e023c40dd0 5919       3       sun.reflect.generics.reflectiveObjects.WildcardTypeImpl::getLowerBounds (34 bytes)
Event: 7.119 Thread 0x000001e023c40dd0 nmethod 5919 0x000001e01047c490 code [0x000001e01047c680, 0x000001e01047cce8]
Event: 7.119 Thread 0x000001e023c40dd0 5921       3       org.springframework.core.ResolvableType::<init> (39 bytes)
Event: 7.119 Thread 0x000001e023c40dd0 nmethod 5921 0x000001e01047ce10 code [0x000001e01047cfe0, 0x000001e01047d380]
Event: 7.122 Thread 0x000001e023c40dd0 5923       3       java.util.concurrent.ConcurrentLinkedDeque::linkFirst (114 bytes)
Event: 7.124 Thread 0x000001e023c40dd0 nmethod 5923 0x000001e01047d490 code [0x000001e01047d940, 0x000001e01047fd58]
Event: 7.124 Thread 0x000001e023c40dd0 5924       3       java.util.concurrent.ConcurrentLinkedDeque::newNode (18 bytes)
Event: 7.124 Thread 0x000001e023c40dd0 nmethod 5924 0x000001e010480990 code [0x000001e010480be0, 0x000001e010481460]
Event: 7.130 Thread 0x000001e023c40dd0 5925       3       java.lang.invoke.MethodHandles$Lookup::unreflectConstructor (55 bytes)
Event: 7.130 Thread 0x000001e023c40dd0 nmethod 5925 0x000001e010481790 code [0x000001e010481960, 0x000001e010481c90]
Event: 7.130 Thread 0x000001e023c40dd0 5926       3       jdk.internal.reflect.MethodHandleAccessorFactory::specializedMethodTypeForConstructor (66 bytes)
Event: 7.131 Thread 0x000001e023c40dd0 nmethod 5926 0x000001e010481e10 code [0x000001e010482040, 0x000001e010482520]
Event: 7.135 Thread 0x000001e023c40dd0 5927       3       java.util.stream.ForEachOps$ForEachOp::<init> (10 bytes)
Event: 7.135 Thread 0x000001e023c40dd0 nmethod 5927 0x000001e010482690 code [0x000001e010482840, 0x000001e0104829b0]
Event: 7.135 Thread 0x000001e023c40dd0 5928       3       java.util.stream.ForEachOps$ForEachOp::getOpFlags (15 bytes)
Event: 7.135 Thread 0x000001e023c40dd0 nmethod 5928 0x000001e010482a90 code [0x000001e010482c40, 0x000001e010482dc8]
Event: 7.139 Thread 0x000001e023c40dd0 5929       3       org.springframework.core.convert.support.GenericConversionService$ConverterAdapter::<init> (41 bytes)
Event: 7.140 Thread 0x000001e023c40dd0 nmethod 5929 0x000001e010482e90 code [0x000001e0104830e0, 0x000001e010483ca8]
Event: 7.140 Thread 0x000001e023c40dd0 5930       3       org.springframework.core.convert.support.GenericConversionService$ConverterAdapter::getConvertibleTypes (8 bytes)
Event: 7.140 Thread 0x000001e023c40dd0 nmethod 5930 0x000001e010484090 code [0x000001e010484260, 0x000001e010484600]

GC Heap History (20 events):
Event: 0.951 GC heap after
{Heap after GC invocations=1 (full 0):
 garbage-first heap   total 120832K, used 6527K [0x000000008ac00000, 0x0000000100000000)
  region size 1024K, 3 young (3072K), 3 survivors (3072K)
 Metaspace       used 5837K, committed 6080K, reserved 1114112K
  class space    used 659K, committed 768K, reserved 1048576K
}
Event: 1.649 GC heap before
{Heap before GC invocations=1 (full 0):
 garbage-first heap   total 120832K, used 36223K [0x000000008ac00000, 0x0000000100000000)
  region size 1024K, 33 young (33792K), 3 survivors (3072K)
 Metaspace       used 14182K, committed 14464K, reserved 1114112K
  class space    used 1673K, committed 1792K, reserved 1048576K
}
Event: 1.654 GC heap after
{Heap after GC invocations=2 (full 0):
 garbage-first heap   total 120832K, used 9792K [0x000000008ac00000, 0x0000000100000000)
  region size 1024K, 4 young (4096K), 4 survivors (4096K)
 Metaspace       used 14182K, committed 14464K, reserved 1114112K
  class space    used 1673K, committed 1792K, reserved 1048576K
}
Event: 2.735 GC heap before
{Heap before GC invocations=2 (full 0):
 garbage-first heap   total 120832K, used 53824K [0x000000008ac00000, 0x0000000100000000)
  region size 1024K, 49 young (50176K), 4 survivors (4096K)
 Metaspace       used 21242K, committed 21504K, reserved 1114112K
  class space    used 2557K, committed 2688K, reserved 1048576K
}
Event: 2.740 GC heap after
{Heap after GC invocations=3 (full 0):
 garbage-first heap   total 120832K, used 13808K [0x000000008ac00000, 0x0000000100000000)
  region size 1024K, 7 young (7168K), 7 survivors (7168K)
 Metaspace       used 21242K, committed 21504K, reserved 1114112K
  class space    used 2557K, committed 2688K, reserved 1048576K
}
Event: 3.461 GC heap before
{Heap before GC invocations=4 (full 0):
 garbage-first heap   total 51200K, used 37360K [0x000000008ac00000, 0x0000000100000000)
  region size 1024K, 30 young (30720K), 7 survivors (7168K)
 Metaspace       used 24662K, committed 25088K, reserved 1114112K
  class space    used 3046K, committed 3200K, reserved 1048576K
}
Event: 3.467 GC heap after
{Heap after GC invocations=5 (full 0):
 garbage-first heap   total 51200K, used 15728K [0x000000008ac00000, 0x0000000100000000)
  region size 1024K, 3 young (3072K), 3 survivors (3072K)
 Metaspace       used 24662K, committed 25088K, reserved 1114112K
  class space    used 3046K, committed 3200K, reserved 1048576K
}
Event: 4.051 GC heap before
{Heap before GC invocations=5 (full 0):
 garbage-first heap   total 51200K, used 38256K [0x000000008ac00000, 0x0000000100000000)
  region size 1024K, 25 young (25600K), 3 survivors (3072K)
 Metaspace       used 28884K, committed 29440K, reserved 1114112K
  class space    used 3597K, committed 3840K, reserved 1048576K
}
Event: 4.056 GC heap after
{Heap after GC invocations=6 (full 0):
 garbage-first heap   total 51200K, used 17605K [0x000000008ac00000, 0x0000000100000000)
  region size 1024K, 3 young (3072K), 3 survivors (3072K)
 Metaspace       used 28884K, committed 29440K, reserved 1114112K
  class space    used 3597K, committed 3840K, reserved 1048576K
}
Event: 4.667 GC heap before
{Heap before GC invocations=6 (full 0):
 garbage-first heap   total 51200K, used 41157K [0x000000008ac00000, 0x0000000100000000)
  region size 1024K, 26 young (26624K), 3 survivors (3072K)
 Metaspace       used 33708K, committed 34304K, reserved 1114112K
  class space    used 4300K, committed 4544K, reserved 1048576K
}
Event: 4.671 GC heap after
{Heap after GC invocations=7 (full 0):
 garbage-first heap   total 51200K, used 18868K [0x000000008ac00000, 0x0000000100000000)
  region size 1024K, 4 young (4096K), 4 survivors (4096K)
 Metaspace       used 33708K, committed 34304K, reserved 1114112K
  class space    used 4300K, committed 4544K, reserved 1048576K
}
Event: 4.806 GC heap before
{Heap before GC invocations=7 (full 0):
 garbage-first heap   total 51200K, used 25012K [0x000000008ac00000, 0x0000000100000000)
  region size 1024K, 12 young (12288K), 4 survivors (4096K)
 Metaspace       used 35439K, committed 35968K, reserved 1114112K
  class space    used 4592K, committed 4864K, reserved 1048576K
}
Event: 4.809 GC heap after
{Heap after GC invocations=8 (full 0):
 garbage-first heap   total 51200K, used 19252K [0x000000008ac00000, 0x0000000100000000)
  region size 1024K, 2 young (2048K), 2 survivors (2048K)
 Metaspace       used 35439K, committed 35968K, reserved 1114112K
  class space    used 4592K, committed 4864K, reserved 1048576K
}
Event: 5.583 GC heap before
{Heap before GC invocations=9 (full 0):
 garbage-first heap   total 51200K, used 43828K [0x000000008ac00000, 0x0000000100000000)
  region size 1024K, 26 young (26624K), 2 survivors (2048K)
 Metaspace       used 42165K, committed 42752K, reserved 1114112K
  class space    used 5529K, committed 5760K, reserved 1048576K
}
Event: 5.586 GC heap after
{Heap after GC invocations=10 (full 0):
 garbage-first heap   total 51200K, used 21120K [0x000000008ac00000, 0x0000000100000000)
  region size 1024K, 4 young (4096K), 4 survivors (4096K)
 Metaspace       used 42165K, committed 42752K, reserved 1114112K
  class space    used 5529K, committed 5760K, reserved 1048576K
}
Event: 6.076 GC heap before
{Heap before GC invocations=10 (full 0):
 garbage-first heap   total 51200K, used 42624K [0x000000008ac00000, 0x0000000100000000)
  region size 1024K, 26 young (26624K), 4 survivors (4096K)
 Metaspace       used 47834K, committed 48384K, reserved 1114112K
  class space    used 6331K, committed 6592K, reserved 1048576K
}
Event: 6.079 GC heap after
{Heap after GC invocations=11 (full 0):
 garbage-first heap   total 51200K, used 22028K [0x000000008ac00000, 0x0000000100000000)
  region size 1024K, 4 young (4096K), 4 survivors (4096K)
 Metaspace       used 47834K, committed 48384K, reserved 1114112K
  class space    used 6331K, committed 6592K, reserved 1048576K
}
Event: 6.502 GC heap before
{Heap before GC invocations=11 (full 0):
 garbage-first heap   total 51200K, used 43532K [0x000000008ac00000, 0x0000000100000000)
  region size 1024K, 25 young (25600K), 4 survivors (4096K)
 Metaspace       used 52088K, committed 52736K, reserved 1114112K
  class space    used 6983K, committed 7296K, reserved 1048576K
}
Event: 6.504 GC heap after
{Heap after GC invocations=12 (full 0):
 garbage-first heap   total 51200K, used 22668K [0x000000008ac00000, 0x0000000100000000)
  region size 1024K, 3 young (3072K), 3 survivors (3072K)
 Metaspace       used 52088K, committed 52736K, reserved 1114112K
  class space    used 6983K, committed 7296K, reserved 1048576K
}
Event: 7.144 GC heap before
{Heap before GC invocations=12 (full 0):
 garbage-first heap   total 51200K, used 44172K [0x000000008ac00000, 0x0000000100000000)
  region size 1024K, 24 young (24576K), 3 survivors (3072K)
 Metaspace       used 56746K, committed 57408K, reserved 1114112K
  class space    used 7645K, committed 7936K, reserved 1048576K
}

Dll operation events (14 events):
Event: 0.013 Loaded shared library C:\Users\HP 14S-FQ1001NU\.jdks\openjdk-21.0.2\bin\java.dll
Event: 0.052 Loaded shared library C:\Users\HP 14S-FQ1001NU\.jdks\openjdk-21.0.2\bin\jsvml.dll
Event: 0.147 Loaded shared library C:\Users\HP 14S-FQ1001NU\.jdks\openjdk-21.0.2\bin\zip.dll
Event: 0.151 Loaded shared library C:\Users\HP 14S-FQ1001NU\.jdks\openjdk-21.0.2\bin\instrument.dll
Event: 0.158 Loaded shared library C:\Users\HP 14S-FQ1001NU\.jdks\openjdk-21.0.2\bin\net.dll
Event: 0.160 Loaded shared library C:\Users\HP 14S-FQ1001NU\.jdks\openjdk-21.0.2\bin\nio.dll
Event: 0.163 Loaded shared library C:\Users\HP 14S-FQ1001NU\.jdks\openjdk-21.0.2\bin\zip.dll
Event: 0.263 Loaded shared library C:\Program Files\JetBrains\IntelliJ IDEA Community Edition 2023.3.4\bin\breakgen64.dll
Event: 0.277 Loaded shared library C:\Users\HP 14S-FQ1001NU\.jdks\openjdk-21.0.2\bin\extnet.dll
Event: 0.328 Loaded shared library C:\Users\HP 14S-FQ1001NU\.jdks\openjdk-21.0.2\bin\jimage.dll
Event: 0.767 Loaded shared library C:\Users\HP 14S-FQ1001NU\.jdks\openjdk-21.0.2\bin\management.dll
Event: 0.770 Loaded shared library C:\Users\HP 14S-FQ1001NU\.jdks\openjdk-21.0.2\bin\management_ext.dll
Event: 1.811 Loaded shared library C:\Users\HP 14S-FQ1001NU\.jdks\openjdk-21.0.2\bin\sunmscapi.dll
Event: 4.687 Loaded shared library C:\Users\HP 14S-FQ1001NU\.jdks\openjdk-21.0.2\bin\verify.dll

Deoptimization events (20 events):
Event: 7.044 Thread 0x000001e06a11cc90 Uncommon trap: trap_request=0xffffff45 fr.pc=0x000001e0177a4e88 relative=0x00000000000001e8
Event: 7.044 Thread 0x000001e06a11cc90 Uncommon trap: reason=unstable_if action=reinterpret pc=0x000001e0177a4e88 method=java.util.ArrayDeque.addLast(Ljava/lang/Object;)V @ 42 c2
Event: 7.044 Thread 0x000001e06a11cc90 DEOPT PACKING pc=0x000001e0177a4e88 sp=0x0000007ba93fc3d0
Event: 7.044 Thread 0x000001e06a11cc90 DEOPT UNPACKING pc=0x000001e016fa46a2 sp=0x0000007ba93fc328 mode 2
Event: 7.044 Thread 0x000001e06a11cc90 Uncommon trap: trap_request=0xffffff45 fr.pc=0x000001e017819b48 relative=0x00000000000003e8
Event: 7.044 Thread 0x000001e06a11cc90 Uncommon trap: reason=unstable_if action=reinterpret pc=0x000001e017819b48 method=jdk.internal.reflect.DirectMethodHandleAccessor.checkArgumentCount(I[Ljava/lang/Object;)V @ 1 c2
Event: 7.044 Thread 0x000001e06a11cc90 DEOPT PACKING pc=0x000001e017819b48 sp=0x0000007ba93fbdc0
Event: 7.044 Thread 0x000001e06a11cc90 DEOPT UNPACKING pc=0x000001e016fa46a2 sp=0x0000007ba93fbcf0 mode 2
Event: 7.045 Thread 0x000001e06a11cc90 Uncommon trap: trap_request=0xffffff45 fr.pc=0x000001e017818e08 relative=0x0000000000000068
Event: 7.045 Thread 0x000001e06a11cc90 Uncommon trap: reason=unstable_if action=reinterpret pc=0x000001e017818e08 method=jdk.internal.reflect.DirectMethodHandleAccessor.checkArgumentCount(I[Ljava/lang/Object;)V @ 1 c2
Event: 7.045 Thread 0x000001e06a11cc90 DEOPT PACKING pc=0x000001e017818e08 sp=0x0000007ba93fbcd0
Event: 7.045 Thread 0x000001e06a11cc90 DEOPT UNPACKING pc=0x000001e016fa46a2 sp=0x0000007ba93fbc68 mode 2
Event: 7.074 Thread 0x000001e06a11cc90 Uncommon trap: trap_request=0xffffff45 fr.pc=0x000001e01752e110 relative=0x0000000000000e70
Event: 7.074 Thread 0x000001e06a11cc90 Uncommon trap: reason=unstable_if action=reinterpret pc=0x000001e01752e110 method=java.util.concurrent.ConcurrentHashMap.putVal(Ljava/lang/Object;Ljava/lang/Object;Z)Ljava/lang/Object; @ 401 c2
Event: 7.074 Thread 0x000001e06a11cc90 DEOPT PACKING pc=0x000001e01752e110 sp=0x0000007ba93fbed0
Event: 7.074 Thread 0x000001e06a11cc90 DEOPT UNPACKING pc=0x000001e016fa46a2 sp=0x0000007ba93fbe50 mode 2
Event: 7.075 Thread 0x000001e06a11cc90 Uncommon trap: trap_request=0xffffff45 fr.pc=0x000001e01770dda0 relative=0x0000000000000260
Event: 7.075 Thread 0x000001e06a11cc90 Uncommon trap: reason=unstable_if action=reinterpret pc=0x000001e01770dda0 method=java.util.concurrent.ConcurrentHashMap.get(Ljava/lang/Object;)Ljava/lang/Object; @ 86 c2
Event: 7.075 Thread 0x000001e06a11cc90 DEOPT PACKING pc=0x000001e01770dda0 sp=0x0000007ba93fbf60
Event: 7.075 Thread 0x000001e06a11cc90 DEOPT UNPACKING pc=0x000001e016fa46a2 sp=0x0000007ba93fbec8 mode 2

Classes loaded (20 events):
Event: 6.240 Loading class java/util/AbstractList$SubList
Event: 6.240 Loading class java/util/AbstractList$SubList done
Event: 6.251 Loading class java/lang/reflect/AnnotatedArrayType
Event: 6.251 Loading class java/lang/reflect/AnnotatedArrayType done
Event: 6.284 Loading class java/lang/foreign/ValueLayout
Event: 6.284 Loading class java/lang/foreign/MemoryLayout
Event: 6.284 Loading class java/lang/foreign/MemoryLayout done
Event: 6.284 Loading class java/lang/foreign/ValueLayout done
Event: 6.336 Loading class java/lang/reflect/AnnotatedParameterizedType
Event: 6.336 Loading class java/lang/reflect/AnnotatedParameterizedType done
Event: 7.007 Loading class javax/naming/Reference
Event: 7.007 Loading class javax/naming/Reference done
Event: 7.036 Loading class java/lang/SafeVarargs
Event: 7.036 Loading class java/lang/SafeVarargs done
Event: 7.037 Loading class sun/reflect/generics/reflectiveObjects/GenericArrayTypeImpl
Event: 7.037 Loading class sun/reflect/generics/reflectiveObjects/GenericArrayTypeImpl done
Event: 7.074 Loading class java/util/concurrent/ConcurrentHashMap$TreeNode
Event: 7.074 Loading class java/util/concurrent/ConcurrentHashMap$TreeNode done
Event: 7.074 Loading class java/util/concurrent/ConcurrentHashMap$TreeBin
Event: 7.074 Loading class java/util/concurrent/ConcurrentHashMap$TreeBin done

Classes unloaded (0 events):
No events

Classes redefined (0 events):
No events

Internal exceptions (20 events):
Event: 6.586 Thread 0x000001e06a11cc90 Exception <a 'java/lang/NoSuchMethodError'{0x000000008efef418}: 'void java.lang.invoke.DirectMethodHandle$Holder.invokeSpecial(java.lang.Object, java.lang.Object, int, java.lang.Object)'> (0x000000008efef418) 
thrown [s\open\src\hotspot\share\interpreter\linkResolver.cpp, line 773]
Event: 6.586 Thread 0x000001e06a11cc90 Exception <a 'java/lang/NoSuchMethodError'{0x000000008eff5740}: 'java.lang.Object java.lang.invoke.DirectMethodHandle$Holder.newInvokeSpecial(java.lang.Object, java.lang.Object, int)'> (0x000000008eff5740) 
thrown [s\open\src\hotspot\share\interpreter\linkResolver.cpp, line 773]
Event: 6.611 Thread 0x000001e06a11cc90 Exception <a 'java/lang/NoSuchMethodError'{0x000000008ed4bfa0}: 'int java.lang.invoke.DirectMethodHandle$Holder.invokeStatic(java.lang.Object, int, java.lang.Object)'> (0x000000008ed4bfa0) 
thrown [s\open\src\hotspot\share\interpreter\linkResolver.cpp, line 773]
Event: 6.613 Thread 0x000001e06a11cc90 Exception <a 'java/lang/NoSuchMethodError'{0x000000008ed66ea8}: 'java.lang.Object java.lang.invoke.DirectMethodHandle$Holder.newInvokeSpecial(java.lang.Object, java.lang.Object, java.lang.Object, java.lang.Object, java.lang.Object, int, java.lang.Object)'> (0x000000008ed66ea8) 
thrown [s\open\src\hotspot\share\interpreter\linkResolver.cpp, line 773]
Event: 6.617 Thread 0x000001e06a11cc90 Exception <a 'java/lang/NoSuchMethodError'{0x000000008eda66e0}: 'java.lang.Object java.lang.invoke.DirectMethodHandle$Holder.newInvokeSpecial(java.lang.Object, java.lang.Object, java.lang.Object, java.lang.Object, java.lang.Object, java.lang.Object, java.lang.Object, java.lang.Object, java.lang.Object, java.lang.Object, java.lang.Object, java.lang.Object)'> (0x000000008eda66e0) 
thrown [s\open\src\hotspot\share\interpreter\linkResolver.cpp, line 773]
Event: 6.617 Thread 0x000001e06a11cc90 Exception <a 'java/lang/NoSuchMethodError'{0x000000008edaaf78}: 'java.lang.Object java.lang.invoke.DirectMethodHandle$Holder.invokeSpecial(java.lang.Object, java.lang.Object, java.lang.Object, java.lang.Object, java.lang.Object, java.lang.Object, java.lang.Object, java.lang.Object, java.lang.Object, java.lang.Object, java.lang.Object, java.lang.Object, java.lang.Object)'> (0x000000008edaaf78) 
thrown [s\open\src\hotspot\share\interpreter\linkResolver.cpp, line 773]
Event: 6.617 Thread 0x000001e06a11cc90 Exception <a 'java/lang/NoSuchMethodError'{0x000000008edaf450}: 'java.lang.Object java.lang.invoke.Invokers$Holder.linkToTargetMethod(java.lang.Object, java.lang.Object, java.lang.Object, java.lang.Object, java.lang.Object, java.lang.Object, java.lang.Object, java.lang.Object, java.lang.Object, java.lang.Object, java.lang.Object, java.lang.Object)'> (0x000000008edaf450) 
thrown [s\open\src\hotspot\share\interpreter\linkResolver.cpp, line 773]
Event: 6.656 Thread 0x000001e06a11cc90 Exception <a 'java/lang/NoSuchMethodError'{0x000000008ebd4c68}: 'java.lang.Object java.lang.invoke.DirectMethodHandle$Holder.newInvokeSpecial(java.lang.Object, java.lang.Object, int, java.lang.Object, int, java.lang.Object, java.lang.Object)'> (0x000000008ebd4c68) 
thrown [s\open\src\hotspot\share\interpreter\linkResolver.cpp, line 773]
Event: 6.670 Thread 0x000001e06a11cc90 Exception <a 'java/lang/NoSuchMethodError'{0x000000008ea7df48}: 'java.lang.Object java.lang.invoke.DirectMethodHandle$Holder.newInvokeSpecial(java.lang.Object, java.lang.Object, java.lang.Object, java.lang.Object, java.lang.Object, java.lang.Object, java.lang.Object, int)'> (0x000000008ea7df48) 
thrown [s\open\src\hotspot\share\interpreter\linkResolver.cpp, line 773]
Event: 6.670 Thread 0x000001e06a11cc90 Exception <a 'java/lang/NoSuchMethodError'{0x000000008ea824a8}: 'java.lang.Object java.lang.invoke.DirectMethodHandle$Holder.invokeSpecial(java.lang.Object, java.lang.Object, java.lang.Object, java.lang.Object, java.lang.Object, java.lang.Object, java.lang.Object, java.lang.Object, int)'> (0x000000008ea824a8) 
thrown [s\open\src\hotspot\share\interpreter\linkResolver.cpp, line 773]
Event: 6.671 Thread 0x000001e06a11cc90 Exception <a 'java/lang/NoSuchMethodError'{0x000000008ea864c0}: 'java.lang.Object java.lang.invoke.Invokers$Holder.linkToTargetMethod(java.lang.Object, java.lang.Object, java.lang.Object, java.lang.Object, java.lang.Object, java.lang.Object, int, java.lang.Object)'> (0x000000008ea864c0) 
thrown [s\open\src\hotspot\share\interpreter\linkResolver.cpp, line 773]
Event: 6.691 Thread 0x000001e06a11cc90 Exception <a 'java/lang/NoSuchMethodError'{0x000000008d5500c0}: 'void java.lang.invoke.DirectMethodHandle$Holder.invokeInterface(java.lang.Object, java.lang.Object)'> (0x000000008d5500c0) 
thrown [s\open\src\hotspot\share\interpreter\linkResolver.cpp, line 773]
Event: 6.877 Thread 0x000001e06a11cc90 Exception <a 'java/lang/NoSuchMethodError'{0x000000008d0211f0}: 'java.lang.Object java.lang.invoke.DirectMethodHandle$Holder.invokeSpecial(java.lang.Object, java.lang.Object, int, java.lang.Object, int)'> (0x000000008d0211f0) 
thrown [s\open\src\hotspot\share\interpreter\linkResolver.cpp, line 773]
Event: 7.012 Thread 0x000001e06a11cc90 Exception <a 'java/lang/NoSuchMethodError'{0x000000008cfb7948}: 'void java.lang.invoke.Invokers$Holder.invokeExact_MT(java.lang.Object, java.lang.Object, java.lang.Object, java.lang.Object)'> (0x000000008cfb7948) 
thrown [s\open\src\hotspot\share\interpreter\linkResolver.cpp, line 773]
Event: 7.032 Thread 0x000001e06a11cc90 Implicit null exception at 0x000001e017780377 to 0x000001e0177805e8
Event: 7.044 Thread 0x000001e06a11cc90 Implicit null exception at 0x000001e0178197f1 to 0x000001e017819b24
Event: 7.045 Thread 0x000001e06a11cc90 Implicit null exception at 0x000001e017818dba to 0x000001e017818df4
Event: 7.074 Thread 0x000001e06a11cc90 Exception <a 'java/lang/IncompatibleClassChangeError'{0x000000008cbb3c18}: Found class java.lang.Object, but interface was expected> (0x000000008cbb3c18) 
thrown [s\open\src\hotspot\share\interpreter\linkResolver.cpp, line 840]
Event: 7.084 Thread 0x000001e06a11cc90 Exception <a 'java/lang/IncompatibleClassChangeError'{0x000000008ca2ba70}: Found class java.lang.Object, but interface was expected> (0x000000008ca2ba70) 
thrown [s\open\src\hotspot\share\interpreter\linkResolver.cpp, line 840]
Event: 7.130 Thread 0x000001e06a11cc90 Exception <a 'java/lang/IncompatibleClassChangeError'{0x000000008c99be90}: Found class java.lang.Object, but interface was expected> (0x000000008c99be90) 
thrown [s\open\src\hotspot\share\interpreter\linkResolver.cpp, line 840]

ZGC Phase Switch (0 events):
No events

VM Operations (20 events):
Event: 5.075 Executing VM operation: HandshakeAllThreads (Deoptimize) done
Event: 5.583 Executing VM operation: G1CollectForAllocation (G1 Evacuation Pause)
Event: 5.586 Executing VM operation: G1CollectForAllocation (G1 Evacuation Pause) done
Event: 6.076 Executing VM operation: G1CollectForAllocation (G1 Evacuation Pause)
Event: 6.079 Executing VM operation: G1CollectForAllocation (G1 Evacuation Pause) done
Event: 6.160 Executing VM operation: HandshakeAllThreads (Deoptimize)
Event: 6.160 Executing VM operation: HandshakeAllThreads (Deoptimize) done
Event: 6.163 Executing VM operation: HandshakeAllThreads (Deoptimize)
Event: 6.163 Executing VM operation: HandshakeAllThreads (Deoptimize) done
Event: 6.277 Executing VM operation: HandshakeAllThreads (Deoptimize)
Event: 6.277 Executing VM operation: HandshakeAllThreads (Deoptimize) done
Event: 6.362 Executing VM operation: ICBufferFull
Event: 6.362 Executing VM operation: ICBufferFull done
Event: 6.436 Executing VM operation: ICBufferFull
Event: 6.436 Executing VM operation: ICBufferFull done
Event: 6.501 Executing VM operation: G1CollectForAllocation (G1 Evacuation Pause)
Event: 6.504 Executing VM operation: G1CollectForAllocation (G1 Evacuation Pause) done
Event: 6.779 Executing VM operation: HandshakeAllThreads (Deoptimize)
Event: 6.779 Executing VM operation: HandshakeAllThreads (Deoptimize) done
Event: 7.144 Executing VM operation: G1CollectForAllocation (G1 Evacuation Pause)

Events (20 events):
Event: 4.825 Thread 0x000001e023c02d60 flushing nmethod 0x000001e0174ff910
Event: 4.825 Thread 0x000001e023c02d60 flushing nmethod 0x000001e01751b010
Event: 4.825 Thread 0x000001e023c02d60 flushing nmethod 0x000001e01751ac10
Event: 4.825 Thread 0x000001e023c02d60 flushing nmethod 0x000001e01751a890
Event: 4.825 Thread 0x000001e023c02d60 flushing nmethod 0x000001e017517610
Event: 4.825 Thread 0x000001e023c02d60 flushing nmethod 0x000001e017505c90
Event: 4.825 Thread 0x000001e023c02d60 flushing nmethod 0x000001e017505190
Event: 4.825 Thread 0x000001e023c02d60 flushing nmethod 0x000001e017514410
Event: 4.825 Thread 0x000001e023c02d60 flushing nmethod 0x000001e017508b10
Event: 4.825 Thread 0x000001e023c02d60 flushing nmethod 0x000001e017507d90
Event: 4.825 Thread 0x000001e023c02d60 flushing nmethod 0x000001e01750cf10
Event: 4.825 Thread 0x000001e023c02d60 flushing nmethod 0x000001e0174f9910
Event: 4.825 Thread 0x000001e023c02d60 flushing nmethod 0x000001e0174f1490
Event: 5.068 Thread 0x000001e06a368cd0 Thread exited: 0x000001e06a368cd0
Event: 5.108 Thread 0x000001e06a368cd0 Thread added: 0x000001e06a368cd0
Event: 5.184 Thread 0x000001e06ad54120 Thread added: 0x000001e06ad54120
Event: 5.202 Thread 0x000001e06ad52d70 Thread added: 0x000001e06ad52d70
Event: 5.318 Thread 0x000001e06ad50ca0 Thread added: 0x000001e06ad50ca0
Event: 6.586 Thread 0x000001e06a368cd0 Thread exited: 0x000001e06a368cd0
Event: 7.044 Thread 0x000001e06c25cf10 Thread added: 0x000001e06c25cf10


Dynamic libraries:
0x00007ff695b70000 - 0x00007ff695b7e000 	C:\Users\HP 14S-FQ1001NU\.jdks\openjdk-21.0.2\bin\java.exe
0x00007ffe8af50000 - 0x00007ffe8b167000 	C:\WINDOWS\SYSTEM32\ntdll.dll
0x00007ffe8a170000 - 0x00007ffe8a234000 	C:\WINDOWS\System32\KERNEL32.DLL
0x00007ffe886a0000 - 0x00007ffe88a4d000 	C:\WINDOWS\System32\KERNELBASE.dll
0x00007ffe88b40000 - 0x00007ffe88c51000 	C:\WINDOWS\System32\ucrtbase.dll
0x00007ffe6fd50000 - 0x00007ffe6fd6b000 	C:\Users\HP 14S-FQ1001NU\.jdks\openjdk-21.0.2\bin\VCRUNTIME140.dll
0x00007ffe709b0000 - 0x00007ffe709c8000 	C:\Users\HP 14S-FQ1001NU\.jdks\openjdk-21.0.2\bin\jli.dll
0x00007ffe88d50000 - 0x00007ffe88efe000 	C:\WINDOWS\System32\USER32.dll
0x00007ffe88c60000 - 0x00007ffe88c86000 	C:\WINDOWS\System32\win32u.dll
0x00007ffe71540000 - 0x00007ffe717d3000 	C:\WINDOWS\WinSxS\amd64_microsoft.windows.common-controls_6595b64144ccf1df_6.0.22621.3672_none_2713b9d173822955\COMCTL32.dll
0x00007ffe89230000 - 0x00007ffe892d7000 	C:\WINDOWS\System32\msvcrt.dll
0x00007ffe8ac40000 - 0x00007ffe8ac69000 	C:\WINDOWS\System32\GDI32.dll
0x00007ffe88280000 - 0x00007ffe88399000 	C:\WINDOWS\System32\gdi32full.dll
0x00007ffe88590000 - 0x00007ffe8862a000 	C:\WINDOWS\System32\msvcp_win.dll
0x00007ffe8a930000 - 0x00007ffe8a961000 	C:\WINDOWS\System32\IMM32.DLL
0x00007ffe6fd40000 - 0x00007ffe6fd4c000 	C:\Users\HP 14S-FQ1001NU\.jdks\openjdk-21.0.2\bin\vcruntime140_1.dll
0x00007ffe57fa0000 - 0x00007ffe5802e000 	C:\Users\HP 14S-FQ1001NU\.jdks\openjdk-21.0.2\bin\msvcp140.dll
0x00007ffe311a0000 - 0x00007ffe31eb7000 	C:\Users\HP 14S-FQ1001NU\.jdks\openjdk-21.0.2\bin\server\jvm.dll
0x00007ffe88c90000 - 0x00007ffe88d42000 	C:\WINDOWS\System32\ADVAPI32.dll
0x00007ffe8a970000 - 0x00007ffe8aa19000 	C:\WINDOWS\System32\sechost.dll
0x00007ffe88b10000 - 0x00007ffe88b38000 	C:\WINDOWS\System32\bcrypt.dll
0x00007ffe88f00000 - 0x00007ffe89014000 	C:\WINDOWS\System32\RPCRT4.dll
0x00007ffe8a320000 - 0x00007ffe8a391000 	C:\WINDOWS\System32\WS2_32.dll
0x00007ffe87b40000 - 0x00007ffe87b8d000 	C:\WINDOWS\SYSTEM32\POWRPROF.dll
0x00007ffe7f4e0000 - 0x00007ffe7f4ea000 	C:\WINDOWS\SYSTEM32\VERSION.dll
0x00007ffe7f6b0000 - 0x00007ffe7f6e4000 	C:\WINDOWS\SYSTEM32\WINMM.dll
0x00007ffe87b20000 - 0x00007ffe87b33000 	C:\WINDOWS\SYSTEM32\UMPDC.dll
0x00007ffe87290000 - 0x00007ffe872a8000 	C:\WINDOWS\SYSTEM32\kernel.appcore.dll
0x00007ffe6e850000 - 0x00007ffe6e85a000 	C:\Users\HP 14S-FQ1001NU\.jdks\openjdk-21.0.2\bin\jimage.dll
0x00007ffe85be0000 - 0x00007ffe85e12000 	C:\WINDOWS\SYSTEM32\DBGHELP.DLL
0x00007ffe8a3a0000 - 0x00007ffe8a728000 	C:\WINDOWS\System32\combase.dll
0x00007ffe8a240000 - 0x00007ffe8a317000 	C:\WINDOWS\System32\OLEAUT32.dll
0x00007ffe6b520000 - 0x00007ffe6b552000 	C:\WINDOWS\SYSTEM32\dbgcore.DLL
0x00007ffe88510000 - 0x00007ffe8858b000 	C:\WINDOWS\System32\bcryptPrimitives.dll
0x00007ffe6f900000 - 0x00007ffe6f90f000 	C:\Users\HP 14S-FQ1001NU\.jdks\openjdk-21.0.2\bin\instrument.dll
0x00007ffe83260000 - 0x00007ffe8327f000 	C:\Users\HP 14S-FQ1001NU\.jdks\openjdk-21.0.2\bin\java.dll
0x00007ffe89760000 - 0x00007ffe89fbf000 	C:\WINDOWS\System32\SHELL32.dll
0x00007ffe86180000 - 0x00007ffe86a7c000 	C:\WINDOWS\SYSTEM32\windows.storage.dll
0x00007ffe86040000 - 0x00007ffe8617f000 	C:\WINDOWS\SYSTEM32\wintypes.dll
0x00007ffe8a730000 - 0x00007ffe8a824000 	C:\WINDOWS\System32\SHCORE.dll
0x00007ffe8aa20000 - 0x00007ffe8aa7e000 	C:\WINDOWS\System32\shlwapi.dll
0x00007ffe881b0000 - 0x00007ffe881d1000 	C:\WINDOWS\SYSTEM32\profapi.dll
0x00007ffe57ec0000 - 0x00007ffe57f97000 	C:\Users\HP 14S-FQ1001NU\.jdks\openjdk-21.0.2\bin\jsvml.dll
0x00007ffe6e700000 - 0x00007ffe6e718000 	C:\Users\HP 14S-FQ1001NU\.jdks\openjdk-21.0.2\bin\zip.dll
0x00007ffe83250000 - 0x00007ffe83260000 	C:\Users\HP 14S-FQ1001NU\.jdks\openjdk-21.0.2\bin\net.dll
0x00007ffe81720000 - 0x00007ffe81856000 	C:\WINDOWS\SYSTEM32\WINHTTP.dll
0x00007ffe87720000 - 0x00007ffe87789000 	C:\WINDOWS\system32\mswsock.dll
0x00007ffe83230000 - 0x00007ffe83246000 	C:\Users\HP 14S-FQ1001NU\.jdks\openjdk-21.0.2\bin\nio.dll
0x00007ffe6e4e0000 - 0x00007ffe6e4fa000 	C:\Program Files\JetBrains\IntelliJ IDEA Community Edition 2023.3.4\bin\breakgen64.dll
0x00007ffe831e0000 - 0x00007ffe831e9000 	C:\Users\HP 14S-FQ1001NU\.jdks\openjdk-21.0.2\bin\extnet.dll
0x00007ffe6eb30000 - 0x00007ffe6eb3a000 	C:\Users\HP 14S-FQ1001NU\.jdks\openjdk-21.0.2\bin\management.dll
0x00007ffe6eb20000 - 0x00007ffe6eb2b000 	C:\Users\HP 14S-FQ1001NU\.jdks\openjdk-21.0.2\bin\management_ext.dll
0x00007ffe8aef0000 - 0x00007ffe8aef8000 	C:\WINDOWS\System32\PSAPI.DLL
0x00007ffe6e860000 - 0x00007ffe6e86e000 	C:\Users\HP 14S-FQ1001NU\.jdks\openjdk-21.0.2\bin\sunmscapi.dll
0x00007ffe883a0000 - 0x00007ffe88507000 	C:\WINDOWS\System32\CRYPT32.dll
0x00007ffe87c30000 - 0x00007ffe87c5e000 	C:\WINDOWS\SYSTEM32\ncrypt.dll
0x00007ffe87bf0000 - 0x00007ffe87c27000 	C:\WINDOWS\SYSTEM32\NTASN1.dll
0x00007ffe87980000 - 0x00007ffe8799b000 	C:\WINDOWS\SYSTEM32\CRYPTSP.dll
0x00007ffe871f0000 - 0x00007ffe87225000 	C:\WINDOWS\system32\rsaenh.dll
0x00007ffe87820000 - 0x00007ffe87848000 	C:\WINDOWS\SYSTEM32\USERENV.dll
0x00007ffe879a0000 - 0x00007ffe879ac000 	C:\WINDOWS\SYSTEM32\CRYPTBASE.dll
0x00007ffe86d30000 - 0x00007ffe86d5d000 	C:\WINDOWS\SYSTEM32\IPHLPAPI.DLL
0x00007ffe8ac70000 - 0x00007ffe8ac79000 	C:\WINDOWS\System32\NSI.dll
0x00007ffe6e840000 - 0x00007ffe6e850000 	C:\Users\HP 14S-FQ1001NU\.jdks\openjdk-21.0.2\bin\verify.dll
0x00007ffe86d60000 - 0x00007ffe86e58000 	C:\WINDOWS\SYSTEM32\DNSAPI.dll
0x00007ffe7f470000 - 0x00007ffe7f47a000 	C:\Windows\System32\rasadhlp.dll
0x00007ffe7f8e0000 - 0x00007ffe7f963000 	C:\WINDOWS\System32\fwpuclnt.dll

dbghelp: loaded successfully - version: 4.0.5 - missing functions: none
symbol engine: initialized successfully - sym options: 0x614 - pdb path: .;C:\Users\HP 14S-FQ1001NU\.jdks\openjdk-21.0.2\bin;C:\WINDOWS\SYSTEM32;C:\WINDOWS\WinSxS\amd64_microsoft.windows.common-controls_6595b64144ccf1df_6.0.22621.3672_none_2713b9d173822955;C:\Users\HP 14S-FQ1001NU\.jdks\openjdk-21.0.2\bin\server;C:\Program Files\JetBrains\IntelliJ IDEA Community Edition 2023.3.4\bin

VM Arguments:
jvm_args: -javaagent:C:\Program Files\JetBrains\IntelliJ IDEA Community Edition 2023.3.4\lib\idea_rt.jar=57269:C:\Program Files\JetBrains\IntelliJ IDEA Community Edition 2023.3.4\bin -Dfile.encoding=UTF-8 -Dsun.stdout.encoding=UTF-8 -Dsun.stderr.encoding=UTF-8 
java_command: bg.fmi.javaweb.sportstournamentorganizer.SportsTournamentOrganizerApplication
java_class_path (initial): C:\Users\HP 14S-FQ1001NU\IdeaProjects\local_java_repo\target\classes;C:\Users\HP 14S-FQ1001NU\.m2\repository\org\springframework\boot\spring-boot-starter-web\3.3.0\spring-boot-starter-web-3.3.0.jar;C:\Users\HP 14S-FQ1001NU\.m2\repository\org\springframework\boot\spring-boot-starter\3.3.0\spring-boot-starter-3.3.0.jar;C:\Users\HP 14S-FQ1001NU\.m2\repository\org\springframework\boot\spring-boot-starter-logging\3.3.0\spring-boot-starter-logging-3.3.0.jar;C:\Users\HP 14S-FQ1001NU\.m2\repository\ch\qos\logback\logback-classic\1.5.6\logback-classic-1.5.6.jar;C:\Users\HP 14S-FQ1001NU\.m2\repository\ch\qos\logback\logback-core\1.5.6\logback-core-1.5.6.jar;C:\Users\HP 14S-FQ1001NU\.m2\repository\org\apache\logging\log4j\log4j-to-slf4j\2.23.1\log4j-to-slf4j-2.23.1.jar;C:\Users\HP 14S-FQ1001NU\.m2\repository\org\apache\logging\log4j\log4j-api\2.23.1\log4j-api-2.23.1.jar;C:\Users\HP 14S-FQ1001NU\.m2\repository\org\slf4j\jul-to-slf4j\2.0.13\jul-to-slf4j-2.0.13.jar;C:\Users\HP 14S-FQ1001NU\.m2\repository\jakarta\annotation\jakarta.annotation-api\2.1.1\jakarta.annotation-api-2.1.1.jar;C:\Users\HP 14S-FQ1001NU\.m2\repository\org\yaml\snakeyaml\2.2\snakeyaml-2.2.jar;C:\Users\HP 14S-FQ1001NU\.m2\repository\org\springframework\boot\spring-boot-starter-json\3.3.0\spring-boot-starter-json-3.3.0.jar;C:\Users\HP 14S-FQ1001NU\.m2\repository\com\fasterxml\jackson\core\jackson-databind\2.17.1\jackson-databind-2.17.1.jar;C:\Users\HP 14S-FQ1001NU\.m2\repository\com\fasterxml\jackson\core\jackson-annotations\2.17.1\jackson-annotations-2.17.1.jar;C:\Users\HP 14S-FQ1001NU\.m2\repository\com\fasterxml\jackson\core\jackson-core\2.17.1\jackson-core-2.17.1.jar;C:\Users\HP 14S-FQ1001NU\.m2\repository\com\fasterxml\jackson\datatype\jackson-datatype-jdk8\2.17.1\jackson-datatype-jdk8-2.17.1.jar;C:\Users\HP 14S-FQ1001NU\.m2\repository\com\fasterxml\jackson\datatype\jackson-datatype-jsr310\2.17.1\jackson-datatype-jsr310-2.17.1.jar;C:\Users\HP 14S-FQ1001NU\.m2\repository\com\fasterxml\jackson\module\jackson-module-parameter-names\2.17.1\jackson-module-parameter-names-2.17.1.jar;C:\Users\HP 14S-FQ1001NU\.m2\repository\org\springframework\boot\spring-boot-starter-tomcat\3.3.0\spring-boot-starter-tomcat-3.3.0.jar;C:\Users\HP 14S-FQ1001NU\.m2\repository\org\apache\tomcat\embed\tomcat-embed-core\10.1.24\tomcat-embed-core-10.1.24.jar;C:\Users\HP 14S-FQ1001NU\.m2\repository\org\apache\tomcat\embed\tomcat-embed-el\10.1.24\tomcat-embed-el-10.1.24.jar;C:\Users\HP 14S-FQ1001NU\.m2\repository\org\apache\tomcat\embed\tomcat-embed-websocket\10.1.24\tomcat-embed-websocket-10.1.24.jar;C:\Users\HP 14S-FQ1001NU\.m2\repository\org\springframework\spring-web\6.1.8\spring-web-6.1.8.jar;C:\Users\HP 14S-FQ1001NU\.m2\repository\org\springframework\spring-beans\6.1.8\spring-beans-6.1.8.jar;C:\Users\HP 14S-FQ1001NU\.m2\repository\io\micrometer\micrometer-observation\1.13.0\micrometer-observation-1.13.0.jar;C:\Users\HP 14S-FQ1001NU\.m2\repository\io\micrometer\micrometer-commons\1.13.0\micrometer-commons-1.13.0.jar;C:\Users\HP 14S-FQ1001NU\.m2\repository\org\springframework\spring-webmvc\6.1.8\spring-webmvc-6.1.8.jar;C:\Users\HP 14S-FQ1001NU\.m2\repository\org\springframework\spring-aop\6.1.8\spring-aop-6.1.8.jar;C:\Users\HP 14S-FQ1001NU\.m2\repository\org\springframework\spring-context\6.1.8\spring-context-6.1.8.jar;C:\Users\HP 14S-FQ1001NU\.m2\repository\org\springframework\spring-expression\6.1.8\spring-expression-6.1.8.jar;C:\Users\HP 14S-FQ1001NU\.m2\repository\org\springframework\boot\spring-boot-devtools\3.3.0\spring-boot-devtools-3.3.0.jar;C:\Users\HP 14S-FQ1001NU\.m2\repository\org\springframework\boot\spring-boot\3.3.0\spring-boot-3.3.0.jar;C:\Users\HP 14S-FQ1001NU\.m2\repository\org\springframework\boot\spring-boot-autoconfigure\3.3.0\spring-boot-autoconfigure-3.3.0.jar;C:\Users\HP 14S-FQ1001NU\.m2\repository\org\slf4j\slf4j-api\2.0.13\slf4j-api-2.0.13.jar;C:\Users\HP 14S-FQ1001NU\.m2\repository\jakarta\xml\bind\jakarta.xml.bind-api\4.0.2\jakarta.xml.bind-api-4.0.2.jar;C:\Users\HP 14S-FQ1001NU\.m2\repository\jakarta\activation\jakarta.activation-api\2.1.3\jakarta.activation-api-2.1.3.jar;C:\Users\HP 14S-FQ1001NU\.m2\repository\net\bytebuddy\byte-buddy\1.14.16\byte-buddy-1.14.16.jar;C:\Users\HP 14S-FQ1001NU\.m2\repository\org\springframework\spring-core\6.1.8\spring-core-6.1.8.jar;C:\Users\HP 14S-FQ1001NU\.m2\repository\org\springframework\spring-jcl\6.1.8\spring-jcl-6.1.8.jar;C:\Users\HP 14S-FQ1001NU\.m2\repository\org\mapstruct\mapstruct\1.6.0.Beta1\mapstruct-1.6.0.Beta1.jar;C:\Users\HP 14S-FQ1001NU\.m2\repository\org\mapstruct\mapstruct-processor\1.6.0.Beta1\mapstruct-processor-1.6.0.Beta1.jar;C:\Users\HP 14S-FQ1001NU\.m2\repository\org\postgresql\postgresql\42.7.3\postgresql-42.7.3.jar;C:\Users\HP 14S-FQ1001NU\.m2\repository\org\checkerframework\checker-qual\3.42.0\checker-qual-3.42.0.jar;C:\Users\HP 14S-FQ1001NU\.m2\repository\org\springframework\boot\spring-boot-starter-data-jpa\3.3.0\spring-boot-starter-data-jpa-3.3.0.jar;C:\Users\HP 14S-FQ1001NU\.m2\repository\org\springframework\boot\spring-boot-starter-aop\3.3.0\spring-boot-starter-aop-3.3.0.jar;C:\Users\HP 14S-FQ1001NU\.m2\repository\org\aspectj\aspectjweaver\1.9.22\aspectjweaver-1.9.22.jar;C:\Users\HP 14S-FQ1001NU\.m2\repository\org\springframework\boot\spring-boot-starter-jdbc\3.3.0\spring-boot-starter-jdbc-3.3.0.jar;C:\Users\HP 14S-FQ1001NU\.m2\repository\com\zaxxer\HikariCP\5.1.0\HikariCP-5.1.0.jar;C:\Users\HP 14S-FQ1001NU\.m2\repository\org\springframework\spring-jdbc\6.1.8\spring-jdbc-6.1.8.jar;C:\Users\HP 14S-FQ1001NU\.m2\repository\org\hibernate\orm\hibernate-core\6.5.2.Final\hibernate-core-6.5.2.Final.jar;C:\Users\HP 14S-FQ1001NU\.m2\repository\jakarta\persistence\jakarta.persistence-api\3.1.0\jakarta.persistence-api-3.1.0.jar;C:\Users\HP 14S-FQ1001NU\.m2\repository\jakarta\transaction\jakarta.transaction-api\2.0.1\jakarta.transaction-api-2.0.1.jar;C:\Users\HP 14S-FQ1001NU\.m2\repository\org\jboss\logging\jboss-logging\3.5.3.Final\jboss-logging-3.5.3.Final.jar;C:\Users\HP 14S-FQ1001NU\.m2\repository\org\hibernate\common\hibernate-commons-annotations\6.0.6.Final\hibernate-commons-annotations-6.0.6.Final.jar;C:\Users\HP 14S-FQ1001NU\.m2\repository\io\smallrye\jandex\3.1.2\jandex-3.1.2.jar;C:\Users\HP 14S-FQ1001NU\.m2\repository\com\fasterxml\classmate\1.7.0\classmate-1.7.0.jar;C:\Users\HP 14S-FQ1001NU\.m2\repository\org\glassfish\jaxb\jaxb-runtime\4.0.5\jaxb-runtime-4.0.5.jar;C:\Users\HP 14S-FQ1001NU\.m2\repository\org\glassfish\jaxb\jaxb-core\4.0.5\jaxb-core-4.0.5.jar;C:\Users\HP 14S-FQ1001NU\.m2\repository\org\eclipse\angus\angus-activation\2.0.2\angus-activation-2.0.2.jar;C:\Users\HP 14S-FQ1001NU\.m2\repository\org\glassfish\jaxb\txw2\4.0.5\txw2-4.0.5.jar;C:\Users\HP 14S-FQ1001NU\.m2\repository\com\sun\istack\istack-commons-runtime\4.1.2\istack-commons-runtime-4.1.2.jar;C:\Users\HP 14S-FQ1001NU\.m2\repository\jakarta\inject\jakarta.inject-api\2.0.1\jakarta.inject-api-2.0.1.jar;C:\Users\HP 14S-FQ1001NU\.m2\repository\org\antlr\antlr4-runtime\4.13.0\antlr4-runtime-4.13.0.jar;C:\Users\HP 14S-FQ1001NU\.m2\repository\org\springframework\data\spring-data-jpa\3.3.0\spring-data-jpa-3.3.0.jar;C:\Users\HP 14S-FQ1001NU\.m2\repository\org\springframework\data\spring-data-commons\3.3.0\spring-data-commons-3.3.0.jar;C:\Users\HP 14S-FQ1001NU\.m2\repository\org\springframework\spring-orm\6.1.8\spring-orm-6.1.8.jar;C:\Users\HP 14S-FQ1001NU\.m2\repository\org\springframework\spring-tx\6.1.8\spring-tx-6.1.8.jar;C:\Users\HP 14S-FQ1001NU\.m2\repository\org\springframework\spring-aspects\6.1.8\spring-aspects-6.1.8.jar;C:\Users\HP 14S-FQ1001NU\.m2\repository\org\jetbrains\annotations\24.1.0\annotations-24.1.0.jar
Launcher Type: SUN_STANDARD

[Global flags]
     intx CICompilerCount                          = 4                                         {product} {ergonomic}
     uint ConcGCThreads                            = 2                                         {product} {ergonomic}
     uint G1ConcRefinementThreads                  = 8                                         {product} {ergonomic}
   size_t G1HeapRegionSize                         = 1048576                                   {product} {ergonomic}
    uintx GCDrainStackTargetSize                   = 64                                        {product} {ergonomic}
   size_t InitialHeapSize                          = 123731968                                 {product} {ergonomic}
   size_t MarkStackSize                            = 4194304                                   {product} {ergonomic}
   size_t MaxHeapSize                              = 1967128576                                {product} {ergonomic}
   size_t MaxNewSize                               = 1179648000                                {product} {ergonomic}
   size_t MinHeapDeltaBytes                        = 1048576                                   {product} {ergonomic}
   size_t MinHeapSize                              = 8388608                                   {product} {ergonomic}
    uintx NonNMethodCodeHeapSize                   = 5839372                                {pd product} {ergonomic}
    uintx NonProfiledCodeHeapSize                  = 122909434                              {pd product} {ergonomic}
    uintx ProfiledCodeHeapSize                     = 122909434                              {pd product} {ergonomic}
    uintx ReservedCodeCacheSize                    = 251658240                              {pd product} {ergonomic}
     bool SegmentedCodeCache                       = true                                      {product} {ergonomic}
   size_t SoftMaxHeapSize                          = 1967128576                             {manageable} {ergonomic}
     bool UseCompressedOops                        = true                           {product lp64_product} {ergonomic}
     bool UseG1GC                                  = true                                      {product} {ergonomic}
     bool UseLargePagesIndividualAllocation        = false                                  {pd product} {ergonomic}

Logging:
Log output configuration:
 #0: stdout all=warning uptime,level,tags foldmultilines=false
 #1: stderr all=off uptime,level,tags foldmultilines=false

Environment Variables:
PATH=C:\Program Files (x86)\Cuminas\Document Express DjVu Plug-in\;C:\WINDOWS\system32;C:\WINDOWS;C:\WINDOWS\System32\Wbem;C:\WINDOWS\System32\WindowsPowerShell\v1.0\;C:\WINDOWS\System32\OpenSSH\;C:\Program Files\Git\cmd;C:\Program Files\Microsoft SQL Server\150\Tools\Binn\;C:\mysys64\mingw64\bin;C:\Program Files\PuTTY\;C:\Program Files (x86)\Microsoft SQL Server\160\Tools\Binn\;C:\Program Files\Microsoft SQL Server\160\Tools\Binn\;C:\Program Files\Microsoft SQL Server\Client SDK\ODBC\170\Tools\Binn\;C:\Program Files\Microsoft SQL Server\160\DTS\Binn\;C:\Program Files (x86)\Microsoft SQL Server\160\DTS\Binn\;C:\Program Files\Azure Data Studio\bin;C:\MinGW\bin;C:\Program Files\dotnet\;C:\Program Files\nodejs\;C:\php;C:\Users\HP 14S-FQ1001NU\AppData\Local\Programs\Python\Launcher\;C:\Users\HP 14S-FQ1001NU\AppData\Local\Microsoft\WindowsApps;C:\Users\HP 14S-FQ1001NU\AppData\Local\GitHubDesktop\bin;C:\Users\HP 14S-FQ1001NU\AppData\Local\Programs\Microsoft VS Code\bin;C:\Program Files\JetBrains\IntelliJ IDEA 2022.2.3\bin;;C:\Program Files\Azure Data Studio\bin;C:\Program Files\JetBrains\CLion 2023.1.3\bin;;C:\ghcup\bin;C:\Users\HP 14S-FQ1001NU\.dotnet\tools;C:\Users\HP 14S-FQ1001NU\AppData\Roaming\npm;C:\Users\HP 14S-FQ1001NU\AppData\Roaming\Microsoft\Windows\Start Menu\Programs\MSYS2 64bit\MSYS2 MSYS.lnk;C:\Program Files\MongoDB\mongosh-2.2.6-win32-x64\bin;C:\php;
USERNAME=HP 14S-FQ1001NU
OS=Windows_NT
PROCESSOR_IDENTIFIER=AMD64 Family 23 Model 104 Stepping 1, AuthenticAMD
TMP=C:\Users\HP14S-~1\AppData\Local\Temp
TEMP=C:\Users\HP14S-~1\AppData\Local\Temp




Periodic native trim disabled

---------------  S Y S T E M  ---------------

OS:
 Windows 11 , 64 bit Build 22621 (10.0.22621.3672)
OS uptime: 0 days 3:58 hours
Hyper-V role detected

CPU: total 8 (initial active 8) (8 cores per cpu, 2 threads per core) family 23 model 104 stepping 1 microcode 0x0, cx8, cmov, fxsr, ht, mmx, 3dnowpref, sse, sse2, sse3, ssse3, sse4a, sse4.1, sse4.2, popcnt, lzcnt, tsc, tscinvbit, avx, avx2, aes, clmul, bmi1, bmi2, adx, sha, fma, vzeroupper, clflush, clflushopt, hv, rdtscp, rdpid, f16c
Processor Information for all 8 processors :
  Max Mhz: 2600, Current Mhz: 2600, Mhz Limit: 2600

Memory: 4k page, system-wide physical 7502M (798M free)
TotalPageFile size 10502M (AvailPageFile size 5M)
current process WorkingSet (physical memory assigned to process): 241M, peak: 241M
current process commit charge ("private bytes"): 279M, peak: 279M

vm_info: OpenJDK 64-Bit Server VM (21.0.2+13-58) for windows-amd64 JRE (21.0.2+13-58), built on 2024-01-05T18:32:24Z by "mach5one" with MS VC++ 17.1 (VS2022)

END.
