#
# There is insufficient memory for the Java Runtime Environment to continue.
# Native memory allocation (malloc) failed to allocate 1982304 bytes for Chunk::new
# Possible reasons:
#   The system is out of physical RAM or swap space
#   The process is running with CompressedOops enabled, and the Java Heap may be blocking the growth of the native heap
# Possible solutions:
#   Reduce memory load on the system
#   Increase physical memory or swap space
#   Check if swap backing store is full
#   Decrease Java heap size (-Xmx/-Xms)
#   Decrease number of Java threads
#   Decrease Java thread stack sizes (-Xss)
#   Set larger code cache with -XX:ReservedCodeCacheSize=
#   JVM is running with Unscaled Compressed Oops mode in which the Java heap is
#     placed in the first 4GB address space. The Java Heap base address is the
#     maximum limit for the native heap growth. Please use -XX:HeapBaseMinAddress
#     to set the Java Heap base and to place the Java Heap above 4GB virtual address.
# This output file may be truncated or incomplete.
#
#  Out of Memory Error (arena.cpp:168), pid=5676, tid=5516
#
# JRE version: OpenJDK Runtime Environment (21.0.2+13) (build 21.0.2+13-58)
# Java VM: OpenJDK 64-Bit Server VM (21.0.2+13-58, mixed mode, sharing, tiered, compressed oops, compressed class ptrs, g1 gc, windows-amd64)
# No core dump will be written. Minidumps are not enabled by default on client versions of Windows
#

---------------  S U M M A R Y ------------

Command Line: -javaagent:C:\Program Files\JetBrains\IntelliJ IDEA Community Edition 2023.3.4\lib\idea_rt.jar=59369:C:\Program Files\JetBrains\IntelliJ IDEA Community Edition 2023.3.4\bin -Dfile.encoding=UTF-8 -Dsun.stdout.encoding=UTF-8 -Dsun.stderr.encoding=UTF-8 bg.fmi.javaweb.sportstournamentorganizer.SportsTournamentOrganizerApplication

Host: AMD Ryzen 3 5300U with Radeon Graphics         , 8 cores, 7G,  Windows 11 , 64 bit Build 22621 (10.0.22621.3672)
Time: Thu Jul  4 17:48:34 2024  Windows 11 , 64 bit Build 22621 (10.0.22621.3672) elapsed time: 26.208593 seconds (0d 0h 0m 26s)

---------------  T H R E A D  ---------------

Current thread (0x00000286c698b5f0):  JavaThread "C2 CompilerThread0" daemon [_thread_in_native, id=5516, stack(0x0000008cc7b00000,0x0000008cc7c00000) (1024K)]


Current CompileTask:
C2:  26208 6709       4       org.springframework.beans.factory.support.AbstractBeanFactory::isTypeMatch (745 bytes)

Stack: [0x0000008cc7b00000,0x0000008cc7c00000]
Native frames: (J=compiled Java code, j=interpreted, Vv=VM code, C=native code)
V  [jvm.dll+0x6cade9]
V  [jvm.dll+0x8569c1]
V  [jvm.dll+0x858d2e]
V  [jvm.dll+0x859413]
V  [jvm.dll+0x280e56]
V  [jvm.dll+0xc3f3d]
V  [jvm.dll+0xc4473]
V  [jvm.dll+0x3b5c2c]
V  [jvm.dll+0x1e2209]
V  [jvm.dll+0x249d22]
V  [jvm.dll+0x2491b1]
V  [jvm.dll+0x1c9634]
V  [jvm.dll+0x258859]
V  [jvm.dll+0x256e3a]
V  [jvm.dll+0x3ef6c6]
V  [jvm.dll+0x7ff568]
V  [jvm.dll+0x6c953d]
C  [ucrtbase.dll+0x29333]
C  [KERNEL32.DLL+0x1257d]
C  [ntdll.dll+0x5af28]


---------------  P R O C E S S  ---------------

Threads class SMR info:
_java_thread_list=0x000002870e456f90, length=31, elements={
0x00000286c6982220, 0x00000286c6982f40, 0x00000286c6984f30, 0x00000286c6986e90,
0x00000286c69883f0, 0x00000286c6989f90, 0x00000286c698b5f0, 0x00000286c6990600,
0x00000286c6946fb0, 0x000002870c188330, 0x000002870c1889a0, 0x000002870d882d90,
0x000002870ddf7ad0, 0x000002870d5932f0, 0x000002870d7af7b0, 0x000002870d7029f0,
0x000002870d715b60, 0x000002870e07e030, 0x000002870e28f6b0, 0x000002870e28c8c0,
0x000002870e28d5e0, 0x000002870e28e990, 0x000002870e28f020, 0x000002870e28c230,
0x000002870e28e300, 0x000002870e28cf50, 0x000002870e276450, 0x000002870e26fb50,
0x000002870e2701e0, 0x000002870e274380, 0x000002870e275dc0
}

Java Threads: ( => current thread )
  0x00000286c6982220 JavaThread "Reference Handler"          daemon [_thread_blocked, id=17432, stack(0x0000008cc7500000,0x0000008cc7600000) (1024K)]
  0x00000286c6982f40 JavaThread "Finalizer"                  daemon [_thread_blocked, id=4264, stack(0x0000008cc7600000,0x0000008cc7700000) (1024K)]
  0x00000286c6984f30 JavaThread "Signal Dispatcher"          daemon [_thread_blocked, id=23140, stack(0x0000008cc7700000,0x0000008cc7800000) (1024K)]
  0x00000286c6986e90 JavaThread "Attach Listener"            daemon [_thread_blocked, id=21560, stack(0x0000008cc7800000,0x0000008cc7900000) (1024K)]
  0x00000286c69883f0 JavaThread "Service Thread"             daemon [_thread_blocked, id=5880, stack(0x0000008cc7900000,0x0000008cc7a00000) (1024K)]
  0x00000286c6989f90 JavaThread "Monitor Deflation Thread"   daemon [_thread_blocked, id=16996, stack(0x0000008cc7a00000,0x0000008cc7b00000) (1024K)]
=>0x00000286c698b5f0 JavaThread "C2 CompilerThread0"         daemon [_thread_in_native, id=5516, stack(0x0000008cc7b00000,0x0000008cc7c00000) (1024K)]
  0x00000286c6990600 JavaThread "C1 CompilerThread0"         daemon [_thread_blocked, id=5108, stack(0x0000008cc7c00000,0x0000008cc7d00000) (1024K)]
  0x00000286c6946fb0 JavaThread "Common-Cleaner"             daemon [_thread_blocked, id=23008, stack(0x0000008cc7d00000,0x0000008cc7e00000) (1024K)]
  0x000002870c188330 JavaThread "Monitor Ctrl-Break"         daemon [_thread_in_native, id=9568, stack(0x0000008cc7e00000,0x0000008cc7f00000) (1024K)]
  0x000002870c1889a0 JavaThread "Notification Thread"        daemon [_thread_blocked, id=21692, stack(0x0000008cc7f00000,0x0000008cc8000000) (1024K)]
  0x000002870d882d90 JavaThread "Catalina-utility-1"                [_thread_blocked, id=11376, stack(0x0000008cc8a00000,0x0000008cc8b00000) (1024K)]
  0x000002870ddf7ad0 JavaThread "http-nio-8080-exec-1"       daemon [_thread_blocked, id=18848, stack(0x0000008cc8b00000,0x0000008cc8c00000) (1024K)]
  0x000002870d5932f0 JavaThread "http-nio-8080-exec-2"       daemon [_thread_blocked, id=7364, stack(0x0000008cc8c00000,0x0000008cc8d00000) (1024K)]
  0x000002870d7af7b0 JavaThread "http-nio-8080-exec-3"       daemon [_thread_blocked, id=23344, stack(0x0000008cc8d00000,0x0000008cc8e00000) (1024K)]
  0x000002870d7029f0 JavaThread "http-nio-8080-exec-4"       daemon [_thread_blocked, id=7108, stack(0x0000008cc8e00000,0x0000008cc8f00000) (1024K)]
  0x000002870d715b60 JavaThread "http-nio-8080-exec-5"       daemon [_thread_blocked, id=22960, stack(0x0000008cc8f00000,0x0000008cc9000000) (1024K)]
  0x000002870e07e030 JavaThread "http-nio-8080-exec-6"       daemon [_thread_blocked, id=7140, stack(0x0000008cc9000000,0x0000008cc9100000) (1024K)]
  0x000002870e28f6b0 JavaThread "http-nio-8080-exec-7"       daemon [_thread_blocked, id=2628, stack(0x0000008cc9100000,0x0000008cc9200000) (1024K)]
  0x000002870e28c8c0 JavaThread "http-nio-8080-exec-8"       daemon [_thread_blocked, id=12264, stack(0x0000008cc9200000,0x0000008cc9300000) (1024K)]
  0x000002870e28d5e0 JavaThread "http-nio-8080-exec-9"       daemon [_thread_blocked, id=6516, stack(0x0000008cc9300000,0x0000008cc9400000) (1024K)]
  0x000002870e28e990 JavaThread "http-nio-8080-exec-10"      daemon [_thread_blocked, id=19972, stack(0x0000008cc9400000,0x0000008cc9500000) (1024K)]
  0x000002870e28f020 JavaThread "Catalina-utility-2"                [_thread_blocked, id=1144, stack(0x0000008cc9500000,0x0000008cc9600000) (1024K)]
  0x000002870e28c230 JavaThread "container-0"                       [_thread_blocked, id=20908, stack(0x0000008cc9600000,0x0000008cc9700000) (1024K)]
  0x000002870e28e300 JavaThread "PostgreSQL-JDBC-Cleaner"    daemon [_thread_blocked, id=22916, stack(0x0000008cc9800000,0x0000008cc9900000) (1024K)]
  0x000002870e28cf50 JavaThread "HikariPool-1 housekeeper"   daemon [_thread_blocked, id=2076, stack(0x0000008cc9900000,0x0000008cc9a00000) (1024K)]
  0x000002870e276450 JavaThread "File Watcher"               daemon [_thread_blocked, id=5416, stack(0x0000008cc9b00000,0x0000008cc9c00000) (1024K)]
  0x000002870e26fb50 JavaThread "Live Reload Server"         daemon [_thread_in_native, id=21200, stack(0x0000008cc9d00000,0x0000008cc9e00000) (1024K)]
  0x000002870e2701e0 JavaThread "http-nio-8080-Poller"       daemon [_thread_in_native, id=19924, stack(0x0000008cc9c00000,0x0000008cc9d00000) (1024K)]
  0x000002870e274380 JavaThread "http-nio-8080-Acceptor"     daemon [_thread_in_native, id=9708, stack(0x0000008cc9e00000,0x0000008cc9f00000) (1024K)]
  0x000002870e275dc0 JavaThread "DestroyJavaVM"                     [_thread_blocked, id=1836, stack(0x0000008cc6d00000,0x0000008cc6e00000) (1024K)]
Total: 31

Other Threads:
  0x00000286c695f0d0 VMThread "VM Thread"                           [id=8824, stack(0x0000008cc7400000,0x0000008cc7500000) (1024K)]
  0x00000286c6945f60 WatcherThread "VM Periodic Task Thread"        [id=7268, stack(0x0000008cc7300000,0x0000008cc7400000) (1024K)]
  0x00000286a83b74a0 WorkerThread "GC Thread#0"                     [id=19680, stack(0x0000008cc6e00000,0x0000008cc6f00000) (1024K)]
  0x000002870cda1d60 WorkerThread "GC Thread#1"                     [id=21724, stack(0x0000008cc8200000,0x0000008cc8300000) (1024K)]
  0x000002870cda0ee0 WorkerThread "GC Thread#2"                     [id=2072, stack(0x0000008cc8300000,0x0000008cc8400000) (1024K)]
  0x000002870cda1280 WorkerThread "GC Thread#3"                     [id=19104, stack(0x0000008cc8400000,0x0000008cc8500000) (1024K)]
  0x000002870cda07a0 WorkerThread "GC Thread#4"                     [id=15428, stack(0x0000008cc8500000,0x0000008cc8600000) (1024K)]
  0x000002870cda0400 WorkerThread "GC Thread#5"                     [id=18008, stack(0x0000008cc8600000,0x0000008cc8700000) (1024K)]
  0x000002870cda0b40 WorkerThread "GC Thread#6"                     [id=23412, stack(0x0000008cc8700000,0x0000008cc8800000) (1024K)]
  0x000002870cda1620 WorkerThread "GC Thread#7"                     [id=6732, stack(0x0000008cc8800000,0x0000008cc8900000) (1024K)]
  0x00000286a83c6f00 ConcurrentGCThread "G1 Main Marker"            [id=23012, stack(0x0000008cc6f00000,0x0000008cc7000000) (1024K)]
  0x00000286a83c7bb0 WorkerThread "G1 Conc#0"                       [id=18380, stack(0x0000008cc7000000,0x0000008cc7100000) (1024K)]
  0x000002870d602f30 WorkerThread "G1 Conc#1"                       [id=21892, stack(0x0000008cc8900000,0x0000008cc8a00000) (1024K)]
  0x00000286a841e330 ConcurrentGCThread "G1 Refine#0"               [id=10072, stack(0x0000008cc7100000,0x0000008cc7200000) (1024K)]
  0x00000286c681b8c0 ConcurrentGCThread "G1 Service"                [id=22060, stack(0x0000008cc7200000,0x0000008cc7300000) (1024K)]
Total: 15

Threads with active compile tasks:
C2 CompilerThread0    26236 6709       4       org.springframework.beans.factory.support.AbstractBeanFactory::isTypeMatch (745 bytes)
Total: 1

VM state: not at safepoint (normal execution)

VM Mutex/Monitor currently owned by a thread: None

Heap address: 0x000000008ac00000, size: 1876 MB, Compressed Oops mode: 32-bit

CDS archive(s) mapped at: [0x00000286c7000000-0x00000286c7c90000-0x00000286c7c90000), size 13172736, SharedBaseAddress: 0x00000286c7000000, ArchiveRelocationMode: 1.
Compressed class space mapped at: 0x00000286c8000000-0x0000028708000000, reserved size: 1073741824
Narrow klass base: 0x00000286c7000000, Narrow klass shift: 0, Narrow klass range: 0x100000000

GC Precious Log:
 CardTable entry size: 512
 Card Set container configuration: InlinePtr #cards 5 size 8 Array Of Cards #cards 12 size 40 Howl #buckets 4 coarsen threshold 1843 Howl Bitmap #cards 512 size 80 coarsen threshold 460 Card regions per heap region 1 cards per card region 2048
 CPUs: 8 total, 8 available
 Memory: 7502M
 Large Page Support: Disabled
 NUMA Support: Disabled
 Compressed Oops: Enabled (32-bit)
 Heap Region Size: 1M
 Heap Min Capacity: 8M
 Heap Initial Capacity: 118M
 Heap Max Capacity: 1876M
 Pre-touch: Disabled
 Parallel Workers: 8
 Concurrent Workers: 2
 Concurrent Refinement Workers: 8
 Periodic GC: Disabled

Heap:
 garbage-first heap   total 51200K, used 38111K [0x000000008ac00000, 0x0000000100000000)
  region size 1024K, 12 young (12288K), 2 survivors (2048K)
 Metaspace       used 65594K, committed 66368K, reserved 1114112K
  class space    used 8870K, committed 9216K, reserved 1048576K

Heap Regions: E=young(eden), S=young(survivor), O=old, HS=humongous(starts), HC=humongous(continues), CS=collection set, F=free, TAMS=top-at-mark-start, PB=parsable bottom
|   0|0x000000008ac00000, 0x000000008ad00000, 0x000000008ad00000|100%|HS|  |TAMS 0x000000008ac00000| PB 0x000000008ac00000| Complete 
|   1|0x000000008ad00000, 0x000000008ae00000, 0x000000008ae00000|100%| O|  |TAMS 0x000000008ad00000| PB 0x000000008ad00000| Untracked 
|   2|0x000000008ae00000, 0x000000008af00000, 0x000000008af00000|100%| O|  |TAMS 0x000000008ae00000| PB 0x000000008ae00000| Untracked 
|   3|0x000000008af00000, 0x000000008b000000, 0x000000008b000000|100%| O|  |TAMS 0x000000008af00000| PB 0x000000008af00000| Untracked 
|   4|0x000000008b000000, 0x000000008b100000, 0x000000008b100000|100%| O|  |TAMS 0x000000008b000000| PB 0x000000008b000000| Untracked 
|   5|0x000000008b100000, 0x000000008b200000, 0x000000008b200000|100%| O|  |TAMS 0x000000008b100000| PB 0x000000008b100000| Untracked 
|   6|0x000000008b200000, 0x000000008b300000, 0x000000008b300000|100%| O|  |TAMS 0x000000008b200000| PB 0x000000008b200000| Untracked 
|   7|0x000000008b300000, 0x000000008b400000, 0x000000008b400000|100%| O|  |TAMS 0x000000008b300000| PB 0x000000008b300000| Untracked 
|   8|0x000000008b400000, 0x000000008b500000, 0x000000008b500000|100%| O|  |TAMS 0x000000008b400000| PB 0x000000008b400000| Untracked 
|   9|0x000000008b500000, 0x000000008b600000, 0x000000008b600000|100%| O|  |TAMS 0x000000008b500000| PB 0x000000008b500000| Untracked 
|  10|0x000000008b600000, 0x000000008b700000, 0x000000008b700000|100%| O|  |TAMS 0x000000008b600000| PB 0x000000008b600000| Untracked 
|  11|0x000000008b700000, 0x000000008b800000, 0x000000008b800000|100%| O|  |TAMS 0x000000008b700000| PB 0x000000008b700000| Untracked 
|  12|0x000000008b800000, 0x000000008b900000, 0x000000008b900000|100%| O|  |TAMS 0x000000008b800000| PB 0x000000008b800000| Untracked 
|  13|0x000000008b900000, 0x000000008ba00000, 0x000000008ba00000|100%| O|  |TAMS 0x000000008b900000| PB 0x000000008b900000| Untracked 
|  14|0x000000008ba00000, 0x000000008bb00000, 0x000000008bb00000|100%| O|  |TAMS 0x000000008ba00000| PB 0x000000008ba00000| Untracked 
|  15|0x000000008bb00000, 0x000000008bb00000, 0x000000008bc00000|  0%| F|  |TAMS 0x000000008bb00000| PB 0x000000008bb00000| Untracked 
|  16|0x000000008bc00000, 0x000000008bd00000, 0x000000008bd00000|100%| O|  |TAMS 0x000000008bc00000| PB 0x000000008bc00000| Untracked 
|  17|0x000000008bd00000, 0x000000008be00000, 0x000000008be00000|100%| O|  |TAMS 0x000000008bd00000| PB 0x000000008bd00000| Untracked 
|  18|0x000000008be00000, 0x000000008bf00000, 0x000000008bf00000|100%| O|  |TAMS 0x000000008be00000| PB 0x000000008be00000| Untracked 
|  19|0x000000008bf00000, 0x000000008c000000, 0x000000008c000000|100%| O|  |TAMS 0x000000008bf00000| PB 0x000000008bf00000| Untracked 
|  20|0x000000008c000000, 0x000000008c100000, 0x000000008c100000|100%| O|  |TAMS 0x000000008c000000| PB 0x000000008c000000| Untracked 
|  21|0x000000008c100000, 0x000000008c200000, 0x000000008c200000|100%| O|  |TAMS 0x000000008c100000| PB 0x000000008c100000| Untracked 
|  22|0x000000008c200000, 0x000000008c300000, 0x000000008c300000|100%| O|  |TAMS 0x000000008c200000| PB 0x000000008c200000| Untracked 
|  23|0x000000008c300000, 0x000000008c400000, 0x000000008c400000|100%| O|  |TAMS 0x000000008c300000| PB 0x000000008c300000| Untracked 
|  24|0x000000008c400000, 0x000000008c500000, 0x000000008c500000|100%| O|  |TAMS 0x000000008c400000| PB 0x000000008c400000| Untracked 
|  25|0x000000008c500000, 0x000000008c600000, 0x000000008c600000|100%| O|  |TAMS 0x000000008c500000| PB 0x000000008c500000| Untracked 
|  26|0x000000008c600000, 0x000000008c600000, 0x000000008c700000|  0%| F|  |TAMS 0x000000008c600000| PB 0x000000008c600000| Untracked 
|  27|0x000000008c700000, 0x000000008c700000, 0x000000008c800000|  0%| F|  |TAMS 0x000000008c700000| PB 0x000000008c700000| Untracked 
|  28|0x000000008c800000, 0x000000008c800000, 0x000000008c900000|  0%| F|  |TAMS 0x000000008c800000| PB 0x000000008c800000| Untracked 
|  29|0x000000008c900000, 0x000000008ca00000, 0x000000008ca00000|100%| O|  |TAMS 0x000000008c900000| PB 0x000000008c900000| Untracked 
|  30|0x000000008ca00000, 0x000000008cb00000, 0x000000008cb00000|100%| O|  |TAMS 0x000000008ca00000| PB 0x000000008ca00000| Untracked 
|  31|0x000000008cb00000, 0x000000008cb5bb48, 0x000000008cc00000| 35%| O|  |TAMS 0x000000008cb00000| PB 0x000000008cb00000| Untracked 
|  32|0x000000008cc00000, 0x000000008cc00000, 0x000000008cd00000|  0%| F|  |TAMS 0x000000008cc00000| PB 0x000000008cc00000| Untracked 
|  33|0x000000008cd00000, 0x000000008cddc260, 0x000000008ce00000| 85%| S|CS|TAMS 0x000000008cd00000| PB 0x000000008cd00000| Complete 
|  34|0x000000008ce00000, 0x000000008cf00000, 0x000000008cf00000|100%| S|CS|TAMS 0x000000008ce00000| PB 0x000000008ce00000| Complete 
|  35|0x000000008cf00000, 0x000000008cf00000, 0x000000008d000000|  0%| F|  |TAMS 0x000000008cf00000| PB 0x000000008cf00000| Untracked 
|  36|0x000000008d000000, 0x000000008d000000, 0x000000008d100000|  0%| F|  |TAMS 0x000000008d000000| PB 0x000000008d000000| Untracked 
|  37|0x000000008d100000, 0x000000008d100000, 0x000000008d200000|  0%| F|  |TAMS 0x000000008d100000| PB 0x000000008d100000| Untracked 
|  38|0x000000008d200000, 0x000000008d200000, 0x000000008d300000|  0%| F|  |TAMS 0x000000008d200000| PB 0x000000008d200000| Untracked 
|  39|0x000000008d300000, 0x000000008d300000, 0x000000008d400000|  0%| F|  |TAMS 0x000000008d300000| PB 0x000000008d300000| Untracked 
|  40|0x000000008d400000, 0x000000008d500000, 0x000000008d500000|100%| E|  |TAMS 0x000000008d400000| PB 0x000000008d400000| Complete 
|  41|0x000000008d500000, 0x000000008d600000, 0x000000008d600000|100%| E|CS|TAMS 0x000000008d500000| PB 0x000000008d500000| Complete 
|  62|0x000000008ea00000, 0x000000008eb00000, 0x000000008eb00000|100%| E|  |TAMS 0x000000008ea00000| PB 0x000000008ea00000| Complete 
|  63|0x000000008eb00000, 0x000000008ec00000, 0x000000008ec00000|100%| E|CS|TAMS 0x000000008eb00000| PB 0x000000008eb00000| Complete 
|  64|0x000000008ec00000, 0x000000008ed00000, 0x000000008ed00000|100%| E|CS|TAMS 0x000000008ec00000| PB 0x000000008ec00000| Complete 
|  65|0x000000008ed00000, 0x000000008ee00000, 0x000000008ee00000|100%| E|CS|TAMS 0x000000008ed00000| PB 0x000000008ed00000| Complete 
|  66|0x000000008ee00000, 0x000000008ef00000, 0x000000008ef00000|100%| E|CS|TAMS 0x000000008ee00000| PB 0x000000008ee00000| Complete 
|  67|0x000000008ef00000, 0x000000008f000000, 0x000000008f000000|100%| E|CS|TAMS 0x000000008ef00000| PB 0x000000008ef00000| Complete 
|  68|0x000000008f000000, 0x000000008f100000, 0x000000008f100000|100%| E|CS|TAMS 0x000000008f000000| PB 0x000000008f000000| Complete 
| 117|0x0000000092100000, 0x0000000092200000, 0x0000000092200000|100%| E|CS|TAMS 0x0000000092100000| PB 0x0000000092100000| Complete 

Card table byte_map: [0x00000286c1dd0000,0x00000286c2180000] _byte_map_base: 0x00000286c197a000

Marking Bits: (CMBitMap*) 0x00000286a83b7ba0
 Bits: [0x00000286c2180000, 0x00000286c3ed0000)

Polling page: 0x00000286a8420000

Metaspace:

Usage:
  Non-class:     55.39 MB used.
      Class:      8.66 MB used.
       Both:     64.06 MB used.

Virtual space:
  Non-class space:       64.00 MB reserved,      55.81 MB ( 87%) committed,  1 nodes.
      Class space:        1.00 GB reserved,       9.00 MB ( <1%) committed,  1 nodes.
             Both:        1.06 GB reserved,      64.81 MB (  6%) committed. 

Chunk freelists:
   Non-Class:  7.77 MB
       Class:  6.91 MB
        Both:  14.67 MB

MaxMetaspaceSize: unlimited
CompressedClassSpaceSize: 1.00 GB
Initial GC threshold: 21.00 MB
Current GC threshold: 98.38 MB
CDS: on
 - commit_granule_bytes: 65536.
 - commit_granule_words: 8192.
 - virtual_space_node_default_size: 8388608.
 - enlarge_chunks_in_place: 1.
 - use_allocation_guard: 0.


Internal statistics:

num_allocs_failed_limit: 9.
num_arena_births: 1018.
num_arena_deaths: 0.
num_vsnodes_births: 2.
num_vsnodes_deaths: 0.
num_space_committed: 1037.
num_space_uncommitted: 0.
num_chunks_returned_to_freelist: 9.
num_chunks_taken_from_freelist: 3467.
num_chunk_merges: 9.
num_chunk_splits: 2450.
num_chunks_enlarged: 1853.
num_inconsistent_stats: 0.

CodeHeap 'non-profiled nmethods': size=120000Kb used=3448Kb max_used=3448Kb free=116551Kb
 bounds [0x00000286b9a80000, 0x00000286b9de0000, 0x00000286c0fb0000]
CodeHeap 'profiled nmethods': size=120000Kb used=11709Kb max_used=11709Kb free=108290Kb
 bounds [0x00000286b1fb0000, 0x00000286b2b20000, 0x00000286b94e0000]
CodeHeap 'non-nmethods': size=5760Kb used=1680Kb max_used=1707Kb free=4079Kb
 bounds [0x00000286b94e0000, 0x00000286b9750000, 0x00000286b9a80000]
 total_blobs=6825 nmethods=6111 adapters=618
 compilation: enabled
              stopped_count=0, restarted_count=0
 full_count=0

Compilation events (20 events):
Event: 25.653 Thread 0x00000286c6990600 6732       3       java.math.BigInteger::<init> (38 bytes)
Event: 25.654 Thread 0x00000286c6990600 nmethod 6732 0x00000286b2b1c590 code [0x00000286b2b1c780, 0x00000286b2b1cc80]
Event: 25.654 Thread 0x00000286c6990600 6734       3       java.lang.Integer::bitCount (53 bytes)
Event: 25.654 Thread 0x00000286c6990600 nmethod 6734 0x00000286b2b1ce90 code [0x00000286b2b1d020, 0x00000286b2b1d150]
Event: 25.654 Thread 0x00000286c6990600 6733       3       java.math.BigInteger::bitLength (140 bytes)
Event: 25.654 Thread 0x00000286c6990600 nmethod 6733 0x00000286b2b1d210 code [0x00000286b2b1d400, 0x00000286b2b1d930]
Event: 25.658 Thread 0x00000286c6990600 6735       1       org.postgresql.core.v3.SimpleQuery::getFields (5 bytes)
Event: 25.658 Thread 0x00000286c6990600 nmethod 6735 0x00000286b9dddc90 code [0x00000286b9ddde20, 0x00000286b9dddee8]
Event: 25.668 Thread 0x00000286c6990600 6736       1       org.springframework.core.annotation.AnnotationTypeMapping$MirrorSets$MirrorSet::size (5 bytes)
Event: 25.668 Thread 0x00000286c6990600 nmethod 6736 0x00000286b9dddf90 code [0x00000286b9dde120, 0x00000286b9dde1e8]
Event: 25.690 Thread 0x00000286c6990600 6737       3       java.lang.invoke.LambdaFormEditor$TransformKey::packedBytes (92 bytes)
Event: 25.691 Thread 0x00000286c6990600 nmethod 6737 0x00000286b2b1db90 code [0x00000286b2b1dd80, 0x00000286b2b1e120]
Event: 25.698 Thread 0x00000286c6990600 6738       3       java.util.regex.Pattern$BitClass::is (22 bytes)
Event: 25.698 Thread 0x00000286c6990600 nmethod 6738 0x00000286b2b1e290 code [0x00000286b2b1e440, 0x00000286b2b1e608]
Event: 25.698 Thread 0x00000286c6990600 6739       3       java.lang.invoke.MethodHandles::foldArgumentsWithCombiner (9 bytes)
Event: 25.698 Thread 0x00000286c6990600 nmethod 6739 0x00000286b2b1e710 code [0x00000286b2b1e8c0, 0x00000286b2b1e9f8]
Event: 25.698 Thread 0x00000286c6990600 6740       3       java.lang.invoke.DirectMethodHandle$Holder::invokeStatic (26 bytes)
Event: 25.699 Thread 0x00000286c6990600 nmethod 6740 0x00000286b2b1ea90 code [0x00000286b2b1ec60, 0x00000286b2b1f1b0]
Event: 25.699 Thread 0x00000286c6990600 6741       3       java.lang.invoke.BoundMethodHandle$Species_LLLLL::make (18 bytes)
Event: 25.699 Thread 0x00000286c6990600 nmethod 6741 0x00000286b2b1f310 code [0x00000286b2b1f4c0, 0x00000286b2b1f690]

GC Heap History (20 events):
Event: 6.931 GC heap before
{Heap before GC invocations=5 (full 0):
 garbage-first heap   total 51200K, used 38652K [0x000000008ac00000, 0x0000000100000000)
  region size 1024K, 26 young (26624K), 3 survivors (3072K)
 Metaspace       used 29037K, committed 29632K, reserved 1114112K
  class space    used 3630K, committed 3904K, reserved 1048576K
}
Event: 6.937 GC heap after
{Heap after GC invocations=6 (full 0):
 garbage-first heap   total 51200K, used 18100K [0x000000008ac00000, 0x0000000100000000)
  region size 1024K, 3 young (3072K), 3 survivors (3072K)
 Metaspace       used 29037K, committed 29632K, reserved 1114112K
  class space    used 3630K, committed 3904K, reserved 1048576K
}
Event: 8.303 GC heap before
{Heap before GC invocations=6 (full 0):
 garbage-first heap   total 51200K, used 39604K [0x000000008ac00000, 0x0000000100000000)
  region size 1024K, 24 young (24576K), 3 survivors (3072K)
 Metaspace       used 33415K, committed 33920K, reserved 1114112K
  class space    used 4254K, committed 4480K, reserved 1048576K
}
Event: 8.307 GC heap after
{Heap after GC invocations=7 (full 0):
 garbage-first heap   total 51200K, used 19334K [0x000000008ac00000, 0x0000000100000000)
  region size 1024K, 2 young (2048K), 2 survivors (2048K)
 Metaspace       used 33415K, committed 33920K, reserved 1114112K
  class space    used 4254K, committed 4480K, reserved 1048576K
}
Event: 8.819 GC heap before
{Heap before GC invocations=7 (full 0):
 garbage-first heap   total 51200K, used 27526K [0x000000008ac00000, 0x0000000100000000)
  region size 1024K, 11 young (11264K), 2 survivors (2048K)
 Metaspace       used 35610K, committed 36096K, reserved 1114112K
  class space    used 4629K, committed 4864K, reserved 1048576K
}
Event: 8.821 GC heap after
{Heap after GC invocations=8 (full 0):
 garbage-first heap   total 51200K, used 19569K [0x000000008ac00000, 0x0000000100000000)
  region size 1024K, 2 young (2048K), 2 survivors (2048K)
 Metaspace       used 35610K, committed 36096K, reserved 1114112K
  class space    used 4629K, committed 4864K, reserved 1048576K
}
Event: 10.334 GC heap before
{Heap before GC invocations=9 (full 0):
 garbage-first heap   total 51200K, used 43121K [0x000000008ac00000, 0x0000000100000000)
  region size 1024K, 25 young (25600K), 2 survivors (2048K)
 Metaspace       used 42045K, committed 42624K, reserved 1114112K
  class space    used 5513K, committed 5760K, reserved 1048576K
}
Event: 10.337 GC heap after
{Heap after GC invocations=10 (full 0):
 garbage-first heap   total 51200K, used 21210K [0x000000008ac00000, 0x0000000100000000)
  region size 1024K, 4 young (4096K), 4 survivors (4096K)
 Metaspace       used 42045K, committed 42624K, reserved 1114112K
  class space    used 5513K, committed 5760K, reserved 1048576K
}
Event: 11.256 GC heap before
{Heap before GC invocations=10 (full 0):
 garbage-first heap   total 51200K, used 41690K [0x000000008ac00000, 0x0000000100000000)
  region size 1024K, 25 young (25600K), 4 survivors (4096K)
 Metaspace       used 47467K, committed 48128K, reserved 1114112K
  class space    used 6294K, committed 6592K, reserved 1048576K
}
Event: 11.261 GC heap after
{Heap after GC invocations=11 (full 0):
 garbage-first heap   total 51200K, used 22227K [0x000000008ac00000, 0x0000000100000000)
  region size 1024K, 4 young (4096K), 4 survivors (4096K)
 Metaspace       used 47467K, committed 48128K, reserved 1114112K
  class space    used 6294K, committed 6592K, reserved 1048576K
}
Event: 12.076 GC heap before
{Heap before GC invocations=11 (full 0):
 garbage-first heap   total 51200K, used 41683K [0x000000008ac00000, 0x0000000100000000)
  region size 1024K, 24 young (24576K), 4 survivors (4096K)
 Metaspace       used 51618K, committed 52288K, reserved 1114112K
  class space    used 6932K, committed 7232K, reserved 1048576K
}
Event: 12.079 GC heap after
{Heap after GC invocations=12 (full 0):
 garbage-first heap   total 51200K, used 23060K [0x000000008ac00000, 0x0000000100000000)
  region size 1024K, 3 young (3072K), 3 survivors (3072K)
 Metaspace       used 51618K, committed 52288K, reserved 1114112K
  class space    used 6932K, committed 7232K, reserved 1048576K
}
Event: 13.168 GC heap before
{Heap before GC invocations=12 (full 0):
 garbage-first heap   total 51200K, used 43540K [0x000000008ac00000, 0x0000000100000000)
  region size 1024K, 23 young (23552K), 3 survivors (3072K)
 Metaspace       used 56251K, committed 56960K, reserved 1114112K
  class space    used 7582K, committed 7872K, reserved 1048576K
}
Event: 13.172 GC heap after
{Heap after GC invocations=13 (full 0):
 garbage-first heap   total 51200K, used 24879K [0x000000008ac00000, 0x0000000100000000)
  region size 1024K, 3 young (3072K), 3 survivors (3072K)
 Metaspace       used 56251K, committed 56960K, reserved 1114112K
  class space    used 7582K, committed 7872K, reserved 1048576K
}
Event: 13.942 GC heap before
{Heap before GC invocations=13 (full 0):
 garbage-first heap   total 51200K, used 41263K [0x000000008ac00000, 0x0000000100000000)
  region size 1024K, 20 young (20480K), 3 survivors (3072K)
 Metaspace       used 59675K, committed 60288K, reserved 1114112K
  class space    used 8047K, committed 8320K, reserved 1048576K
}
Event: 13.946 GC heap after
{Heap after GC invocations=14 (full 0):
 garbage-first heap   total 51200K, used 26401K [0x000000008ac00000, 0x0000000100000000)
  region size 1024K, 2 young (2048K), 2 survivors (2048K)
 Metaspace       used 59675K, committed 60288K, reserved 1114112K
  class space    used 8047K, committed 8320K, reserved 1048576K
}
Event: 14.818 GC heap before
{Heap before GC invocations=15 (full 0):
 garbage-first heap   total 51200K, used 45857K [0x000000008ac00000, 0x0000000100000000)
  region size 1024K, 21 young (21504K), 2 survivors (2048K)
 Metaspace       used 61149K, committed 61824K, reserved 1114112K
  class space    used 8266K, committed 8576K, reserved 1048576K
}
Event: 14.821 GC heap after
{Heap after GC invocations=16 (full 0):
 garbage-first heap   total 51200K, used 28657K [0x000000008ac00000, 0x0000000100000000)
  region size 1024K, 3 young (3072K), 3 survivors (3072K)
 Metaspace       used 61149K, committed 61824K, reserved 1114112K
  class space    used 8266K, committed 8576K, reserved 1048576K
}
Event: 15.480 GC heap before
{Heap before GC invocations=16 (full 0):
 garbage-first heap   total 51200K, used 44017K [0x000000008ac00000, 0x0000000100000000)
  region size 1024K, 18 young (18432K), 3 survivors (3072K)
 Metaspace       used 63084K, committed 63872K, reserved 1114112K
  class space    used 8523K, committed 8896K, reserved 1048576K
}
Event: 15.485 GC heap after
{Heap after GC invocations=17 (full 0):
 garbage-first heap   total 51200K, used 29919K [0x000000008ac00000, 0x0000000100000000)
  region size 1024K, 2 young (2048K), 2 survivors (2048K)
 Metaspace       used 63084K, committed 63872K, reserved 1114112K
  class space    used 8523K, committed 8896K, reserved 1048576K
}

Dll operation events (14 events):
Event: 0.035 Loaded shared library C:\Users\HP 14S-FQ1001NU\.jdks\openjdk-21.0.2\bin\java.dll
Event: 0.082 Loaded shared library C:\Users\HP 14S-FQ1001NU\.jdks\openjdk-21.0.2\bin\jsvml.dll
Event: 0.246 Loaded shared library C:\Users\HP 14S-FQ1001NU\.jdks\openjdk-21.0.2\bin\zip.dll
Event: 0.254 Loaded shared library C:\Users\HP 14S-FQ1001NU\.jdks\openjdk-21.0.2\bin\instrument.dll
Event: 0.267 Loaded shared library C:\Users\HP 14S-FQ1001NU\.jdks\openjdk-21.0.2\bin\net.dll
Event: 0.270 Loaded shared library C:\Users\HP 14S-FQ1001NU\.jdks\openjdk-21.0.2\bin\nio.dll
Event: 0.275 Loaded shared library C:\Users\HP 14S-FQ1001NU\.jdks\openjdk-21.0.2\bin\zip.dll
Event: 1.413 Loaded shared library C:\Program Files\JetBrains\IntelliJ IDEA Community Edition 2023.3.4\bin\breakgen64.dll
Event: 1.432 Loaded shared library C:\Users\HP 14S-FQ1001NU\.jdks\openjdk-21.0.2\bin\extnet.dll
Event: 1.437 Loaded shared library C:\Users\HP 14S-FQ1001NU\.jdks\openjdk-21.0.2\bin\jimage.dll
Event: 2.066 Loaded shared library C:\Users\HP 14S-FQ1001NU\.jdks\openjdk-21.0.2\bin\management.dll
Event: 2.070 Loaded shared library C:\Users\HP 14S-FQ1001NU\.jdks\openjdk-21.0.2\bin\management_ext.dll
Event: 3.520 Loaded shared library C:\Users\HP 14S-FQ1001NU\.jdks\openjdk-21.0.2\bin\sunmscapi.dll
Event: 8.412 Loaded shared library C:\Users\HP 14S-FQ1001NU\.jdks\openjdk-21.0.2\bin\verify.dll

Deoptimization events (20 events):
Event: 15.189 Thread 0x000002870c762a40 Uncommon trap: trap_request=0xffffff45 fr.pc=0x00000286b9bcdb10 relative=0x00000000000001d0
Event: 15.189 Thread 0x000002870c762a40 Uncommon trap: reason=unstable_if action=reinterpret pc=0x00000286b9bcdb10 method=org.springframework.util.ClassUtils.isAssignable(Ljava/lang/Class;Ljava/lang/Class;)Z @ 26 c2
Event: 15.189 Thread 0x000002870c762a40 DEOPT PACKING pc=0x00000286b9bcdb10 sp=0x0000008cc81fe3a0
Event: 15.189 Thread 0x000002870c762a40 DEOPT UNPACKING pc=0x00000286b95346a2 sp=0x0000008cc81fe348 mode 2
Event: 15.430 Thread 0x000002870c762a40 Uncommon trap: trap_request=0xffffff45 fr.pc=0x00000286b9af8c0c relative=0x000000000000006c
Event: 15.430 Thread 0x000002870c762a40 Uncommon trap: reason=unstable_if action=reinterpret pc=0x00000286b9af8c0c method=org.springframework.util.ConcurrentReferenceHashMap$Segment.clear()V @ 7 c2
Event: 15.430 Thread 0x000002870c762a40 DEOPT PACKING pc=0x00000286b9af8c0c sp=0x0000008cc81fed30
Event: 15.430 Thread 0x000002870c762a40 DEOPT UNPACKING pc=0x00000286b95346a2 sp=0x0000008cc81fecc0 mode 2
Event: 15.434 Thread 0x000002870c762a40 Uncommon trap: trap_request=0xffffff45 fr.pc=0x00000286b9b2cf38 relative=0x00000000000000f8
Event: 15.434 Thread 0x000002870c762a40 Uncommon trap: reason=unstable_if action=reinterpret pc=0x00000286b9b2cf38 method=java.lang.ref.ReferenceQueue.poll()Ljava/lang/ref/Reference; @ 4 c2
Event: 15.434 Thread 0x000002870c762a40 DEOPT PACKING pc=0x00000286b9b2cf38 sp=0x0000008cc81fea50
Event: 15.434 Thread 0x000002870c762a40 DEOPT UNPACKING pc=0x00000286b95346a2 sp=0x0000008cc81fe918 mode 2
Event: 25.399 Thread 0x000002870d7029f0 Uncommon trap: trap_request=0xffffff54 fr.pc=0x00000286b9b8be6c relative=0x0000000000003eac
Event: 25.399 Thread 0x000002870d7029f0 Uncommon trap: reason=speculate_null_assert action=make_not_entrant pc=0x00000286b9b8be6c method=java.lang.invoke.MethodType$ConcurrentWeakInternSet.add(Ljava/lang/Object;)Ljava/lang/Object; @ 47 c2
Event: 25.399 Thread 0x000002870d7029f0 DEOPT PACKING pc=0x00000286b9b8be6c sp=0x0000008cc8efde30
Event: 25.399 Thread 0x000002870d7029f0 DEOPT UNPACKING pc=0x00000286b95346a2 sp=0x0000008cc8efddd8 mode 2
Event: 25.649 Thread 0x000002870d7029f0 Uncommon trap: trap_request=0xffffff45 fr.pc=0x00000286b9bd25f4 relative=0x0000000000000394
Event: 25.649 Thread 0x000002870d7029f0 Uncommon trap: reason=unstable_if action=reinterpret pc=0x00000286b9bd25f4 method=java.util.StringTokenizer.scanToken(I)I @ 96 c2
Event: 25.649 Thread 0x000002870d7029f0 DEOPT PACKING pc=0x00000286b9bd25f4 sp=0x0000008cc8ef9da0
Event: 25.649 Thread 0x000002870d7029f0 DEOPT UNPACKING pc=0x00000286b95346a2 sp=0x0000008cc8ef9d30 mode 2

Classes loaded (20 events):
Event: 25.397 Loading class sun/nio/ch/SelectionKeyImpl
Event: 25.397 Loading class java/nio/channels/spi/AbstractSelectionKey
Event: 25.397 Loading class java/nio/channels/SelectionKey
Event: 25.397 Loading class java/nio/channels/SelectionKey done
Event: 25.397 Loading class java/nio/channels/spi/AbstractSelectionKey done
Event: 25.397 Loading class sun/nio/ch/SelectionKeyImpl done
Event: 25.397 Loading class java/lang/invoke/ConstantBootstraps
Event: 25.398 Loading class java/lang/invoke/ConstantBootstraps done
Event: 25.551 Loading class java/time/format/DateTimeFormatterBuilder$ZoneTextPrinterParser
Event: 25.551 Loading class java/time/format/DateTimeFormatterBuilder$ZoneTextPrinterParser done
Event: 25.551 Loading class java/time/format/DateTimeFormatterBuilder$ReducedPrinterParser
Event: 25.552 Loading class java/time/format/DateTimeFormatterBuilder$ReducedPrinterParser done
Event: 25.678 Loading class java/util/OptionalLong
Event: 25.679 Loading class java/util/OptionalLong done
Event: 25.679 Loading class java/util/OptionalDouble
Event: 25.679 Loading class java/util/OptionalDouble done
Event: 25.680 Loading class java/util/stream/LongStream
Event: 25.681 Loading class java/util/stream/LongStream done
Event: 25.681 Loading class java/util/stream/DoubleStream
Event: 25.682 Loading class java/util/stream/DoubleStream done

Classes unloaded (0 events):
No events

Classes redefined (0 events):
No events

Internal exceptions (20 events):
Event: 13.144 Thread 0x000002870c762a40 Implicit null exception at 0x00000286b9d138ec to 0x00000286b9d13c28
Event: 13.144 Thread 0x000002870c762a40 Implicit null exception at 0x00000286b9d08fba to 0x00000286b9d08ff4
Event: 13.191 Thread 0x000002870c762a40 Exception <a 'java/lang/IncompatibleClassChangeError'{0x000000008f022148}: Found class java.lang.Object, but interface was expected> (0x000000008f022148) 
thrown [s\open\src\hotspot\share\interpreter\linkResolver.cpp, line 840]
Event: 13.206 Thread 0x000002870c762a40 Exception <a 'java/lang/IncompatibleClassChangeError'{0x000000008f0a0fa8}: Found class java.lang.Object, but interface was expected> (0x000000008f0a0fa8) 
thrown [s\open\src\hotspot\share\interpreter\linkResolver.cpp, line 840]
Event: 13.275 Thread 0x000002870c762a40 Exception <a 'java/lang/IncompatibleClassChangeError'{0x000000008ee162f8}: Found class java.lang.Object, but interface was expected> (0x000000008ee162f8) 
thrown [s\open\src\hotspot\share\interpreter\linkResolver.cpp, line 840]
Event: 13.626 Thread 0x000002870c762a40 Exception <a 'java/lang/IncompatibleClassChangeError'{0x000000008d23cd30}: Found class java.lang.Object, but interface was expected> (0x000000008d23cd30) 
thrown [s\open\src\hotspot\share\interpreter\linkResolver.cpp, line 840]
Event: 13.844 Thread 0x000002870c762a40 Exception <a 'java/lang/IncompatibleClassChangeError'{0x000000008cf24bb8}: Found class java.lang.Object, but interface was expected> (0x000000008cf24bb8) 
thrown [s\open\src\hotspot\share\interpreter\linkResolver.cpp, line 840]
Event: 14.428 Thread 0x000002870c762a40 Exception <a 'java/lang/NoSuchMethodError'{0x000000008d27b118}: 'java.lang.Object java.lang.invoke.DirectMethodHandle$Holder.newInvokeSpecial(java.lang.Object, java.lang.Object, java.lang.Object, java.lang.Object, java.lang.Object, java.lang.Object, java.lang.Object, java.lang.Object)'> (0x000000008d27b118) 
thrown [s\open\src\hotspot\share\interpreter\linkResolver.cpp, line 773]
Event: 14.920 Thread 0x000002870c762a40 Exception <a 'java/lang/IncompatibleClassChangeError'{0x000000008eed2d78}: Found class java.lang.Object, but interface was expected> (0x000000008eed2d78) 
thrown [s\open\src\hotspot\share\interpreter\linkResolver.cpp, line 840]
Event: 15.007 Thread 0x000002870c762a40 Exception <a 'java/lang/NoSuchMethodError'{0x000000008ec6c8e0}: 'void java.lang.invoke.DirectMethodHandle$Holder.invokeVirtual(java.lang.Object, java.lang.Object, long)'> (0x000000008ec6c8e0) 
thrown [s\open\src\hotspot\share\interpreter\linkResolver.cpp, line 773]
Event: 15.168 Thread 0x000002870c762a40 Exception <a 'java/lang/IncompatibleClassChangeError'{0x000000008d4798d0}: Found class java.lang.Object, but interface was expected> (0x000000008d4798d0) 
thrown [s\open\src\hotspot\share\interpreter\linkResolver.cpp, line 840]
Event: 15.437 Thread 0x000002870c762a40 Exception <a 'java/lang/NoSuchMethodError'{0x000000008cfaa3e8}: 'java.lang.Object java.lang.invoke.DirectMethodHandle$Holder.newInvokeSpecial(java.lang.Object, java.lang.Object, int, java.lang.Object, java.lang.Object)'> (0x000000008cfaa3e8) 
thrown [s\open\src\hotspot\share\interpreter\linkResolver.cpp, line 773]
Event: 15.438 Thread 0x000002870c762a40 Exception <a 'java/lang/NoSuchMethodError'{0x000000008cfb4eb8}: 'java.lang.Object java.lang.invoke.DirectMethodHandle$Holder.invokeSpecial(java.lang.Object, java.lang.Object, int, java.lang.Object, int, java.lang.Object)'> (0x000000008cfb4eb8) 
thrown [s\open\src\hotspot\share\interpreter\linkResolver.cpp, line 773]
Event: 15.439 Thread 0x000002870c762a40 Exception <a 'java/lang/NoSuchMethodError'{0x000000008cfbc288}: 'java.lang.Object java.lang.invoke.DirectMethodHandle$Holder.newInvokeSpecial(java.lang.Object, java.lang.Object, int, java.lang.Object, int)'> (0x000000008cfbc288) 
thrown [s\open\src\hotspot\share\interpreter\linkResolver.cpp, line 773]
Event: 15.439 Thread 0x000002870c762a40 Exception <a 'java/lang/NoSuchMethodError'{0x000000008cfc00f8}: 'java.lang.Object java.lang.invoke.DirectMethodHandle$Holder.invokeSpecial(java.lang.Object, java.lang.Object, java.lang.Object, int, java.lang.Object, int)'> (0x000000008cfc00f8) 
thrown [s\open\src\hotspot\share\interpreter\linkResolver.cpp, line 773]
Event: 25.438 Thread 0x000002870d7af7b0 Exception <a 'java/lang/NoSuchMethodError'{0x000000008ee9c7b0}: 'java.lang.Object java.lang.invoke.DirectMethodHandle$Holder.invokeSpecial(java.lang.Object, java.lang.Object, java.lang.Object, java.lang.Object, java.lang.Object, long)'> (0x000000008ee9c7b0) 
thrown [s\open\src\hotspot\share\interpreter\linkResolver.cpp, line 773]
Event: 25.438 Thread 0x000002870d7af7b0 Exception <a 'java/lang/NoSuchMethodError'{0x000000008ee9ff70}: 'java.lang.Object java.lang.invoke.Invokers$Holder.linkToTargetMethod(java.lang.Object, java.lang.Object, java.lang.Object, long, java.lang.Object)'> (0x000000008ee9ff70) 
thrown [s\open\src\hotspot\share\interpreter\linkResolver.cpp, line 773]
Event: 25.573 Thread 0x000002870d7029f0 Exception <a 'java/lang/NoSuchMethodError'{0x000000008ea52648}: 'java.lang.Object java.lang.invoke.DirectMethodHandle$Holder.invokeInterface(java.lang.Object, java.lang.Object, java.lang.Object, java.lang.Object)'> (0x000000008ea52648) 
thrown [s\open\src\hotspot\share\interpreter\linkResolver.cpp, line 773]
Event: 25.575 Thread 0x000002870d7029f0 Exception <a 'java/lang/NoSuchMethodError'{0x000000008ea66c10}: 'java.lang.Object java.lang.invoke.DirectMethodHandle$Holder.invokeInterface(java.lang.Object, java.lang.Object, java.lang.Object, java.lang.Object, java.lang.Object)'> (0x000000008ea66c10) 
thrown [s\open\src\hotspot\share\interpreter\linkResolver.cpp, line 773]
Event: 25.588 Thread 0x000002870d7029f0 Exception <a 'java/lang/NoSuchMethodError'{0x000000008eab91d8}: 'void java.lang.invoke.DirectMethodHandle$Holder.invokeSpecialIFC(java.lang.Object, java.lang.Object, int, java.lang.Object, java.lang.Object, java.lang.Object, java.lang.Object)'> (0x000000008eab91d8) 
thrown [s\open\src\hotspot\share\interpreter\linkResolver.cpp, line 773]

ZGC Phase Switch (0 events):
No events

VM Operations (20 events):
Event: 15.480 Executing VM operation: G1CollectForAllocation (G1 Evacuation Pause)
Event: 15.488 Executing VM operation: G1CollectForAllocation (G1 Evacuation Pause) done
Event: 16.497 Executing VM operation: Cleanup
Event: 16.497 Executing VM operation: Cleanup done
Event: 17.509 Executing VM operation: Cleanup
Event: 17.509 Executing VM operation: Cleanup done
Event: 19.517 Executing VM operation: Cleanup
Event: 19.517 Executing VM operation: Cleanup done
Event: 25.396 Executing VM operation: HandshakeAllThreads (Deoptimize)
Event: 25.396 Executing VM operation: HandshakeAllThreads (Deoptimize) done
Event: 25.460 Executing VM operation: HandshakeAllThreads (Deoptimize)
Event: 25.460 Executing VM operation: HandshakeAllThreads (Deoptimize) done
Event: 25.460 Executing VM operation: Cleanup
Event: 25.460 Executing VM operation: Cleanup done
Event: 25.532 Executing VM operation: HandshakeAllThreads (Deoptimize)
Event: 25.532 Executing VM operation: HandshakeAllThreads (Deoptimize) done
Event: 25.540 Executing VM operation: HandshakeAllThreads (Deoptimize)
Event: 25.540 Executing VM operation: HandshakeAllThreads (Deoptimize) done
Event: 25.669 Executing VM operation: HandshakeAllThreads (Deoptimize)
Event: 25.669 Executing VM operation: HandshakeAllThreads (Deoptimize) done

Events (20 events):
Event: 13.976 Thread 0x00000286c695f0d0 flushing nmethod 0x00000286b9bdba10
Event: 13.976 Thread 0x00000286c695f0d0 flushing nmethod 0x00000286b9b82b10
Event: 13.976 Thread 0x00000286c695f0d0 flushing nmethod 0x00000286b9b58f90
Event: 13.976 Thread 0x00000286c695f0d0 flushing nmethod 0x00000286b9b27690
Event: 13.976 Thread 0x00000286c695f0d0 flushing nmethod 0x00000286b9b3e510
Event: 13.976 Thread 0x00000286c695f0d0 flushing nmethod 0x00000286b9afba90
Event: 13.976 Thread 0x00000286c695f0d0 flushing nmethod 0x00000286b9af7610
Event: 13.976 Thread 0x00000286c695f0d0 flushing nmethod 0x00000286b9ae4e10
Event: 13.976 Thread 0x00000286c695f0d0 flushing nmethod 0x00000286b9a80010
Event: 15.390 Thread 0x000002870e276450 Thread added: 0x000002870e276450
Event: 15.410 Thread 0x000002870e2750a0 Thread added: 0x000002870e2750a0
Event: 15.411 Thread 0x000002870e2750a0 Thread exited: 0x000002870e2750a0
Event: 15.411 Thread 0x000002870e26fb50 Thread added: 0x000002870e26fb50
Event: 15.479 Thread 0x000002870e2701e0 Thread added: 0x000002870e2701e0
Event: 15.488 Thread 0x000002870e274380 Thread added: 0x000002870e274380
Event: 15.522 Thread 0x000002870c762a40 Thread exited: 0x000002870c762a40
Event: 15.530 Thread 0x000002870c5cf880 Thread exited: 0x000002870c5cf880
Event: 15.530 Thread 0x00000286a8363a70 Thread exited: 0x00000286a8363a70
Event: 15.531 Thread 0x000002870e275dc0 Thread added: 0x000002870e275dc0
Event: 15.966 Thread 0x000002870e28dc70 Thread exited: 0x000002870e28dc70


Dynamic libraries:
0x00007ff6b8960000 - 0x00007ff6b896e000 	C:\Users\HP 14S-FQ1001NU\.jdks\openjdk-21.0.2\bin\java.exe
0x00007fff7de10000 - 0x00007fff7e027000 	C:\WINDOWS\SYSTEM32\ntdll.dll
0x00007fff7d2c0000 - 0x00007fff7d384000 	C:\WINDOWS\System32\KERNEL32.DLL
0x00007fff7b3d0000 - 0x00007fff7b77c000 	C:\WINDOWS\System32\KERNELBASE.dll
0x00007fff7ba30000 - 0x00007fff7bb41000 	C:\WINDOWS\System32\ucrtbase.dll
0x00007fff4c4c0000 - 0x00007fff4c4db000 	C:\Users\HP 14S-FQ1001NU\.jdks\openjdk-21.0.2\bin\VCRUNTIME140.dll
0x00007fff4dfa0000 - 0x00007fff4dfb8000 	C:\Users\HP 14S-FQ1001NU\.jdks\openjdk-21.0.2\bin\jli.dll
0x00007fff7c810000 - 0x00007fff7c9be000 	C:\WINDOWS\System32\USER32.dll
0x00007fff5af30000 - 0x00007fff5b1c3000 	C:\WINDOWS\WinSxS\amd64_microsoft.windows.common-controls_6595b64144ccf1df_6.0.22621.3672_none_2713b9d173822955\COMCTL32.dll
0x00007fff7b140000 - 0x00007fff7b166000 	C:\WINDOWS\System32\win32u.dll
0x00007fff7cec0000 - 0x00007fff7cf67000 	C:\WINDOWS\System32\msvcrt.dll
0x00007fff7dda0000 - 0x00007fff7ddc9000 	C:\WINDOWS\System32\GDI32.dll
0x00007fff7b170000 - 0x00007fff7b289000 	C:\WINDOWS\System32\gdi32full.dll
0x00007fff7b960000 - 0x00007fff7b9fa000 	C:\WINDOWS\System32\msvcp_win.dll
0x00007fff7d650000 - 0x00007fff7d681000 	C:\WINDOWS\System32\IMM32.DLL
0x00007fff615c0000 - 0x00007fff615cc000 	C:\Users\HP 14S-FQ1001NU\.jdks\openjdk-21.0.2\bin\vcruntime140_1.dll
0x00007fff38b10000 - 0x00007fff38b9e000 	C:\Users\HP 14S-FQ1001NU\.jdks\openjdk-21.0.2\bin\msvcp140.dll
0x00007fff2bcb0000 - 0x00007fff2c9c7000 	C:\Users\HP 14S-FQ1001NU\.jdks\openjdk-21.0.2\bin\server\jvm.dll
0x00007fff7d4f0000 - 0x00007fff7d5a2000 	C:\WINDOWS\System32\ADVAPI32.dll
0x00007fff7ce10000 - 0x00007fff7ceba000 	C:\WINDOWS\System32\sechost.dll
0x00007fff7ba00000 - 0x00007fff7ba28000 	C:\WINDOWS\System32\bcrypt.dll
0x00007fff7dc80000 - 0x00007fff7dd95000 	C:\WINDOWS\System32\RPCRT4.dll
0x00007fff7c9c0000 - 0x00007fff7ca31000 	C:\WINDOWS\System32\WS2_32.dll
0x00007fff7abc0000 - 0x00007fff7ac0d000 	C:\WINDOWS\SYSTEM32\POWRPROF.dll
0x00007fff75310000 - 0x00007fff75344000 	C:\WINDOWS\SYSTEM32\WINMM.dll
0x00007fff6fb00000 - 0x00007fff6fb0a000 	C:\WINDOWS\SYSTEM32\VERSION.dll
0x00007fff7aab0000 - 0x00007fff7aac3000 	C:\WINDOWS\SYSTEM32\UMPDC.dll
0x00007fff7a170000 - 0x00007fff7a188000 	C:\WINDOWS\SYSTEM32\kernel.appcore.dll
0x00007fff612e0000 - 0x00007fff612ea000 	C:\Users\HP 14S-FQ1001NU\.jdks\openjdk-21.0.2\bin\jimage.dll
0x00007fff78aa0000 - 0x00007fff78cd2000 	C:\WINDOWS\SYSTEM32\DBGHELP.DLL
0x00007fff7ca50000 - 0x00007fff7cdd8000 	C:\WINDOWS\System32\combase.dll
0x00007fff7d1e0000 - 0x00007fff7d2b7000 	C:\WINDOWS\System32\OLEAUT32.dll
0x00007fff5e3d0000 - 0x00007fff5e402000 	C:\WINDOWS\SYSTEM32\dbgcore.DLL
0x00007fff7b290000 - 0x00007fff7b30b000 	C:\WINDOWS\System32\bcryptPrimitives.dll
0x00007fff768f0000 - 0x00007fff768ff000 	C:\Users\HP 14S-FQ1001NU\.jdks\openjdk-21.0.2\bin\instrument.dll
0x00007fff49520000 - 0x00007fff4953f000 	C:\Users\HP 14S-FQ1001NU\.jdks\openjdk-21.0.2\bin\java.dll
0x00007fff7be60000 - 0x00007fff7c6bc000 	C:\WINDOWS\System32\SHELL32.dll
0x00007fff79050000 - 0x00007fff79947000 	C:\WINDOWS\SYSTEM32\windows.storage.dll
0x00007fff78f10000 - 0x00007fff7904f000 	C:\WINDOWS\SYSTEM32\wintypes.dll
0x00007fff7d3f0000 - 0x00007fff7d4e4000 	C:\WINDOWS\System32\SHCORE.dll
0x00007fff7d390000 - 0x00007fff7d3ee000 	C:\WINDOWS\System32\shlwapi.dll
0x00007fff7b070000 - 0x00007fff7b091000 	C:\WINDOWS\SYSTEM32\profapi.dll
0x00007fff38610000 - 0x00007fff386e7000 	C:\Users\HP 14S-FQ1001NU\.jdks\openjdk-21.0.2\bin\jsvml.dll
0x00007fff46cc0000 - 0x00007fff46cd8000 	C:\Users\HP 14S-FQ1001NU\.jdks\openjdk-21.0.2\bin\zip.dll
0x00007fff60640000 - 0x00007fff60650000 	C:\Users\HP 14S-FQ1001NU\.jdks\openjdk-21.0.2\bin\net.dll
0x00007fff76700000 - 0x00007fff76836000 	C:\WINDOWS\SYSTEM32\WINHTTP.dll
0x00007fff7a5e0000 - 0x00007fff7a649000 	C:\WINDOWS\system32\mswsock.dll
0x00007fff4c4a0000 - 0x00007fff4c4b6000 	C:\Users\HP 14S-FQ1001NU\.jdks\openjdk-21.0.2\bin\nio.dll
0x00007fff60620000 - 0x00007fff6063a000 	C:\Program Files\JetBrains\IntelliJ IDEA Community Edition 2023.3.4\bin\breakgen64.dll
0x00007fff50560000 - 0x00007fff50569000 	C:\Users\HP 14S-FQ1001NU\.jdks\openjdk-21.0.2\bin\extnet.dll
0x00007fff74750000 - 0x00007fff7475a000 	C:\Users\HP 14S-FQ1001NU\.jdks\openjdk-21.0.2\bin\management.dll
0x00007fff73170000 - 0x00007fff7317b000 	C:\Users\HP 14S-FQ1001NU\.jdks\openjdk-21.0.2\bin\management_ext.dll
0x00007fff7ce00000 - 0x00007fff7ce08000 	C:\WINDOWS\System32\PSAPI.DLL
0x00007fff652d0000 - 0x00007fff652de000 	C:\Users\HP 14S-FQ1001NU\.jdks\openjdk-21.0.2\bin\sunmscapi.dll
0x00007fff7b7f0000 - 0x00007fff7b957000 	C:\WINDOWS\System32\CRYPT32.dll
0x00007fff7aa80000 - 0x00007fff7aaae000 	C:\WINDOWS\SYSTEM32\ncrypt.dll
0x00007fff7aa30000 - 0x00007fff7aa67000 	C:\WINDOWS\SYSTEM32\NTASN1.dll
0x00007fff7a840000 - 0x00007fff7a85b000 	C:\WINDOWS\SYSTEM32\CRYPTSP.dll
0x00007fff7a0d0000 - 0x00007fff7a105000 	C:\WINDOWS\system32\rsaenh.dll
0x00007fff7a6e0000 - 0x00007fff7a708000 	C:\WINDOWS\SYSTEM32\USERENV.dll
0x00007fff7a860000 - 0x00007fff7a86c000 	C:\WINDOWS\SYSTEM32\CRYPTBASE.dll
0x00007fff79bb0000 - 0x00007fff79bdd000 	C:\WINDOWS\SYSTEM32\IPHLPAPI.DLL
0x00007fff7d6f0000 - 0x00007fff7d6f9000 	C:\WINDOWS\System32\NSI.dll
0x00007fff5cbf0000 - 0x00007fff5cc00000 	C:\Users\HP 14S-FQ1001NU\.jdks\openjdk-21.0.2\bin\verify.dll
0x00007fff79c20000 - 0x00007fff79d18000 	C:\WINDOWS\SYSTEM32\DNSAPI.dll
0x00007fff76560000 - 0x00007fff7656a000 	C:\Windows\System32\rasadhlp.dll
0x00007fff75160000 - 0x00007fff751e3000 	C:\WINDOWS\System32\fwpuclnt.dll
0x00007fff423f0000 - 0x00007fff423f8000 	C:\WINDOWS\system32\wshunix.dll

dbghelp: loaded successfully - version: 4.0.5 - missing functions: none
symbol engine: initialized successfully - sym options: 0x614 - pdb path: .;C:\Users\HP 14S-FQ1001NU\.jdks\openjdk-21.0.2\bin;C:\WINDOWS\SYSTEM32;C:\WINDOWS\WinSxS\amd64_microsoft.windows.common-controls_6595b64144ccf1df_6.0.22621.3672_none_2713b9d173822955;C:\Users\HP 14S-FQ1001NU\.jdks\openjdk-21.0.2\bin\server;C:\Program Files\JetBrains\IntelliJ IDEA Community Edition 2023.3.4\bin

VM Arguments:
jvm_args: -javaagent:C:\Program Files\JetBrains\IntelliJ IDEA Community Edition 2023.3.4\lib\idea_rt.jar=59369:C:\Program Files\JetBrains\IntelliJ IDEA Community Edition 2023.3.4\bin -Dfile.encoding=UTF-8 -Dsun.stdout.encoding=UTF-8 -Dsun.stderr.encoding=UTF-8 
java_command: bg.fmi.javaweb.sportstournamentorganizer.SportsTournamentOrganizerApplication
java_class_path (initial): C:\Users\HP 14S-FQ1001NU\IdeaProjects\local_java_repo\target\classes;C:\Users\HP 14S-FQ1001NU\.m2\repository\org\springframework\boot\spring-boot-starter-web\3.3.0\spring-boot-starter-web-3.3.0.jar;C:\Users\HP 14S-FQ1001NU\.m2\repository\org\springframework\boot\spring-boot-starter\3.3.0\spring-boot-starter-3.3.0.jar;C:\Users\HP 14S-FQ1001NU\.m2\repository\org\springframework\boot\spring-boot-starter-logging\3.3.0\spring-boot-starter-logging-3.3.0.jar;C:\Users\HP 14S-FQ1001NU\.m2\repository\ch\qos\logback\logback-classic\1.5.6\logback-classic-1.5.6.jar;C:\Users\HP 14S-FQ1001NU\.m2\repository\ch\qos\logback\logback-core\1.5.6\logback-core-1.5.6.jar;C:\Users\HP 14S-FQ1001NU\.m2\repository\org\apache\logging\log4j\log4j-to-slf4j\2.23.1\log4j-to-slf4j-2.23.1.jar;C:\Users\HP 14S-FQ1001NU\.m2\repository\org\apache\logging\log4j\log4j-api\2.23.1\log4j-api-2.23.1.jar;C:\Users\HP 14S-FQ1001NU\.m2\repository\org\slf4j\jul-to-slf4j\2.0.13\jul-to-slf4j-2.0.13.jar;C:\Users\HP 14S-FQ1001NU\.m2\repository\jakarta\annotation\jakarta.annotation-api\2.1.1\jakarta.annotation-api-2.1.1.jar;C:\Users\HP 14S-FQ1001NU\.m2\repository\org\yaml\snakeyaml\2.2\snakeyaml-2.2.jar;C:\Users\HP 14S-FQ1001NU\.m2\repository\org\springframework\boot\spring-boot-starter-json\3.3.0\spring-boot-starter-json-3.3.0.jar;C:\Users\HP 14S-FQ1001NU\.m2\repository\com\fasterxml\jackson\core\jackson-databind\2.17.1\jackson-databind-2.17.1.jar;C:\Users\HP 14S-FQ1001NU\.m2\repository\com\fasterxml\jackson\core\jackson-annotations\2.17.1\jackson-annotations-2.17.1.jar;C:\Users\HP 14S-FQ1001NU\.m2\repository\com\fasterxml\jackson\core\jackson-core\2.17.1\jackson-core-2.17.1.jar;C:\Users\HP 14S-FQ1001NU\.m2\repository\com\fasterxml\jackson\datatype\jackson-datatype-jdk8\2.17.1\jackson-datatype-jdk8-2.17.1.jar;C:\Users\HP 14S-FQ1001NU\.m2\repository\com\fasterxml\jackson\datatype\jackson-datatype-jsr310\2.17.1\jackson-datatype-jsr310-2.17.1.jar;C:\Users\HP 14S-FQ1001NU\.m2\repository\com\fasterxml\jackson\module\jackson-module-parameter-names\2.17.1\jackson-module-parameter-names-2.17.1.jar;C:\Users\HP 14S-FQ1001NU\.m2\repository\org\springframework\boot\spring-boot-starter-tomcat\3.3.0\spring-boot-starter-tomcat-3.3.0.jar;C:\Users\HP 14S-FQ1001NU\.m2\repository\org\apache\tomcat\embed\tomcat-embed-core\10.1.24\tomcat-embed-core-10.1.24.jar;C:\Users\HP 14S-FQ1001NU\.m2\repository\org\apache\tomcat\embed\tomcat-embed-el\10.1.24\tomcat-embed-el-10.1.24.jar;C:\Users\HP 14S-FQ1001NU\.m2\repository\org\apache\tomcat\embed\tomcat-embed-websocket\10.1.24\tomcat-embed-websocket-10.1.24.jar;C:\Users\HP 14S-FQ1001NU\.m2\repository\org\springframework\spring-web\6.1.8\spring-web-6.1.8.jar;C:\Users\HP 14S-FQ1001NU\.m2\repository\org\springframework\spring-beans\6.1.8\spring-beans-6.1.8.jar;C:\Users\HP 14S-FQ1001NU\.m2\repository\io\micrometer\micrometer-observation\1.13.0\micrometer-observation-1.13.0.jar;C:\Users\HP 14S-FQ1001NU\.m2\repository\io\micrometer\micrometer-commons\1.13.0\micrometer-commons-1.13.0.jar;C:\Users\HP 14S-FQ1001NU\.m2\repository\org\springframework\spring-webmvc\6.1.8\spring-webmvc-6.1.8.jar;C:\Users\HP 14S-FQ1001NU\.m2\repository\org\springframework\spring-aop\6.1.8\spring-aop-6.1.8.jar;C:\Users\HP 14S-FQ1001NU\.m2\repository\org\springframework\spring-context\6.1.8\spring-context-6.1.8.jar;C:\Users\HP 14S-FQ1001NU\.m2\repository\org\springframework\spring-expression\6.1.8\spring-expression-6.1.8.jar;C:\Users\HP 14S-FQ1001NU\.m2\repository\org\springframework\boot\spring-boot-devtools\3.3.0\spring-boot-devtools-3.3.0.jar;C:\Users\HP 14S-FQ1001NU\.m2\repository\org\springframework\boot\spring-boot\3.3.0\spring-boot-3.3.0.jar;C:\Users\HP 14S-FQ1001NU\.m2\repository\org\springframework\boot\spring-boot-autoconfigure\3.3.0\spring-boot-autoconfigure-3.3.0.jar;C:\Users\HP 14S-FQ1001NU\.m2\repository\org\slf4j\slf4j-api\2.0.13\slf4j-api-2.0.13.jar;C:\Users\HP 14S-FQ1001NU\.m2\repository\jakarta\xml\bind\jakarta.xml.bind-api\4.0.2\jakarta.xml.bind-api-4.0.2.jar;C:\Users\HP 14S-FQ1001NU\.m2\repository\jakarta\activation\jakarta.activation-api\2.1.3\jakarta.activation-api-2.1.3.jar;C:\Users\HP 14S-FQ1001NU\.m2\repository\net\bytebuddy\byte-buddy\1.14.16\byte-buddy-1.14.16.jar;C:\Users\HP 14S-FQ1001NU\.m2\repository\org\springframework\spring-core\6.1.8\spring-core-6.1.8.jar;C:\Users\HP 14S-FQ1001NU\.m2\repository\org\springframework\spring-jcl\6.1.8\spring-jcl-6.1.8.jar;C:\Users\HP 14S-FQ1001NU\.m2\repository\org\mapstruct\mapstruct\1.6.0.Beta1\mapstruct-1.6.0.Beta1.jar;C:\Users\HP 14S-FQ1001NU\.m2\repository\org\mapstruct\mapstruct-processor\1.6.0.Beta1\mapstruct-processor-1.6.0.Beta1.jar;C:\Users\HP 14S-FQ1001NU\.m2\repository\org\postgresql\postgresql\42.7.3\postgresql-42.7.3.jar;C:\Users\HP 14S-FQ1001NU\.m2\repository\org\checkerframework\checker-qual\3.42.0\checker-qual-3.42.0.jar;C:\Users\HP 14S-FQ1001NU\.m2\repository\org\springframework\boot\spring-boot-starter-data-jpa\3.3.0\spring-boot-starter-data-jpa-3.3.0.jar;C:\Users\HP 14S-FQ1001NU\.m2\repository\org\springframework\boot\spring-boot-starter-aop\3.3.0\spring-boot-starter-aop-3.3.0.jar;C:\Users\HP 14S-FQ1001NU\.m2\repository\org\aspectj\aspectjweaver\1.9.22\aspectjweaver-1.9.22.jar;C:\Users\HP 14S-FQ1001NU\.m2\repository\org\springframework\boot\spring-boot-starter-jdbc\3.3.0\spring-boot-starter-jdbc-3.3.0.jar;C:\Users\HP 14S-FQ1001NU\.m2\repository\com\zaxxer\HikariCP\5.1.0\HikariCP-5.1.0.jar;C:\Users\HP 14S-FQ1001NU\.m2\repository\org\springframework\spring-jdbc\6.1.8\spring-jdbc-6.1.8.jar;C:\Users\HP 14S-FQ1001NU\.m2\repository\org\hibernate\orm\hibernate-core\6.5.2.Final\hibernate-core-6.5.2.Final.jar;C:\Users\HP 14S-FQ1001NU\.m2\repository\jakarta\persistence\jakarta.persistence-api\3.1.0\jakarta.persistence-api-3.1.0.jar;C:\Users\HP 14S-FQ1001NU\.m2\repository\jakarta\transaction\jakarta.transaction-api\2.0.1\jakarta.transaction-api-2.0.1.jar;C:\Users\HP 14S-FQ1001NU\.m2\repository\org\jboss\logging\jboss-logging\3.5.3.Final\jboss-logging-3.5.3.Final.jar;C:\Users\HP 14S-FQ1001NU\.m2\repository\org\hibernate\common\hibernate-commons-annotations\6.0.6.Final\hibernate-commons-annotations-6.0.6.Final.jar;C:\Users\HP 14S-FQ1001NU\.m2\repository\io\smallrye\jandex\3.1.2\jandex-3.1.2.jar;C:\Users\HP 14S-FQ1001NU\.m2\repository\com\fasterxml\classmate\1.7.0\classmate-1.7.0.jar;C:\Users\HP 14S-FQ1001NU\.m2\repository\org\glassfish\jaxb\jaxb-runtime\4.0.5\jaxb-runtime-4.0.5.jar;C:\Users\HP 14S-FQ1001NU\.m2\repository\org\glassfish\jaxb\jaxb-core\4.0.5\jaxb-core-4.0.5.jar;C:\Users\HP 14S-FQ1001NU\.m2\repository\org\eclipse\angus\angus-activation\2.0.2\angus-activation-2.0.2.jar;C:\Users\HP 14S-FQ1001NU\.m2\repository\org\glassfish\jaxb\txw2\4.0.5\txw2-4.0.5.jar;C:\Users\HP 14S-FQ1001NU\.m2\repository\com\sun\istack\istack-commons-runtime\4.1.2\istack-commons-runtime-4.1.2.jar;C:\Users\HP 14S-FQ1001NU\.m2\repository\jakarta\inject\jakarta.inject-api\2.0.1\jakarta.inject-api-2.0.1.jar;C:\Users\HP 14S-FQ1001NU\.m2\repository\org\antlr\antlr4-runtime\4.13.0\antlr4-runtime-4.13.0.jar;C:\Users\HP 14S-FQ1001NU\.m2\repository\org\springframework\data\spring-data-jpa\3.3.0\spring-data-jpa-3.3.0.jar;C:\Users\HP 14S-FQ1001NU\.m2\repository\org\springframework\data\spring-data-commons\3.3.0\spring-data-commons-3.3.0.jar;C:\Users\HP 14S-FQ1001NU\.m2\repository\org\springframework\spring-orm\6.1.8\spring-orm-6.1.8.jar;C:\Users\HP 14S-FQ1001NU\.m2\repository\org\springframework\spring-tx\6.1.8\spring-tx-6.1.8.jar;C:\Users\HP 14S-FQ1001NU\.m2\repository\org\springframework\spring-aspects\6.1.8\spring-aspects-6.1.8.jar;C:\Users\HP 14S-FQ1001NU\.m2\repository\org\jetbrains\annotations\24.1.0\annotations-24.1.0.jar
Launcher Type: SUN_STANDARD

[Global flags]
     intx CICompilerCount                          = 4                                         {product} {ergonomic}
     uint ConcGCThreads                            = 2                                         {product} {ergonomic}
     uint G1ConcRefinementThreads                  = 8                                         {product} {ergonomic}
   size_t G1HeapRegionSize                         = 1048576                                   {product} {ergonomic}
    uintx GCDrainStackTargetSize                   = 64                                        {product} {ergonomic}
   size_t InitialHeapSize                          = 123731968                                 {product} {ergonomic}
   size_t MarkStackSize                            = 4194304                                   {product} {ergonomic}
   size_t MaxHeapSize                              = 1967128576                                {product} {ergonomic}
   size_t MaxNewSize                               = 1179648000                                {product} {ergonomic}
   size_t MinHeapDeltaBytes                        = 1048576                                   {product} {ergonomic}
   size_t MinHeapSize                              = 8388608                                   {product} {ergonomic}
    uintx NonNMethodCodeHeapSize                   = 5839372                                {pd product} {ergonomic}
    uintx NonProfiledCodeHeapSize                  = 122909434                              {pd product} {ergonomic}
    uintx ProfiledCodeHeapSize                     = 122909434                              {pd product} {ergonomic}
    uintx ReservedCodeCacheSize                    = 251658240                              {pd product} {ergonomic}
     bool SegmentedCodeCache                       = true                                      {product} {ergonomic}
   size_t SoftMaxHeapSize                          = 1967128576                             {manageable} {ergonomic}
     bool UseCompressedOops                        = true                           {product lp64_product} {ergonomic}
     bool UseG1GC                                  = true                                      {product} {ergonomic}
     bool UseLargePagesIndividualAllocation        = false                                  {pd product} {ergonomic}

Logging:
Log output configuration:
 #0: stdout all=warning uptime,level,tags foldmultilines=false
 #1: stderr all=off uptime,level,tags foldmultilines=false

Environment Variables:
PATH=C:\Program Files (x86)\Cuminas\Document Express DjVu Plug-in\;C:\WINDOWS\system32;C:\WINDOWS;C:\WINDOWS\System32\Wbem;C:\WINDOWS\System32\WindowsPowerShell\v1.0\;C:\WINDOWS\System32\OpenSSH\;C:\Program Files\Git\cmd;C:\Program Files\Microsoft SQL Server\150\Tools\Binn\;C:\mysys64\mingw64\bin;C:\Program Files\PuTTY\;C:\Program Files (x86)\Microsoft SQL Server\160\Tools\Binn\;C:\Program Files\Microsoft SQL Server\160\Tools\Binn\;C:\Program Files\Microsoft SQL Server\Client SDK\ODBC\170\Tools\Binn\;C:\Program Files\Microsoft SQL Server\160\DTS\Binn\;C:\Program Files (x86)\Microsoft SQL Server\160\DTS\Binn\;C:\Program Files\Azure Data Studio\bin;C:\MinGW\bin;C:\Program Files\dotnet\;C:\Program Files\nodejs\;C:\php;C:\Users\HP 14S-FQ1001NU\AppData\Local\Programs\Python\Launcher\;C:\Users\HP 14S-FQ1001NU\AppData\Local\Microsoft\WindowsApps;C:\Users\HP 14S-FQ1001NU\AppData\Local\GitHubDesktop\bin;C:\Users\HP 14S-FQ1001NU\AppData\Local\Programs\Microsoft VS Code\bin;C:\Program Files\JetBrains\IntelliJ IDEA 2022.2.3\bin;;C:\Program Files\Azure Data Studio\bin;C:\Program Files\JetBrains\CLion 2023.1.3\bin;;C:\ghcup\bin;C:\Users\HP 14S-FQ1001NU\.dotnet\tools;C:\Users\HP 14S-FQ1001NU\AppData\Roaming\npm;C:\Users\HP 14S-FQ1001NU\AppData\Roaming\Microsoft\Windows\Start Menu\Programs\MSYS2 64bit\MSYS2 MSYS.lnk;C:\Program Files\MongoDB\mongosh-2.2.6-win32-x64\bin;C:\php;
USERNAME=HP 14S-FQ1001NU
OS=Windows_NT
PROCESSOR_IDENTIFIER=AMD64 Family 23 Model 104 Stepping 1, AuthenticAMD
TMP=C:\Users\HP14S-~1\AppData\Local\Temp
TEMP=C:\Users\HP14S-~1\AppData\Local\Temp




Periodic native trim disabled

---------------  S Y S T E M  ---------------

OS:
 Windows 11 , 64 bit Build 22621 (10.0.22621.3672)
OS uptime: 1 days 19:44 hours
Hyper-V role detected

CPU: total 8 (initial active 8) (8 cores per cpu, 2 threads per core) family 23 model 104 stepping 1 microcode 0x0, cx8, cmov, fxsr, ht, mmx, 3dnowpref, sse, sse2, sse3, ssse3, sse4a, sse4.1, sse4.2, popcnt, lzcnt, tsc, tscinvbit, avx, avx2, aes, clmul, bmi1, bmi2, adx, sha, fma, vzeroupper, clflush, clflushopt, hv, rdtscp, rdpid, f16c
Processor Information for all 8 processors :
  Max Mhz: 2600, Current Mhz: 2600, Mhz Limit: 2600

Memory: 4k page, system-wide physical 7502M (230M free)
TotalPageFile size 10502M (AvailPageFile size 2M)
current process WorkingSet (physical memory assigned to process): 239M, peak: 242M
current process commit charge ("private bytes"): 278M, peak: 280M

vm_info: OpenJDK 64-Bit Server VM (21.0.2+13-58) for windows-amd64 JRE (21.0.2+13-58), built on 2024-01-05T18:32:24Z by "mach5one" with MS VC++ 17.1 (VS2022)

END.
