#
# There is insufficient memory for the Java Runtime Environment to continue.
# Native memory allocation (malloc) failed to allocate 32744 bytes for Chunk::new
# Possible reasons:
#   The system is out of physical RAM or swap space
#   The process is running with CompressedOops enabled, and the Java Heap may be blocking the growth of the native heap
# Possible solutions:
#   Reduce memory load on the system
#   Increase physical memory or swap space
#   Check if swap backing store is full
#   Decrease Java heap size (-Xmx/-Xms)
#   Decrease number of Java threads
#   Decrease Java thread stack sizes (-Xss)
#   Set larger code cache with -XX:ReservedCodeCacheSize=
#   JVM is running with Unscaled Compressed Oops mode in which the Java heap is
#     placed in the first 4GB address space. The Java Heap base address is the
#     maximum limit for the native heap growth. Please use -XX:HeapBaseMinAddress
#     to set the Java Heap base and to place the Java Heap above 4GB virtual address.
# This output file may be truncated or incomplete.
#
#  Out of Memory Error (arena.cpp:168), pid=12892, tid=4644
#
# JRE version: OpenJDK Runtime Environment (21.0.2+13) (build 21.0.2+13-58)
# Java VM: OpenJDK 64-Bit Server VM (21.0.2+13-58, mixed mode, sharing, tiered, compressed oops, compressed class ptrs, g1 gc, windows-amd64)
# No core dump will be written. Minidumps are not enabled by default on client versions of Windows
#

---------------  S U M M A R Y ------------

Command Line: -javaagent:C:\Program Files\JetBrains\IntelliJ IDEA Community Edition 2023.3.4\lib\idea_rt.jar=57241:C:\Program Files\JetBrains\IntelliJ IDEA Community Edition 2023.3.4\bin -Dfile.encoding=UTF-8 -Dsun.stdout.encoding=UTF-8 -Dsun.stderr.encoding=UTF-8 bg.fmi.javaweb.sportstournamentorganizer.SportsTournamentOrganizerApplication

Host: AMD Ryzen 3 5300U with Radeon Graphics         , 8 cores, 7G,  Windows 11 , 64 bit Build 22621 (10.0.22621.3672)
Time: Fri Jul 19 19:05:07 2024  Windows 11 , 64 bit Build 22621 (10.0.22621.3672) elapsed time: 15.989310 seconds (0d 0h 0m 15s)

---------------  T H R E A D  ---------------

Current thread (0x0000019a32048220):  JavaThread "C2 CompilerThread0" daemon [_thread_in_native, id=4644, stack(0x0000005f97e00000,0x0000005f97f00000) (1024K)]


Current CompileTask:
C2:  15989 6806       4       java.io.WinNTFileSystem::resolve (326 bytes)

Stack: [0x0000005f97e00000,0x0000005f97f00000]
Native frames: (J=compiled Java code, j=interpreted, Vv=VM code, C=native code)
V  [jvm.dll+0x6cade9]
V  [jvm.dll+0x8569c1]
V  [jvm.dll+0x858d2e]
V  [jvm.dll+0x859413]
V  [jvm.dll+0x280e56]
V  [jvm.dll+0xc3f3d]
V  [jvm.dll+0xc4473]
V  [jvm.dll+0x6a8b06]
V  [jvm.dll+0x8b868]
V  [jvm.dll+0x393e6a]
V  [jvm.dll+0x6db20b]
V  [jvm.dll+0x6da9de]
V  [jvm.dll+0x1cc90c]
V  [jvm.dll+0x2f358f]
V  [jvm.dll+0x6e52e4]
V  [jvm.dll+0x6dd596]
V  [jvm.dll+0x6dca2e]
V  [jvm.dll+0x6dac4c]
V  [jvm.dll+0x1cc90c]
V  [jvm.dll+0x2f358f]
V  [jvm.dll+0x6e52e4]
V  [jvm.dll+0x6dd596]
V  [jvm.dll+0x6dca2e]
V  [jvm.dll+0x6dac4c]
V  [jvm.dll+0x1cc90c]
V  [jvm.dll+0x1cd48a]
V  [jvm.dll+0x2f358f]
V  [jvm.dll+0x6e52e4]
V  [jvm.dll+0x6dd596]
V  [jvm.dll+0x6dca2e]
V  [jvm.dll+0x6dac4c]
V  [jvm.dll+0x1cc90c]
V  [jvm.dll+0x248d3d]
V  [jvm.dll+0x1c9634]
V  [jvm.dll+0x258859]
V  [jvm.dll+0x256e3a]
V  [jvm.dll+0x3ef6c6]
V  [jvm.dll+0x7ff568]
V  [jvm.dll+0x6c953d]
C  [ucrtbase.dll+0x29333]
C  [KERNEL32.DLL+0x1257d]
C  [ntdll.dll+0x5af28]


---------------  P R O C E S S  ---------------

Threads class SMR info:
_java_thread_list=0x0000019a78e302d0, length=31, elements={
0x0000019a32032950, 0x0000019a32035a80, 0x0000019a32039420, 0x0000019a32039e80,
0x0000019a3203d090, 0x0000019a32040140, 0x0000019a32048220, 0x0000019a32049590,
0x0000019a320414f0, 0x0000019a32041b80, 0x0000019a3203f420, 0x0000019a78f0a990,
0x0000019a78f0bd40, 0x0000019a78f095e0, 0x0000019a78f0b6b0, 0x0000019a78f09c70,
0x0000019a78f08230, 0x0000019a78f0b020, 0x0000019a78f07510, 0x0000019a78f06e80,
0x0000019a78f0a300, 0x0000019a78f0c3d0, 0x0000019a78f05440, 0x0000019a78f07ba0,
0x0000019a78f067f0, 0x0000019a78f088c0, 0x0000019a7b9e5e80, 0x0000019a7b9e57f0,
0x0000019a7b9e3090, 0x0000019a7b9ea6b0, 0x0000019a7b9e9300
}

Java Threads: ( => current thread )
  0x0000019a32032950 JavaThread "Reference Handler"          daemon [_thread_blocked, id=18912, stack(0x0000005f97800000,0x0000005f97900000) (1024K)]
  0x0000019a32035a80 JavaThread "Finalizer"                  daemon [_thread_blocked, id=7360, stack(0x0000005f97900000,0x0000005f97a00000) (1024K)]
  0x0000019a32039420 JavaThread "Signal Dispatcher"          daemon [_thread_blocked, id=8632, stack(0x0000005f97a00000,0x0000005f97b00000) (1024K)]
  0x0000019a32039e80 JavaThread "Attach Listener"            daemon [_thread_blocked, id=5408, stack(0x0000005f97b00000,0x0000005f97c00000) (1024K)]
  0x0000019a3203d090 JavaThread "Service Thread"             daemon [_thread_blocked, id=316, stack(0x0000005f97c00000,0x0000005f97d00000) (1024K)]
  0x0000019a32040140 JavaThread "Monitor Deflation Thread"   daemon [_thread_blocked, id=13920, stack(0x0000005f97d00000,0x0000005f97e00000) (1024K)]
=>0x0000019a32048220 JavaThread "C2 CompilerThread0"         daemon [_thread_in_native, id=4644, stack(0x0000005f97e00000,0x0000005f97f00000) (1024K)]
  0x0000019a32049590 JavaThread "C1 CompilerThread0"         daemon [_thread_blocked, id=16536, stack(0x0000005f97f00000,0x0000005f98000000) (1024K)]
  0x0000019a320414f0 JavaThread "Common-Cleaner"             daemon [_thread_blocked, id=17304, stack(0x0000005f98000000,0x0000005f98100000) (1024K)]
  0x0000019a32041b80 JavaThread "Monitor Ctrl-Break"         daemon [_thread_in_native, id=8392, stack(0x0000005f98200000,0x0000005f98300000) (1024K)]
  0x0000019a3203f420 JavaThread "Notification Thread"        daemon [_thread_blocked, id=11632, stack(0x0000005f98300000,0x0000005f98400000) (1024K)]
  0x0000019a78f0a990 JavaThread "Catalina-utility-1"                [_thread_blocked, id=2976, stack(0x0000005f98f00000,0x0000005f99000000) (1024K)]
  0x0000019a78f0bd40 JavaThread "Catalina-utility-2"                [_thread_blocked, id=13360, stack(0x0000005f99000000,0x0000005f99100000) (1024K)]
  0x0000019a78f095e0 JavaThread "http-nio-8080-exec-1"       daemon [_thread_blocked, id=18692, stack(0x0000005f99100000,0x0000005f99200000) (1024K)]
  0x0000019a78f0b6b0 JavaThread "http-nio-8080-exec-2"       daemon [_thread_blocked, id=8276, stack(0x0000005f99200000,0x0000005f99300000) (1024K)]
  0x0000019a78f09c70 JavaThread "http-nio-8080-exec-3"       daemon [_thread_blocked, id=12168, stack(0x0000005f99300000,0x0000005f99400000) (1024K)]
  0x0000019a78f08230 JavaThread "http-nio-8080-exec-4"       daemon [_thread_blocked, id=16672, stack(0x0000005f99400000,0x0000005f99500000) (1024K)]
  0x0000019a78f0b020 JavaThread "http-nio-8080-exec-5"       daemon [_thread_blocked, id=4408, stack(0x0000005f99500000,0x0000005f99600000) (1024K)]
  0x0000019a78f07510 JavaThread "http-nio-8080-exec-6"       daemon [_thread_blocked, id=14288, stack(0x0000005f99600000,0x0000005f99700000) (1024K)]
  0x0000019a78f06e80 JavaThread "http-nio-8080-exec-7"       daemon [_thread_blocked, id=19192, stack(0x0000005f99700000,0x0000005f99800000) (1024K)]
  0x0000019a78f0a300 JavaThread "http-nio-8080-exec-8"       daemon [_thread_blocked, id=12852, stack(0x0000005f99800000,0x0000005f99900000) (1024K)]
  0x0000019a78f0c3d0 JavaThread "http-nio-8080-exec-9"       daemon [_thread_blocked, id=2988, stack(0x0000005f99900000,0x0000005f99a00000) (1024K)]
  0x0000019a78f05440 JavaThread "http-nio-8080-exec-10"      daemon [_thread_blocked, id=17876, stack(0x0000005f99a00000,0x0000005f99b00000) (1024K)]
  0x0000019a78f07ba0 JavaThread "container-0"                       [_thread_blocked, id=8828, stack(0x0000005f99b00000,0x0000005f99c00000) (1024K)]
  0x0000019a78f067f0 JavaThread "PostgreSQL-JDBC-Cleaner"    daemon [_thread_blocked, id=11076, stack(0x0000005f99d00000,0x0000005f99e00000) (1024K)]
  0x0000019a78f088c0 JavaThread "HikariPool-1 housekeeper"   daemon [_thread_blocked, id=1652, stack(0x0000005f99e00000,0x0000005f99f00000) (1024K)]
  0x0000019a7b9e5e80 JavaThread "File Watcher"               daemon [_thread_blocked, id=16232, stack(0x0000005f9a000000,0x0000005f9a100000) (1024K)]
  0x0000019a7b9e57f0 JavaThread "Live Reload Server"         daemon [_thread_in_native, id=1808, stack(0x0000005f9a200000,0x0000005f9a300000) (1024K)]
  0x0000019a7b9e3090 JavaThread "http-nio-8080-Poller"       daemon [_thread_in_native, id=3936, stack(0x0000005f9a100000,0x0000005f9a200000) (1024K)]
  0x0000019a7b9ea6b0 JavaThread "http-nio-8080-Acceptor"     daemon [_thread_in_native, id=3472, stack(0x0000005f9a300000,0x0000005f9a400000) (1024K)]
  0x0000019a7b9e9300 JavaThread "DestroyJavaVM"                     [_thread_blocked, id=17568, stack(0x0000005f97000000,0x0000005f97100000) (1024K)]
Total: 31

Other Threads:
  0x0000019a32015620 VMThread "VM Thread"                           [id=7172, stack(0x0000005f97700000,0x0000005f97800000) (1024K)]
  0x0000019a31ffaba0 WatcherThread "VM Periodic Task Thread"        [id=13964, stack(0x0000005f97600000,0x0000005f97700000) (1024K)]
  0x0000019a15a2d4f0 WorkerThread "GC Thread#0"                     [id=2184, stack(0x0000005f97100000,0x0000005f97200000) (1024K)]
  0x0000019a32a13b60 WorkerThread "GC Thread#1"                     [id=8212, stack(0x0000005f98600000,0x0000005f98700000) (1024K)]
  0x0000019a32901a90 WorkerThread "GC Thread#2"                     [id=6820, stack(0x0000005f98700000,0x0000005f98800000) (1024K)]
  0x0000019a32901e30 WorkerThread "GC Thread#3"                     [id=14880, stack(0x0000005f98800000,0x0000005f98900000) (1024K)]
  0x0000019a32b62210 WorkerThread "GC Thread#4"                     [id=13668, stack(0x0000005f98900000,0x0000005f98a00000) (1024K)]
  0x0000019a32b625b0 WorkerThread "GC Thread#5"                     [id=11516, stack(0x0000005f98a00000,0x0000005f98b00000) (1024K)]
  0x0000019a7886f4f0 WorkerThread "GC Thread#6"                     [id=4924, stack(0x0000005f98d00000,0x0000005f98e00000) (1024K)]
  0x0000019a788e5310 WorkerThread "GC Thread#7"                     [id=2660, stack(0x0000005f98e00000,0x0000005f98f00000) (1024K)]
  0x0000019a1374dbf0 ConcurrentGCThread "G1 Main Marker"            [id=9232, stack(0x0000005f97200000,0x0000005f97300000) (1024K)]
  0x0000019a1374e6f0 WorkerThread "G1 Conc#0"                       [id=14756, stack(0x0000005f97300000,0x0000005f97400000) (1024K)]
  0x0000019a78cbe8f0 WorkerThread "G1 Conc#1"                       [id=4156, stack(0x0000005f98b00000,0x0000005f98c00000) (1024K)]
  0x0000019a15a8eb50 ConcurrentGCThread "G1 Refine#0"               [id=12664, stack(0x0000005f97400000,0x0000005f97500000) (1024K)]
  0x0000019a31ece890 ConcurrentGCThread "G1 Service"                [id=13040, stack(0x0000005f97500000,0x0000005f97600000) (1024K)]
Total: 15

Threads with active compile tasks:
C2 CompilerThread0    16022 6806       4       java.io.WinNTFileSystem::resolve (326 bytes)
Total: 1

VM state: not at safepoint (normal execution)

VM Mutex/Monitor currently owned by a thread: None

Heap address: 0x000000008ac00000, size: 1876 MB, Compressed Oops mode: 32-bit

CDS archive(s) mapped at: [0x0000019a33000000-0x0000019a33c90000-0x0000019a33c90000), size 13172736, SharedBaseAddress: 0x0000019a33000000, ArchiveRelocationMode: 1.
Compressed class space mapped at: 0x0000019a34000000-0x0000019a74000000, reserved size: 1073741824
Narrow klass base: 0x0000019a33000000, Narrow klass shift: 0, Narrow klass range: 0x100000000

GC Precious Log:
 CardTable entry size: 512
 Card Set container configuration: InlinePtr #cards 5 size 8 Array Of Cards #cards 12 size 40 Howl #buckets 4 coarsen threshold 1843 Howl Bitmap #cards 512 size 80 coarsen threshold 460 Card regions per heap region 1 cards per card region 2048
 CPUs: 8 total, 8 available
 Memory: 7502M
 Large Page Support: Disabled
 NUMA Support: Disabled
 Compressed Oops: Enabled (32-bit)
 Heap Region Size: 1M
 Heap Min Capacity: 8M
 Heap Initial Capacity: 118M
 Heap Max Capacity: 1876M
 Pre-touch: Disabled
 Parallel Workers: 8
 Concurrent Workers: 2
 Concurrent Refinement Workers: 8
 Periodic GC: Disabled

Heap:
 garbage-first heap   total 51200K, used 41401K [0x000000008ac00000, 0x0000000100000000)
  region size 1024K, 15 young (15360K), 2 survivors (2048K)
 Metaspace       used 66097K, committed 66752K, reserved 1114112K
  class space    used 8907K, committed 9216K, reserved 1048576K

Heap Regions: E=young(eden), S=young(survivor), O=old, HS=humongous(starts), HC=humongous(continues), CS=collection set, F=free, TAMS=top-at-mark-start, PB=parsable bottom
|   0|0x000000008ac00000, 0x000000008ad00000, 0x000000008ad00000|100%|HS|  |TAMS 0x000000008ac00000| PB 0x000000008ac00000| Complete 
|   1|0x000000008ad00000, 0x000000008ae00000, 0x000000008ae00000|100%| O|  |TAMS 0x000000008ad00000| PB 0x000000008ad00000| Untracked 
|   2|0x000000008ae00000, 0x000000008af00000, 0x000000008af00000|100%| O|  |TAMS 0x000000008ae00000| PB 0x000000008ae00000| Untracked 
|   3|0x000000008af00000, 0x000000008b000000, 0x000000008b000000|100%| O|  |TAMS 0x000000008af00000| PB 0x000000008af00000| Untracked 
|   4|0x000000008b000000, 0x000000008b100000, 0x000000008b100000|100%| O|  |TAMS 0x000000008b000000| PB 0x000000008b000000| Untracked 
|   5|0x000000008b100000, 0x000000008b200000, 0x000000008b200000|100%| O|  |TAMS 0x000000008b100000| PB 0x000000008b100000| Untracked 
|   6|0x000000008b200000, 0x000000008b300000, 0x000000008b300000|100%| O|  |TAMS 0x000000008b200000| PB 0x000000008b200000| Untracked 
|   7|0x000000008b300000, 0x000000008b400000, 0x000000008b400000|100%| O|  |TAMS 0x000000008b300000| PB 0x000000008b300000| Untracked 
|   8|0x000000008b400000, 0x000000008b500000, 0x000000008b500000|100%| O|  |TAMS 0x000000008b400000| PB 0x000000008b400000| Untracked 
|   9|0x000000008b500000, 0x000000008b600000, 0x000000008b600000|100%| O|  |TAMS 0x000000008b500000| PB 0x000000008b500000| Untracked 
|  10|0x000000008b600000, 0x000000008b700000, 0x000000008b700000|100%| O|  |TAMS 0x000000008b600000| PB 0x000000008b600000| Untracked 
|  11|0x000000008b700000, 0x000000008b800000, 0x000000008b800000|100%| O|  |TAMS 0x000000008b700000| PB 0x000000008b700000| Untracked 
|  12|0x000000008b800000, 0x000000008b900000, 0x000000008b900000|100%| O|  |TAMS 0x000000008b800000| PB 0x000000008b800000| Untracked 
|  13|0x000000008b900000, 0x000000008b900000, 0x000000008ba00000|  0%| F|  |TAMS 0x000000008b900000| PB 0x000000008b900000| Untracked 
|  14|0x000000008ba00000, 0x000000008bb00000, 0x000000008bb00000|100%| O|  |TAMS 0x000000008ba00000| PB 0x000000008ba00000| Untracked 
|  15|0x000000008bb00000, 0x000000008bc00000, 0x000000008bc00000|100%| O|  |TAMS 0x000000008bb00000| PB 0x000000008bb00000| Untracked 
|  16|0x000000008bc00000, 0x000000008bd00000, 0x000000008bd00000|100%| O|  |TAMS 0x000000008bc00000| PB 0x000000008bc00000| Untracked 
|  17|0x000000008bd00000, 0x000000008be00000, 0x000000008be00000|100%| O|  |TAMS 0x000000008bd00000| PB 0x000000008bd00000| Untracked 
|  18|0x000000008be00000, 0x000000008bf00000, 0x000000008bf00000|100%| O|  |TAMS 0x000000008be00000| PB 0x000000008be00000| Untracked 
|  19|0x000000008bf00000, 0x000000008c000000, 0x000000008c000000|100%| O|  |TAMS 0x000000008bf00000| PB 0x000000008bf00000| Untracked 
|  20|0x000000008c000000, 0x000000008c100000, 0x000000008c100000|100%| O|  |TAMS 0x000000008c000000| PB 0x000000008c000000| Untracked 
|  21|0x000000008c100000, 0x000000008c200000, 0x000000008c200000|100%| O|  |TAMS 0x000000008c100000| PB 0x000000008c100000| Untracked 
|  22|0x000000008c200000, 0x000000008c300000, 0x000000008c300000|100%| O|  |TAMS 0x000000008c200000| PB 0x000000008c200000| Untracked 
|  23|0x000000008c300000, 0x000000008c400000, 0x000000008c400000|100%| O|  |TAMS 0x000000008c300000| PB 0x000000008c300000| Untracked 
|  24|0x000000008c400000, 0x000000008c500000, 0x000000008c500000|100%| O|  |TAMS 0x000000008c400000| PB 0x000000008c400000| Untracked 
|  25|0x000000008c500000, 0x000000008c600000, 0x000000008c600000|100%| O|  |TAMS 0x000000008c500000| PB 0x000000008c500000| Untracked 
|  26|0x000000008c600000, 0x000000008c700000, 0x000000008c700000|100%| O|  |TAMS 0x000000008c600000| PB 0x000000008c600000| Untracked 
|  27|0x000000008c700000, 0x000000008c700000, 0x000000008c800000|  0%| F|  |TAMS 0x000000008c700000| PB 0x000000008c700000| Untracked 
|  28|0x000000008c800000, 0x000000008c800000, 0x000000008c900000|  0%| F|  |TAMS 0x000000008c800000| PB 0x000000008c800000| Untracked 
|  29|0x000000008c900000, 0x000000008c900000, 0x000000008ca00000|  0%| F|  |TAMS 0x000000008c900000| PB 0x000000008c900000| Untracked 
|  30|0x000000008ca00000, 0x000000008cb00000, 0x000000008cb00000|100%| O|  |TAMS 0x000000008ca00000| PB 0x000000008ca00000| Untracked 
|  31|0x000000008cb00000, 0x000000008cb6f970, 0x000000008cc00000| 43%| O|  |TAMS 0x000000008cb00000| PB 0x000000008cb00000| Untracked 
|  32|0x000000008cc00000, 0x000000008cc00000, 0x000000008cd00000|  0%| F|  |TAMS 0x000000008cc00000| PB 0x000000008cc00000| Untracked 
|  33|0x000000008cd00000, 0x000000008cdfeb80, 0x000000008ce00000| 99%| S|CS|TAMS 0x000000008cd00000| PB 0x000000008cd00000| Complete 
|  34|0x000000008ce00000, 0x000000008cf00000, 0x000000008cf00000|100%| S|CS|TAMS 0x000000008ce00000| PB 0x000000008ce00000| Complete 
|  35|0x000000008cf00000, 0x000000008cf00000, 0x000000008d000000|  0%| F|  |TAMS 0x000000008cf00000| PB 0x000000008cf00000| Untracked 
|  36|0x000000008d000000, 0x000000008d000000, 0x000000008d100000|  0%| F|  |TAMS 0x000000008d000000| PB 0x000000008d000000| Untracked 
|  37|0x000000008d100000, 0x000000008d129f88, 0x000000008d200000| 16%| E|  |TAMS 0x000000008d100000| PB 0x000000008d100000| Complete 
|  38|0x000000008d200000, 0x000000008d300000, 0x000000008d300000|100%| E|CS|TAMS 0x000000008d200000| PB 0x000000008d200000| Complete 
|  39|0x000000008d300000, 0x000000008d400000, 0x000000008d400000|100%| E|CS|TAMS 0x000000008d300000| PB 0x000000008d300000| Complete 
|  40|0x000000008d400000, 0x000000008d500000, 0x000000008d500000|100%| E|CS|TAMS 0x000000008d400000| PB 0x000000008d400000| Complete 
|  41|0x000000008d500000, 0x000000008d600000, 0x000000008d600000|100%| E|CS|TAMS 0x000000008d500000| PB 0x000000008d500000| Complete 
|  63|0x000000008eb00000, 0x000000008ec00000, 0x000000008ec00000|100%| E|CS|TAMS 0x000000008eb00000| PB 0x000000008eb00000| Complete 
|  64|0x000000008ec00000, 0x000000008ed00000, 0x000000008ed00000|100%| E|CS|TAMS 0x000000008ec00000| PB 0x000000008ec00000| Complete 
|  65|0x000000008ed00000, 0x000000008ee00000, 0x000000008ee00000|100%| E|  |TAMS 0x000000008ed00000| PB 0x000000008ed00000| Complete 
|  66|0x000000008ee00000, 0x000000008ef00000, 0x000000008ef00000|100%| E|CS|TAMS 0x000000008ee00000| PB 0x000000008ee00000| Complete 
|  67|0x000000008ef00000, 0x000000008f000000, 0x000000008f000000|100%| E|CS|TAMS 0x000000008ef00000| PB 0x000000008ef00000| Complete 
|  68|0x000000008f000000, 0x000000008f100000, 0x000000008f100000|100%| E|CS|TAMS 0x000000008f000000| PB 0x000000008f000000| Complete 
|  69|0x000000008f100000, 0x000000008f200000, 0x000000008f200000|100%| E|CS|TAMS 0x000000008f100000| PB 0x000000008f100000| Complete 
| 117|0x0000000092100000, 0x0000000092200000, 0x0000000092200000|100%| E|CS|TAMS 0x0000000092100000| PB 0x0000000092100000| Complete 

Card table byte_map: [0x0000019a2d510000,0x0000019a2d8c0000] _byte_map_base: 0x0000019a2d0ba000

Marking Bits: (CMBitMap*) 0x0000019a15a2dbf0
 Bits: [0x0000019a2d8c0000, 0x0000019a2f610000)

Polling page: 0x0000019a13930000

Metaspace:

Usage:
  Non-class:     55.85 MB used.
      Class:      8.70 MB used.
       Both:     64.55 MB used.

Virtual space:
  Non-class space:       64.00 MB reserved,      56.19 MB ( 88%) committed,  1 nodes.
      Class space:        1.00 GB reserved,       9.00 MB ( <1%) committed,  1 nodes.
             Both:        1.06 GB reserved,      65.19 MB (  6%) committed. 

Chunk freelists:
   Non-Class:  7.69 MB
       Class:  6.89 MB
        Both:  14.58 MB

MaxMetaspaceSize: unlimited
CompressedClassSpaceSize: 1.00 GB
Initial GC threshold: 21.00 MB
Current GC threshold: 98.06 MB
CDS: on
 - commit_granule_bytes: 65536.
 - commit_granule_words: 8192.
 - virtual_space_node_default_size: 8388608.
 - enlarge_chunks_in_place: 1.
 - use_allocation_guard: 0.


Internal statistics:

num_allocs_failed_limit: 9.
num_arena_births: 1006.
num_arena_deaths: 0.
num_vsnodes_births: 2.
num_vsnodes_deaths: 0.
num_space_committed: 1043.
num_space_uncommitted: 0.
num_chunks_returned_to_freelist: 9.
num_chunks_taken_from_freelist: 3455.
num_chunk_merges: 9.
num_chunk_splits: 2463.
num_chunks_enlarged: 1870.
num_inconsistent_stats: 0.

CodeHeap 'non-profiled nmethods': size=120000Kb used=4129Kb max_used=4129Kb free=115871Kb
 bounds [0x0000019a258f0000, 0x0000019a25d00000, 0x0000019a2ce20000]
CodeHeap 'profiled nmethods': size=120000Kb used=11753Kb max_used=11753Kb free=108246Kb
 bounds [0x0000019a1de20000, 0x0000019a1e9a0000, 0x0000019a25350000]
CodeHeap 'non-nmethods': size=5760Kb used=1691Kb max_used=1733Kb free=4068Kb
 bounds [0x0000019a25350000, 0x0000019a255c0000, 0x0000019a258f0000]
 total_blobs=6800 nmethods=6079 adapters=624
 compilation: enabled
              stopped_count=0, restarted_count=0
 full_count=0

Compilation events (20 events):
Event: 15.424 Thread 0x0000019a32049590 6797       3       java.util.concurrent.ConcurrentLinkedQueue::poll (84 bytes)
Event: 15.427 Thread 0x0000019a32049590 nmethod 6797 0x0000019a1e991090 code [0x0000019a1e9916c0, 0x0000019a1e994cd0]
Event: 15.427 Thread 0x0000019a32049590 6799       3       com.fasterxml.jackson.databind.cfg.MapperConfig::isEnabled (9 bytes)
Event: 15.427 Thread 0x0000019a32049590 nmethod 6799 0x0000019a1e995c10 code [0x0000019a1e995dc0, 0x0000019a1e995f98]
Event: 15.427 Thread 0x0000019a32049590 6798       3       java.util.concurrent.ConcurrentLinkedQueue::updateHead (26 bytes)
Event: 15.428 Thread 0x0000019a32049590 nmethod 6798 0x0000019a1e996090 code [0x0000019a1e996400, 0x0000019a1e9978d8]
Event: 15.429 Thread 0x0000019a32048220 nmethod 6791 0x0000019a25cf4a10 code [0x0000019a25cf4c00, 0x0000019a25cf53f8]
Event: 15.429 Thread 0x0000019a32048220 6787       4       sun.reflect.annotation.AnnotationParser::parseMemberValue (230 bytes)
Event: 15.443 Thread 0x0000019a32049590 6800       1       com.fasterxml.jackson.databind.util.internal.PrivateMaxEntriesMap$Node::getPrevious (5 bytes)
Event: 15.443 Thread 0x0000019a32049590 nmethod 6800 0x0000019a25a2f410 code [0x0000019a25a2f5a0, 0x0000019a25a2f668]
Event: 15.445 Thread 0x0000019a32049590 6801       1       com.fasterxml.jackson.databind.util.internal.PrivateMaxEntriesMap$Node::setNext (6 bytes)
Event: 15.445 Thread 0x0000019a32049590 nmethod 6801 0x0000019a25a2f110 code [0x0000019a25a2f2a0, 0x0000019a25a2f3b0]
Event: 15.445 Thread 0x0000019a32049590 6802       1       com.fasterxml.jackson.databind.util.internal.PrivateMaxEntriesMap$Node::setPrevious (6 bytes)
Event: 15.445 Thread 0x0000019a32049590 nmethod 6802 0x0000019a25a2ee10 code [0x0000019a25a2efa0, 0x0000019a25a2f0b0]
Event: 15.448 Thread 0x0000019a32049590 6804       3       com.fasterxml.jackson.databind.util.internal.PrivateMaxEntriesMap::drainReadBuffer (104 bytes)
Event: 15.449 Thread 0x0000019a32049590 nmethod 6804 0x0000019a1e997f90 code [0x0000019a1e9983c0, 0x0000019a1e99a290]
Event: 15.450 Thread 0x0000019a32049590 6805       3       java.util.concurrent.atomic.AtomicReference::<init> (10 bytes)
Event: 15.450 Thread 0x0000019a32049590 nmethod 6805 0x0000019a1e99af10 code [0x0000019a1e99b0c0, 0x0000019a1e99b280]
Event: 15.455 Thread 0x0000019a32048220 nmethod 6787 0x0000019a25cf5c10 code [0x0000019a25cf5f80, 0x0000019a25cf7410]
Event: 15.983 Thread 0x0000019a32048220 6806       4       java.io.WinNTFileSystem::resolve (326 bytes)

GC Heap History (20 events):
Event: 4.554 GC heap before
{Heap before GC invocations=5 (full 0):
 garbage-first heap   total 51200K, used 37461K [0x000000008ac00000, 0x0000000100000000)
  region size 1024K, 25 young (25600K), 3 survivors (3072K)
 Metaspace       used 28925K, committed 29440K, reserved 1114112K
  class space    used 3605K, committed 3840K, reserved 1048576K
}
Event: 4.558 GC heap after
{Heap after GC invocations=6 (full 0):
 garbage-first heap   total 51200K, used 18123K [0x000000008ac00000, 0x0000000100000000)
  region size 1024K, 3 young (3072K), 3 survivors (3072K)
 Metaspace       used 28925K, committed 29440K, reserved 1114112K
  class space    used 3605K, committed 3840K, reserved 1048576K
}
Event: 5.190 GC heap before
{Heap before GC invocations=6 (full 0):
 garbage-first heap   total 51200K, used 40651K [0x000000008ac00000, 0x0000000100000000)
  region size 1024K, 25 young (25600K), 3 survivors (3072K)
 Metaspace       used 33402K, committed 33920K, reserved 1114112K
  class space    used 4248K, committed 4480K, reserved 1048576K
}
Event: 5.193 GC heap after
{Heap after GC invocations=7 (full 0):
 garbage-first heap   total 51200K, used 19432K [0x000000008ac00000, 0x0000000100000000)
  region size 1024K, 4 young (4096K), 4 survivors (4096K)
 Metaspace       used 33402K, committed 33920K, reserved 1114112K
  class space    used 4248K, committed 4480K, reserved 1048576K
}
Event: 5.388 GC heap before
{Heap before GC invocations=7 (full 0):
 garbage-first heap   total 51200K, used 27624K [0x000000008ac00000, 0x0000000100000000)
  region size 1024K, 13 young (13312K), 4 survivors (4096K)
 Metaspace       used 35453K, committed 35968K, reserved 1114112K
  class space    used 4591K, committed 4864K, reserved 1048576K
}
Event: 5.390 GC heap after
{Heap after GC invocations=8 (full 0):
 garbage-first heap   total 51200K, used 19910K [0x000000008ac00000, 0x0000000100000000)
  region size 1024K, 2 young (2048K), 2 survivors (2048K)
 Metaspace       used 35453K, committed 35968K, reserved 1114112K
  class space    used 4591K, committed 4864K, reserved 1048576K
}
Event: 6.262 GC heap before
{Heap before GC invocations=9 (full 0):
 garbage-first heap   total 51200K, used 42438K [0x000000008ac00000, 0x0000000100000000)
  region size 1024K, 25 young (25600K), 2 survivors (2048K)
 Metaspace       used 41967K, committed 42496K, reserved 1114112K
  class space    used 5499K, committed 5696K, reserved 1048576K
}
Event: 6.265 GC heap after
{Heap after GC invocations=10 (full 0):
 garbage-first heap   total 51200K, used 21345K [0x000000008ac00000, 0x0000000100000000)
  region size 1024K, 4 young (4096K), 4 survivors (4096K)
 Metaspace       used 41967K, committed 42496K, reserved 1114112K
  class space    used 5499K, committed 5696K, reserved 1048576K
}
Event: 6.726 GC heap before
{Heap before GC invocations=10 (full 0):
 garbage-first heap   total 51200K, used 41825K [0x000000008ac00000, 0x0000000100000000)
  region size 1024K, 25 young (25600K), 4 survivors (4096K)
 Metaspace       used 47290K, committed 47872K, reserved 1114112K
  class space    used 6293K, committed 6592K, reserved 1048576K
}
Event: 6.730 GC heap after
{Heap after GC invocations=11 (full 0):
 garbage-first heap   total 51200K, used 22499K [0x000000008ac00000, 0x0000000100000000)
  region size 1024K, 4 young (4096K), 4 survivors (4096K)
 Metaspace       used 47290K, committed 47872K, reserved 1114112K
  class space    used 6293K, committed 6592K, reserved 1048576K
}
Event: 7.184 GC heap before
{Heap before GC invocations=11 (full 0):
 garbage-first heap   total 51200K, used 42979K [0x000000008ac00000, 0x0000000100000000)
  region size 1024K, 24 young (24576K), 4 survivors (4096K)
 Metaspace       used 51614K, committed 52224K, reserved 1114112K
  class space    used 6928K, committed 7232K, reserved 1048576K
}
Event: 7.187 GC heap after
{Heap after GC invocations=12 (full 0):
 garbage-first heap   total 51200K, used 23266K [0x000000008ac00000, 0x0000000100000000)
  region size 1024K, 3 young (3072K), 3 survivors (3072K)
 Metaspace       used 51614K, committed 52224K, reserved 1114112K
  class space    used 6928K, committed 7232K, reserved 1048576K
}
Event: 7.769 GC heap before
{Heap before GC invocations=12 (full 0):
 garbage-first heap   total 51200K, used 43746K [0x000000008ac00000, 0x0000000100000000)
  region size 1024K, 23 young (23552K), 3 survivors (3072K)
 Metaspace       used 56261K, committed 56960K, reserved 1114112K
  class space    used 7578K, committed 7936K, reserved 1048576K
}
Event: 7.772 GC heap after
{Heap after GC invocations=13 (full 0):
 garbage-first heap   total 51200K, used 24847K [0x000000008ac00000, 0x0000000100000000)
  region size 1024K, 3 young (3072K), 3 survivors (3072K)
 Metaspace       used 56261K, committed 56960K, reserved 1114112K
  class space    used 7578K, committed 7936K, reserved 1048576K
}
Event: 8.236 GC heap before
{Heap before GC invocations=13 (full 0):
 garbage-first heap   total 51200K, used 40207K [0x000000008ac00000, 0x0000000100000000)
  region size 1024K, 19 young (19456K), 3 survivors (3072K)
 Metaspace       used 59471K, committed 60096K, reserved 1114112K
  class space    used 7994K, committed 8320K, reserved 1048576K
}
Event: 8.239 GC heap after
{Heap after GC invocations=14 (full 0):
 garbage-first heap   total 51200K, used 26570K [0x000000008ac00000, 0x0000000100000000)
  region size 1024K, 2 young (2048K), 2 survivors (2048K)
 Metaspace       used 59471K, committed 60096K, reserved 1114112K
  class space    used 7994K, committed 8320K, reserved 1048576K
}
Event: 8.777 GC heap before
{Heap before GC invocations=15 (full 0):
 garbage-first heap   total 51200K, used 45002K [0x000000008ac00000, 0x0000000100000000)
  region size 1024K, 20 young (20480K), 2 survivors (2048K)
 Metaspace       used 61093K, committed 61824K, reserved 1114112K
  class space    used 8252K, committed 8576K, reserved 1048576K
}
Event: 8.780 GC heap after
{Heap after GC invocations=16 (full 0):
 garbage-first heap   total 51200K, used 28722K [0x000000008ac00000, 0x0000000100000000)
  region size 1024K, 3 young (3072K), 3 survivors (3072K)
 Metaspace       used 61093K, committed 61824K, reserved 1114112K
  class space    used 8252K, committed 8576K, reserved 1048576K
}
Event: 9.205 GC heap before
{Heap before GC invocations=16 (full 0):
 garbage-first heap   total 51200K, used 43058K [0x000000008ac00000, 0x0000000100000000)
  region size 1024K, 18 young (18432K), 3 survivors (3072K)
 Metaspace       used 62818K, committed 63424K, reserved 1114112K
  class space    used 8486K, committed 8768K, reserved 1048576K
}
Event: 9.210 GC heap after
{Heap after GC invocations=17 (full 0):
 garbage-first heap   total 51200K, used 30137K [0x000000008ac00000, 0x0000000100000000)
  region size 1024K, 2 young (2048K), 2 survivors (2048K)
 Metaspace       used 62818K, committed 63424K, reserved 1114112K
  class space    used 8486K, committed 8768K, reserved 1048576K
}

Dll operation events (14 events):
Event: 0.015 Loaded shared library C:\Users\HP 14S-FQ1001NU\.jdks\openjdk-21.0.2\bin\java.dll
Event: 0.059 Loaded shared library C:\Users\HP 14S-FQ1001NU\.jdks\openjdk-21.0.2\bin\jsvml.dll
Event: 0.200 Loaded shared library C:\Users\HP 14S-FQ1001NU\.jdks\openjdk-21.0.2\bin\zip.dll
Event: 0.207 Loaded shared library C:\Users\HP 14S-FQ1001NU\.jdks\openjdk-21.0.2\bin\instrument.dll
Event: 0.219 Loaded shared library C:\Users\HP 14S-FQ1001NU\.jdks\openjdk-21.0.2\bin\net.dll
Event: 0.223 Loaded shared library C:\Users\HP 14S-FQ1001NU\.jdks\openjdk-21.0.2\bin\nio.dll
Event: 0.227 Loaded shared library C:\Users\HP 14S-FQ1001NU\.jdks\openjdk-21.0.2\bin\zip.dll
Event: 0.362 Loaded shared library C:\Program Files\JetBrains\IntelliJ IDEA Community Edition 2023.3.4\bin\breakgen64.dll
Event: 0.375 Loaded shared library C:\Users\HP 14S-FQ1001NU\.jdks\openjdk-21.0.2\bin\extnet.dll
Event: 0.432 Loaded shared library C:\Users\HP 14S-FQ1001NU\.jdks\openjdk-21.0.2\bin\jimage.dll
Event: 0.849 Loaded shared library C:\Users\HP 14S-FQ1001NU\.jdks\openjdk-21.0.2\bin\management.dll
Event: 0.851 Loaded shared library C:\Users\HP 14S-FQ1001NU\.jdks\openjdk-21.0.2\bin\management_ext.dll
Event: 2.122 Loaded shared library C:\Users\HP 14S-FQ1001NU\.jdks\openjdk-21.0.2\bin\sunmscapi.dll
Event: 5.248 Loaded shared library C:\Users\HP 14S-FQ1001NU\.jdks\openjdk-21.0.2\bin\verify.dll

Deoptimization events (20 events):
Event: 15.167 Thread 0x0000019a7b9e3090 Uncommon trap: trap_request=0xffffffde fr.pc=0x0000019a25b48280 relative=0x00000000000007e0
Event: 15.167 Thread 0x0000019a7b9e3090 Uncommon trap: reason=class_check action=maybe_recompile pc=0x0000019a25b48280 method=java.util.HashMap.putVal(ILjava/lang/Object;Ljava/lang/Object;ZZ)Ljava/lang/Object; @ 91 c2
Event: 15.168 Thread 0x0000019a7b9e3090 DEOPT PACKING pc=0x0000019a25b48280 sp=0x0000005f9a1feb30
Event: 15.168 Thread 0x0000019a7b9e3090 DEOPT UNPACKING pc=0x0000019a253a46a2 sp=0x0000005f9a1feac0 mode 2
Event: 15.168 Thread 0x0000019a78f0b6b0 Uncommon trap: trap_request=0xffffff45 fr.pc=0x0000019a25befc14 relative=0x0000000000000254
Event: 15.168 Thread 0x0000019a78f0b6b0 Uncommon trap: reason=unstable_if action=reinterpret pc=0x0000019a25befc14 method=java.lang.invoke.MethodType.equals(Ljava/lang/Object;)Z @ 11 c2
Event: 15.168 Thread 0x0000019a78f0b6b0 DEOPT PACKING pc=0x0000019a25befc14 sp=0x0000005f992fdee0
Event: 15.168 Thread 0x0000019a78f0b6b0 DEOPT UNPACKING pc=0x0000019a253a46a2 sp=0x0000005f992fde98 mode 2
Event: 15.168 Thread 0x0000019a78f0b6b0 Uncommon trap: trap_request=0xffffff54 fr.pc=0x0000019a25adf51c relative=0x0000000000000a5c
Event: 15.168 Thread 0x0000019a78f0b6b0 Uncommon trap: reason=speculate_null_assert action=make_not_entrant pc=0x0000019a25adf51c method=java.lang.invoke.MethodType$ConcurrentWeakInternSet.add(Ljava/lang/Object;)Ljava/lang/Object; @ 47 c2
Event: 15.168 Thread 0x0000019a78f0b6b0 DEOPT PACKING pc=0x0000019a25adf51c sp=0x0000005f992fe0c0
Event: 15.169 Thread 0x0000019a78f0b6b0 DEOPT UNPACKING pc=0x0000019a253a46a2 sp=0x0000005f992fe048 mode 2
Event: 15.439 Thread 0x0000019a78f0b6b0 Uncommon trap: trap_request=0xffffff45 fr.pc=0x0000019a25bab964 relative=0x0000000000000044
Event: 15.439 Thread 0x0000019a78f0b6b0 Uncommon trap: reason=unstable_if action=reinterpret pc=0x0000019a25bab964 method=java.util.IdentityHashMap.maskNull(Ljava/lang/Object;)Ljava/lang/Object; @ 1 c2
Event: 15.439 Thread 0x0000019a78f0b6b0 DEOPT PACKING pc=0x0000019a25bab964 sp=0x0000005f992fd1d0
Event: 15.439 Thread 0x0000019a78f0b6b0 DEOPT UNPACKING pc=0x0000019a253a46a2 sp=0x0000005f992fd170 mode 2
Event: 15.444 Thread 0x0000019a78f0b6b0 Uncommon trap: trap_request=0xffffff45 fr.pc=0x0000019a25a5a080 relative=0x0000000000000220
Event: 15.444 Thread 0x0000019a78f0b6b0 Uncommon trap: reason=unstable_if action=reinterpret pc=0x0000019a25a5a080 method=java.util.HashMap.getNode(Ljava/lang/Object;)Ljava/util/HashMap$Node; @ 66 c2
Event: 15.445 Thread 0x0000019a78f0b6b0 DEOPT PACKING pc=0x0000019a25a5a080 sp=0x0000005f992fc8a0
Event: 15.445 Thread 0x0000019a78f0b6b0 DEOPT UNPACKING pc=0x0000019a253a46a2 sp=0x0000005f992fc7c0 mode 2

Classes loaded (20 events):
Event: 15.400 Loading class java/util/stream/ReduceOps$7
Event: 15.401 Loading class java/util/stream/ReduceOps$7 done
Event: 15.401 Loading class java/util/stream/ReduceOps$6ReducingSink
Event: 15.401 Loading class java/util/stream/ReduceOps$6ReducingSink done
Event: 15.401 Loading class java/util/stream/ReferencePipeline$4$1
Event: 15.401 Loading class java/util/stream/ReferencePipeline$4$1 done
Event: 15.409 Loading class java/io/PrintWriter$1
Event: 15.409 Loading class jdk/internal/access/JavaIOPrintWriterAccess
Event: 15.409 Loading class jdk/internal/access/JavaIOPrintWriterAccess done
Event: 15.409 Loading class java/io/PrintWriter$1 done
Event: 15.409 Loading class java/lang/Throwable$WrappedPrintWriter
Event: 15.409 Loading class java/lang/Throwable$PrintStreamOrWriter
Event: 15.409 Loading class java/lang/Throwable$PrintStreamOrWriter done
Event: 15.409 Loading class java/lang/Throwable$WrappedPrintWriter done
Event: 15.426 Loading class java/util/AbstractMap$SimpleEntry
Event: 15.426 Loading class java/util/AbstractMap$SimpleEntry done
Event: 15.443 Loading class java/util/stream/LongStream
Event: 15.443 Loading class java/util/stream/LongStream done
Event: 15.443 Loading class java/util/stream/DoubleStream
Event: 15.443 Loading class java/util/stream/DoubleStream done

Classes unloaded (0 events):
No events

Classes redefined (0 events):
No events

Internal exceptions (20 events):
Event: 7.597 Thread 0x0000019a32042210 Exception <a 'java/lang/NoSuchMethodError'{0x000000008cef8308}: 'java.lang.Object java.lang.invoke.DirectMethodHandle$Holder.invokeSpecial(java.lang.Object, java.lang.Object, int, java.lang.Object, int)'> (0x000000008cef8308) 
thrown [s\open\src\hotspot\share\interpreter\linkResolver.cpp, line 773]
Event: 7.710 Thread 0x0000019a32042210 Exception <a 'java/lang/NoSuchMethodError'{0x000000008cc8eef0}: 'void java.lang.invoke.Invokers$Holder.invokeExact_MT(java.lang.Object, java.lang.Object, java.lang.Object, java.lang.Object)'> (0x000000008cc8eef0) 
thrown [s\open\src\hotspot\share\interpreter\linkResolver.cpp, line 773]
Event: 7.734 Thread 0x0000019a32042210 Implicit null exception at 0x0000019a25c35277 to 0x0000019a25c354e0
Event: 7.749 Thread 0x0000019a32042210 Implicit null exception at 0x0000019a25c10171 to 0x0000019a25c104a4
Event: 7.750 Thread 0x0000019a32042210 Implicit null exception at 0x0000019a25c0f73a to 0x0000019a25c0f774
Event: 7.790 Thread 0x0000019a32042210 Exception <a 'java/lang/IncompatibleClassChangeError'{0x000000008f198fb8}: Found class java.lang.Object, but interface was expected> (0x000000008f198fb8) 
thrown [s\open\src\hotspot\share\interpreter\linkResolver.cpp, line 840]
Event: 7.802 Thread 0x0000019a32042210 Exception <a 'java/lang/IncompatibleClassChangeError'{0x000000008f01b0f8}: Found class java.lang.Object, but interface was expected> (0x000000008f01b0f8) 
thrown [s\open\src\hotspot\share\interpreter\linkResolver.cpp, line 840]
Event: 7.853 Thread 0x0000019a32042210 Exception <a 'java/lang/IncompatibleClassChangeError'{0x000000008ef8b618}: Found class java.lang.Object, but interface was expected> (0x000000008ef8b618) 
thrown [s\open\src\hotspot\share\interpreter\linkResolver.cpp, line 840]
Event: 8.104 Thread 0x0000019a32042210 Exception <a 'java/lang/IncompatibleClassChangeError'{0x000000008d29cbc8}: Found class java.lang.Object, but interface was expected> (0x000000008d29cbc8) 
thrown [s\open\src\hotspot\share\interpreter\linkResolver.cpp, line 840]
Event: 8.207 Thread 0x0000019a32042210 Exception <a 'java/lang/IncompatibleClassChangeError'{0x000000008cf78d58}: Found class java.lang.Object, but interface was expected> (0x000000008cf78d58) 
thrown [s\open\src\hotspot\share\interpreter\linkResolver.cpp, line 840]
Event: 8.594 Thread 0x0000019a32042210 Exception <a 'java/lang/NoSuchMethodError'{0x000000008d166018}: 'java.lang.Object java.lang.invoke.DirectMethodHandle$Holder.newInvokeSpecial(java.lang.Object, java.lang.Object, java.lang.Object, java.lang.Object, java.lang.Object, java.lang.Object, java.lang.Object, java.lang.Object)'> (0x000000008d166018) 
thrown [s\open\src\hotspot\share\interpreter\linkResolver.cpp, line 773]
Event: 8.879 Thread 0x0000019a32042210 Exception <a 'java/lang/IncompatibleClassChangeError'{0x000000008ed2d798}: Found class java.lang.Object, but interface was expected> (0x000000008ed2d798) 
thrown [s\open\src\hotspot\share\interpreter\linkResolver.cpp, line 840]
Event: 8.933 Thread 0x0000019a32042210 Exception <a 'java/lang/NoSuchMethodError'{0x000000008ecbd428}: 'void java.lang.invoke.DirectMethodHandle$Holder.invokeVirtual(java.lang.Object, java.lang.Object, long)'> (0x000000008ecbd428) 
thrown [s\open\src\hotspot\share\interpreter\linkResolver.cpp, line 773]
Event: 9.051 Thread 0x0000019a32042210 Exception <a 'java/lang/IncompatibleClassChangeError'{0x000000008d3b91b0}: Found class java.lang.Object, but interface was expected> (0x000000008d3b91b0) 
thrown [s\open\src\hotspot\share\interpreter\linkResolver.cpp, line 840]
Event: 9.234 Thread 0x0000019a32042210 Exception <a 'java/lang/NoSuchMethodError'{0x000000008f104690}: 'java.lang.Object java.lang.invoke.DirectMethodHandle$Holder.newInvokeSpecial(java.lang.Object, java.lang.Object, int, java.lang.Object, java.lang.Object)'> (0x000000008f104690) 
thrown [s\open\src\hotspot\share\interpreter\linkResolver.cpp, line 773]
Event: 9.235 Thread 0x0000019a32042210 Exception <a 'java/lang/NoSuchMethodError'{0x000000008f10f160}: 'java.lang.Object java.lang.invoke.DirectMethodHandle$Holder.invokeSpecial(java.lang.Object, java.lang.Object, int, java.lang.Object, int, java.lang.Object)'> (0x000000008f10f160) 
thrown [s\open\src\hotspot\share\interpreter\linkResolver.cpp, line 773]
Event: 9.235 Thread 0x0000019a32042210 Exception <a 'java/lang/NoSuchMethodError'{0x000000008f116530}: 'java.lang.Object java.lang.invoke.DirectMethodHandle$Holder.newInvokeSpecial(java.lang.Object, java.lang.Object, int, java.lang.Object, int)'> (0x000000008f116530) 
thrown [s\open\src\hotspot\share\interpreter\linkResolver.cpp, line 773]
Event: 9.235 Thread 0x0000019a32042210 Exception <a 'java/lang/NoSuchMethodError'{0x000000008f11a3a0}: 'java.lang.Object java.lang.invoke.DirectMethodHandle$Holder.invokeSpecial(java.lang.Object, java.lang.Object, java.lang.Object, int, java.lang.Object, int)'> (0x000000008f11a3a0) 
thrown [s\open\src\hotspot\share\interpreter\linkResolver.cpp, line 773]
Event: 15.198 Thread 0x0000019a78f095e0 Exception <a 'java/lang/NoSuchMethodError'{0x000000008eefccd8}: 'java.lang.Object java.lang.invoke.DirectMethodHandle$Holder.invokeSpecial(java.lang.Object, java.lang.Object, java.lang.Object, java.lang.Object, java.lang.Object, long)'> (0x000000008eefccd8) 
thrown [s\open\src\hotspot\share\interpreter\linkResolver.cpp, line 773]
Event: 15.198 Thread 0x0000019a78f095e0 Exception <a 'java/lang/NoSuchMethodError'{0x000000008ed00a18}: 'java.lang.Object java.lang.invoke.Invokers$Holder.linkToTargetMethod(java.lang.Object, java.lang.Object, java.lang.Object, long, java.lang.Object)'> (0x000000008ed00a18) 
thrown [s\open\src\hotspot\share\interpreter\linkResolver.cpp, line 773]

ZGC Phase Switch (0 events):
No events

VM Operations (20 events):
Event: 8.961 Executing VM operation: HandshakeAllThreads (Deoptimize)
Event: 8.961 Executing VM operation: HandshakeAllThreads (Deoptimize) done
Event: 9.205 Executing VM operation: G1CollectForAllocation (G1 Evacuation Pause)
Event: 9.211 Executing VM operation: G1CollectForAllocation (G1 Evacuation Pause) done
Event: 9.232 Executing VM operation: HandshakeAllThreads (Deoptimize)
Event: 9.232 Executing VM operation: HandshakeAllThreads (Deoptimize) done
Event: 10.238 Executing VM operation: Cleanup
Event: 10.238 Executing VM operation: Cleanup done
Event: 15.164 Executing VM operation: HandshakeAllThreads (Deoptimize)
Event: 15.164 Executing VM operation: HandshakeAllThreads (Deoptimize) done
Event: 15.164 Executing VM operation: Cleanup
Event: 15.164 Executing VM operation: Cleanup done
Event: 15.215 Executing VM operation: HandshakeAllThreads (Deoptimize)
Event: 15.215 Executing VM operation: HandshakeAllThreads (Deoptimize) done
Event: 15.274 Executing VM operation: HandshakeAllThreads (Deoptimize)
Event: 15.274 Executing VM operation: HandshakeAllThreads (Deoptimize) done
Event: 15.312 Executing VM operation: HandshakeAllThreads (Deoptimize)
Event: 15.312 Executing VM operation: HandshakeAllThreads (Deoptimize) done
Event: 15.411 Executing VM operation: HandshakeAllThreads (Deoptimize)
Event: 15.412 Executing VM operation: HandshakeAllThreads (Deoptimize) done

Events (20 events):
Event: 8.265 Thread 0x0000019a32015620 flushing nmethod 0x0000019a25a3b610
Event: 8.265 Thread 0x0000019a32015620 flushing nmethod 0x0000019a259b8390
Event: 8.265 Thread 0x0000019a32015620 flushing nmethod 0x0000019a259b6190
Event: 8.265 Thread 0x0000019a32015620 flushing nmethod 0x0000019a25971e90
Event: 8.265 Thread 0x0000019a32015620 flushing nmethod 0x0000019a25960390
Event: 8.265 Thread 0x0000019a32015620 flushing nmethod 0x0000019a2595ed90
Event: 8.265 Thread 0x0000019a32015620 flushing nmethod 0x0000019a258f0010
Event: 9.198 Thread 0x0000019a7b9e5e80 Thread added: 0x0000019a7b9e5e80
Event: 9.214 Thread 0x0000019a7b9e5160 Thread added: 0x0000019a7b9e5160
Event: 9.215 Thread 0x0000019a7b9e5160 Thread exited: 0x0000019a7b9e5160
Event: 9.215 Thread 0x0000019a7b9e57f0 Thread added: 0x0000019a7b9e57f0
Event: 9.264 Thread 0x0000019a7b9e3090 Thread added: 0x0000019a7b9e3090
Event: 9.266 Thread 0x0000019a7b9ea6b0 Thread added: 0x0000019a7b9ea6b0
Event: 9.289 Thread 0x0000019a32042210 Thread exited: 0x0000019a32042210
Event: 9.292 Thread 0x0000019a32040e60 Thread exited: 0x0000019a32040e60
Event: 9.292 Thread 0x0000019a159d8300 Thread exited: 0x0000019a159d8300
Event: 9.292 Thread 0x0000019a7b9e9300 Thread added: 0x0000019a7b9e9300
Event: 9.805 Thread 0x0000019a794e3250 Thread exited: 0x0000019a794e3250
Event: 9.805 Thread 0x0000019a794dcc20 Thread exited: 0x0000019a794dcc20
Event: 11.782 Thread 0x0000019a78f0ca60 Thread exited: 0x0000019a78f0ca60


Dynamic libraries:
0x00007ff695b70000 - 0x00007ff695b7e000 	C:\Users\HP 14S-FQ1001NU\.jdks\openjdk-21.0.2\bin\java.exe
0x00007ffe8af50000 - 0x00007ffe8b167000 	C:\WINDOWS\SYSTEM32\ntdll.dll
0x00007ffe8a170000 - 0x00007ffe8a234000 	C:\WINDOWS\System32\KERNEL32.DLL
0x00007ffe886a0000 - 0x00007ffe88a4d000 	C:\WINDOWS\System32\KERNELBASE.dll
0x00007ffe88b40000 - 0x00007ffe88c51000 	C:\WINDOWS\System32\ucrtbase.dll
0x00007ffe709b0000 - 0x00007ffe709c8000 	C:\Users\HP 14S-FQ1001NU\.jdks\openjdk-21.0.2\bin\jli.dll
0x00007ffe6fd50000 - 0x00007ffe6fd6b000 	C:\Users\HP 14S-FQ1001NU\.jdks\openjdk-21.0.2\bin\VCRUNTIME140.dll
0x00007ffe88d50000 - 0x00007ffe88efe000 	C:\WINDOWS\System32\USER32.dll
0x00007ffe88c60000 - 0x00007ffe88c86000 	C:\WINDOWS\System32\win32u.dll
0x00007ffe71540000 - 0x00007ffe717d3000 	C:\WINDOWS\WinSxS\amd64_microsoft.windows.common-controls_6595b64144ccf1df_6.0.22621.3672_none_2713b9d173822955\COMCTL32.dll
0x00007ffe89230000 - 0x00007ffe892d7000 	C:\WINDOWS\System32\msvcrt.dll
0x00007ffe8ac40000 - 0x00007ffe8ac69000 	C:\WINDOWS\System32\GDI32.dll
0x00007ffe88280000 - 0x00007ffe88399000 	C:\WINDOWS\System32\gdi32full.dll
0x00007ffe88590000 - 0x00007ffe8862a000 	C:\WINDOWS\System32\msvcp_win.dll
0x00007ffe8a930000 - 0x00007ffe8a961000 	C:\WINDOWS\System32\IMM32.DLL
0x00007ffe6fd40000 - 0x00007ffe6fd4c000 	C:\Users\HP 14S-FQ1001NU\.jdks\openjdk-21.0.2\bin\vcruntime140_1.dll
0x00007ffe57fa0000 - 0x00007ffe5802e000 	C:\Users\HP 14S-FQ1001NU\.jdks\openjdk-21.0.2\bin\msvcp140.dll
0x00007ffe311a0000 - 0x00007ffe31eb7000 	C:\Users\HP 14S-FQ1001NU\.jdks\openjdk-21.0.2\bin\server\jvm.dll
0x00007ffe88c90000 - 0x00007ffe88d42000 	C:\WINDOWS\System32\ADVAPI32.dll
0x00007ffe8a970000 - 0x00007ffe8aa19000 	C:\WINDOWS\System32\sechost.dll
0x00007ffe88b10000 - 0x00007ffe88b38000 	C:\WINDOWS\System32\bcrypt.dll
0x00007ffe88f00000 - 0x00007ffe89014000 	C:\WINDOWS\System32\RPCRT4.dll
0x00007ffe8a320000 - 0x00007ffe8a391000 	C:\WINDOWS\System32\WS2_32.dll
0x00007ffe7f4e0000 - 0x00007ffe7f4ea000 	C:\WINDOWS\SYSTEM32\VERSION.dll
0x00007ffe7f6b0000 - 0x00007ffe7f6e4000 	C:\WINDOWS\SYSTEM32\WINMM.dll
0x00007ffe87b40000 - 0x00007ffe87b8d000 	C:\WINDOWS\SYSTEM32\POWRPROF.dll
0x00007ffe87b20000 - 0x00007ffe87b33000 	C:\WINDOWS\SYSTEM32\UMPDC.dll
0x00007ffe87290000 - 0x00007ffe872a8000 	C:\WINDOWS\SYSTEM32\kernel.appcore.dll
0x00007ffe6e850000 - 0x00007ffe6e85a000 	C:\Users\HP 14S-FQ1001NU\.jdks\openjdk-21.0.2\bin\jimage.dll
0x00007ffe85be0000 - 0x00007ffe85e12000 	C:\WINDOWS\SYSTEM32\DBGHELP.DLL
0x00007ffe8a3a0000 - 0x00007ffe8a728000 	C:\WINDOWS\System32\combase.dll
0x00007ffe8a240000 - 0x00007ffe8a317000 	C:\WINDOWS\System32\OLEAUT32.dll
0x00007ffe6b520000 - 0x00007ffe6b552000 	C:\WINDOWS\SYSTEM32\dbgcore.DLL
0x00007ffe88510000 - 0x00007ffe8858b000 	C:\WINDOWS\System32\bcryptPrimitives.dll
0x00007ffe6f900000 - 0x00007ffe6f90f000 	C:\Users\HP 14S-FQ1001NU\.jdks\openjdk-21.0.2\bin\instrument.dll
0x00007ffe83260000 - 0x00007ffe8327f000 	C:\Users\HP 14S-FQ1001NU\.jdks\openjdk-21.0.2\bin\java.dll
0x00007ffe89760000 - 0x00007ffe89fbf000 	C:\WINDOWS\System32\SHELL32.dll
0x00007ffe86180000 - 0x00007ffe86a7c000 	C:\WINDOWS\SYSTEM32\windows.storage.dll
0x00007ffe86040000 - 0x00007ffe8617f000 	C:\WINDOWS\SYSTEM32\wintypes.dll
0x00007ffe8a730000 - 0x00007ffe8a824000 	C:\WINDOWS\System32\SHCORE.dll
0x00007ffe8aa20000 - 0x00007ffe8aa7e000 	C:\WINDOWS\System32\shlwapi.dll
0x00007ffe881b0000 - 0x00007ffe881d1000 	C:\WINDOWS\SYSTEM32\profapi.dll
0x00007ffe57ec0000 - 0x00007ffe57f97000 	C:\Users\HP 14S-FQ1001NU\.jdks\openjdk-21.0.2\bin\jsvml.dll
0x00007ffe6e700000 - 0x00007ffe6e718000 	C:\Users\HP 14S-FQ1001NU\.jdks\openjdk-21.0.2\bin\zip.dll
0x00007ffe83250000 - 0x00007ffe83260000 	C:\Users\HP 14S-FQ1001NU\.jdks\openjdk-21.0.2\bin\net.dll
0x00007ffe81720000 - 0x00007ffe81856000 	C:\WINDOWS\SYSTEM32\WINHTTP.dll
0x00007ffe87720000 - 0x00007ffe87789000 	C:\WINDOWS\system32\mswsock.dll
0x00007ffe83230000 - 0x00007ffe83246000 	C:\Users\HP 14S-FQ1001NU\.jdks\openjdk-21.0.2\bin\nio.dll
0x00007ffe6eb20000 - 0x00007ffe6eb3a000 	C:\Program Files\JetBrains\IntelliJ IDEA Community Edition 2023.3.4\bin\breakgen64.dll
0x00007ffe831e0000 - 0x00007ffe831e9000 	C:\Users\HP 14S-FQ1001NU\.jdks\openjdk-21.0.2\bin\extnet.dll
0x00007ffe6e860000 - 0x00007ffe6e86a000 	C:\Users\HP 14S-FQ1001NU\.jdks\openjdk-21.0.2\bin\management.dll
0x00007ffe6e780000 - 0x00007ffe6e78b000 	C:\Users\HP 14S-FQ1001NU\.jdks\openjdk-21.0.2\bin\management_ext.dll
0x00007ffe8aef0000 - 0x00007ffe8aef8000 	C:\WINDOWS\System32\PSAPI.DLL
0x00007ffe6e760000 - 0x00007ffe6e76e000 	C:\Users\HP 14S-FQ1001NU\.jdks\openjdk-21.0.2\bin\sunmscapi.dll
0x00007ffe883a0000 - 0x00007ffe88507000 	C:\WINDOWS\System32\CRYPT32.dll
0x00007ffe87c30000 - 0x00007ffe87c5e000 	C:\WINDOWS\SYSTEM32\ncrypt.dll
0x00007ffe87bf0000 - 0x00007ffe87c27000 	C:\WINDOWS\SYSTEM32\NTASN1.dll
0x00007ffe87980000 - 0x00007ffe8799b000 	C:\WINDOWS\SYSTEM32\CRYPTSP.dll
0x00007ffe871f0000 - 0x00007ffe87225000 	C:\WINDOWS\system32\rsaenh.dll
0x00007ffe87820000 - 0x00007ffe87848000 	C:\WINDOWS\SYSTEM32\USERENV.dll
0x00007ffe879a0000 - 0x00007ffe879ac000 	C:\WINDOWS\SYSTEM32\CRYPTBASE.dll
0x00007ffe86d30000 - 0x00007ffe86d5d000 	C:\WINDOWS\SYSTEM32\IPHLPAPI.DLL
0x00007ffe8ac70000 - 0x00007ffe8ac79000 	C:\WINDOWS\System32\NSI.dll
0x00007ffe6e840000 - 0x00007ffe6e850000 	C:\Users\HP 14S-FQ1001NU\.jdks\openjdk-21.0.2\bin\verify.dll
0x00007ffe86d60000 - 0x00007ffe86e58000 	C:\WINDOWS\SYSTEM32\DNSAPI.dll
0x00007ffe7f470000 - 0x00007ffe7f47a000 	C:\Windows\System32\rasadhlp.dll
0x00007ffe7f8e0000 - 0x00007ffe7f963000 	C:\WINDOWS\System32\fwpuclnt.dll
0x00007ffe7f7e0000 - 0x00007ffe7f7e8000 	C:\WINDOWS\system32\wshunix.dll

dbghelp: loaded successfully - version: 4.0.5 - missing functions: none
symbol engine: initialized successfully - sym options: 0x614 - pdb path: .;C:\Users\HP 14S-FQ1001NU\.jdks\openjdk-21.0.2\bin;C:\WINDOWS\SYSTEM32;C:\WINDOWS\WinSxS\amd64_microsoft.windows.common-controls_6595b64144ccf1df_6.0.22621.3672_none_2713b9d173822955;C:\Users\HP 14S-FQ1001NU\.jdks\openjdk-21.0.2\bin\server;C:\Program Files\JetBrains\IntelliJ IDEA Community Edition 2023.3.4\bin

VM Arguments:
jvm_args: -javaagent:C:\Program Files\JetBrains\IntelliJ IDEA Community Edition 2023.3.4\lib\idea_rt.jar=57241:C:\Program Files\JetBrains\IntelliJ IDEA Community Edition 2023.3.4\bin -Dfile.encoding=UTF-8 -Dsun.stdout.encoding=UTF-8 -Dsun.stderr.encoding=UTF-8 
java_command: bg.fmi.javaweb.sportstournamentorganizer.SportsTournamentOrganizerApplication
java_class_path (initial): C:\Users\HP 14S-FQ1001NU\IdeaProjects\local_java_repo\target\classes;C:\Users\HP 14S-FQ1001NU\.m2\repository\org\springframework\boot\spring-boot-starter-web\3.3.0\spring-boot-starter-web-3.3.0.jar;C:\Users\HP 14S-FQ1001NU\.m2\repository\org\springframework\boot\spring-boot-starter\3.3.0\spring-boot-starter-3.3.0.jar;C:\Users\HP 14S-FQ1001NU\.m2\repository\org\springframework\boot\spring-boot-starter-logging\3.3.0\spring-boot-starter-logging-3.3.0.jar;C:\Users\HP 14S-FQ1001NU\.m2\repository\ch\qos\logback\logback-classic\1.5.6\logback-classic-1.5.6.jar;C:\Users\HP 14S-FQ1001NU\.m2\repository\ch\qos\logback\logback-core\1.5.6\logback-core-1.5.6.jar;C:\Users\HP 14S-FQ1001NU\.m2\repository\org\apache\logging\log4j\log4j-to-slf4j\2.23.1\log4j-to-slf4j-2.23.1.jar;C:\Users\HP 14S-FQ1001NU\.m2\repository\org\apache\logging\log4j\log4j-api\2.23.1\log4j-api-2.23.1.jar;C:\Users\HP 14S-FQ1001NU\.m2\repository\org\slf4j\jul-to-slf4j\2.0.13\jul-to-slf4j-2.0.13.jar;C:\Users\HP 14S-FQ1001NU\.m2\repository\jakarta\annotation\jakarta.annotation-api\2.1.1\jakarta.annotation-api-2.1.1.jar;C:\Users\HP 14S-FQ1001NU\.m2\repository\org\yaml\snakeyaml\2.2\snakeyaml-2.2.jar;C:\Users\HP 14S-FQ1001NU\.m2\repository\org\springframework\boot\spring-boot-starter-json\3.3.0\spring-boot-starter-json-3.3.0.jar;C:\Users\HP 14S-FQ1001NU\.m2\repository\com\fasterxml\jackson\core\jackson-databind\2.17.1\jackson-databind-2.17.1.jar;C:\Users\HP 14S-FQ1001NU\.m2\repository\com\fasterxml\jackson\core\jackson-annotations\2.17.1\jackson-annotations-2.17.1.jar;C:\Users\HP 14S-FQ1001NU\.m2\repository\com\fasterxml\jackson\core\jackson-core\2.17.1\jackson-core-2.17.1.jar;C:\Users\HP 14S-FQ1001NU\.m2\repository\com\fasterxml\jackson\datatype\jackson-datatype-jdk8\2.17.1\jackson-datatype-jdk8-2.17.1.jar;C:\Users\HP 14S-FQ1001NU\.m2\repository\com\fasterxml\jackson\datatype\jackson-datatype-jsr310\2.17.1\jackson-datatype-jsr310-2.17.1.jar;C:\Users\HP 14S-FQ1001NU\.m2\repository\com\fasterxml\jackson\module\jackson-module-parameter-names\2.17.1\jackson-module-parameter-names-2.17.1.jar;C:\Users\HP 14S-FQ1001NU\.m2\repository\org\springframework\boot\spring-boot-starter-tomcat\3.3.0\spring-boot-starter-tomcat-3.3.0.jar;C:\Users\HP 14S-FQ1001NU\.m2\repository\org\apache\tomcat\embed\tomcat-embed-core\10.1.24\tomcat-embed-core-10.1.24.jar;C:\Users\HP 14S-FQ1001NU\.m2\repository\org\apache\tomcat\embed\tomcat-embed-el\10.1.24\tomcat-embed-el-10.1.24.jar;C:\Users\HP 14S-FQ1001NU\.m2\repository\org\apache\tomcat\embed\tomcat-embed-websocket\10.1.24\tomcat-embed-websocket-10.1.24.jar;C:\Users\HP 14S-FQ1001NU\.m2\repository\org\springframework\spring-web\6.1.8\spring-web-6.1.8.jar;C:\Users\HP 14S-FQ1001NU\.m2\repository\org\springframework\spring-beans\6.1.8\spring-beans-6.1.8.jar;C:\Users\HP 14S-FQ1001NU\.m2\repository\io\micrometer\micrometer-observation\1.13.0\micrometer-observation-1.13.0.jar;C:\Users\HP 14S-FQ1001NU\.m2\repository\io\micrometer\micrometer-commons\1.13.0\micrometer-commons-1.13.0.jar;C:\Users\HP 14S-FQ1001NU\.m2\repository\org\springframework\spring-webmvc\6.1.8\spring-webmvc-6.1.8.jar;C:\Users\HP 14S-FQ1001NU\.m2\repository\org\springframework\spring-aop\6.1.8\spring-aop-6.1.8.jar;C:\Users\HP 14S-FQ1001NU\.m2\repository\org\springframework\spring-context\6.1.8\spring-context-6.1.8.jar;C:\Users\HP 14S-FQ1001NU\.m2\repository\org\springframework\spring-expression\6.1.8\spring-expression-6.1.8.jar;C:\Users\HP 14S-FQ1001NU\.m2\repository\org\springframework\boot\spring-boot-devtools\3.3.0\spring-boot-devtools-3.3.0.jar;C:\Users\HP 14S-FQ1001NU\.m2\repository\org\springframework\boot\spring-boot\3.3.0\spring-boot-3.3.0.jar;C:\Users\HP 14S-FQ1001NU\.m2\repository\org\springframework\boot\spring-boot-autoconfigure\3.3.0\spring-boot-autoconfigure-3.3.0.jar;C:\Users\HP 14S-FQ1001NU\.m2\repository\org\slf4j\slf4j-api\2.0.13\slf4j-api-2.0.13.jar;C:\Users\HP 14S-FQ1001NU\.m2\repository\jakarta\xml\bind\jakarta.xml.bind-api\4.0.2\jakarta.xml.bind-api-4.0.2.jar;C:\Users\HP 14S-FQ1001NU\.m2\repository\jakarta\activation\jakarta.activation-api\2.1.3\jakarta.activation-api-2.1.3.jar;C:\Users\HP 14S-FQ1001NU\.m2\repository\net\bytebuddy\byte-buddy\1.14.16\byte-buddy-1.14.16.jar;C:\Users\HP 14S-FQ1001NU\.m2\repository\org\springframework\spring-core\6.1.8\spring-core-6.1.8.jar;C:\Users\HP 14S-FQ1001NU\.m2\repository\org\springframework\spring-jcl\6.1.8\spring-jcl-6.1.8.jar;C:\Users\HP 14S-FQ1001NU\.m2\repository\org\mapstruct\mapstruct\1.6.0.Beta1\mapstruct-1.6.0.Beta1.jar;C:\Users\HP 14S-FQ1001NU\.m2\repository\org\mapstruct\mapstruct-processor\1.6.0.Beta1\mapstruct-processor-1.6.0.Beta1.jar;C:\Users\HP 14S-FQ1001NU\.m2\repository\org\postgresql\postgresql\42.7.3\postgresql-42.7.3.jar;C:\Users\HP 14S-FQ1001NU\.m2\repository\org\checkerframework\checker-qual\3.42.0\checker-qual-3.42.0.jar;C:\Users\HP 14S-FQ1001NU\.m2\repository\org\springframework\boot\spring-boot-starter-data-jpa\3.3.0\spring-boot-starter-data-jpa-3.3.0.jar;C:\Users\HP 14S-FQ1001NU\.m2\repository\org\springframework\boot\spring-boot-starter-aop\3.3.0\spring-boot-starter-aop-3.3.0.jar;C:\Users\HP 14S-FQ1001NU\.m2\repository\org\aspectj\aspectjweaver\1.9.22\aspectjweaver-1.9.22.jar;C:\Users\HP 14S-FQ1001NU\.m2\repository\org\springframework\boot\spring-boot-starter-jdbc\3.3.0\spring-boot-starter-jdbc-3.3.0.jar;C:\Users\HP 14S-FQ1001NU\.m2\repository\com\zaxxer\HikariCP\5.1.0\HikariCP-5.1.0.jar;C:\Users\HP 14S-FQ1001NU\.m2\repository\org\springframework\spring-jdbc\6.1.8\spring-jdbc-6.1.8.jar;C:\Users\HP 14S-FQ1001NU\.m2\repository\org\hibernate\orm\hibernate-core\6.5.2.Final\hibernate-core-6.5.2.Final.jar;C:\Users\HP 14S-FQ1001NU\.m2\repository\jakarta\persistence\jakarta.persistence-api\3.1.0\jakarta.persistence-api-3.1.0.jar;C:\Users\HP 14S-FQ1001NU\.m2\repository\jakarta\transaction\jakarta.transaction-api\2.0.1\jakarta.transaction-api-2.0.1.jar;C:\Users\HP 14S-FQ1001NU\.m2\repository\org\jboss\logging\jboss-logging\3.5.3.Final\jboss-logging-3.5.3.Final.jar;C:\Users\HP 14S-FQ1001NU\.m2\repository\org\hibernate\common\hibernate-commons-annotations\6.0.6.Final\hibernate-commons-annotations-6.0.6.Final.jar;C:\Users\HP 14S-FQ1001NU\.m2\repository\io\smallrye\jandex\3.1.2\jandex-3.1.2.jar;C:\Users\HP 14S-FQ1001NU\.m2\repository\com\fasterxml\classmate\1.7.0\classmate-1.7.0.jar;C:\Users\HP 14S-FQ1001NU\.m2\repository\org\glassfish\jaxb\jaxb-runtime\4.0.5\jaxb-runtime-4.0.5.jar;C:\Users\HP 14S-FQ1001NU\.m2\repository\org\glassfish\jaxb\jaxb-core\4.0.5\jaxb-core-4.0.5.jar;C:\Users\HP 14S-FQ1001NU\.m2\repository\org\eclipse\angus\angus-activation\2.0.2\angus-activation-2.0.2.jar;C:\Users\HP 14S-FQ1001NU\.m2\repository\org\glassfish\jaxb\txw2\4.0.5\txw2-4.0.5.jar;C:\Users\HP 14S-FQ1001NU\.m2\repository\com\sun\istack\istack-commons-runtime\4.1.2\istack-commons-runtime-4.1.2.jar;C:\Users\HP 14S-FQ1001NU\.m2\repository\jakarta\inject\jakarta.inject-api\2.0.1\jakarta.inject-api-2.0.1.jar;C:\Users\HP 14S-FQ1001NU\.m2\repository\org\antlr\antlr4-runtime\4.13.0\antlr4-runtime-4.13.0.jar;C:\Users\HP 14S-FQ1001NU\.m2\repository\org\springframework\data\spring-data-jpa\3.3.0\spring-data-jpa-3.3.0.jar;C:\Users\HP 14S-FQ1001NU\.m2\repository\org\springframework\data\spring-data-commons\3.3.0\spring-data-commons-3.3.0.jar;C:\Users\HP 14S-FQ1001NU\.m2\repository\org\springframework\spring-orm\6.1.8\spring-orm-6.1.8.jar;C:\Users\HP 14S-FQ1001NU\.m2\repository\org\springframework\spring-tx\6.1.8\spring-tx-6.1.8.jar;C:\Users\HP 14S-FQ1001NU\.m2\repository\org\springframework\spring-aspects\6.1.8\spring-aspects-6.1.8.jar;C:\Users\HP 14S-FQ1001NU\.m2\repository\org\jetbrains\annotations\24.1.0\annotations-24.1.0.jar
Launcher Type: SUN_STANDARD

[Global flags]
     intx CICompilerCount                          = 4                                         {product} {ergonomic}
     uint ConcGCThreads                            = 2                                         {product} {ergonomic}
     uint G1ConcRefinementThreads                  = 8                                         {product} {ergonomic}
   size_t G1HeapRegionSize                         = 1048576                                   {product} {ergonomic}
    uintx GCDrainStackTargetSize                   = 64                                        {product} {ergonomic}
   size_t InitialHeapSize                          = 123731968                                 {product} {ergonomic}
   size_t MarkStackSize                            = 4194304                                   {product} {ergonomic}
   size_t MaxHeapSize                              = 1967128576                                {product} {ergonomic}
   size_t MaxNewSize                               = 1179648000                                {product} {ergonomic}
   size_t MinHeapDeltaBytes                        = 1048576                                   {product} {ergonomic}
   size_t MinHeapSize                              = 8388608                                   {product} {ergonomic}
    uintx NonNMethodCodeHeapSize                   = 5839372                                {pd product} {ergonomic}
    uintx NonProfiledCodeHeapSize                  = 122909434                              {pd product} {ergonomic}
    uintx ProfiledCodeHeapSize                     = 122909434                              {pd product} {ergonomic}
    uintx ReservedCodeCacheSize                    = 251658240                              {pd product} {ergonomic}
     bool SegmentedCodeCache                       = true                                      {product} {ergonomic}
   size_t SoftMaxHeapSize                          = 1967128576                             {manageable} {ergonomic}
     bool UseCompressedOops                        = true                           {product lp64_product} {ergonomic}
     bool UseG1GC                                  = true                                      {product} {ergonomic}
     bool UseLargePagesIndividualAllocation        = false                                  {pd product} {ergonomic}

Logging:
Log output configuration:
 #0: stdout all=warning uptime,level,tags foldmultilines=false
 #1: stderr all=off uptime,level,tags foldmultilines=false

Environment Variables:
PATH=C:\Program Files (x86)\Cuminas\Document Express DjVu Plug-in\;C:\WINDOWS\system32;C:\WINDOWS;C:\WINDOWS\System32\Wbem;C:\WINDOWS\System32\WindowsPowerShell\v1.0\;C:\WINDOWS\System32\OpenSSH\;C:\Program Files\Git\cmd;C:\Program Files\Microsoft SQL Server\150\Tools\Binn\;C:\mysys64\mingw64\bin;C:\Program Files\PuTTY\;C:\Program Files (x86)\Microsoft SQL Server\160\Tools\Binn\;C:\Program Files\Microsoft SQL Server\160\Tools\Binn\;C:\Program Files\Microsoft SQL Server\Client SDK\ODBC\170\Tools\Binn\;C:\Program Files\Microsoft SQL Server\160\DTS\Binn\;C:\Program Files (x86)\Microsoft SQL Server\160\DTS\Binn\;C:\Program Files\Azure Data Studio\bin;C:\MinGW\bin;C:\Program Files\dotnet\;C:\Program Files\nodejs\;C:\php;C:\Users\HP 14S-FQ1001NU\AppData\Local\Programs\Python\Launcher\;C:\Users\HP 14S-FQ1001NU\AppData\Local\Microsoft\WindowsApps;C:\Users\HP 14S-FQ1001NU\AppData\Local\GitHubDesktop\bin;C:\Users\HP 14S-FQ1001NU\AppData\Local\Programs\Microsoft VS Code\bin;C:\Program Files\JetBrains\IntelliJ IDEA 2022.2.3\bin;;C:\Program Files\Azure Data Studio\bin;C:\Program Files\JetBrains\CLion 2023.1.3\bin;;C:\ghcup\bin;C:\Users\HP 14S-FQ1001NU\.dotnet\tools;C:\Users\HP 14S-FQ1001NU\AppData\Roaming\npm;C:\Users\HP 14S-FQ1001NU\AppData\Roaming\Microsoft\Windows\Start Menu\Programs\MSYS2 64bit\MSYS2 MSYS.lnk;C:\Program Files\MongoDB\mongosh-2.2.6-win32-x64\bin;C:\php;
USERNAME=HP 14S-FQ1001NU
OS=Windows_NT
PROCESSOR_IDENTIFIER=AMD64 Family 23 Model 104 Stepping 1, AuthenticAMD
TMP=C:\Users\HP14S-~1\AppData\Local\Temp
TEMP=C:\Users\HP14S-~1\AppData\Local\Temp




Periodic native trim disabled

---------------  S Y S T E M  ---------------

OS:
 Windows 11 , 64 bit Build 22621 (10.0.22621.3672)
OS uptime: 0 days 3:58 hours
Hyper-V role detected

CPU: total 8 (initial active 8) (8 cores per cpu, 2 threads per core) family 23 model 104 stepping 1 microcode 0x0, cx8, cmov, fxsr, ht, mmx, 3dnowpref, sse, sse2, sse3, ssse3, sse4a, sse4.1, sse4.2, popcnt, lzcnt, tsc, tscinvbit, avx, avx2, aes, clmul, bmi1, bmi2, adx, sha, fma, vzeroupper, clflush, clflushopt, hv, rdtscp, rdpid, f16c
Processor Information for all 8 processors :
  Max Mhz: 2600, Current Mhz: 2600, Mhz Limit: 2600

Memory: 4k page, system-wide physical 7502M (790M free)
TotalPageFile size 10502M (AvailPageFile size 0M)
current process WorkingSet (physical memory assigned to process): 219M, peak: 272M
current process commit charge ("private bytes"): 256M, peak: 309M

vm_info: OpenJDK 64-Bit Server VM (21.0.2+13-58) for windows-amd64 JRE (21.0.2+13-58), built on 2024-01-05T18:32:24Z by "mach5one" with MS VC++ 17.1 (VS2022)

END.
