#
# There is insufficient memory for the Java Runtime Environment to continue.
# Native memory allocation (malloc) failed to allocate 1039648 bytes for Chunk::new
# Possible reasons:
#   The system is out of physical RAM or swap space
#   The process is running with CompressedOops enabled, and the Java Heap may be blocking the growth of the native heap
# Possible solutions:
#   Reduce memory load on the system
#   Increase physical memory or swap space
#   Check if swap backing store is full
#   Decrease Java heap size (-Xmx/-Xms)
#   Decrease number of Java threads
#   Decrease Java thread stack sizes (-Xss)
#   Set larger code cache with -XX:ReservedCodeCacheSize=
#   JVM is running with Unscaled Compressed Oops mode in which the Java heap is
#     placed in the first 4GB address space. The Java Heap base address is the
#     maximum limit for the native heap growth. Please use -XX:HeapBaseMinAddress
#     to set the Java Heap base and to place the Java Heap above 4GB virtual address.
# This output file may be truncated or incomplete.
#
#  Out of Memory Error (arena.cpp:168), pid=1660, tid=2112
#
# JRE version: OpenJDK Runtime Environment (21.0.2+13) (build 21.0.2+13-58)
# Java VM: OpenJDK 64-Bit Server VM (21.0.2+13-58, mixed mode, sharing, tiered, compressed oops, compressed class ptrs, g1 gc, windows-amd64)
# No core dump will be written. Minidumps are not enabled by default on client versions of Windows
#

---------------  S U M M A R Y ------------

Command Line: -javaagent:C:\Program Files\JetBrains\IntelliJ IDEA Community Edition 2023.3.4\lib\idea_rt.jar=50572:C:\Program Files\JetBrains\IntelliJ IDEA Community Edition 2023.3.4\bin -Dfile.encoding=UTF-8 -Dsun.stdout.encoding=UTF-8 -Dsun.stderr.encoding=UTF-8 bg.fmi.javaweb.sportstournamentorganizer.SportsTournamentOrganizerApplication

Host: AMD Ryzen 3 5300U with Radeon Graphics         , 8 cores, 7G,  Windows 11 , 64 bit Build 22621 (10.0.22621.3672)
Time: Thu Jul  4 20:42:27 2024  Windows 11 , 64 bit Build 22621 (10.0.22621.3672) elapsed time: 5.482365 seconds (0d 0h 0m 5s)

---------------  T H R E A D  ---------------

Current thread (0x0000028ac8906940):  JavaThread "C2 CompilerThread1" daemon [_thread_in_native, id=2112, stack(0x000000c3e3e00000,0x000000c3e3f00000) (1024K)]


Current CompileTask:
C2:   5482 4029       4       org.springframework.core.annotation.AnnotationsScanner::getDeclaredAnnotations (166 bytes)

Stack: [0x000000c3e3e00000,0x000000c3e3f00000]
Native frames: (J=compiled Java code, j=interpreted, Vv=VM code, C=native code)
V  [jvm.dll+0x6cade9]
V  [jvm.dll+0x8569c1]
V  [jvm.dll+0x858d2e]
V  [jvm.dll+0x859413]
V  [jvm.dll+0x280e56]
V  [jvm.dll+0xc3f3d]
V  [jvm.dll+0xc4473]
V  [jvm.dll+0x3b5c2c]
V  [jvm.dll+0x382855]
V  [jvm.dll+0x381cca]
V  [jvm.dll+0x249bd0]
V  [jvm.dll+0x2491b1]
V  [jvm.dll+0x1c9634]
V  [jvm.dll+0x258859]
V  [jvm.dll+0x256e3a]
V  [jvm.dll+0x3ef6c6]
V  [jvm.dll+0x7ff568]
V  [jvm.dll+0x6c953d]
C  [ucrtbase.dll+0x29333]
C  [KERNEL32.DLL+0x1257d]
C  [ntdll.dll+0x5af28]


---------------  P R O C E S S  ---------------

Threads class SMR info:
_java_thread_list=0x0000028ac810e4b0, length=16, elements={
0x0000028ae58b4e30, 0x0000028afff17900, 0x0000028afff18620, 0x0000028afff1ad20,
0x0000028afff1ba00, 0x0000028afff1c460, 0x0000028afff2b650, 0x0000028afff2c510,
0x0000028afff2d0e0, 0x0000028ac71c5360, 0x0000028ac74c99a0, 0x0000028ac7213fb0,
0x0000028ac79f2550, 0x0000028ac8326160, 0x0000028ac8906940, 0x0000028ac8b7b1a0
}

Java Threads: ( => current thread )
  0x0000028ae58b4e30 JavaThread "main"                              [_thread_blocked, id=16244, stack(0x000000c3e2d00000,0x000000c3e2e00000) (1024K)]
  0x0000028afff17900 JavaThread "Reference Handler"          daemon [_thread_blocked, id=18408, stack(0x000000c3e3500000,0x000000c3e3600000) (1024K)]
  0x0000028afff18620 JavaThread "Finalizer"                  daemon [_thread_blocked, id=2932, stack(0x000000c3e3600000,0x000000c3e3700000) (1024K)]
  0x0000028afff1ad20 JavaThread "Signal Dispatcher"          daemon [_thread_blocked, id=15936, stack(0x000000c3e3700000,0x000000c3e3800000) (1024K)]
  0x0000028afff1ba00 JavaThread "Attach Listener"            daemon [_thread_blocked, id=20196, stack(0x000000c3e3800000,0x000000c3e3900000) (1024K)]
  0x0000028afff1c460 JavaThread "Service Thread"             daemon [_thread_blocked, id=2256, stack(0x000000c3e3900000,0x000000c3e3a00000) (1024K)]
  0x0000028afff2b650 JavaThread "Monitor Deflation Thread"   daemon [_thread_blocked, id=15928, stack(0x000000c3e3a00000,0x000000c3e3b00000) (1024K)]
  0x0000028afff2c510 JavaThread "C2 CompilerThread0"         daemon [_thread_blocked, id=20712, stack(0x000000c3e3b00000,0x000000c3e3c00000) (1024K)]
  0x0000028afff2d0e0 JavaThread "C1 CompilerThread0"         daemon [_thread_blocked, id=3860, stack(0x000000c3e3c00000,0x000000c3e3d00000) (1024K)]
  0x0000028ac71c5360 JavaThread "Common-Cleaner"             daemon [_thread_blocked, id=1740, stack(0x000000c3e3d00000,0x000000c3e3e00000) (1024K)]
  0x0000028ac74c99a0 JavaThread "Monitor Ctrl-Break"         daemon [_thread_in_native, id=18556, stack(0x000000c3e3f00000,0x000000c3e4000000) (1024K)]
  0x0000028ac7213fb0 JavaThread "Notification Thread"        daemon [_thread_blocked, id=8244, stack(0x000000c3e4000000,0x000000c3e4100000) (1024K)]
  0x0000028ac79f2550 JavaThread "Thread-0"                          [_thread_blocked, id=11788, stack(0x000000c3e4100000,0x000000c3e4200000) (1024K)]
  0x0000028ac8326160 JavaThread "restartedMain"                     [_thread_in_vm, id=9764, stack(0x000000c3e4200000,0x000000c3e4300000) (1024K)]
=>0x0000028ac8906940 JavaThread "C2 CompilerThread1"         daemon [_thread_in_native, id=2112, stack(0x000000c3e3e00000,0x000000c3e3f00000) (1024K)]
  0x0000028ac8b7b1a0 JavaThread "C2 CompilerThread2"         daemon [_thread_blocked, id=16688, stack(0x000000c3e4b00000,0x000000c3e4c00000) (1024K)]
Total: 16

Other Threads:
  0x0000028affef7b00 VMThread "VM Thread"                           [id=2248, stack(0x000000c3e3400000,0x000000c3e3500000) (1024K)]
  0x0000028affedc720 WatcherThread "VM Periodic Task Thread"        [id=2812, stack(0x000000c3e3300000,0x000000c3e3400000) (1024K)]
  0x0000028ae59089e0 WorkerThread "GC Thread#0"                     [id=13456, stack(0x000000c3e2e00000,0x000000c3e2f00000) (1024K)]
  0x0000028ac7f48af0 WorkerThread "GC Thread#1"                     [id=17080, stack(0x000000c3e4300000,0x000000c3e4400000) (1024K)]
  0x0000028ac7f48750 WorkerThread "GC Thread#2"                     [id=2064, stack(0x000000c3e4400000,0x000000c3e4500000) (1024K)]
  0x0000028ac7f48e90 WorkerThread "GC Thread#3"                     [id=14668, stack(0x000000c3e4500000,0x000000c3e4600000) (1024K)]
  0x0000028ac7f495d0 WorkerThread "GC Thread#4"                     [id=8692, stack(0x000000c3e4600000,0x000000c3e4700000) (1024K)]
  0x0000028ac7f49230 WorkerThread "GC Thread#5"                     [id=13136, stack(0x000000c3e4700000,0x000000c3e4800000) (1024K)]
  0x0000028ac7f49970 WorkerThread "GC Thread#6"                     [id=20416, stack(0x000000c3e4800000,0x000000c3e4900000) (1024K)]
  0x0000028ac7f48010 WorkerThread "GC Thread#7"                     [id=12772, stack(0x000000c3e4900000,0x000000c3e4a00000) (1024K)]
  0x0000028ae5918440 ConcurrentGCThread "G1 Main Marker"            [id=3160, stack(0x000000c3e2f00000,0x000000c3e3000000) (1024K)]
  0x0000028ae59190f0 WorkerThread "G1 Conc#0"                       [id=13428, stack(0x000000c3e3000000,0x000000c3e3100000) (1024K)]
  0x0000028ac8cc5e50 WorkerThread "G1 Conc#1"                       [id=18856, stack(0x000000c3e4a00000,0x000000c3e4b00000) (1024K)]
  0x0000028ae596e930 ConcurrentGCThread "G1 Refine#0"               [id=21040, stack(0x000000c3e3100000,0x000000c3e3200000) (1024K)]
  0x0000028affdb4650 ConcurrentGCThread "G1 Service"                [id=12872, stack(0x000000c3e3200000,0x000000c3e3300000) (1024K)]
Total: 15

Threads with active compile tasks:
C2 CompilerThread1     5508 4029       4       org.springframework.core.annotation.AnnotationsScanner::getDeclaredAnnotations (166 bytes)
Total: 1

VM state: not at safepoint (normal execution)

VM Mutex/Monitor currently owned by a thread: None

Heap address: 0x000000008ac00000, size: 1876 MB, Compressed Oops mode: 32-bit

CDS archive(s) mapped at: [0x0000028a82000000-0x0000028a82c90000-0x0000028a82c90000), size 13172736, SharedBaseAddress: 0x0000028a82000000, ArchiveRelocationMode: 1.
Compressed class space mapped at: 0x0000028a83000000-0x0000028ac3000000, reserved size: 1073741824
Narrow klass base: 0x0000028a82000000, Narrow klass shift: 0, Narrow klass range: 0x100000000

GC Precious Log:
 CardTable entry size: 512
 Card Set container configuration: InlinePtr #cards 5 size 8 Array Of Cards #cards 12 size 40 Howl #buckets 4 coarsen threshold 1843 Howl Bitmap #cards 512 size 80 coarsen threshold 460 Card regions per heap region 1 cards per card region 2048
 CPUs: 8 total, 8 available
 Memory: 7502M
 Large Page Support: Disabled
 NUMA Support: Disabled
 Compressed Oops: Enabled (32-bit)
 Heap Region Size: 1M
 Heap Min Capacity: 8M
 Heap Initial Capacity: 118M
 Heap Max Capacity: 1876M
 Pre-touch: Disabled
 Parallel Workers: 8
 Concurrent Workers: 2
 Concurrent Refinement Workers: 8
 Periodic GC: Disabled

Heap:
 garbage-first heap   total 55296K, used 27500K [0x000000008ac00000, 0x0000000100000000)
  region size 1024K, 15 young (15360K), 3 survivors (3072K)
 Metaspace       used 27793K, committed 28224K, reserved 1114112K
  class space    used 3486K, committed 3648K, reserved 1048576K

Heap Regions: E=young(eden), S=young(survivor), O=old, HS=humongous(starts), HC=humongous(continues), CS=collection set, F=free, TAMS=top-at-mark-start, PB=parsable bottom
|   0|0x000000008ac00000, 0x000000008ad00000, 0x000000008ad00000|100%|HS|  |TAMS 0x000000008ac00000| PB 0x000000008ac00000| Complete 
|   1|0x000000008ad00000, 0x000000008ae00000, 0x000000008ae00000|100%| O|  |TAMS 0x000000008ad00000| PB 0x000000008ad00000| Untracked 
|   2|0x000000008ae00000, 0x000000008af00000, 0x000000008af00000|100%| O|  |TAMS 0x000000008ae00000| PB 0x000000008ae00000| Untracked 
|   3|0x000000008af00000, 0x000000008b000000, 0x000000008b000000|100%| O|  |TAMS 0x000000008af00000| PB 0x000000008af00000| Untracked 
|   4|0x000000008b000000, 0x000000008b100000, 0x000000008b100000|100%| O|  |TAMS 0x000000008b000000| PB 0x000000008b000000| Untracked 
|   5|0x000000008b100000, 0x000000008b200000, 0x000000008b200000|100%| O|  |TAMS 0x000000008b100000| PB 0x000000008b100000| Untracked 
|   6|0x000000008b200000, 0x000000008b300000, 0x000000008b300000|100%| O|  |TAMS 0x000000008b200000| PB 0x000000008b200000| Untracked 
|   7|0x000000008b300000, 0x000000008b31ab20, 0x000000008b400000| 10%| O|Cm|TAMS 0x000000008b300000| PB 0x000000008b300000| Complete 
|   8|0x000000008b400000, 0x000000008b500000, 0x000000008b500000|100%| O|  |TAMS 0x000000008b400000| PB 0x000000008b400000| Untracked 
|   9|0x000000008b500000, 0x000000008b600000, 0x000000008b600000|100%| O|  |TAMS 0x000000008b500000| PB 0x000000008b500000| Untracked 
|  10|0x000000008b600000, 0x000000008b700000, 0x000000008b700000|100%| O|  |TAMS 0x000000008b600000| PB 0x000000008b600000| Untracked 
|  11|0x000000008b700000, 0x000000008b800000, 0x000000008b800000|100%| O|  |TAMS 0x000000008b700000| PB 0x000000008b700000| Untracked 
|  12|0x000000008b800000, 0x000000008b900000, 0x000000008b900000|100%| O|  |TAMS 0x000000008b800000| PB 0x000000008b800000| Untracked 
|  13|0x000000008b900000, 0x000000008ba00000, 0x000000008ba00000|100%| O|  |TAMS 0x000000008b900000| PB 0x000000008b900000| Untracked 
|  14|0x000000008ba00000, 0x000000008ba161c0, 0x000000008bb00000|  8%| O|  |TAMS 0x000000008ba00000| PB 0x000000008ba00000| Untracked 
|  15|0x000000008bb00000, 0x000000008bb00000, 0x000000008bc00000|  0%| F|  |TAMS 0x000000008bb00000| PB 0x000000008bb00000| Untracked 
|  16|0x000000008bc00000, 0x000000008bc00000, 0x000000008bd00000|  0%| F|  |TAMS 0x000000008bc00000| PB 0x000000008bc00000| Untracked 
|  17|0x000000008bd00000, 0x000000008bd00000, 0x000000008be00000|  0%| F|  |TAMS 0x000000008bd00000| PB 0x000000008bd00000| Untracked 
|  18|0x000000008be00000, 0x000000008be00000, 0x000000008bf00000|  0%| F|  |TAMS 0x000000008be00000| PB 0x000000008be00000| Untracked 
|  19|0x000000008bf00000, 0x000000008bfaa5c0, 0x000000008c000000| 66%| S|CS|TAMS 0x000000008bf00000| PB 0x000000008bf00000| Complete 
|  20|0x000000008c000000, 0x000000008c100000, 0x000000008c100000|100%| S|CS|TAMS 0x000000008c000000| PB 0x000000008c000000| Complete 
|  21|0x000000008c100000, 0x000000008c200000, 0x000000008c200000|100%| S|CS|TAMS 0x000000008c100000| PB 0x000000008c100000| Complete 
|  22|0x000000008c200000, 0x000000008c200000, 0x000000008c300000|  0%| F|  |TAMS 0x000000008c200000| PB 0x000000008c200000| Untracked 
|  23|0x000000008c300000, 0x000000008c300000, 0x000000008c400000|  0%| F|  |TAMS 0x000000008c300000| PB 0x000000008c300000| Untracked 
|  24|0x000000008c400000, 0x000000008c400000, 0x000000008c500000|  0%| F|  |TAMS 0x000000008c400000| PB 0x000000008c400000| Untracked 
|  25|0x000000008c500000, 0x000000008c500000, 0x000000008c600000|  0%| F|  |TAMS 0x000000008c500000| PB 0x000000008c500000| Untracked 
|  26|0x000000008c600000, 0x000000008c600000, 0x000000008c700000|  0%| F|  |TAMS 0x000000008c600000| PB 0x000000008c600000| Untracked 
|  27|0x000000008c700000, 0x000000008c700000, 0x000000008c800000|  0%| F|  |TAMS 0x000000008c700000| PB 0x000000008c700000| Untracked 
|  28|0x000000008c800000, 0x000000008c800000, 0x000000008c900000|  0%| F|  |TAMS 0x000000008c800000| PB 0x000000008c800000| Untracked 
|  29|0x000000008c900000, 0x000000008c900000, 0x000000008ca00000|  0%| F|  |TAMS 0x000000008c900000| PB 0x000000008c900000| Untracked 
|  30|0x000000008ca00000, 0x000000008ca00000, 0x000000008cb00000|  0%| F|  |TAMS 0x000000008ca00000| PB 0x000000008ca00000| Untracked 
|  31|0x000000008cb00000, 0x000000008cb00000, 0x000000008cc00000|  0%| F|  |TAMS 0x000000008cb00000| PB 0x000000008cb00000| Untracked 
|  32|0x000000008cc00000, 0x000000008cc00000, 0x000000008cd00000|  0%| F|  |TAMS 0x000000008cc00000| PB 0x000000008cc00000| Untracked 
|  33|0x000000008cd00000, 0x000000008cd00000, 0x000000008ce00000|  0%| F|  |TAMS 0x000000008cd00000| PB 0x000000008cd00000| Untracked 
|  34|0x000000008ce00000, 0x000000008ce00000, 0x000000008cf00000|  0%| F|  |TAMS 0x000000008ce00000| PB 0x000000008ce00000| Untracked 
|  35|0x000000008cf00000, 0x000000008cf00000, 0x000000008d000000|  0%| F|  |TAMS 0x000000008cf00000| PB 0x000000008cf00000| Untracked 
|  36|0x000000008d000000, 0x000000008d000000, 0x000000008d100000|  0%| F|  |TAMS 0x000000008d000000| PB 0x000000008d000000| Untracked 
|  37|0x000000008d100000, 0x000000008d100000, 0x000000008d200000|  0%| F|  |TAMS 0x000000008d100000| PB 0x000000008d100000| Untracked 
|  38|0x000000008d200000, 0x000000008d200000, 0x000000008d300000|  0%| F|  |TAMS 0x000000008d200000| PB 0x000000008d200000| Untracked 
|  39|0x000000008d300000, 0x000000008d300000, 0x000000008d400000|  0%| F|  |TAMS 0x000000008d300000| PB 0x000000008d300000| Untracked 
|  40|0x000000008d400000, 0x000000008d400000, 0x000000008d500000|  0%| F|  |TAMS 0x000000008d400000| PB 0x000000008d400000| Untracked 
|  41|0x000000008d500000, 0x000000008d500000, 0x000000008d600000|  0%| F|  |TAMS 0x000000008d500000| PB 0x000000008d500000| Untracked 
|  42|0x000000008d600000, 0x000000008d6e1aa0, 0x000000008d700000| 88%| E|  |TAMS 0x000000008d600000| PB 0x000000008d600000| Complete 
|  43|0x000000008d700000, 0x000000008d800000, 0x000000008d800000|100%| E|CS|TAMS 0x000000008d700000| PB 0x000000008d700000| Complete 
|  44|0x000000008d800000, 0x000000008d900000, 0x000000008d900000|100%| E|CS|TAMS 0x000000008d800000| PB 0x000000008d800000| Complete 
|  45|0x000000008d900000, 0x000000008da00000, 0x000000008da00000|100%| E|CS|TAMS 0x000000008d900000| PB 0x000000008d900000| Complete 
|  62|0x000000008ea00000, 0x000000008eb00000, 0x000000008eb00000|100%| E|CS|TAMS 0x000000008ea00000| PB 0x000000008ea00000| Complete 
|  63|0x000000008eb00000, 0x000000008ec00000, 0x000000008ec00000|100%| E|CS|TAMS 0x000000008eb00000| PB 0x000000008eb00000| Complete 
|  64|0x000000008ec00000, 0x000000008ed00000, 0x000000008ed00000|100%| E|CS|TAMS 0x000000008ec00000| PB 0x000000008ec00000| Complete 
|  65|0x000000008ed00000, 0x000000008ee00000, 0x000000008ee00000|100%| E|CS|TAMS 0x000000008ed00000| PB 0x000000008ed00000| Complete 
|  66|0x000000008ee00000, 0x000000008ef00000, 0x000000008ef00000|100%| E|CS|TAMS 0x000000008ee00000| PB 0x000000008ee00000| Complete 
|  67|0x000000008ef00000, 0x000000008f000000, 0x000000008f000000|100%| E|CS|TAMS 0x000000008ef00000| PB 0x000000008ef00000| Complete 
|  68|0x000000008f000000, 0x000000008f100000, 0x000000008f100000|100%| E|CS|TAMS 0x000000008f000000| PB 0x000000008f000000| Complete 
| 117|0x0000000092100000, 0x0000000092200000, 0x0000000092200000|100%| E|CS|TAMS 0x0000000092100000| PB 0x0000000092100000| Complete 

Card table byte_map: [0x0000028afd3e0000,0x0000028afd790000] _byte_map_base: 0x0000028afcf8a000

Marking Bits: (CMBitMap*) 0x0000028ae59090e0
 Bits: [0x0000028afd790000, 0x0000028aff4e0000)

Polling page: 0x0000028ae3880000

Metaspace:

Usage:
  Non-class:     23.74 MB used.
      Class:      3.41 MB used.
       Both:     27.14 MB used.

Virtual space:
  Non-class space:       64.00 MB reserved,      24.00 MB ( 38%) committed,  1 nodes.
      Class space:        1.00 GB reserved,       3.56 MB ( <1%) committed,  1 nodes.
             Both:        1.06 GB reserved,      27.56 MB (  3%) committed. 

Chunk freelists:
   Non-Class:  7.81 MB
       Class:  12.31 MB
        Both:  20.12 MB

MaxMetaspaceSize: unlimited
CompressedClassSpaceSize: 1.00 GB
Initial GC threshold: 21.00 MB
Current GC threshold: 35.12 MB
CDS: on
 - commit_granule_bytes: 65536.
 - commit_granule_words: 8192.
 - virtual_space_node_default_size: 8388608.
 - enlarge_chunks_in_place: 1.
 - use_allocation_guard: 0.


Internal statistics:

num_allocs_failed_limit: 3.
num_arena_births: 562.
num_arena_deaths: 0.
num_vsnodes_births: 2.
num_vsnodes_deaths: 0.
num_space_committed: 441.
num_space_uncommitted: 0.
num_chunks_returned_to_freelist: 3.
num_chunks_taken_from_freelist: 1539.
num_chunk_merges: 3.
num_chunk_splits: 1045.
num_chunks_enlarged: 738.
num_inconsistent_stats: 0.

CodeHeap 'non-profiled nmethods': size=120000Kb used=2247Kb max_used=2247Kb free=117752Kb
 bounds [0x0000028af57d0000, 0x0000028af5a40000, 0x0000028afcd00000]
CodeHeap 'profiled nmethods': size=120000Kb used=8552Kb max_used=8552Kb free=111448Kb
 bounds [0x0000028aedd00000, 0x0000028aee560000, 0x0000028af5230000]
CodeHeap 'non-nmethods': size=5760Kb used=1455Kb max_used=1496Kb free=4304Kb
 bounds [0x0000028af5230000, 0x0000028af54a0000, 0x0000028af57d0000]
 total_blobs=4637 nmethods=4097 adapters=444
 compilation: enabled
              stopped_count=0, restarted_count=0
 full_count=0

Compilation events (20 events):
Event: 5.458 Thread 0x0000028afff2c510 nmethod 4086 0x0000028af59fc310 code [0x0000028af59fc5a0, 0x0000028af59fd938]
Event: 5.459 Thread 0x0000028afff2c510 4025       4       org.springframework.core.BridgeMethodResolver::isBridgedCandidateFor (38 bytes)
Event: 5.460 Thread 0x0000028ac8b7b1a0 nmethod 4024 0x0000028af59fe490 code [0x0000028af59fe620, 0x0000028af59fe888]
Event: 5.460 Thread 0x0000028ac8b7b1a0 4044       4       org.springframework.core.annotation.TypeMappedAnnotations$MergedAnnotationFinder::doWithAggregate (7 bytes)
Event: 5.460 Thread 0x0000028ac8b7b1a0 nmethod 4044 0x0000028af59fea10 code [0x0000028af59feba0, 0x0000028af59fec30]
Event: 5.460 Thread 0x0000028ac8b7b1a0 4014   !   4       java.lang.reflect.Executable::declaredAnnotations (85 bytes)
Event: 5.461 Thread 0x0000028afff2c510 nmethod 4025 0x0000028af59fed10 code [0x0000028af59feea0, 0x0000028af59ff0e0]
Event: 5.461 Thread 0x0000028afff2c510 4008       4       jdk.internal.loader.AbstractClassLoaderValue$Sub::equals (55 bytes)
Event: 5.462 Thread 0x0000028afff2c510 nmethod 4008 0x0000028af59ff290 code [0x0000028af59ff440, 0x0000028af59ff600]
Event: 5.462 Thread 0x0000028afff2c510 3965       4       org.springframework.core.annotation.MergedAnnotationSelectors::firstDirectlyDeclared (4 bytes)
Event: 5.462 Thread 0x0000028afff2c510 nmethod 3965 0x0000028af59ff790 code [0x0000028af59ff920, 0x0000028af59ff990]
Event: 5.462 Thread 0x0000028afff2c510 3957       4       org.springframework.core.annotation.RepeatableContainers::none (4 bytes)
Event: 5.463 Thread 0x0000028afff2c510 nmethod 3957 0x0000028af59ffa90 code [0x0000028af59ffc20, 0x0000028af59ffc90]
Event: 5.463 Thread 0x0000028afff2c510 4062       4       jdk.internal.misc.Unsafe::getInt (7 bytes)
Event: 5.463 Thread 0x0000028afff2c510 nmethod 4062 0x0000028af59ffd90 code [0x0000028af59fff20, 0x0000028af59fffb0]
Event: 5.463 Thread 0x0000028afff2c510 4063       4       jdk.internal.misc.Unsafe::getLong (7 bytes)
Event: 5.463 Thread 0x0000028afff2c510 nmethod 4063 0x0000028af5a00090 code [0x0000028af5a00220, 0x0000028af5a002b0]
Event: 5.463 Thread 0x0000028afff2c510 4079       4       java.lang.Integer::rotateRight (9 bytes)
Event: 5.464 Thread 0x0000028afff2c510 nmethod 4079 0x0000028af5a00390 code [0x0000028af5a00500, 0x0000028af5a00570]
Event: 5.464 Thread 0x0000028ac8b7b1a0 nmethod 4014 0x0000028af5a00690 code [0x0000028af5a008a0, 0x0000028af5a00e90]

GC Heap History (8 events):
Event: 1.230 GC heap before
{Heap before GC invocations=0 (full 0):
 garbage-first heap   total 120832K, used 24576K [0x000000008ac00000, 0x0000000100000000)
  region size 1024K, 23 young (23552K), 0 survivors (0K)
 Metaspace       used 5844K, committed 6080K, reserved 1114112K
  class space    used 637K, committed 704K, reserved 1048576K
}
Event: 1.235 GC heap after
{Heap after GC invocations=1 (full 0):
 garbage-first heap   total 120832K, used 7018K [0x000000008ac00000, 0x0000000100000000)
  region size 1024K, 3 young (3072K), 3 survivors (3072K)
 Metaspace       used 5844K, committed 6080K, reserved 1114112K
  class space    used 637K, committed 704K, reserved 1048576K
}
Event: 2.228 GC heap before
{Heap before GC invocations=1 (full 0):
 garbage-first heap   total 120832K, used 35690K [0x000000008ac00000, 0x0000000100000000)
  region size 1024K, 32 young (32768K), 3 survivors (3072K)
 Metaspace       used 14042K, committed 14336K, reserved 1114112K
  class space    used 1653K, committed 1792K, reserved 1048576K
}
Event: 2.232 GC heap after
{Heap after GC invocations=2 (full 0):
 garbage-first heap   total 120832K, used 9862K [0x000000008ac00000, 0x0000000100000000)
  region size 1024K, 3 young (3072K), 3 survivors (3072K)
 Metaspace       used 14042K, committed 14336K, reserved 1114112K
  class space    used 1653K, committed 1792K, reserved 1048576K
}
Event: 3.914 GC heap before
{Heap before GC invocations=2 (full 0):
 garbage-first heap   total 120832K, used 54918K [0x000000008ac00000, 0x0000000100000000)
  region size 1024K, 49 young (50176K), 3 survivors (3072K)
 Metaspace       used 21263K, committed 21504K, reserved 1114112K
  class space    used 2553K, committed 2688K, reserved 1048576K
}
Event: 3.919 GC heap after
{Heap after GC invocations=3 (full 0):
 garbage-first heap   total 120832K, used 13928K [0x000000008ac00000, 0x0000000100000000)
  region size 1024K, 7 young (7168K), 7 survivors (7168K)
 Metaspace       used 21263K, committed 21504K, reserved 1114112K
  class space    used 2553K, committed 2688K, reserved 1048576K
}
Event: 5.008 GC heap before
{Heap before GC invocations=4 (full 0):
 garbage-first heap   total 55296K, used 39528K [0x000000008ac00000, 0x0000000100000000)
  region size 1024K, 32 young (32768K), 7 survivors (7168K)
 Metaspace       used 25332K, committed 25728K, reserved 1114112K
  class space    used 3142K, committed 3328K, reserved 1048576K
}
Event: 5.015 GC heap after
{Heap after GC invocations=5 (full 0):
 garbage-first heap   total 55296K, used 16236K [0x000000008ac00000, 0x0000000100000000)
  region size 1024K, 3 young (3072K), 3 survivors (3072K)
 Metaspace       used 25332K, committed 25728K, reserved 1114112K
  class space    used 3142K, committed 3328K, reserved 1048576K
}

Dll operation events (13 events):
Event: 0.026 Loaded shared library C:\Users\HP 14S-FQ1001NU\.jdks\openjdk-21.0.2\bin\java.dll
Event: 0.068 Loaded shared library C:\Users\HP 14S-FQ1001NU\.jdks\openjdk-21.0.2\bin\jsvml.dll
Event: 0.192 Loaded shared library C:\Users\HP 14S-FQ1001NU\.jdks\openjdk-21.0.2\bin\zip.dll
Event: 0.198 Loaded shared library C:\Users\HP 14S-FQ1001NU\.jdks\openjdk-21.0.2\bin\instrument.dll
Event: 0.208 Loaded shared library C:\Users\HP 14S-FQ1001NU\.jdks\openjdk-21.0.2\bin\net.dll
Event: 0.212 Loaded shared library C:\Users\HP 14S-FQ1001NU\.jdks\openjdk-21.0.2\bin\nio.dll
Event: 0.215 Loaded shared library C:\Users\HP 14S-FQ1001NU\.jdks\openjdk-21.0.2\bin\zip.dll
Event: 0.343 Loaded shared library C:\Program Files\JetBrains\IntelliJ IDEA Community Edition 2023.3.4\bin\breakgen64.dll
Event: 0.360 Loaded shared library C:\Users\HP 14S-FQ1001NU\.jdks\openjdk-21.0.2\bin\extnet.dll
Event: 0.419 Loaded shared library C:\Users\HP 14S-FQ1001NU\.jdks\openjdk-21.0.2\bin\jimage.dll
Event: 1.012 Loaded shared library C:\Users\HP 14S-FQ1001NU\.jdks\openjdk-21.0.2\bin\management.dll
Event: 1.014 Loaded shared library C:\Users\HP 14S-FQ1001NU\.jdks\openjdk-21.0.2\bin\management_ext.dll
Event: 2.512 Loaded shared library C:\Users\HP 14S-FQ1001NU\.jdks\openjdk-21.0.2\bin\sunmscapi.dll

Deoptimization events (20 events):
Event: 5.250 Thread 0x0000028ac8326160 Uncommon trap: trap_request=0xffffffd6 fr.pc=0x0000028af59dd200 relative=0x0000000000000cc0
Event: 5.250 Thread 0x0000028ac8326160 Uncommon trap: reason=array_check action=maybe_recompile pc=0x0000028af59dd200 method=org.springframework.boot.context.properties.source.ConfigurationPropertyName.getElement(ILorg/springframework/boot/context/properties/source/ConfigurationPropertyName$Fo
Event: 5.250 Thread 0x0000028ac8326160 DEOPT PACKING pc=0x0000028af59dd200 sp=0x000000c3e42fa2e0
Event: 5.250 Thread 0x0000028ac8326160 DEOPT UNPACKING pc=0x0000028af52846a2 sp=0x000000c3e42fa2b8 mode 2
Event: 5.250 Thread 0x0000028ac8326160 Uncommon trap: trap_request=0xffffffd6 fr.pc=0x0000028af59dd200 relative=0x0000000000000cc0
Event: 5.250 Thread 0x0000028ac8326160 Uncommon trap: reason=array_check action=maybe_recompile pc=0x0000028af59dd200 method=org.springframework.boot.context.properties.source.ConfigurationPropertyName.getElement(ILorg/springframework/boot/context/properties/source/ConfigurationPropertyName$Fo
Event: 5.250 Thread 0x0000028ac8326160 DEOPT PACKING pc=0x0000028af59dd200 sp=0x000000c3e42fa2e0
Event: 5.250 Thread 0x0000028ac8326160 DEOPT UNPACKING pc=0x0000028af52846a2 sp=0x000000c3e42fa2b8 mode 2
Event: 5.280 Thread 0x0000028ac8326160 Uncommon trap: trap_request=0xffffffd6 fr.pc=0x0000028af59d56bc relative=0x00000000000029bc
Event: 5.280 Thread 0x0000028ac8326160 Uncommon trap: reason=array_check action=maybe_recompile pc=0x0000028af59d56bc method=org.springframework.util.ConcurrentReferenceHashMap$Segment.lambda$doTask$0(Ljava/lang/Object;ILorg/springframework/util/ConcurrentReferenceHashMap$Reference;ILjava/lang
Event: 5.280 Thread 0x0000028ac8326160 DEOPT PACKING pc=0x0000028af59d56bc sp=0x000000c3e42fbc80
Event: 5.280 Thread 0x0000028ac8326160 DEOPT UNPACKING pc=0x0000028af52846a2 sp=0x000000c3e42fb8e0 mode 2
Event: 5.280 Thread 0x0000028ac8326160 Uncommon trap: trap_request=0xffffffd6 fr.pc=0x0000028af59d56bc relative=0x00000000000029bc
Event: 5.280 Thread 0x0000028ac8326160 Uncommon trap: reason=array_check action=maybe_recompile pc=0x0000028af59d56bc method=org.springframework.util.ConcurrentReferenceHashMap$Segment.lambda$doTask$0(Ljava/lang/Object;ILorg/springframework/util/ConcurrentReferenceHashMap$Reference;ILjava/lang
Event: 5.280 Thread 0x0000028ac8326160 DEOPT PACKING pc=0x0000028af59d56bc sp=0x000000c3e42fbc80
Event: 5.280 Thread 0x0000028ac8326160 DEOPT UNPACKING pc=0x0000028af52846a2 sp=0x000000c3e42fb8e0 mode 2
Event: 5.387 Thread 0x0000028ac8326160 Uncommon trap: trap_request=0xffffff45 fr.pc=0x0000028af5963794 relative=0x0000000000000074
Event: 5.387 Thread 0x0000028ac8326160 Uncommon trap: reason=unstable_if action=reinterpret pc=0x0000028af5963794 method=java.lang.invoke.VarHandle.checkAccessModeThenIsDirect(Ljava/lang/invoke/VarHandle$AccessDescriptor;)Z @ 4 c2
Event: 5.387 Thread 0x0000028ac8326160 DEOPT PACKING pc=0x0000028af5963794 sp=0x000000c3e42fd320
Event: 5.387 Thread 0x0000028ac8326160 DEOPT UNPACKING pc=0x0000028af52846a2 sp=0x000000c3e42fd2c0 mode 2

Classes loaded (20 events):
Event: 5.435 Loading class javax/management/Notification done
Event: 5.436 Loading class javax/management/AttributeChangeNotification
Event: 5.436 Loading class javax/management/AttributeChangeNotification done
Event: 5.436 Loading class javax/management/NotificationFilter
Event: 5.436 Loading class javax/management/NotificationFilter done
Event: 5.443 Loading class java/net/SocketTimeoutException
Event: 5.443 Loading class java/io/InterruptedIOException
Event: 5.443 Loading class java/io/InterruptedIOException done
Event: 5.443 Loading class java/net/SocketTimeoutException done
Event: 5.444 Loading class java/beans/PropertyChangeSupport
Event: 5.444 Loading class java/beans/PropertyChangeSupport done
Event: 5.445 Loading class java/beans/PropertyChangeSupport$PropertyChangeListenerMap
Event: 5.445 Loading class java/beans/ChangeListenerMap
Event: 5.445 Loading class java/beans/ChangeListenerMap done
Event: 5.445 Loading class java/beans/PropertyChangeSupport$PropertyChangeListenerMap done
Event: 5.445 Loading class java/beans/PropertyChangeListener
Event: 5.445 Loading class java/beans/PropertyChangeListener done
Event: 5.472 Loading class java/beans/PropertyChangeEvent
Event: 5.473 Loading class java/beans/PropertyChangeEvent done
Event: 5.479 Loading class javax/management/ObjectName

Classes unloaded (0 events):
No events

Classes redefined (0 events):
No events

Internal exceptions (20 events):
Event: 4.774 Thread 0x0000028ac8326160 Exception <a 'java/lang/NoSuchMethodError'{0x000000008c7fc540}: 'void java.lang.invoke.DirectMethodHandle$Holder.invokeSpecial(java.lang.Object, java.lang.Object, java.lang.Object, java.lang.Object, java.lang.Object, java.lang.Object)'> (0x000000008c7fc540) 
thrown [s\open\src\hotspot\share\interpreter\linkResolver.cpp, line 773]
Event: 4.780 Thread 0x0000028ac8326160 Exception <a 'java/lang/NoSuchMethodError'{0x000000008c639148}: 'void java.lang.invoke.DirectMethodHandle$Holder.invokeVirtual(java.lang.Object, java.lang.Object, int)'> (0x000000008c639148) 
thrown [s\open\src\hotspot\share\interpreter\linkResolver.cpp, line 773]
Event: 4.780 Thread 0x0000028ac8326160 Exception <a 'java/lang/NoSuchMethodError'{0x000000008c63cff8}: 'int java.lang.invoke.DirectMethodHandle$Holder.invokeSpecial(java.lang.Object, java.lang.Object, java.lang.Object, int)'> (0x000000008c63cff8) 
thrown [s\open\src\hotspot\share\interpreter\linkResolver.cpp, line 773]
Event: 4.782 Thread 0x0000028ac8326160 Exception <a 'java/lang/NoSuchMethodError'{0x000000008c64ed30}: 'java.lang.Object java.lang.invoke.DirectMethodHandle$Holder.invokeStatic(java.lang.Object, java.lang.Object, java.lang.Object, java.lang.Object, int)'> (0x000000008c64ed30) 
thrown [s\open\src\hotspot\share\interpreter\linkResolver.cpp, line 773]
Event: 4.782 Thread 0x0000028ac8326160 Exception <a 'java/lang/NoSuchMethodError'{0x000000008c6593e8}: 'void java.lang.invoke.DelegatingMethodHandle$Holder.reinvoke_L(java.lang.Object, java.lang.Object, int)'> (0x000000008c6593e8) 
thrown [s\open\src\hotspot\share\interpreter\linkResolver.cpp, line 773]
Event: 4.865 Thread 0x0000028ac8326160 Implicit null exception at 0x0000028af58c3efa to 0x0000028af58c3fbd
Event: 4.945 Thread 0x0000028ac8326160 Exception <a 'java/lang/NoSuchMethodError'{0x000000008c3cb828}: 'java.lang.Object java.lang.invoke.DirectMethodHandle$Holder.invokeVirtual(java.lang.Object, java.lang.Object, java.lang.Object, java.lang.Object, java.lang.Object)'> (0x000000008c3cb828) 
thrown [s\open\src\hotspot\share\interpreter\linkResolver.cpp, line 773]
Event: 5.068 Thread 0x0000028ac8326160 Exception <a 'java/lang/NoSuchMethodError'{0x000000008f0972f8}: 'java.lang.reflect.Field[] java.lang.Class.getDeclaredFields(java.lang.Class)'> (0x000000008f0972f8) 
thrown [s\open\src\hotspot\share\interpreter\linkResolver.cpp, line 773]
Event: 5.094 Thread 0x0000028ac8326160 Exception <a 'java/lang/NoSuchMethodError'{0x000000008ef0ecc8}: 'void java.lang.invoke.DirectMethodHandle$Holder.invokeStatic(java.lang.Object, java.lang.Object, int)'> (0x000000008ef0ecc8) 
thrown [s\open\src\hotspot\share\interpreter\linkResolver.cpp, line 773]
Event: 5.124 Thread 0x0000028ac8326160 Exception <a 'java/lang/NoSuchMethodError'{0x000000008eff3830}: 'java.lang.Object java.lang.invoke.DirectMethodHandle$Holder.invokeVirtual(java.lang.Object, java.lang.Object, java.lang.Object, java.lang.Object, java.lang.Object, java.lang.Object)'> (0x000000008eff3830) 
thrown [s\open\src\hotspot\share\interpreter\linkResolver.cpp, line 773]
Event: 5.181 Thread 0x0000028ac8326160 Exception <a 'java/lang/NoSuchMethodError'{0x000000008ed05c68}: 'void java.lang.invoke.DirectMethodHandle$Holder.invokeInterface(java.lang.Object, java.lang.Object, int)'> (0x000000008ed05c68) 
thrown [s\open\src\hotspot\share\interpreter\linkResolver.cpp, line 773]
Event: 5.190 Thread 0x0000028ac8326160 Exception <a 'java/lang/IncompatibleClassChangeError'{0x000000008ed47d70}: Found class java.lang.Object, but interface was expected> (0x000000008ed47d70) 
thrown [s\open\src\hotspot\share\interpreter\linkResolver.cpp, line 840]
Event: 5.191 Thread 0x0000028ac8326160 Exception <a 'java/lang/NoSuchMethodError'{0x000000008ed55dd8}: 'int java.lang.invoke.DirectMethodHandle$Holder.invokeSpecialIFC(java.lang.Object, java.lang.Object, java.lang.Object)'> (0x000000008ed55dd8) 
thrown [s\open\src\hotspot\share\interpreter\linkResolver.cpp, line 773]
Event: 5.194 Thread 0x0000028ac8326160 Exception <a 'java/lang/NoSuchMethodError'{0x000000008ed6abd0}: 'void java.lang.invoke.DirectMethodHandle$Holder.invokeStatic(java.lang.Object, int, java.lang.Object)'> (0x000000008ed6abd0) 
thrown [s\open\src\hotspot\share\interpreter\linkResolver.cpp, line 773]
Event: 5.212 Thread 0x0000028ac8326160 Exception <a 'java/lang/NoSuchMethodError'{0x000000008edba640}: 'void java.lang.invoke.DirectMethodHandle$Holder.invokeStatic(java.lang.Object, java.lang.Object, java.lang.Object, int, java.lang.Object)'> (0x000000008edba640) 
thrown [s\open\src\hotspot\share\interpreter\linkResolver.cpp, line 773]
Event: 5.213 Thread 0x0000028ac8326160 Exception <a 'java/lang/NoSuchMethodError'{0x000000008edc0e80}: 'java.lang.Object java.lang.invoke.DirectMethodHandle$Holder.newInvokeSpecial(java.lang.Object, java.lang.Object, java.lang.Object, int)'> (0x000000008edc0e80) 
thrown [s\open\src\hotspot\share\interpreter\linkResolver.cpp, line 773]
Event: 5.213 Thread 0x0000028ac8326160 Exception <a 'java/lang/NoSuchMethodError'{0x000000008edc4d00}: 'java.lang.Object java.lang.invoke.DirectMethodHandle$Holder.invokeSpecial(java.lang.Object, java.lang.Object, java.lang.Object, java.lang.Object, int)'> (0x000000008edc4d00) 
thrown [s\open\src\hotspot\share\interpreter\linkResolver.cpp, line 773]
Event: 5.213 Thread 0x0000028ac8326160 Exception <a 'java/lang/NoSuchMethodError'{0x000000008edc8188}: 'java.lang.Object java.lang.invoke.Invokers$Holder.linkToTargetMethod(java.lang.Object, java.lang.Object, int, java.lang.Object)'> (0x000000008edc8188) 
thrown [s\open\src\hotspot\share\interpreter\linkResolver.cpp, line 773]
Event: 5.363 Thread 0x0000028ac8326160 Exception <a 'java/lang/NoSuchMethodError'{0x000000008d949c90}: 'java.lang.Object java.lang.invoke.DirectMethodHandle$Holder.invokeStaticInit(java.lang.Object, int, int, int, int)'> (0x000000008d949c90) 
thrown [s\open\src\hotspot\share\interpreter\linkResolver.cpp, line 773]
Event: 5.390 Thread 0x0000028ac8326160 Exception <a 'java/lang/NoSuchMethodError'{0x000000008d995dd0}: 'java.lang.Object java.lang.invoke.DirectMethodHandle$Holder.invokeStaticInit(java.lang.Object, java.lang.Object, int, int, int, int)'> (0x000000008d995dd0) 
thrown [s\open\src\hotspot\share\interpreter\linkResolver.cpp, line 773]

ZGC Phase Switch (0 events):
No events

VM Operations (20 events):
Event: 4.350 Executing VM operation: ICBufferFull
Event: 4.350 Executing VM operation: ICBufferFull done
Event: 4.531 Executing VM operation: HandshakeAllThreads (Deoptimize)
Event: 4.531 Executing VM operation: HandshakeAllThreads (Deoptimize) done
Event: 4.564 Executing VM operation: HandshakeAllThreads (Deoptimize)
Event: 4.564 Executing VM operation: HandshakeAllThreads (Deoptimize) done
Event: 4.570 Executing VM operation: HandshakeAllThreads (Deoptimize)
Event: 4.570 Executing VM operation: HandshakeAllThreads (Deoptimize) done
Event: 4.802 Executing VM operation: HandshakeAllThreads (Deoptimize)
Event: 4.802 Executing VM operation: HandshakeAllThreads (Deoptimize) done
Event: 4.828 Executing VM operation: HandshakeAllThreads (Deoptimize)
Event: 4.828 Executing VM operation: HandshakeAllThreads (Deoptimize) done
Event: 4.830 Executing VM operation: HandshakeAllThreads (Deoptimize)
Event: 4.830 Executing VM operation: HandshakeAllThreads (Deoptimize) done
Event: 4.839 Executing VM operation: ICBufferFull
Event: 4.839 Executing VM operation: ICBufferFull done
Event: 5.008 Executing VM operation: G1CollectForAllocation (G1 Evacuation Pause)
Event: 5.015 Executing VM operation: G1CollectForAllocation (G1 Evacuation Pause) done
Event: 5.079 Executing VM operation: HandshakeAllThreads (Deoptimize)
Event: 5.079 Executing VM operation: HandshakeAllThreads (Deoptimize) done

Events (20 events):
Event: 0.066 Thread 0x0000028afff2b650 Thread added: 0x0000028afff2b650
Event: 0.066 Thread 0x0000028afff2c510 Thread added: 0x0000028afff2c510
Event: 0.066 Thread 0x0000028afff2d0e0 Thread added: 0x0000028afff2d0e0
Event: 0.166 Thread 0x0000028ac71c5360 Thread added: 0x0000028ac71c5360
Event: 0.263 Thread 0x0000028ac72df220 Thread added: 0x0000028ac72df220
Event: 0.344 Thread 0x0000028ac74c99a0 Thread added: 0x0000028ac74c99a0
Event: 0.344 Thread 0x0000028ac7213fb0 Thread added: 0x0000028ac7213fb0
Event: 1.118 Thread 0x0000028ac79f2550 Thread added: 0x0000028ac79f2550
Event: 1.124 Thread 0x0000028ac8326160 Thread added: 0x0000028ac8326160
Event: 1.251 Thread 0x0000028ac72df220 Thread exited: 0x0000028ac72df220
Event: 1.783 Thread 0x0000028ac8906940 Thread added: 0x0000028ac8906940
Event: 1.867 Thread 0x0000028ac8972720 Thread added: 0x0000028ac8972720
Event: 2.546 Thread 0x0000028ac8972720 Thread exited: 0x0000028ac8972720
Event: 2.702 Thread 0x0000028ac8b8eaa0 Thread added: 0x0000028ac8b8eaa0
Event: 2.859 Thread 0x0000028ac8b8eaa0 Thread exited: 0x0000028ac8b8eaa0
Event: 3.097 Thread 0x0000028ac8ccca70 Thread added: 0x0000028ac8ccca70
Event: 3.555 Thread 0x0000028ac8ccca70 Thread exited: 0x0000028ac8ccca70
Event: 3.960 Thread 0x0000028ac8f756c0 Thread added: 0x0000028ac8f756c0
Event: 4.851 Thread 0x0000028ac8f756c0 Thread exited: 0x0000028ac8f756c0
Event: 5.142 Thread 0x0000028ac8b7b1a0 Thread added: 0x0000028ac8b7b1a0


Dynamic libraries:
0x00007ff628510000 - 0x00007ff62851e000 	C:\Users\HP 14S-FQ1001NU\.jdks\openjdk-21.0.2\bin\java.exe
0x00007ffb76250000 - 0x00007ffb76467000 	C:\WINDOWS\SYSTEM32\ntdll.dll
0x00007ffb74ca0000 - 0x00007ffb74d64000 	C:\WINDOWS\System32\KERNEL32.DLL
0x00007ffb73a40000 - 0x00007ffb73dec000 	C:\WINDOWS\System32\KERNELBASE.dll
0x00007ffb73920000 - 0x00007ffb73a31000 	C:\WINDOWS\System32\ucrtbase.dll
0x00007ffae9260000 - 0x00007ffae927b000 	C:\Users\HP 14S-FQ1001NU\.jdks\openjdk-21.0.2\bin\VCRUNTIME140.dll
0x00007ffae9280000 - 0x00007ffae9298000 	C:\Users\HP 14S-FQ1001NU\.jdks\openjdk-21.0.2\bin\jli.dll
0x00007ffb74e90000 - 0x00007ffb7503e000 	C:\WINDOWS\System32\USER32.dll
0x00007ffb738f0000 - 0x00007ffb73916000 	C:\WINDOWS\System32\win32u.dll
0x00007ffb74b40000 - 0x00007ffb74b69000 	C:\WINDOWS\System32\GDI32.dll
0x00007ffb53860000 - 0x00007ffb53af3000 	C:\WINDOWS\WinSxS\amd64_microsoft.windows.common-controls_6595b64144ccf1df_6.0.22621.3672_none_2713b9d173822955\COMCTL32.dll
0x00007ffb73690000 - 0x00007ffb737a9000 	C:\WINDOWS\System32\gdi32full.dll
0x00007ffb73580000 - 0x00007ffb7361a000 	C:\WINDOWS\System32\msvcp_win.dll
0x00007ffb75340000 - 0x00007ffb753e7000 	C:\WINDOWS\System32\msvcrt.dll
0x00007ffb74940000 - 0x00007ffb74971000 	C:\WINDOWS\System32\IMM32.DLL
0x00007ffb2d480000 - 0x00007ffb2d48c000 	C:\Users\HP 14S-FQ1001NU\.jdks\openjdk-21.0.2\bin\vcruntime140_1.dll
0x00007ffae91d0000 - 0x00007ffae925e000 	C:\Users\HP 14S-FQ1001NU\.jdks\openjdk-21.0.2\bin\msvcp140.dll
0x00007ffae84b0000 - 0x00007ffae91c7000 	C:\Users\HP 14S-FQ1001NU\.jdks\openjdk-21.0.2\bin\server\jvm.dll
0x00007ffb75fa0000 - 0x00007ffb76052000 	C:\WINDOWS\System32\ADVAPI32.dll
0x00007ffb76160000 - 0x00007ffb7620a000 	C:\WINDOWS\System32\sechost.dll
0x00007ffb73f60000 - 0x00007ffb73f88000 	C:\WINDOWS\System32\bcrypt.dll
0x00007ffb74d70000 - 0x00007ffb74e85000 	C:\WINDOWS\System32\RPCRT4.dll
0x00007ffb74b80000 - 0x00007ffb74bf1000 	C:\WINDOWS\System32\WS2_32.dll
0x00007ffb69c80000 - 0x00007ffb69cb4000 	C:\WINDOWS\SYSTEM32\WINMM.dll
0x00007ffb72e40000 - 0x00007ffb72e8d000 	C:\WINDOWS\SYSTEM32\POWRPROF.dll
0x00007ffb69cc0000 - 0x00007ffb69cca000 	C:\WINDOWS\SYSTEM32\VERSION.dll
0x00007ffb72e20000 - 0x00007ffb72e33000 	C:\WINDOWS\SYSTEM32\UMPDC.dll
0x00007ffb72590000 - 0x00007ffb725a8000 	C:\WINDOWS\SYSTEM32\kernel.appcore.dll
0x00007ffb1b760000 - 0x00007ffb1b76a000 	C:\Users\HP 14S-FQ1001NU\.jdks\openjdk-21.0.2\bin\jimage.dll
0x00007ffb70f30000 - 0x00007ffb71162000 	C:\WINDOWS\SYSTEM32\DBGHELP.DLL
0x00007ffb745b0000 - 0x00007ffb74938000 	C:\WINDOWS\System32\combase.dll
0x00007ffb744d0000 - 0x00007ffb745a7000 	C:\WINDOWS\System32\OLEAUT32.dll
0x00007ffb57ce0000 - 0x00007ffb57d12000 	C:\WINDOWS\SYSTEM32\dbgcore.DLL
0x00007ffb73870000 - 0x00007ffb738eb000 	C:\WINDOWS\System32\bcryptPrimitives.dll
0x00007ffb6f210000 - 0x00007ffb6f21f000 	C:\Users\HP 14S-FQ1001NU\.jdks\openjdk-21.0.2\bin\instrument.dll
0x00007ffae8490000 - 0x00007ffae84af000 	C:\Users\HP 14S-FQ1001NU\.jdks\openjdk-21.0.2\bin\java.dll
0x00007ffb753f0000 - 0x00007ffb75c4c000 	C:\WINDOWS\System32\SHELL32.dll
0x00007ffb71480000 - 0x00007ffb71d77000 	C:\WINDOWS\SYSTEM32\windows.storage.dll
0x00007ffb71340000 - 0x00007ffb7147f000 	C:\WINDOWS\SYSTEM32\wintypes.dll
0x00007ffb76060000 - 0x00007ffb76154000 	C:\WINDOWS\System32\SHCORE.dll
0x00007ffb75cf0000 - 0x00007ffb75d4e000 	C:\WINDOWS\System32\shlwapi.dll
0x00007ffb734b0000 - 0x00007ffb734d1000 	C:\WINDOWS\SYSTEM32\profapi.dll
0x00007ffae9390000 - 0x00007ffae9467000 	C:\Users\HP 14S-FQ1001NU\.jdks\openjdk-21.0.2\bin\jsvml.dll
0x00007ffb32390000 - 0x00007ffb323a8000 	C:\Users\HP 14S-FQ1001NU\.jdks\openjdk-21.0.2\bin\zip.dll
0x00007ffb323d0000 - 0x00007ffb323e0000 	C:\Users\HP 14S-FQ1001NU\.jdks\openjdk-21.0.2\bin\net.dll
0x00007ffb6b390000 - 0x00007ffb6b4c6000 	C:\WINDOWS\SYSTEM32\WINHTTP.dll
0x00007ffb72a20000 - 0x00007ffb72a89000 	C:\WINDOWS\system32\mswsock.dll
0x00007ffb323b0000 - 0x00007ffb323c6000 	C:\Users\HP 14S-FQ1001NU\.jdks\openjdk-21.0.2\bin\nio.dll
0x00007ffb6e4e0000 - 0x00007ffb6e4fa000 	C:\Program Files\JetBrains\IntelliJ IDEA Community Edition 2023.3.4\bin\breakgen64.dll
0x00007ffae5fc0000 - 0x00007ffae5fc9000 	C:\Users\HP 14S-FQ1001NU\.jdks\openjdk-21.0.2\bin\extnet.dll
0x00007ffb6e4d0000 - 0x00007ffb6e4da000 	C:\Users\HP 14S-FQ1001NU\.jdks\openjdk-21.0.2\bin\management.dll
0x00007ffb6e4c0000 - 0x00007ffb6e4cb000 	C:\Users\HP 14S-FQ1001NU\.jdks\openjdk-21.0.2\bin\management_ext.dll
0x00007ffb75c50000 - 0x00007ffb75c58000 	C:\WINDOWS\System32\PSAPI.DLL
0x00007ffb6e4b0000 - 0x00007ffb6e4be000 	C:\Users\HP 14S-FQ1001NU\.jdks\openjdk-21.0.2\bin\sunmscapi.dll
0x00007ffb73df0000 - 0x00007ffb73f57000 	C:\WINDOWS\System32\CRYPT32.dll
0x00007ffb72f30000 - 0x00007ffb72f5e000 	C:\WINDOWS\SYSTEM32\ncrypt.dll
0x00007ffb72ef0000 - 0x00007ffb72f27000 	C:\WINDOWS\SYSTEM32\NTASN1.dll
0x00007ffb72c80000 - 0x00007ffb72c9b000 	C:\WINDOWS\SYSTEM32\CRYPTSP.dll
0x00007ffb724f0000 - 0x00007ffb72525000 	C:\WINDOWS\system32\rsaenh.dll
0x00007ffb72b20000 - 0x00007ffb72b48000 	C:\WINDOWS\SYSTEM32\USERENV.dll
0x00007ffb72ca0000 - 0x00007ffb72cac000 	C:\WINDOWS\SYSTEM32\CRYPTBASE.dll
0x00007ffb71ff0000 - 0x00007ffb7201d000 	C:\WINDOWS\SYSTEM32\IPHLPAPI.DLL
0x00007ffb75d50000 - 0x00007ffb75d59000 	C:\WINDOWS\System32\NSI.dll

dbghelp: loaded successfully - version: 4.0.5 - missing functions: none
symbol engine: initialized successfully - sym options: 0x614 - pdb path: .;C:\Users\HP 14S-FQ1001NU\.jdks\openjdk-21.0.2\bin;C:\WINDOWS\SYSTEM32;C:\WINDOWS\WinSxS\amd64_microsoft.windows.common-controls_6595b64144ccf1df_6.0.22621.3672_none_2713b9d173822955;C:\Users\HP 14S-FQ1001NU\.jdks\openjdk-21.0.2\bin\server;C:\Program Files\JetBrains\IntelliJ IDEA Community Edition 2023.3.4\bin

VM Arguments:
jvm_args: -javaagent:C:\Program Files\JetBrains\IntelliJ IDEA Community Edition 2023.3.4\lib\idea_rt.jar=50572:C:\Program Files\JetBrains\IntelliJ IDEA Community Edition 2023.3.4\bin -Dfile.encoding=UTF-8 -Dsun.stdout.encoding=UTF-8 -Dsun.stderr.encoding=UTF-8 
java_command: bg.fmi.javaweb.sportstournamentorganizer.SportsTournamentOrganizerApplication
java_class_path (initial): C:\Users\HP 14S-FQ1001NU\IdeaProjects\local_java_repo\target\classes;C:\Users\HP 14S-FQ1001NU\.m2\repository\org\springframework\boot\spring-boot-starter-web\3.3.0\spring-boot-starter-web-3.3.0.jar;C:\Users\HP 14S-FQ1001NU\.m2\repository\org\springframework\boot\spring-boot-starter\3.3.0\spring-boot-starter-3.3.0.jar;C:\Users\HP 14S-FQ1001NU\.m2\repository\org\springframework\boot\spring-boot-starter-logging\3.3.0\spring-boot-starter-logging-3.3.0.jar;C:\Users\HP 14S-FQ1001NU\.m2\repository\ch\qos\logback\logback-classic\1.5.6\logback-classic-1.5.6.jar;C:\Users\HP 14S-FQ1001NU\.m2\repository\ch\qos\logback\logback-core\1.5.6\logback-core-1.5.6.jar;C:\Users\HP 14S-FQ1001NU\.m2\repository\org\apache\logging\log4j\log4j-to-slf4j\2.23.1\log4j-to-slf4j-2.23.1.jar;C:\Users\HP 14S-FQ1001NU\.m2\repository\org\apache\logging\log4j\log4j-api\2.23.1\log4j-api-2.23.1.jar;C:\Users\HP 14S-FQ1001NU\.m2\repository\org\slf4j\jul-to-slf4j\2.0.13\jul-to-slf4j-2.0.13.jar;C:\Users\HP 14S-FQ1001NU\.m2\repository\jakarta\annotation\jakarta.annotation-api\2.1.1\jakarta.annotation-api-2.1.1.jar;C:\Users\HP 14S-FQ1001NU\.m2\repository\org\yaml\snakeyaml\2.2\snakeyaml-2.2.jar;C:\Users\HP 14S-FQ1001NU\.m2\repository\org\springframework\boot\spring-boot-starter-json\3.3.0\spring-boot-starter-json-3.3.0.jar;C:\Users\HP 14S-FQ1001NU\.m2\repository\com\fasterxml\jackson\core\jackson-databind\2.17.1\jackson-databind-2.17.1.jar;C:\Users\HP 14S-FQ1001NU\.m2\repository\com\fasterxml\jackson\core\jackson-annotations\2.17.1\jackson-annotations-2.17.1.jar;C:\Users\HP 14S-FQ1001NU\.m2\repository\com\fasterxml\jackson\core\jackson-core\2.17.1\jackson-core-2.17.1.jar;C:\Users\HP 14S-FQ1001NU\.m2\repository\com\fasterxml\jackson\datatype\jackson-datatype-jdk8\2.17.1\jackson-datatype-jdk8-2.17.1.jar;C:\Users\HP 14S-FQ1001NU\.m2\repository\com\fasterxml\jackson\datatype\jackson-datatype-jsr310\2.17.1\jackson-datatype-jsr310-2.17.1.jar;C:\Users\HP 14S-FQ1001NU\.m2\repository\com\fasterxml\jackson\module\jackson-module-parameter-names\2.17.1\jackson-module-parameter-names-2.17.1.jar;C:\Users\HP 14S-FQ1001NU\.m2\repository\org\springframework\boot\spring-boot-starter-tomcat\3.3.0\spring-boot-starter-tomcat-3.3.0.jar;C:\Users\HP 14S-FQ1001NU\.m2\repository\org\apache\tomcat\embed\tomcat-embed-core\10.1.24\tomcat-embed-core-10.1.24.jar;C:\Users\HP 14S-FQ1001NU\.m2\repository\org\apache\tomcat\embed\tomcat-embed-el\10.1.24\tomcat-embed-el-10.1.24.jar;C:\Users\HP 14S-FQ1001NU\.m2\repository\org\apache\tomcat\embed\tomcat-embed-websocket\10.1.24\tomcat-embed-websocket-10.1.24.jar;C:\Users\HP 14S-FQ1001NU\.m2\repository\org\springframework\spring-web\6.1.8\spring-web-6.1.8.jar;C:\Users\HP 14S-FQ1001NU\.m2\repository\org\springframework\spring-beans\6.1.8\spring-beans-6.1.8.jar;C:\Users\HP 14S-FQ1001NU\.m2\repository\io\micrometer\micrometer-observation\1.13.0\micrometer-observation-1.13.0.jar;C:\Users\HP 14S-FQ1001NU\.m2\repository\io\micrometer\micrometer-commons\1.13.0\micrometer-commons-1.13.0.jar;C:\Users\HP 14S-FQ1001NU\.m2\repository\org\springframework\spring-webmvc\6.1.8\spring-webmvc-6.1.8.jar;C:\Users\HP 14S-FQ1001NU\.m2\repository\org\springframework\spring-aop\6.1.8\spring-aop-6.1.8.jar;C:\Users\HP 14S-FQ1001NU\.m2\repository\org\springframework\spring-context\6.1.8\spring-context-6.1.8.jar;C:\Users\HP 14S-FQ1001NU\.m2\repository\org\springframework\spring-expression\6.1.8\spring-expression-6.1.8.jar;C:\Users\HP 14S-FQ1001NU\.m2\repository\org\springframework\boot\spring-boot-devtools\3.3.0\spring-boot-devtools-3.3.0.jar;C:\Users\HP 14S-FQ1001NU\.m2\repository\org\springframework\boot\spring-boot\3.3.0\spring-boot-3.3.0.jar;C:\Users\HP 14S-FQ1001NU\.m2\repository\org\springframework\boot\spring-boot-autoconfigure\3.3.0\spring-boot-autoconfigure-3.3.0.jar;C:\Users\HP 14S-FQ1001NU\.m2\repository\org\slf4j\slf4j-api\2.0.13\slf4j-api-2.0.13.jar;C:\Users\HP 14S-FQ1001NU\.m2\repository\jakarta\xml\bind\jakarta.xml.bind-api\4.0.2\jakarta.xml.bind-api-4.0.2.jar;C:\Users\HP 14S-FQ1001NU\.m2\repository\jakarta\activation\jakarta.activation-api\2.1.3\jakarta.activation-api-2.1.3.jar;C:\Users\HP 14S-FQ1001NU\.m2\repository\net\bytebuddy\byte-buddy\1.14.16\byte-buddy-1.14.16.jar;C:\Users\HP 14S-FQ1001NU\.m2\repository\org\springframework\spring-core\6.1.8\spring-core-6.1.8.jar;C:\Users\HP 14S-FQ1001NU\.m2\repository\org\springframework\spring-jcl\6.1.8\spring-jcl-6.1.8.jar;C:\Users\HP 14S-FQ1001NU\.m2\repository\org\mapstruct\mapstruct\1.6.0.Beta1\mapstruct-1.6.0.Beta1.jar;C:\Users\HP 14S-FQ1001NU\.m2\repository\org\mapstruct\mapstruct-processor\1.6.0.Beta1\mapstruct-processor-1.6.0.Beta1.jar;C:\Users\HP 14S-FQ1001NU\.m2\repository\org\postgresql\postgresql\42.7.3\postgresql-42.7.3.jar;C:\Users\HP 14S-FQ1001NU\.m2\repository\org\checkerframework\checker-qual\3.42.0\checker-qual-3.42.0.jar;C:\Users\HP 14S-FQ1001NU\.m2\repository\org\springframework\boot\spring-boot-starter-data-jpa\3.3.0\spring-boot-starter-data-jpa-3.3.0.jar;C:\Users\HP 14S-FQ1001NU\.m2\repository\org\springframework\boot\spring-boot-starter-aop\3.3.0\spring-boot-starter-aop-3.3.0.jar;C:\Users\HP 14S-FQ1001NU\.m2\repository\org\aspectj\aspectjweaver\1.9.22\aspectjweaver-1.9.22.jar;C:\Users\HP 14S-FQ1001NU\.m2\repository\org\springframework\boot\spring-boot-starter-jdbc\3.3.0\spring-boot-starter-jdbc-3.3.0.jar;C:\Users\HP 14S-FQ1001NU\.m2\repository\com\zaxxer\HikariCP\5.1.0\HikariCP-5.1.0.jar;C:\Users\HP 14S-FQ1001NU\.m2\repository\org\springframework\spring-jdbc\6.1.8\spring-jdbc-6.1.8.jar;C:\Users\HP 14S-FQ1001NU\.m2\repository\org\hibernate\orm\hibernate-core\6.5.2.Final\hibernate-core-6.5.2.Final.jar;C:\Users\HP 14S-FQ1001NU\.m2\repository\jakarta\persistence\jakarta.persistence-api\3.1.0\jakarta.persistence-api-3.1.0.jar;C:\Users\HP 14S-FQ1001NU\.m2\repository\jakarta\transaction\jakarta.transaction-api\2.0.1\jakarta.transaction-api-2.0.1.jar;C:\Users\HP 14S-FQ1001NU\.m2\repository\org\jboss\logging\jboss-logging\3.5.3.Final\jboss-logging-3.5.3.Final.jar;C:\Users\HP 14S-FQ1001NU\.m2\repository\org\hibernate\common\hibernate-commons-annotations\6.0.6.Final\hibernate-commons-annotations-6.0.6.Final.jar;C:\Users\HP 14S-FQ1001NU\.m2\repository\io\smallrye\jandex\3.1.2\jandex-3.1.2.jar;C:\Users\HP 14S-FQ1001NU\.m2\repository\com\fasterxml\classmate\1.7.0\classmate-1.7.0.jar;C:\Users\HP 14S-FQ1001NU\.m2\repository\org\glassfish\jaxb\jaxb-runtime\4.0.5\jaxb-runtime-4.0.5.jar;C:\Users\HP 14S-FQ1001NU\.m2\repository\org\glassfish\jaxb\jaxb-core\4.0.5\jaxb-core-4.0.5.jar;C:\Users\HP 14S-FQ1001NU\.m2\repository\org\eclipse\angus\angus-activation\2.0.2\angus-activation-2.0.2.jar;C:\Users\HP 14S-FQ1001NU\.m2\repository\org\glassfish\jaxb\txw2\4.0.5\txw2-4.0.5.jar;C:\Users\HP 14S-FQ1001NU\.m2\repository\com\sun\istack\istack-commons-runtime\4.1.2\istack-commons-runtime-4.1.2.jar;C:\Users\HP 14S-FQ1001NU\.m2\repository\jakarta\inject\jakarta.inject-api\2.0.1\jakarta.inject-api-2.0.1.jar;C:\Users\HP 14S-FQ1001NU\.m2\repository\org\antlr\antlr4-runtime\4.13.0\antlr4-runtime-4.13.0.jar;C:\Users\HP 14S-FQ1001NU\.m2\repository\org\springframework\data\spring-data-jpa\3.3.0\spring-data-jpa-3.3.0.jar;C:\Users\HP 14S-FQ1001NU\.m2\repository\org\springframework\data\spring-data-commons\3.3.0\spring-data-commons-3.3.0.jar;C:\Users\HP 14S-FQ1001NU\.m2\repository\org\springframework\spring-orm\6.1.8\spring-orm-6.1.8.jar;C:\Users\HP 14S-FQ1001NU\.m2\repository\org\springframework\spring-tx\6.1.8\spring-tx-6.1.8.jar;C:\Users\HP 14S-FQ1001NU\.m2\repository\org\springframework\spring-aspects\6.1.8\spring-aspects-6.1.8.jar;C:\Users\HP 14S-FQ1001NU\.m2\repository\org\jetbrains\annotations\24.1.0\annotations-24.1.0.jar
Launcher Type: SUN_STANDARD

[Global flags]
     intx CICompilerCount                          = 4                                         {product} {ergonomic}
     uint ConcGCThreads                            = 2                                         {product} {ergonomic}
     uint G1ConcRefinementThreads                  = 8                                         {product} {ergonomic}
   size_t G1HeapRegionSize                         = 1048576                                   {product} {ergonomic}
    uintx GCDrainStackTargetSize                   = 64                                        {product} {ergonomic}
   size_t InitialHeapSize                          = 123731968                                 {product} {ergonomic}
   size_t MarkStackSize                            = 4194304                                   {product} {ergonomic}
   size_t MaxHeapSize                              = 1967128576                                {product} {ergonomic}
   size_t MaxNewSize                               = 1179648000                                {product} {ergonomic}
   size_t MinHeapDeltaBytes                        = 1048576                                   {product} {ergonomic}
   size_t MinHeapSize                              = 8388608                                   {product} {ergonomic}
    uintx NonNMethodCodeHeapSize                   = 5839372                                {pd product} {ergonomic}
    uintx NonProfiledCodeHeapSize                  = 122909434                              {pd product} {ergonomic}
    uintx ProfiledCodeHeapSize                     = 122909434                              {pd product} {ergonomic}
    uintx ReservedCodeCacheSize                    = 251658240                              {pd product} {ergonomic}
     bool SegmentedCodeCache                       = true                                      {product} {ergonomic}
   size_t SoftMaxHeapSize                          = 1967128576                             {manageable} {ergonomic}
     bool UseCompressedOops                        = true                           {product lp64_product} {ergonomic}
     bool UseG1GC                                  = true                                      {product} {ergonomic}
     bool UseLargePagesIndividualAllocation        = false                                  {pd product} {ergonomic}

Logging:
Log output configuration:
 #0: stdout all=warning uptime,level,tags foldmultilines=false
 #1: stderr all=off uptime,level,tags foldmultilines=false

Environment Variables:
PATH=C:\Program Files (x86)\Cuminas\Document Express DjVu Plug-in\;C:\WINDOWS\system32;C:\WINDOWS;C:\WINDOWS\System32\Wbem;C:\WINDOWS\System32\WindowsPowerShell\v1.0\;C:\WINDOWS\System32\OpenSSH\;C:\Program Files\Git\cmd;C:\Program Files\Microsoft SQL Server\150\Tools\Binn\;C:\mysys64\mingw64\bin;C:\Program Files\PuTTY\;C:\Program Files (x86)\Microsoft SQL Server\160\Tools\Binn\;C:\Program Files\Microsoft SQL Server\160\Tools\Binn\;C:\Program Files\Microsoft SQL Server\Client SDK\ODBC\170\Tools\Binn\;C:\Program Files\Microsoft SQL Server\160\DTS\Binn\;C:\Program Files (x86)\Microsoft SQL Server\160\DTS\Binn\;C:\Program Files\Azure Data Studio\bin;C:\MinGW\bin;C:\Program Files\dotnet\;C:\Program Files\nodejs\;C:\php;C:\Users\HP 14S-FQ1001NU\AppData\Local\Programs\Python\Launcher\;C:\Users\HP 14S-FQ1001NU\AppData\Local\Microsoft\WindowsApps;C:\Users\HP 14S-FQ1001NU\AppData\Local\GitHubDesktop\bin;C:\Users\HP 14S-FQ1001NU\AppData\Local\Programs\Microsoft VS Code\bin;C:\Program Files\JetBrains\IntelliJ IDEA 2022.2.3\bin;;C:\Program Files\Azure Data Studio\bin;C:\Program Files\JetBrains\CLion 2023.1.3\bin;;C:\ghcup\bin;C:\Users\HP 14S-FQ1001NU\.dotnet\tools;C:\Users\HP 14S-FQ1001NU\AppData\Roaming\npm;C:\Users\HP 14S-FQ1001NU\AppData\Roaming\Microsoft\Windows\Start Menu\Programs\MSYS2 64bit\MSYS2 MSYS.lnk;C:\Program Files\MongoDB\mongosh-2.2.6-win32-x64\bin;C:\php;
USERNAME=HP 14S-FQ1001NU
OS=Windows_NT
PROCESSOR_IDENTIFIER=AMD64 Family 23 Model 104 Stepping 1, AuthenticAMD
TMP=C:\Users\HP14S-~1\AppData\Local\Temp
TEMP=C:\Users\HP14S-~1\AppData\Local\Temp




Periodic native trim disabled

---------------  S Y S T E M  ---------------

OS:
 Windows 11 , 64 bit Build 22621 (10.0.22621.3672)
OS uptime: 0 days 0:25 hours
Hyper-V role detected

CPU: total 8 (initial active 8) (8 cores per cpu, 2 threads per core) family 23 model 104 stepping 1 microcode 0x0, cx8, cmov, fxsr, ht, mmx, 3dnowpref, sse, sse2, sse3, ssse3, sse4a, sse4.1, sse4.2, popcnt, lzcnt, tsc, tscinvbit, avx, avx2, aes, clmul, bmi1, bmi2, adx, sha, fma, vzeroupper, clflush, clflushopt, hv, rdtscp, rdpid, f16c
Processor Information for all 8 processors :
  Max Mhz: 2600, Current Mhz: 2600, Mhz Limit: 2600

Memory: 4k page, system-wide physical 7502M (869M free)
TotalPageFile size 10502M (AvailPageFile size 3M)
current process WorkingSet (physical memory assigned to process): 168M, peak: 173M
current process commit charge ("private bytes"): 213M, peak: 268M

vm_info: OpenJDK 64-Bit Server VM (21.0.2+13-58) for windows-amd64 JRE (21.0.2+13-58), built on 2024-01-05T18:32:24Z by "mach5one" with MS VC++ 17.1 (VS2022)

END.
