#
# There is insufficient memory for the Java Runtime Environment to continue.
# Native memory allocation (malloc) failed to allocate 1056416 bytes for Chunk::new
# Possible reasons:
#   The system is out of physical RAM or swap space
#   The process is running with CompressedOops enabled, and the Java Heap may be blocking the growth of the native heap
# Possible solutions:
#   Reduce memory load on the system
#   Increase physical memory or swap space
#   Check if swap backing store is full
#   Decrease Java heap size (-Xmx/-Xms)
#   Decrease number of Java threads
#   Decrease Java thread stack sizes (-Xss)
#   Set larger code cache with -XX:ReservedCodeCacheSize=
#   JVM is running with Unscaled Compressed Oops mode in which the Java heap is
#     placed in the first 4GB address space. The Java Heap base address is the
#     maximum limit for the native heap growth. Please use -XX:HeapBaseMinAddress
#     to set the Java Heap base and to place the Java Heap above 4GB virtual address.
# This output file may be truncated or incomplete.
#
#  Out of Memory Error (arena.cpp:168), pid=11856, tid=7552
#
# JRE version: OpenJDK Runtime Environment (21.0.2+13) (build 21.0.2+13-58)
# Java VM: OpenJDK 64-Bit Server VM (21.0.2+13-58, mixed mode, sharing, tiered, compressed oops, compressed class ptrs, g1 gc, windows-amd64)
# No core dump will be written. Minidumps are not enabled by default on client versions of Windows
#

---------------  S U M M A R Y ------------

Command Line: -javaagent:C:\Program Files\JetBrains\IntelliJ IDEA Community Edition 2023.3.4\lib\idea_rt.jar=56705:C:\Program Files\JetBrains\IntelliJ IDEA Community Edition 2023.3.4\bin -Dfile.encoding=UTF-8 -Dsun.stdout.encoding=UTF-8 -Dsun.stderr.encoding=UTF-8 bg.fmi.javaweb.sportstournamentorganizer.SportsTournamentOrganizerApplication

Host: AMD Ryzen 3 5300U with Radeon Graphics         , 8 cores, 7G,  Windows 11 , 64 bit Build 22621 (10.0.22621.3672)
Time: Thu Jun 27 22:25:40 2024  Windows 11 , 64 bit Build 22621 (10.0.22621.3672) elapsed time: 7.139459 seconds (0d 0h 0m 7s)

---------------  T H R E A D  ---------------

Current thread (0x0000026194b05260):  JavaThread "C2 CompilerThread2" daemon [_thread_in_native, id=7552, stack(0x000000eda3100000,0x000000eda3200000) (1024K)]


Current CompileTask:
C2:   7139 5807   !   4       org.springframework.core.annotation.AnnotationsScanner::processMethodHierarchy (276 bytes)

Stack: [0x000000eda3100000,0x000000eda3200000]
Native frames: (J=compiled Java code, j=interpreted, Vv=VM code, C=native code)
V  [jvm.dll+0x6cade9]
V  [jvm.dll+0x8569c1]
V  [jvm.dll+0x858d2e]
V  [jvm.dll+0x859413]
V  [jvm.dll+0x280e56]
V  [jvm.dll+0xc3f3d]
V  [jvm.dll+0xc4473]
V  [jvm.dll+0x2f437f]
V  [jvm.dll+0x5f5056]
V  [jvm.dll+0x252d7f]
V  [jvm.dll+0x25315f]
V  [jvm.dll+0x24b8e0]
V  [jvm.dll+0x2490a3]
V  [jvm.dll+0x1c9634]
V  [jvm.dll+0x258859]
V  [jvm.dll+0x256e3a]
V  [jvm.dll+0x3ef6c6]
V  [jvm.dll+0x7ff568]
V  [jvm.dll+0x6c953d]
C  [ucrtbase.dll+0x29333]
C  [KERNEL32.DLL+0x1257d]
C  [ntdll.dll+0x5af28]


---------------  P R O C E S S  ---------------

Threads class SMR info:
_java_thread_list=0x0000026193e14080, length=32, elements={
0x000002612f474bc0, 0x000002614bae57d0, 0x000002614bae63e0, 0x000002614bae7a70,
0x000002614bae88e0, 0x000002614baf22e0, 0x000002614baf4370, 0x000002614bafad00,
0x000002614bafba80, 0x00000261910c7f10, 0x0000026191349260, 0x000002619147baa0,
0x0000026191deeeb0, 0x0000026191def520, 0x0000026192f74490, 0x0000026192f75ed0,
0x0000026192f73770, 0x0000026192f75840, 0x0000026192f76560, 0x0000026192f74b20,
0x0000026192f751b0, 0x0000026192f730e0, 0x0000026194205980, 0x00000261942066a0,
0x00000261942052f0, 0x0000026194206010, 0x0000026194208e00, 0x0000026194202b90,
0x0000026194206d30, 0x0000026194207a50, 0x00000261953d94d0, 0x0000026194b05260
}

Java Threads: ( => current thread )
  0x000002612f474bc0 JavaThread "main"                              [_thread_blocked, id=13036, stack(0x000000eda1500000,0x000000eda1600000) (1024K)]
  0x000002614bae57d0 JavaThread "Reference Handler"          daemon [_thread_blocked, id=15924, stack(0x000000eda1d00000,0x000000eda1e00000) (1024K)]
  0x000002614bae63e0 JavaThread "Finalizer"                  daemon [_thread_blocked, id=10556, stack(0x000000eda1e00000,0x000000eda1f00000) (1024K)]
  0x000002614bae7a70 JavaThread "Signal Dispatcher"          daemon [_thread_blocked, id=1484, stack(0x000000eda1f00000,0x000000eda2000000) (1024K)]
  0x000002614bae88e0 JavaThread "Attach Listener"            daemon [_thread_blocked, id=10868, stack(0x000000eda2000000,0x000000eda2100000) (1024K)]
  0x000002614baf22e0 JavaThread "Service Thread"             daemon [_thread_blocked, id=12352, stack(0x000000eda2100000,0x000000eda2200000) (1024K)]
  0x000002614baf4370 JavaThread "Monitor Deflation Thread"   daemon [_thread_blocked, id=6888, stack(0x000000eda2200000,0x000000eda2300000) (1024K)]
  0x000002614bafad00 JavaThread "C2 CompilerThread0"         daemon [_thread_in_native, id=16732, stack(0x000000eda2300000,0x000000eda2400000) (1024K)]
  0x000002614bafba80 JavaThread "C1 CompilerThread0"         daemon [_thread_blocked, id=8924, stack(0x000000eda2400000,0x000000eda2500000) (1024K)]
  0x00000261910c7f10 JavaThread "Common-Cleaner"             daemon [_thread_blocked, id=3088, stack(0x000000eda2500000,0x000000eda2600000) (1024K)]
  0x0000026191349260 JavaThread "Monitor Ctrl-Break"         daemon [_thread_in_native, id=5604, stack(0x000000eda2700000,0x000000eda2800000) (1024K)]
  0x000002619147baa0 JavaThread "Notification Thread"        daemon [_thread_blocked, id=10976, stack(0x000000eda2800000,0x000000eda2900000) (1024K)]
  0x0000026191deeeb0 JavaThread "Thread-0"                          [_thread_blocked, id=12764, stack(0x000000eda2900000,0x000000eda2a00000) (1024K)]
  0x0000026191def520 JavaThread "restartedMain"                     [_thread_in_vm, id=15212, stack(0x000000eda2a00000,0x000000eda2b00000) (1024K)]
  0x0000026192f74490 JavaThread "Catalina-utility-1"                [_thread_blocked, id=4012, stack(0x000000eda3400000,0x000000eda3500000) (1024K)]
  0x0000026192f75ed0 JavaThread "Catalina-utility-2"                [_thread_blocked, id=11220, stack(0x000000eda3500000,0x000000eda3600000) (1024K)]
  0x0000026192f73770 JavaThread "http-nio-8080-exec-1"       daemon [_thread_blocked, id=13168, stack(0x000000eda3600000,0x000000eda3700000) (1024K)]
  0x0000026192f75840 JavaThread "http-nio-8080-exec-2"       daemon [_thread_blocked, id=5196, stack(0x000000eda3700000,0x000000eda3800000) (1024K)]
  0x0000026192f76560 JavaThread "http-nio-8080-exec-3"       daemon [_thread_blocked, id=5732, stack(0x000000eda3800000,0x000000eda3900000) (1024K)]
  0x0000026192f74b20 JavaThread "http-nio-8080-exec-4"       daemon [_thread_blocked, id=14780, stack(0x000000eda3900000,0x000000eda3a00000) (1024K)]
  0x0000026192f751b0 JavaThread "http-nio-8080-exec-5"       daemon [_thread_blocked, id=18324, stack(0x000000eda3a00000,0x000000eda3b00000) (1024K)]
  0x0000026192f730e0 JavaThread "http-nio-8080-exec-6"       daemon [_thread_blocked, id=13452, stack(0x000000eda3b00000,0x000000eda3c00000) (1024K)]
  0x0000026194205980 JavaThread "http-nio-8080-exec-7"       daemon [_thread_blocked, id=3524, stack(0x000000eda3c00000,0x000000eda3d00000) (1024K)]
  0x00000261942066a0 JavaThread "http-nio-8080-exec-8"       daemon [_thread_blocked, id=1952, stack(0x000000eda3d00000,0x000000eda3e00000) (1024K)]
  0x00000261942052f0 JavaThread "http-nio-8080-exec-9"       daemon [_thread_blocked, id=5764, stack(0x000000eda3e00000,0x000000eda3f00000) (1024K)]
  0x0000026194206010 JavaThread "http-nio-8080-exec-10"      daemon [_thread_blocked, id=8944, stack(0x000000eda3f00000,0x000000eda4000000) (1024K)]
  0x0000026194208e00 JavaThread "container-0"                       [_thread_blocked, id=13336, stack(0x000000eda4000000,0x000000eda4100000) (1024K)]
  0x0000026194202b90 JavaThread "PostgreSQL-JDBC-Cleaner"    daemon [_thread_blocked, id=8004, stack(0x000000eda4200000,0x000000eda4300000) (1024K)]
  0x0000026194206d30 JavaThread "HikariPool-1 housekeeper"   daemon [_thread_blocked, id=16148, stack(0x000000eda4300000,0x000000eda4400000) (1024K)]
  0x0000026194207a50 JavaThread "HikariPool-1 connection adder" daemon [_thread_blocked, id=788, stack(0x000000eda4400000,0x000000eda4500000) (1024K)]
  0x00000261953d94d0 JavaThread "C2 CompilerThread1"         daemon [_thread_blocked, id=14364, stack(0x000000eda2600000,0x000000eda2700000) (1024K)]
=>0x0000026194b05260 JavaThread "C2 CompilerThread2"         daemon [_thread_in_native, id=7552, stack(0x000000eda3100000,0x000000eda3200000) (1024K)]
Total: 32

Other Threads:
  0x000002614bac3ff0 VMThread "VM Thread"                           [id=9816, stack(0x000000eda1c00000,0x000000eda1d00000) (1024K)]
  0x000002614baac540 WatcherThread "VM Periodic Task Thread"        [id=3888, stack(0x000000eda1b00000,0x000000eda1c00000) (1024K)]
  0x000002612f4c86d0 WorkerThread "GC Thread#0"                     [id=2404, stack(0x000000eda1600000,0x000000eda1700000) (1024K)]
  0x0000026191d27b60 WorkerThread "GC Thread#1"                     [id=5288, stack(0x000000eda2b00000,0x000000eda2c00000) (1024K)]
  0x0000026191d1cf50 WorkerThread "GC Thread#2"                     [id=11428, stack(0x000000eda2c00000,0x000000eda2d00000) (1024K)]
  0x0000026191daeb20 WorkerThread "GC Thread#3"                     [id=312, stack(0x000000eda2d00000,0x000000eda2e00000) (1024K)]
  0x0000026191daf2d0 WorkerThread "GC Thread#4"                     [id=11556, stack(0x000000eda2e00000,0x000000eda2f00000) (1024K)]
  0x0000026191daf670 WorkerThread "GC Thread#5"                     [id=4640, stack(0x000000eda2f00000,0x000000eda3000000) (1024K)]
  0x00000261928e0730 WorkerThread "GC Thread#6"                     [id=5388, stack(0x000000eda3200000,0x000000eda3300000) (1024K)]
  0x00000261926f0530 WorkerThread "GC Thread#7"                     [id=8900, stack(0x000000eda3300000,0x000000eda3400000) (1024K)]
  0x000002612f4d8130 ConcurrentGCThread "G1 Main Marker"            [id=12900, stack(0x000000eda1700000,0x000000eda1800000) (1024K)]
  0x000002612f4d8de0 WorkerThread "G1 Conc#0"                       [id=5748, stack(0x000000eda1800000,0x000000eda1900000) (1024K)]
  0x00000261926f0c70 WorkerThread "G1 Conc#1"                       [id=10644, stack(0x000000eda3000000,0x000000eda3100000) (1024K)]
  0x000002614b984500 ConcurrentGCThread "G1 Refine#0"               [id=5412, stack(0x000000eda1900000,0x000000eda1a00000) (1024K)]
  0x000002612f52ded0 ConcurrentGCThread "G1 Service"                [id=6816, stack(0x000000eda1a00000,0x000000eda1b00000) (1024K)]
Total: 15

Threads with active compile tasks:
C2 CompilerThread0     7153 5802   !   4       org.springframework.util.ReflectionUtils::doWithMethods (186 bytes)
C2 CompilerThread2     7153 5807   !   4       org.springframework.core.annotation.AnnotationsScanner::processMethodHierarchy (276 bytes)
Total: 2

VM state: not at safepoint (normal execution)

VM Mutex/Monitor currently owned by a thread: None

Heap address: 0x000000008ac00000, size: 1876 MB, Compressed Oops mode: 32-bit

CDS archive(s) mapped at: [0x000002614c000000-0x000002614cc90000-0x000002614cc90000), size 13172736, SharedBaseAddress: 0x000002614c000000, ArchiveRelocationMode: 1.
Compressed class space mapped at: 0x000002614d000000-0x000002618d000000, reserved size: 1073741824
Narrow klass base: 0x000002614c000000, Narrow klass shift: 0, Narrow klass range: 0x100000000

GC Precious Log:
 CardTable entry size: 512
 Card Set container configuration: InlinePtr #cards 5 size 8 Array Of Cards #cards 12 size 40 Howl #buckets 4 coarsen threshold 1843 Howl Bitmap #cards 512 size 80 coarsen threshold 460 Card regions per heap region 1 cards per card region 2048
 CPUs: 8 total, 8 available
 Memory: 7502M
 Large Page Support: Disabled
 NUMA Support: Disabled
 Compressed Oops: Enabled (32-bit)
 Heap Region Size: 1M
 Heap Min Capacity: 8M
 Heap Initial Capacity: 118M
 Heap Max Capacity: 1876M
 Pre-touch: Disabled
 Parallel Workers: 8
 Concurrent Workers: 2
 Concurrent Refinement Workers: 8
 Periodic GC: Disabled

Heap:
 garbage-first heap   total 51200K, used 30135K [0x000000008ac00000, 0x0000000100000000)
  region size 1024K, 9 young (9216K), 3 survivors (3072K)
 Metaspace       used 57415K, committed 58048K, reserved 1114112K
  class space    used 7688K, committed 8000K, reserved 1048576K

Heap Regions: E=young(eden), S=young(survivor), O=old, HS=humongous(starts), HC=humongous(continues), CS=collection set, F=free, TAMS=top-at-mark-start, PB=parsable bottom
|   0|0x000000008ac00000, 0x000000008ad00000, 0x000000008ad00000|100%|HS|  |TAMS 0x000000008ac00000| PB 0x000000008ac00000| Complete 
|   1|0x000000008ad00000, 0x000000008ae00000, 0x000000008ae00000|100%| O|  |TAMS 0x000000008ad00000| PB 0x000000008ad00000| Untracked 
|   2|0x000000008ae00000, 0x000000008af00000, 0x000000008af00000|100%| O|  |TAMS 0x000000008ae00000| PB 0x000000008ae00000| Untracked 
|   3|0x000000008af00000, 0x000000008b000000, 0x000000008b000000|100%| O|  |TAMS 0x000000008af00000| PB 0x000000008af00000| Untracked 
|   4|0x000000008b000000, 0x000000008b100000, 0x000000008b100000|100%| O|  |TAMS 0x000000008b000000| PB 0x000000008b000000| Untracked 
|   5|0x000000008b100000, 0x000000008b200000, 0x000000008b200000|100%| O|  |TAMS 0x000000008b100000| PB 0x000000008b100000| Untracked 
|   6|0x000000008b200000, 0x000000008b300000, 0x000000008b300000|100%| O|  |TAMS 0x000000008b200000| PB 0x000000008b200000| Untracked 
|   7|0x000000008b300000, 0x000000008b400000, 0x000000008b400000|100%| O|  |TAMS 0x000000008b300000| PB 0x000000008b300000| Untracked 
|   8|0x000000008b400000, 0x000000008b500000, 0x000000008b500000|100%| O|  |TAMS 0x000000008b400000| PB 0x000000008b400000| Untracked 
|   9|0x000000008b500000, 0x000000008b600000, 0x000000008b600000|100%| O|  |TAMS 0x000000008b500000| PB 0x000000008b500000| Untracked 
|  10|0x000000008b600000, 0x000000008b700000, 0x000000008b700000|100%| O|  |TAMS 0x000000008b600000| PB 0x000000008b600000| Untracked 
|  11|0x000000008b700000, 0x000000008b800000, 0x000000008b800000|100%| O|  |TAMS 0x000000008b700000| PB 0x000000008b700000| Untracked 
|  12|0x000000008b800000, 0x000000008b900000, 0x000000008b900000|100%| O|  |TAMS 0x000000008b800000| PB 0x000000008b800000| Untracked 
|  13|0x000000008b900000, 0x000000008ba00000, 0x000000008ba00000|100%| O|  |TAMS 0x000000008b900000| PB 0x000000008b900000| Untracked 
|  14|0x000000008ba00000, 0x000000008bb00000, 0x000000008bb00000|100%| O|  |TAMS 0x000000008ba00000| PB 0x000000008ba00000| Untracked 
|  15|0x000000008bb00000, 0x000000008bc00000, 0x000000008bc00000|100%| O|  |TAMS 0x000000008bb00000| PB 0x000000008bb00000| Untracked 
|  16|0x000000008bc00000, 0x000000008bd00000, 0x000000008bd00000|100%| O|  |TAMS 0x000000008bc00000| PB 0x000000008bc00000| Untracked 
|  17|0x000000008bd00000, 0x000000008be00000, 0x000000008be00000|100%| O|  |TAMS 0x000000008bd00000| PB 0x000000008bd00000| Untracked 
|  18|0x000000008be00000, 0x000000008bf00000, 0x000000008bf00000|100%| O|  |TAMS 0x000000008be00000| PB 0x000000008be00000| Untracked 
|  19|0x000000008bf00000, 0x000000008c000000, 0x000000008c000000|100%| O|  |TAMS 0x000000008bf00000| PB 0x000000008bf00000| Untracked 
|  20|0x000000008c000000, 0x000000008c100000, 0x000000008c100000|100%| O|  |TAMS 0x000000008c000000| PB 0x000000008c000000| Untracked 
|  21|0x000000008c100000, 0x000000008c1bd150, 0x000000008c200000| 73%| O|  |TAMS 0x000000008c100000| PB 0x000000008c100000| Untracked 
|  22|0x000000008c200000, 0x000000008c200000, 0x000000008c300000|  0%| F|  |TAMS 0x000000008c200000| PB 0x000000008c200000| Untracked 
|  23|0x000000008c300000, 0x000000008c300000, 0x000000008c400000|  0%| F|  |TAMS 0x000000008c300000| PB 0x000000008c300000| Untracked 
|  24|0x000000008c400000, 0x000000008c400000, 0x000000008c500000|  0%| F|  |TAMS 0x000000008c400000| PB 0x000000008c400000| Untracked 
|  25|0x000000008c500000, 0x000000008c500000, 0x000000008c600000|  0%| F|  |TAMS 0x000000008c500000| PB 0x000000008c500000| Untracked 
|  26|0x000000008c600000, 0x000000008c6b0be8, 0x000000008c700000| 69%| S|CS|TAMS 0x000000008c600000| PB 0x000000008c600000| Complete 
|  27|0x000000008c700000, 0x000000008c800000, 0x000000008c800000|100%| S|CS|TAMS 0x000000008c700000| PB 0x000000008c700000| Complete 
|  28|0x000000008c800000, 0x000000008c900000, 0x000000008c900000|100%| S|CS|TAMS 0x000000008c800000| PB 0x000000008c800000| Complete 
|  29|0x000000008c900000, 0x000000008c900000, 0x000000008ca00000|  0%| F|  |TAMS 0x000000008c900000| PB 0x000000008c900000| Untracked 
|  30|0x000000008ca00000, 0x000000008ca00000, 0x000000008cb00000|  0%| F|  |TAMS 0x000000008ca00000| PB 0x000000008ca00000| Untracked 
|  31|0x000000008cb00000, 0x000000008cb00000, 0x000000008cc00000|  0%| F|  |TAMS 0x000000008cb00000| PB 0x000000008cb00000| Untracked 
|  32|0x000000008cc00000, 0x000000008cc00000, 0x000000008cd00000|  0%| F|  |TAMS 0x000000008cc00000| PB 0x000000008cc00000| Untracked 
|  33|0x000000008cd00000, 0x000000008cd00000, 0x000000008ce00000|  0%| F|  |TAMS 0x000000008cd00000| PB 0x000000008cd00000| Untracked 
|  34|0x000000008ce00000, 0x000000008ce00000, 0x000000008cf00000|  0%| F|  |TAMS 0x000000008ce00000| PB 0x000000008ce00000| Untracked 
|  35|0x000000008cf00000, 0x000000008cf00000, 0x000000008d000000|  0%| F|  |TAMS 0x000000008cf00000| PB 0x000000008cf00000| Untracked 
|  36|0x000000008d000000, 0x000000008d000000, 0x000000008d100000|  0%| F|  |TAMS 0x000000008d000000| PB 0x000000008d000000| Untracked 
|  37|0x000000008d100000, 0x000000008d100000, 0x000000008d200000|  0%| F|  |TAMS 0x000000008d100000| PB 0x000000008d100000| Untracked 
|  38|0x000000008d200000, 0x000000008d200000, 0x000000008d300000|  0%| F|  |TAMS 0x000000008d200000| PB 0x000000008d200000| Untracked 
|  39|0x000000008d300000, 0x000000008d300000, 0x000000008d400000|  0%| F|  |TAMS 0x000000008d300000| PB 0x000000008d300000| Untracked 
|  40|0x000000008d400000, 0x000000008d400000, 0x000000008d500000|  0%| F|  |TAMS 0x000000008d400000| PB 0x000000008d400000| Untracked 
|  41|0x000000008d500000, 0x000000008d500000, 0x000000008d600000|  0%| F|  |TAMS 0x000000008d500000| PB 0x000000008d500000| Untracked 
|  62|0x000000008ea00000, 0x000000008ea00000, 0x000000008eb00000|  0%| F|  |TAMS 0x000000008ea00000| PB 0x000000008ea00000| Untracked 
|  63|0x000000008eb00000, 0x000000008eb00000, 0x000000008ec00000|  0%| F|  |TAMS 0x000000008eb00000| PB 0x000000008eb00000| Untracked 
|  64|0x000000008ec00000, 0x000000008eccaf20, 0x000000008ed00000| 79%| E|  |TAMS 0x000000008ec00000| PB 0x000000008ec00000| Complete 
|  65|0x000000008ed00000, 0x000000008ee00000, 0x000000008ee00000|100%| E|CS|TAMS 0x000000008ed00000| PB 0x000000008ed00000| Complete 
|  66|0x000000008ee00000, 0x000000008ef00000, 0x000000008ef00000|100%| E|CS|TAMS 0x000000008ee00000| PB 0x000000008ee00000| Complete 
|  67|0x000000008ef00000, 0x000000008f000000, 0x000000008f000000|100%| E|CS|TAMS 0x000000008ef00000| PB 0x000000008ef00000| Complete 
|  68|0x000000008f000000, 0x000000008f100000, 0x000000008f100000|100%| E|CS|TAMS 0x000000008f000000| PB 0x000000008f000000| Complete 
| 117|0x0000000092100000, 0x0000000092200000, 0x0000000092200000|100%| E|CS|TAMS 0x0000000092100000| PB 0x0000000092100000| Complete 

Card table byte_map: [0x0000026146fb0000,0x0000026147360000] _byte_map_base: 0x0000026146b5a000

Marking Bits: (CMBitMap*) 0x000002612f4c8dd0
 Bits: [0x0000026147360000, 0x00000261490b0000)

Polling page: 0x000002612ec30000

Metaspace:

Usage:
  Non-class:     48.57 MB used.
      Class:      7.51 MB used.
       Both:     56.08 MB used.

Virtual space:
  Non-class space:       64.00 MB reserved,      48.88 MB ( 76%) committed,  1 nodes.
      Class space:        1.00 GB reserved,       7.81 MB ( <1%) committed,  1 nodes.
             Both:        1.06 GB reserved,      56.69 MB (  5%) committed. 

Chunk freelists:
   Non-Class:  14.94 MB
       Class:  8.02 MB
        Both:  22.95 MB

MaxMetaspaceSize: unlimited
CompressedClassSpaceSize: 1.00 GB
Initial GC threshold: 21.00 MB
Current GC threshold: 58.75 MB
CDS: on
 - commit_granule_bytes: 65536.
 - commit_granule_words: 8192.
 - virtual_space_node_default_size: 8388608.
 - enlarge_chunks_in_place: 1.
 - use_allocation_guard: 0.


Internal statistics:

num_allocs_failed_limit: 6.
num_arena_births: 864.
num_arena_deaths: 0.
num_vsnodes_births: 2.
num_vsnodes_deaths: 0.
num_space_committed: 907.
num_space_uncommitted: 0.
num_chunks_returned_to_freelist: 6.
num_chunks_taken_from_freelist: 2968.
num_chunk_merges: 6.
num_chunk_splits: 2122.
num_chunks_enlarged: 1606.
num_inconsistent_stats: 0.

CodeHeap 'non-profiled nmethods': size=120000Kb used=3603Kb max_used=3603Kb free=116396Kb
 bounds [0x000002613f390000, 0x000002613f720000, 0x00000261468c0000]
CodeHeap 'profiled nmethods': size=120000Kb used=10493Kb max_used=10493Kb free=109506Kb
 bounds [0x00000261378c0000, 0x0000026138310000, 0x000002613edf0000]
CodeHeap 'non-nmethods': size=5760Kb used=1650Kb max_used=1670Kb free=4110Kb
 bounds [0x000002613edf0000, 0x000002613f060000, 0x000002613f390000]
 total_blobs=6098 nmethods=5404 adapters=598
 compilation: enabled
              stopped_count=0, restarted_count=0
 full_count=0

Compilation events (20 events):
Event: 7.113 Thread 0x000002614bafba80 nmethod 5844 0x00000261382fcb10 code [0x00000261382fccc0, 0x00000261382fce30]
Event: 7.113 Thread 0x000002614bafba80 5845       3       java.util.stream.ForEachOps$ForEachOp::getOpFlags (15 bytes)
Event: 7.113 Thread 0x000002614bafba80 nmethod 5845 0x00000261382fcf10 code [0x00000261382fd0c0, 0x00000261382fd248]
Event: 7.117 Thread 0x000002614bafba80 5846       3       org.springframework.core.convert.support.GenericConversionService$Converters::add (75 bytes)
Event: 7.118 Thread 0x000002614bafba80 nmethod 5846 0x00000261382fd310 code [0x00000261382fd5c0, 0x00000261382fe3d8]
Event: 7.118 Thread 0x000002614bafba80 5847       3       org.springframework.core.convert.support.GenericConversionService$ConverterAdapter::<init> (41 bytes)
Event: 7.119 Thread 0x000002614bafba80 nmethod 5847 0x00000261382fe810 code [0x00000261382fea60, 0x00000261382ff628]
Event: 7.119 Thread 0x000002614bafba80 5848       3       org.springframework.core.convert.support.GenericConversionService$ConverterAdapter::getConvertibleTypes (8 bytes)
Event: 7.119 Thread 0x000002614bafba80 nmethod 5848 0x00000261382ffa10 code [0x00000261382ffbe0, 0x00000261382fff80]
Event: 7.121 Thread 0x00000261953d94d0 nmethod 5820 0x000002613f712190 code [0x000002613f712400, 0x000002613f712e20]
Event: 7.121 Thread 0x00000261953d94d0 5813       4       java.lang.reflect.Method::getParameterTypes (11 bytes)
Event: 7.122 Thread 0x00000261953d94d0 nmethod 5813 0x000002613f713610 code [0x000002613f7137a0, 0x000002613f713920]
Event: 7.122 Thread 0x00000261953d94d0 5836       4       org.springframework.core.annotation.TypeMappedAnnotations$MergedAnnotationFinder::finish (9 bytes)
Event: 7.122 Thread 0x00000261953d94d0 nmethod 5836 0x000002613f713a10 code [0x000002613f713ba0, 0x000002613f713c60]
Event: 7.123 Thread 0x00000261953d94d0 5832       4       org.springframework.core.annotation.TypeMappedAnnotations$MergedAnnotationFinder::<init> (37 bytes)
Event: 7.125 Thread 0x00000261953d94d0 nmethod 5832 0x000002613f713d10 code [0x000002613f713ea0, 0x000002613f7142d8]
Event: 7.125 Thread 0x00000261953d94d0 5839       4       jdk.internal.misc.VM::isJavaLangInvokeInited (4 bytes)
Event: 7.125 Thread 0x00000261953d94d0 nmethod 5839 0x000002613f714390 code [0x000002613f714500, 0x000002613f714570]
Event: 7.125 Thread 0x00000261953d94d0 5805       4       java.lang.Class$Atomic::casReflectionData (13 bytes)
Event: 7.126 Thread 0x00000261953d94d0 nmethod 5805 0x000002613f714690 code [0x000002613f714820, 0x000002613f714970]

GC Heap History (20 events):
Event: 1.689 GC heap before
{Heap before GC invocations=1 (full 0):
 garbage-first heap   total 120832K, used 36351K [0x000000008ac00000, 0x0000000100000000)
  region size 1024K, 33 young (33792K), 3 survivors (3072K)
 Metaspace       used 14065K, committed 14336K, reserved 1114112K
  class space    used 1657K, committed 1792K, reserved 1048576K
}
Event: 1.694 GC heap after
{Heap after GC invocations=2 (full 0):
 garbage-first heap   total 120832K, used 9860K [0x000000008ac00000, 0x0000000100000000)
  region size 1024K, 4 young (4096K), 4 survivors (4096K)
 Metaspace       used 14065K, committed 14336K, reserved 1114112K
  class space    used 1657K, committed 1792K, reserved 1048576K
}
Event: 2.792 GC heap before
{Heap before GC invocations=2 (full 0):
 garbage-first heap   total 120832K, used 53892K [0x000000008ac00000, 0x0000000100000000)
  region size 1024K, 49 young (50176K), 4 survivors (4096K)
 Metaspace       used 21241K, committed 21504K, reserved 1114112K
  class space    used 2555K, committed 2688K, reserved 1048576K
}
Event: 2.798 GC heap after
{Heap after GC invocations=3 (full 0):
 garbage-first heap   total 120832K, used 13570K [0x000000008ac00000, 0x0000000100000000)
  region size 1024K, 7 young (7168K), 7 survivors (7168K)
 Metaspace       used 21241K, committed 21504K, reserved 1114112K
  class space    used 2555K, committed 2688K, reserved 1048576K
}
Event: 3.474 GC heap before
{Heap before GC invocations=4 (full 0):
 garbage-first heap   total 51200K, used 37122K [0x000000008ac00000, 0x0000000100000000)
  region size 1024K, 30 young (30720K), 7 survivors (7168K)
 Metaspace       used 24864K, committed 25280K, reserved 1114112K
  class space    used 3090K, committed 3264K, reserved 1048576K
}
Event: 3.480 GC heap after
{Heap after GC invocations=5 (full 0):
 garbage-first heap   total 51200K, used 15999K [0x000000008ac00000, 0x0000000100000000)
  region size 1024K, 3 young (3072K), 3 survivors (3072K)
 Metaspace       used 24864K, committed 25280K, reserved 1114112K
  class space    used 3090K, committed 3264K, reserved 1048576K
}
Event: 4.047 GC heap before
{Heap before GC invocations=5 (full 0):
 garbage-first heap   total 51200K, used 37503K [0x000000008ac00000, 0x0000000100000000)
  region size 1024K, 25 young (25600K), 3 survivors (3072K)
 Metaspace       used 28888K, committed 29504K, reserved 1114112K
  class space    used 3610K, committed 3904K, reserved 1048576K
}
Event: 4.052 GC heap after
{Heap after GC invocations=6 (full 0):
 garbage-first heap   total 51200K, used 17712K [0x000000008ac00000, 0x0000000100000000)
  region size 1024K, 2 young (2048K), 2 survivors (2048K)
 Metaspace       used 28888K, committed 29504K, reserved 1114112K
  class space    used 3610K, committed 3904K, reserved 1048576K
}
Event: 4.636 GC heap before
{Heap before GC invocations=6 (full 0):
 garbage-first heap   total 51200K, used 40240K [0x000000008ac00000, 0x0000000100000000)
  region size 1024K, 24 young (24576K), 2 survivors (2048K)
 Metaspace       used 33405K, committed 33984K, reserved 1114112K
  class space    used 4261K, committed 4544K, reserved 1048576K
}
Event: 4.639 GC heap after
{Heap after GC invocations=7 (full 0):
 garbage-first heap   total 51200K, used 19156K [0x000000008ac00000, 0x0000000100000000)
  region size 1024K, 2 young (2048K), 2 survivors (2048K)
 Metaspace       used 33405K, committed 33984K, reserved 1114112K
  class space    used 4261K, committed 4544K, reserved 1048576K
}
Event: 4.792 GC heap before
{Heap before GC invocations=7 (full 0):
 garbage-first heap   total 51200K, used 27348K [0x000000008ac00000, 0x0000000100000000)
  region size 1024K, 11 young (11264K), 2 survivors (2048K)
 Metaspace       used 35434K, committed 35968K, reserved 1114112K
  class space    used 4597K, committed 4864K, reserved 1048576K
}
Event: 4.794 GC heap after
{Heap after GC invocations=8 (full 0):
 garbage-first heap   total 51200K, used 19380K [0x000000008ac00000, 0x0000000100000000)
  region size 1024K, 2 young (2048K), 2 survivors (2048K)
 Metaspace       used 35434K, committed 35968K, reserved 1114112K
  class space    used 4597K, committed 4864K, reserved 1048576K
}
Event: 5.580 GC heap before
{Heap before GC invocations=9 (full 0):
 garbage-first heap   total 51200K, used 42932K [0x000000008ac00000, 0x0000000100000000)
  region size 1024K, 25 young (25600K), 2 survivors (2048K)
 Metaspace       used 41988K, committed 42560K, reserved 1114112K
  class space    used 5504K, committed 5760K, reserved 1048576K
}
Event: 5.583 GC heap after
{Heap after GC invocations=10 (full 0):
 garbage-first heap   total 51200K, used 21013K [0x000000008ac00000, 0x0000000100000000)
  region size 1024K, 4 young (4096K), 4 survivors (4096K)
 Metaspace       used 41988K, committed 42560K, reserved 1114112K
  class space    used 5504K, committed 5760K, reserved 1048576K
}
Event: 6.072 GC heap before
{Heap before GC invocations=10 (full 0):
 garbage-first heap   total 51200K, used 41493K [0x000000008ac00000, 0x0000000100000000)
  region size 1024K, 25 young (25600K), 4 survivors (4096K)
 Metaspace       used 47451K, committed 48064K, reserved 1114112K
  class space    used 6289K, committed 6592K, reserved 1048576K
}
Event: 6.076 GC heap after
{Heap after GC invocations=11 (full 0):
 garbage-first heap   total 51200K, used 22279K [0x000000008ac00000, 0x0000000100000000)
  region size 1024K, 4 young (4096K), 4 survivors (4096K)
 Metaspace       used 47451K, committed 48064K, reserved 1114112K
  class space    used 6289K, committed 6592K, reserved 1048576K
}
Event: 6.511 GC heap before
{Heap before GC invocations=11 (full 0):
 garbage-first heap   total 51200K, used 42759K [0x000000008ac00000, 0x0000000100000000)
  region size 1024K, 24 young (24576K), 4 survivors (4096K)
 Metaspace       used 51550K, committed 52224K, reserved 1114112K
  class space    used 6927K, committed 7232K, reserved 1048576K
}
Event: 6.515 GC heap after
{Heap after GC invocations=12 (full 0):
 garbage-first heap   total 51200K, used 23078K [0x000000008ac00000, 0x0000000100000000)
  region size 1024K, 3 young (3072K), 3 survivors (3072K)
 Metaspace       used 51550K, committed 52224K, reserved 1114112K
  class space    used 6927K, committed 7232K, reserved 1048576K
}
Event: 7.030 GC heap before
{Heap before GC invocations=12 (full 0):
 garbage-first heap   total 51200K, used 42534K [0x000000008ac00000, 0x0000000100000000)
  region size 1024K, 23 young (23552K), 3 survivors (3072K)
 Metaspace       used 56154K, committed 56832K, reserved 1114112K
  class space    used 7570K, committed 7872K, reserved 1048576K
}
Event: 7.033 GC heap after
{Heap after GC invocations=13 (full 0):
 garbage-first heap   total 51200K, used 25015K [0x000000008ac00000, 0x0000000100000000)
  region size 1024K, 3 young (3072K), 3 survivors (3072K)
 Metaspace       used 56154K, committed 56832K, reserved 1114112K
  class space    used 7570K, committed 7872K, reserved 1048576K
}

Dll operation events (14 events):
Event: 0.012 Loaded shared library C:\Users\HP 14S-FQ1001NU\.jdks\openjdk-21.0.2\bin\java.dll
Event: 0.049 Loaded shared library C:\Users\HP 14S-FQ1001NU\.jdks\openjdk-21.0.2\bin\jsvml.dll
Event: 0.131 Loaded shared library C:\Users\HP 14S-FQ1001NU\.jdks\openjdk-21.0.2\bin\zip.dll
Event: 0.136 Loaded shared library C:\Users\HP 14S-FQ1001NU\.jdks\openjdk-21.0.2\bin\instrument.dll
Event: 0.143 Loaded shared library C:\Users\HP 14S-FQ1001NU\.jdks\openjdk-21.0.2\bin\net.dll
Event: 0.145 Loaded shared library C:\Users\HP 14S-FQ1001NU\.jdks\openjdk-21.0.2\bin\nio.dll
Event: 0.148 Loaded shared library C:\Users\HP 14S-FQ1001NU\.jdks\openjdk-21.0.2\bin\zip.dll
Event: 0.240 Loaded shared library C:\Program Files\JetBrains\IntelliJ IDEA Community Edition 2023.3.4\bin\breakgen64.dll
Event: 0.253 Loaded shared library C:\Users\HP 14S-FQ1001NU\.jdks\openjdk-21.0.2\bin\extnet.dll
Event: 0.298 Loaded shared library C:\Users\HP 14S-FQ1001NU\.jdks\openjdk-21.0.2\bin\jimage.dll
Event: 0.698 Loaded shared library C:\Users\HP 14S-FQ1001NU\.jdks\openjdk-21.0.2\bin\management.dll
Event: 0.701 Loaded shared library C:\Users\HP 14S-FQ1001NU\.jdks\openjdk-21.0.2\bin\management_ext.dll
Event: 1.927 Loaded shared library C:\Users\HP 14S-FQ1001NU\.jdks\openjdk-21.0.2\bin\sunmscapi.dll
Event: 4.670 Loaded shared library C:\Users\HP 14S-FQ1001NU\.jdks\openjdk-21.0.2\bin\verify.dll

Deoptimization events (20 events):
Event: 7.010 Thread 0x0000026191def520 Uncommon trap: trap_request=0xffffff45 fr.pc=0x000002613f700108 relative=0x00000000000001e8
Event: 7.010 Thread 0x0000026191def520 Uncommon trap: reason=unstable_if action=reinterpret pc=0x000002613f700108 method=java.util.ArrayDeque.addLast(Ljava/lang/Object;)V @ 42 c2
Event: 7.010 Thread 0x0000026191def520 DEOPT PACKING pc=0x000002613f700108 sp=0x000000eda2afc1e0
Event: 7.010 Thread 0x0000026191def520 DEOPT UNPACKING pc=0x000002613ee446a2 sp=0x000000eda2afc138 mode 2
Event: 7.011 Thread 0x0000026191def520 Uncommon trap: trap_request=0xffffff45 fr.pc=0x000002613f6c2244 relative=0x00000000000003e4
Event: 7.011 Thread 0x0000026191def520 Uncommon trap: reason=unstable_if action=reinterpret pc=0x000002613f6c2244 method=jdk.internal.reflect.DirectMethodHandleAccessor.checkArgumentCount(I[Ljava/lang/Object;)V @ 1 c2
Event: 7.011 Thread 0x0000026191def520 DEOPT PACKING pc=0x000002613f6c2244 sp=0x000000eda2afbbd0
Event: 7.011 Thread 0x0000026191def520 DEOPT UNPACKING pc=0x000002613ee446a2 sp=0x000000eda2afbb00 mode 2
Event: 7.011 Thread 0x0000026191def520 Uncommon trap: trap_request=0xffffff45 fr.pc=0x000002613f6be388 relative=0x0000000000000068
Event: 7.011 Thread 0x0000026191def520 Uncommon trap: reason=unstable_if action=reinterpret pc=0x000002613f6be388 method=jdk.internal.reflect.DirectMethodHandleAccessor.checkArgumentCount(I[Ljava/lang/Object;)V @ 1 c2
Event: 7.011 Thread 0x0000026191def520 DEOPT PACKING pc=0x000002613f6be388 sp=0x000000eda2afbae0
Event: 7.011 Thread 0x0000026191def520 DEOPT UNPACKING pc=0x000002613ee446a2 sp=0x000000eda2afba78 mode 2
Event: 7.045 Thread 0x0000026191def520 Uncommon trap: trap_request=0xffffff45 fr.pc=0x000002613f430e50 relative=0x0000000000000e10
Event: 7.045 Thread 0x0000026191def520 Uncommon trap: reason=unstable_if action=reinterpret pc=0x000002613f430e50 method=java.util.concurrent.ConcurrentHashMap.putVal(Ljava/lang/Object;Ljava/lang/Object;Z)Ljava/lang/Object; @ 401 c2
Event: 7.045 Thread 0x0000026191def520 DEOPT PACKING pc=0x000002613f430e50 sp=0x000000eda2afbcd0
Event: 7.045 Thread 0x0000026191def520 DEOPT UNPACKING pc=0x000002613ee446a2 sp=0x000000eda2afbc60 mode 2
Event: 7.046 Thread 0x0000026191def520 Uncommon trap: trap_request=0xffffff45 fr.pc=0x000002613f5f5620 relative=0x0000000000000260
Event: 7.046 Thread 0x0000026191def520 Uncommon trap: reason=unstable_if action=reinterpret pc=0x000002613f5f5620 method=java.util.concurrent.ConcurrentHashMap.get(Ljava/lang/Object;)Ljava/lang/Object; @ 86 c2
Event: 7.046 Thread 0x0000026191def520 DEOPT PACKING pc=0x000002613f5f5620 sp=0x000000eda2afbd70
Event: 7.046 Thread 0x0000026191def520 DEOPT UNPACKING pc=0x000002613ee446a2 sp=0x000000eda2afbcd8 mode 2

Classes loaded (20 events):
Event: 6.299 Loading class java/util/AbstractList$SubList
Event: 6.299 Loading class java/util/AbstractList$SubList done
Event: 6.312 Loading class java/lang/reflect/AnnotatedArrayType
Event: 6.312 Loading class java/lang/reflect/AnnotatedArrayType done
Event: 6.351 Loading class java/lang/foreign/ValueLayout
Event: 6.351 Loading class java/lang/foreign/MemoryLayout
Event: 6.351 Loading class java/lang/foreign/MemoryLayout done
Event: 6.351 Loading class java/lang/foreign/ValueLayout done
Event: 6.413 Loading class java/lang/reflect/AnnotatedParameterizedType
Event: 6.413 Loading class java/lang/reflect/AnnotatedParameterizedType done
Event: 6.969 Loading class javax/naming/Reference
Event: 6.969 Loading class javax/naming/Reference done
Event: 7.004 Loading class java/lang/SafeVarargs
Event: 7.004 Loading class java/lang/SafeVarargs done
Event: 7.005 Loading class sun/reflect/generics/reflectiveObjects/GenericArrayTypeImpl
Event: 7.005 Loading class sun/reflect/generics/reflectiveObjects/GenericArrayTypeImpl done
Event: 7.045 Loading class java/util/concurrent/ConcurrentHashMap$TreeNode
Event: 7.045 Loading class java/util/concurrent/ConcurrentHashMap$TreeNode done
Event: 7.045 Loading class java/util/concurrent/ConcurrentHashMap$TreeBin
Event: 7.045 Loading class java/util/concurrent/ConcurrentHashMap$TreeBin done

Classes unloaded (0 events):
No events

Classes redefined (0 events):
No events

Internal exceptions (20 events):
Event: 6.618 Thread 0x0000026191def520 Exception <a 'java/lang/NoSuchMethodError'{0x000000008ec58f60}: 'void java.lang.invoke.DirectMethodHandle$Holder.invokeSpecial(java.lang.Object, java.lang.Object, int, java.lang.Object)'> (0x000000008ec58f60) 
thrown [s\open\src\hotspot\share\interpreter\linkResolver.cpp, line 773]
Event: 6.618 Thread 0x0000026191def520 Exception <a 'java/lang/NoSuchMethodError'{0x000000008ec5f288}: 'java.lang.Object java.lang.invoke.DirectMethodHandle$Holder.newInvokeSpecial(java.lang.Object, java.lang.Object, int)'> (0x000000008ec5f288) 
thrown [s\open\src\hotspot\share\interpreter\linkResolver.cpp, line 773]
Event: 6.641 Thread 0x0000026191def520 Exception <a 'java/lang/NoSuchMethodError'{0x000000008ebb4e38}: 'int java.lang.invoke.DirectMethodHandle$Holder.invokeStatic(java.lang.Object, int, java.lang.Object)'> (0x000000008ebb4e38) 
thrown [s\open\src\hotspot\share\interpreter\linkResolver.cpp, line 773]
Event: 6.643 Thread 0x0000026191def520 Exception <a 'java/lang/NoSuchMethodError'{0x000000008ebcfcf0}: 'java.lang.Object java.lang.invoke.DirectMethodHandle$Holder.newInvokeSpecial(java.lang.Object, java.lang.Object, java.lang.Object, java.lang.Object, java.lang.Object, int, java.lang.Object)'> (0x000000008ebcfcf0) 
thrown [s\open\src\hotspot\share\interpreter\linkResolver.cpp, line 773]
Event: 6.647 Thread 0x0000026191def520 Exception <a 'java/lang/NoSuchMethodError'{0x000000008ea0f710}: 'java.lang.Object java.lang.invoke.DirectMethodHandle$Holder.newInvokeSpecial(java.lang.Object, java.lang.Object, java.lang.Object, java.lang.Object, java.lang.Object, java.lang.Object, java.lang.Object, java.lang.Object, java.lang.Object, java.lang.Object, java.lang.Object, java.lang.Object)'> (0x000000008ea0f710) 
thrown [s\open\src\hotspot\share\interpreter\linkResolver.cpp, line 773]
Event: 6.647 Thread 0x0000026191def520 Exception <a 'java/lang/NoSuchMethodError'{0x000000008ea13fa8}: 'java.lang.Object java.lang.invoke.DirectMethodHandle$Holder.invokeSpecial(java.lang.Object, java.lang.Object, java.lang.Object, java.lang.Object, java.lang.Object, java.lang.Object, java.lang.Object, java.lang.Object, java.lang.Object, java.lang.Object, java.lang.Object, java.lang.Object, java.lang.Object)'> (0x000000008ea13fa8) 
thrown [s\open\src\hotspot\share\interpreter\linkResolver.cpp, line 773]
Event: 6.647 Thread 0x0000026191def520 Exception <a 'java/lang/NoSuchMethodError'{0x000000008ea18480}: 'java.lang.Object java.lang.invoke.Invokers$Holder.linkToTargetMethod(java.lang.Object, java.lang.Object, java.lang.Object, java.lang.Object, java.lang.Object, java.lang.Object, java.lang.Object, java.lang.Object, java.lang.Object, java.lang.Object, java.lang.Object, java.lang.Object)'> (0x000000008ea18480) 
thrown [s\open\src\hotspot\share\interpreter\linkResolver.cpp, line 773]
Event: 6.690 Thread 0x0000026191def520 Exception <a 'java/lang/NoSuchMethodError'{0x000000008d43d8f0}: 'java.lang.Object java.lang.invoke.DirectMethodHandle$Holder.newInvokeSpecial(java.lang.Object, java.lang.Object, int, java.lang.Object, int, java.lang.Object, java.lang.Object)'> (0x000000008d43d8f0) 
thrown [s\open\src\hotspot\share\interpreter\linkResolver.cpp, line 773]
Event: 6.705 Thread 0x0000026191def520 Exception <a 'java/lang/NoSuchMethodError'{0x000000008d4e6648}: 'java.lang.Object java.lang.invoke.DirectMethodHandle$Holder.newInvokeSpecial(java.lang.Object, java.lang.Object, java.lang.Object, java.lang.Object, java.lang.Object, java.lang.Object, java.lang.Object, int)'> (0x000000008d4e6648) 
thrown [s\open\src\hotspot\share\interpreter\linkResolver.cpp, line 773]
Event: 6.705 Thread 0x0000026191def520 Exception <a 'java/lang/NoSuchMethodError'{0x000000008d4eadf0}: 'java.lang.Object java.lang.invoke.DirectMethodHandle$Holder.invokeSpecial(java.lang.Object, java.lang.Object, java.lang.Object, java.lang.Object, java.lang.Object, java.lang.Object, java.lang.Object, java.lang.Object, int)'> (0x000000008d4eadf0) 
thrown [s\open\src\hotspot\share\interpreter\linkResolver.cpp, line 773]
Event: 6.706 Thread 0x0000026191def520 Exception <a 'java/lang/NoSuchMethodError'{0x000000008d4eee08}: 'java.lang.Object java.lang.invoke.Invokers$Holder.linkToTargetMethod(java.lang.Object, java.lang.Object, java.lang.Object, java.lang.Object, java.lang.Object, java.lang.Object, int, java.lang.Object)'> (0x000000008d4eee08) 
thrown [s\open\src\hotspot\share\interpreter\linkResolver.cpp, line 773]
Event: 6.730 Thread 0x0000026191def520 Exception <a 'java/lang/NoSuchMethodError'{0x000000008d3b8d78}: 'void java.lang.invoke.DirectMethodHandle$Holder.invokeInterface(java.lang.Object, java.lang.Object)'> (0x000000008d3b8d78) 
thrown [s\open\src\hotspot\share\interpreter\linkResolver.cpp, line 773]
Event: 6.867 Thread 0x0000026191def520 Exception <a 'java/lang/NoSuchMethodError'{0x000000008ce8b818}: 'java.lang.Object java.lang.invoke.DirectMethodHandle$Holder.invokeSpecial(java.lang.Object, java.lang.Object, int, java.lang.Object, int)'> (0x000000008ce8b818) 
thrown [s\open\src\hotspot\share\interpreter\linkResolver.cpp, line 773]
Event: 6.975 Thread 0x0000026191def520 Exception <a 'java/lang/NoSuchMethodError'{0x000000008cc22d48}: 'void java.lang.invoke.Invokers$Holder.invokeExact_MT(java.lang.Object, java.lang.Object, java.lang.Object, java.lang.Object)'> (0x000000008cc22d48) 
thrown [s\open\src\hotspot\share\interpreter\linkResolver.cpp, line 773]
Event: 7.000 Thread 0x0000026191def520 Implicit null exception at 0x000002613f6317f7 to 0x000002613f631a68
Event: 7.011 Thread 0x0000026191def520 Implicit null exception at 0x000002613f6c1eec to 0x000002613f6c2228
Event: 7.011 Thread 0x0000026191def520 Implicit null exception at 0x000002613f6be33a to 0x000002613f6be374
Event: 7.046 Thread 0x0000026191def520 Exception <a 'java/lang/IncompatibleClassChangeError'{0x000000008f0238c8}: Found class java.lang.Object, but interface was expected> (0x000000008f0238c8) 
thrown [s\open\src\hotspot\share\interpreter\linkResolver.cpp, line 840]
Event: 7.057 Thread 0x0000026191def520 Exception <a 'java/lang/IncompatibleClassChangeError'{0x000000008f0a2cf0}: Found class java.lang.Object, but interface was expected> (0x000000008f0a2cf0) 
thrown [s\open\src\hotspot\share\interpreter\linkResolver.cpp, line 840]
Event: 7.109 Thread 0x0000026191def520 Exception <a 'java/lang/IncompatibleClassChangeError'{0x000000008ee17a20}: Found class java.lang.Object, but interface was expected> (0x000000008ee17a20) 
thrown [s\open\src\hotspot\share\interpreter\linkResolver.cpp, line 840]

ZGC Phase Switch (0 events):
No events

VM Operations (20 events):
Event: 6.072 Executing VM operation: G1CollectForAllocation (G1 Evacuation Pause)
Event: 6.076 Executing VM operation: G1CollectForAllocation (G1 Evacuation Pause) done
Event: 6.195 Executing VM operation: HandshakeAllThreads (Deoptimize)
Event: 6.195 Executing VM operation: HandshakeAllThreads (Deoptimize) done
Event: 6.199 Executing VM operation: HandshakeAllThreads (Deoptimize)
Event: 6.200 Executing VM operation: HandshakeAllThreads (Deoptimize) done
Event: 6.343 Executing VM operation: HandshakeAllThreads (Deoptimize)
Event: 6.343 Executing VM operation: HandshakeAllThreads (Deoptimize) done
Event: 6.419 Executing VM operation: ICBufferFull
Event: 6.419 Executing VM operation: ICBufferFull done
Event: 6.497 Executing VM operation: ICBufferFull
Event: 6.497 Executing VM operation: ICBufferFull done
Event: 6.511 Executing VM operation: G1CollectForAllocation (G1 Evacuation Pause)
Event: 6.515 Executing VM operation: G1CollectForAllocation (G1 Evacuation Pause) done
Event: 6.795 Executing VM operation: HandshakeAllThreads (Deoptimize)
Event: 6.795 Executing VM operation: HandshakeAllThreads (Deoptimize) done
Event: 7.000 Executing VM operation: ICBufferFull
Event: 7.001 Executing VM operation: ICBufferFull done
Event: 7.030 Executing VM operation: G1CollectForAllocation (G1 Evacuation Pause)
Event: 7.033 Executing VM operation: G1CollectForAllocation (G1 Evacuation Pause) done

Events (20 events):
Event: 4.809 Thread 0x000002614bac3ff0 flushing nmethod 0x000002613f3a5590
Event: 4.809 Thread 0x000002614bac3ff0 flushing nmethod 0x000002613f3b7a90
Event: 4.809 Thread 0x000002614bac3ff0 flushing nmethod 0x000002613f3a4a90
Event: 4.809 Thread 0x000002614bac3ff0 flushing nmethod 0x000002613f3b4b90
Event: 4.809 Thread 0x000002614bac3ff0 flushing nmethod 0x000002613f3a9790
Event: 4.809 Thread 0x000002614bac3ff0 flushing nmethod 0x000002613f3ad510
Event: 4.809 Thread 0x000002614bac3ff0 flushing nmethod 0x000002613f39f310
Event: 4.809 Thread 0x000002614bac3ff0 flushing nmethod 0x000002613f391490
Event: 4.809 Thread 0x000002614bac3ff0 flushing nmethod 0x000002613f398210
Event: 5.097 Thread 0x00000261922cbbe0 Thread exited: 0x00000261922cbbe0
Event: 5.116 Thread 0x00000261922cbbe0 Thread added: 0x00000261922cbbe0
Event: 5.199 Thread 0x0000026194202b90 Thread added: 0x0000026194202b90
Event: 5.215 Thread 0x0000026194206d30 Thread added: 0x0000026194206d30
Event: 5.328 Thread 0x0000026194207a50 Thread added: 0x0000026194207a50
Event: 6.051 Thread 0x00000261922cbbe0 Thread exited: 0x00000261922cbbe0
Event: 6.323 Thread 0x000002619276ffe0 Thread exited: 0x000002619276ffe0
Event: 6.420 Thread 0x00000261953d94d0 Thread added: 0x00000261953d94d0
Event: 6.481 Thread 0x0000026195373f50 Thread added: 0x0000026195373f50
Event: 6.646 Thread 0x0000026195373f50 Thread exited: 0x0000026195373f50
Event: 7.011 Thread 0x0000026194b05260 Thread added: 0x0000026194b05260


Dynamic libraries:
0x00007ff6c8b30000 - 0x00007ff6c8b3e000 	C:\Users\HP 14S-FQ1001NU\.jdks\openjdk-21.0.2\bin\java.exe
0x00007ffa2f230000 - 0x00007ffa2f447000 	C:\WINDOWS\SYSTEM32\ntdll.dll
0x00007ffa2d350000 - 0x00007ffa2d414000 	C:\WINDOWS\System32\KERNEL32.DLL
0x00007ffa2c690000 - 0x00007ffa2ca3c000 	C:\WINDOWS\System32\KERNELBASE.dll
0x00007ffa2ca40000 - 0x00007ffa2cb51000 	C:\WINDOWS\System32\ucrtbase.dll
0x00007ff9f6570000 - 0x00007ff9f658b000 	C:\Users\HP 14S-FQ1001NU\.jdks\openjdk-21.0.2\bin\VCRUNTIME140.dll
0x00007ff9f9290000 - 0x00007ff9f92a8000 	C:\Users\HP 14S-FQ1001NU\.jdks\openjdk-21.0.2\bin\jli.dll
0x00007ffa2d640000 - 0x00007ffa2d7ee000 	C:\WINDOWS\System32\USER32.dll
0x00007ffa2cf40000 - 0x00007ffa2cf66000 	C:\WINDOWS\System32\win32u.dll
0x00007ffa0c210000 - 0x00007ffa0c4a3000 	C:\WINDOWS\WinSxS\amd64_microsoft.windows.common-controls_6595b64144ccf1df_6.0.22621.3672_none_2713b9d173822955\COMCTL32.dll
0x00007ffa2dda0000 - 0x00007ffa2de47000 	C:\WINDOWS\System32\msvcrt.dll
0x00007ffa2d030000 - 0x00007ffa2d059000 	C:\WINDOWS\System32\GDI32.dll
0x00007ffa2ce20000 - 0x00007ffa2cf39000 	C:\WINDOWS\System32\gdi32full.dll
0x00007ffa2cb60000 - 0x00007ffa2cbfa000 	C:\WINDOWS\System32\msvcp_win.dll
0x00007ffa2d230000 - 0x00007ffa2d261000 	C:\WINDOWS\System32\IMM32.DLL
0x00007ffa0bb30000 - 0x00007ffa0bb3c000 	C:\Users\HP 14S-FQ1001NU\.jdks\openjdk-21.0.2\bin\vcruntime140_1.dll
0x00007ff9e2d30000 - 0x00007ff9e2dbe000 	C:\Users\HP 14S-FQ1001NU\.jdks\openjdk-21.0.2\bin\msvcp140.dll
0x00007ff9d9700000 - 0x00007ff9da417000 	C:\Users\HP 14S-FQ1001NU\.jdks\openjdk-21.0.2\bin\server\jvm.dll
0x00007ffa2cf70000 - 0x00007ffa2d022000 	C:\WINDOWS\System32\ADVAPI32.dll
0x00007ffa2d810000 - 0x00007ffa2d8ba000 	C:\WINDOWS\System32\sechost.dll
0x00007ffa2cc00000 - 0x00007ffa2cc28000 	C:\WINDOWS\System32\bcrypt.dll
0x00007ffa2f0d0000 - 0x00007ffa2f1e5000 	C:\WINDOWS\System32\RPCRT4.dll
0x00007ffa2e010000 - 0x00007ffa2e081000 	C:\WINDOWS\System32\WS2_32.dll
0x00007ffa2be20000 - 0x00007ffa2be6d000 	C:\WINDOWS\SYSTEM32\POWRPROF.dll
0x00007ffa25110000 - 0x00007ffa2511a000 	C:\WINDOWS\SYSTEM32\VERSION.dll
0x00007ffa22bd0000 - 0x00007ffa22c04000 	C:\WINDOWS\SYSTEM32\WINMM.dll
0x00007ffa2be00000 - 0x00007ffa2be13000 	C:\WINDOWS\SYSTEM32\UMPDC.dll
0x00007ffa2b570000 - 0x00007ffa2b588000 	C:\WINDOWS\SYSTEM32\kernel.appcore.dll
0x00007ffa08e60000 - 0x00007ffa08e6a000 	C:\Users\HP 14S-FQ1001NU\.jdks\openjdk-21.0.2\bin\jimage.dll
0x00007ffa29ec0000 - 0x00007ffa2a0f2000 	C:\WINDOWS\SYSTEM32\DBGHELP.DLL
0x00007ffa2eba0000 - 0x00007ffa2ef28000 	C:\WINDOWS\System32\combase.dll
0x00007ffa2d270000 - 0x00007ffa2d347000 	C:\WINDOWS\System32\OLEAUT32.dll
0x00007ffa107c0000 - 0x00007ffa107f2000 	C:\WINDOWS\SYSTEM32\dbgcore.DLL
0x00007ffa2cda0000 - 0x00007ffa2ce1b000 	C:\WINDOWS\System32\bcryptPrimitives.dll
0x00007ffa273f0000 - 0x00007ffa273ff000 	C:\Users\HP 14S-FQ1001NU\.jdks\openjdk-21.0.2\bin\instrument.dll
0x00007ff9f44d0000 - 0x00007ff9f44ef000 	C:\Users\HP 14S-FQ1001NU\.jdks\openjdk-21.0.2\bin\java.dll
0x00007ffa2e090000 - 0x00007ffa2e8ec000 	C:\WINDOWS\System32\SHELL32.dll
0x00007ffa2a460000 - 0x00007ffa2ad57000 	C:\WINDOWS\SYSTEM32\windows.storage.dll
0x00007ffa2a320000 - 0x00007ffa2a45f000 	C:\WINDOWS\SYSTEM32\wintypes.dll
0x00007ffa2d520000 - 0x00007ffa2d614000 	C:\WINDOWS\System32\SHCORE.dll
0x00007ffa2efe0000 - 0x00007ffa2f03e000 	C:\WINDOWS\System32\shlwapi.dll
0x00007ffa2c490000 - 0x00007ffa2c4b1000 	C:\WINDOWS\SYSTEM32\profapi.dll
0x00007ff9e2c50000 - 0x00007ff9e2d27000 	C:\Users\HP 14S-FQ1001NU\.jdks\openjdk-21.0.2\bin\jsvml.dll
0x00007ff9f4240000 - 0x00007ff9f4258000 	C:\Users\HP 14S-FQ1001NU\.jdks\openjdk-21.0.2\bin\zip.dll
0x00007ff9fd200000 - 0x00007ff9fd210000 	C:\Users\HP 14S-FQ1001NU\.jdks\openjdk-21.0.2\bin\net.dll
0x00007ffa24d70000 - 0x00007ffa24ea6000 	C:\WINDOWS\SYSTEM32\WINHTTP.dll
0x00007ffa2ba00000 - 0x00007ffa2ba69000 	C:\WINDOWS\system32\mswsock.dll
0x00007ff9f9500000 - 0x00007ff9f9516000 	C:\Users\HP 14S-FQ1001NU\.jdks\openjdk-21.0.2\bin\nio.dll
0x00007ffa126e0000 - 0x00007ffa126fa000 	C:\Program Files\JetBrains\IntelliJ IDEA Community Edition 2023.3.4\bin\breakgen64.dll
0x00007ffa29370000 - 0x00007ffa29379000 	C:\Users\HP 14S-FQ1001NU\.jdks\openjdk-21.0.2\bin\extnet.dll
0x00007ffa273e0000 - 0x00007ffa273ea000 	C:\Users\HP 14S-FQ1001NU\.jdks\openjdk-21.0.2\bin\management.dll
0x00007ffa23370000 - 0x00007ffa2337b000 	C:\Users\HP 14S-FQ1001NU\.jdks\openjdk-21.0.2\bin\management_ext.dll
0x00007ffa2d7f0000 - 0x00007ffa2d7f8000 	C:\WINDOWS\System32\PSAPI.DLL
0x00007ffa22740000 - 0x00007ffa2274e000 	C:\Users\HP 14S-FQ1001NU\.jdks\openjdk-21.0.2\bin\sunmscapi.dll
0x00007ffa2cc30000 - 0x00007ffa2cd97000 	C:\WINDOWS\System32\CRYPT32.dll
0x00007ffa2bf10000 - 0x00007ffa2bf3e000 	C:\WINDOWS\SYSTEM32\ncrypt.dll
0x00007ffa2bed0000 - 0x00007ffa2bf07000 	C:\WINDOWS\SYSTEM32\NTASN1.dll
0x00007ffa2bc60000 - 0x00007ffa2bc7b000 	C:\WINDOWS\SYSTEM32\CRYPTSP.dll
0x00007ffa2b4d0000 - 0x00007ffa2b505000 	C:\WINDOWS\system32\rsaenh.dll
0x00007ffa2bb00000 - 0x00007ffa2bb28000 	C:\WINDOWS\SYSTEM32\USERENV.dll
0x00007ffa2bc80000 - 0x00007ffa2bc8c000 	C:\WINDOWS\SYSTEM32\CRYPTBASE.dll
0x00007ffa2afd0000 - 0x00007ffa2affd000 	C:\WINDOWS\SYSTEM32\IPHLPAPI.DLL
0x00007ffa2d800000 - 0x00007ffa2d809000 	C:\WINDOWS\System32\NSI.dll
0x00007ff9f66e0000 - 0x00007ff9f66f0000 	C:\Users\HP 14S-FQ1001NU\.jdks\openjdk-21.0.2\bin\verify.dll
0x00007ffa2b040000 - 0x00007ffa2b138000 	C:\WINDOWS\SYSTEM32\DNSAPI.dll
0x00007ffa22380000 - 0x00007ffa2238a000 	C:\Windows\System32\rasadhlp.dll
0x00007ffa235d0000 - 0x00007ffa23653000 	C:\WINDOWS\System32\fwpuclnt.dll

dbghelp: loaded successfully - version: 4.0.5 - missing functions: none
symbol engine: initialized successfully - sym options: 0x614 - pdb path: .;C:\Users\HP 14S-FQ1001NU\.jdks\openjdk-21.0.2\bin;C:\WINDOWS\SYSTEM32;C:\WINDOWS\WinSxS\amd64_microsoft.windows.common-controls_6595b64144ccf1df_6.0.22621.3672_none_2713b9d173822955;C:\Users\HP 14S-FQ1001NU\.jdks\openjdk-21.0.2\bin\server;C:\Program Files\JetBrains\IntelliJ IDEA Community Edition 2023.3.4\bin

VM Arguments:
jvm_args: -javaagent:C:\Program Files\JetBrains\IntelliJ IDEA Community Edition 2023.3.4\lib\idea_rt.jar=56705:C:\Program Files\JetBrains\IntelliJ IDEA Community Edition 2023.3.4\bin -Dfile.encoding=UTF-8 -Dsun.stdout.encoding=UTF-8 -Dsun.stderr.encoding=UTF-8 
java_command: bg.fmi.javaweb.sportstournamentorganizer.SportsTournamentOrganizerApplication
java_class_path (initial): C:\Users\HP 14S-FQ1001NU\IdeaProjects\local_java_repo\target\classes;C:\Users\HP 14S-FQ1001NU\.m2\repository\org\springframework\boot\spring-boot-starter-web\3.3.0\spring-boot-starter-web-3.3.0.jar;C:\Users\HP 14S-FQ1001NU\.m2\repository\org\springframework\boot\spring-boot-starter\3.3.0\spring-boot-starter-3.3.0.jar;C:\Users\HP 14S-FQ1001NU\.m2\repository\org\springframework\boot\spring-boot-starter-logging\3.3.0\spring-boot-starter-logging-3.3.0.jar;C:\Users\HP 14S-FQ1001NU\.m2\repository\ch\qos\logback\logback-classic\1.5.6\logback-classic-1.5.6.jar;C:\Users\HP 14S-FQ1001NU\.m2\repository\ch\qos\logback\logback-core\1.5.6\logback-core-1.5.6.jar;C:\Users\HP 14S-FQ1001NU\.m2\repository\org\apache\logging\log4j\log4j-to-slf4j\2.23.1\log4j-to-slf4j-2.23.1.jar;C:\Users\HP 14S-FQ1001NU\.m2\repository\org\apache\logging\log4j\log4j-api\2.23.1\log4j-api-2.23.1.jar;C:\Users\HP 14S-FQ1001NU\.m2\repository\org\slf4j\jul-to-slf4j\2.0.13\jul-to-slf4j-2.0.13.jar;C:\Users\HP 14S-FQ1001NU\.m2\repository\jakarta\annotation\jakarta.annotation-api\2.1.1\jakarta.annotation-api-2.1.1.jar;C:\Users\HP 14S-FQ1001NU\.m2\repository\org\yaml\snakeyaml\2.2\snakeyaml-2.2.jar;C:\Users\HP 14S-FQ1001NU\.m2\repository\org\springframework\boot\spring-boot-starter-json\3.3.0\spring-boot-starter-json-3.3.0.jar;C:\Users\HP 14S-FQ1001NU\.m2\repository\com\fasterxml\jackson\core\jackson-databind\2.17.1\jackson-databind-2.17.1.jar;C:\Users\HP 14S-FQ1001NU\.m2\repository\com\fasterxml\jackson\core\jackson-annotations\2.17.1\jackson-annotations-2.17.1.jar;C:\Users\HP 14S-FQ1001NU\.m2\repository\com\fasterxml\jackson\core\jackson-core\2.17.1\jackson-core-2.17.1.jar;C:\Users\HP 14S-FQ1001NU\.m2\repository\com\fasterxml\jackson\datatype\jackson-datatype-jdk8\2.17.1\jackson-datatype-jdk8-2.17.1.jar;C:\Users\HP 14S-FQ1001NU\.m2\repository\com\fasterxml\jackson\datatype\jackson-datatype-jsr310\2.17.1\jackson-datatype-jsr310-2.17.1.jar;C:\Users\HP 14S-FQ1001NU\.m2\repository\com\fasterxml\jackson\module\jackson-module-parameter-names\2.17.1\jackson-module-parameter-names-2.17.1.jar;C:\Users\HP 14S-FQ1001NU\.m2\repository\org\springframework\boot\spring-boot-starter-tomcat\3.3.0\spring-boot-starter-tomcat-3.3.0.jar;C:\Users\HP 14S-FQ1001NU\.m2\repository\org\apache\tomcat\embed\tomcat-embed-core\10.1.24\tomcat-embed-core-10.1.24.jar;C:\Users\HP 14S-FQ1001NU\.m2\repository\org\apache\tomcat\embed\tomcat-embed-el\10.1.24\tomcat-embed-el-10.1.24.jar;C:\Users\HP 14S-FQ1001NU\.m2\repository\org\apache\tomcat\embed\tomcat-embed-websocket\10.1.24\tomcat-embed-websocket-10.1.24.jar;C:\Users\HP 14S-FQ1001NU\.m2\repository\org\springframework\spring-web\6.1.8\spring-web-6.1.8.jar;C:\Users\HP 14S-FQ1001NU\.m2\repository\org\springframework\spring-beans\6.1.8\spring-beans-6.1.8.jar;C:\Users\HP 14S-FQ1001NU\.m2\repository\io\micrometer\micrometer-observation\1.13.0\micrometer-observation-1.13.0.jar;C:\Users\HP 14S-FQ1001NU\.m2\repository\io\micrometer\micrometer-commons\1.13.0\micrometer-commons-1.13.0.jar;C:\Users\HP 14S-FQ1001NU\.m2\repository\org\springframework\spring-webmvc\6.1.8\spring-webmvc-6.1.8.jar;C:\Users\HP 14S-FQ1001NU\.m2\repository\org\springframework\spring-aop\6.1.8\spring-aop-6.1.8.jar;C:\Users\HP 14S-FQ1001NU\.m2\repository\org\springframework\spring-context\6.1.8\spring-context-6.1.8.jar;C:\Users\HP 14S-FQ1001NU\.m2\repository\org\springframework\spring-expression\6.1.8\spring-expression-6.1.8.jar;C:\Users\HP 14S-FQ1001NU\.m2\repository\org\springframework\boot\spring-boot-devtools\3.3.0\spring-boot-devtools-3.3.0.jar;C:\Users\HP 14S-FQ1001NU\.m2\repository\org\springframework\boot\spring-boot\3.3.0\spring-boot-3.3.0.jar;C:\Users\HP 14S-FQ1001NU\.m2\repository\org\springframework\boot\spring-boot-autoconfigure\3.3.0\spring-boot-autoconfigure-3.3.0.jar;C:\Users\HP 14S-FQ1001NU\.m2\repository\org\slf4j\slf4j-api\2.0.13\slf4j-api-2.0.13.jar;C:\Users\HP 14S-FQ1001NU\.m2\repository\jakarta\xml\bind\jakarta.xml.bind-api\4.0.2\jakarta.xml.bind-api-4.0.2.jar;C:\Users\HP 14S-FQ1001NU\.m2\repository\jakarta\activation\jakarta.activation-api\2.1.3\jakarta.activation-api-2.1.3.jar;C:\Users\HP 14S-FQ1001NU\.m2\repository\net\bytebuddy\byte-buddy\1.14.16\byte-buddy-1.14.16.jar;C:\Users\HP 14S-FQ1001NU\.m2\repository\org\springframework\spring-core\6.1.8\spring-core-6.1.8.jar;C:\Users\HP 14S-FQ1001NU\.m2\repository\org\springframework\spring-jcl\6.1.8\spring-jcl-6.1.8.jar;C:\Users\HP 14S-FQ1001NU\.m2\repository\org\mapstruct\mapstruct\1.6.0.Beta1\mapstruct-1.6.0.Beta1.jar;C:\Users\HP 14S-FQ1001NU\.m2\repository\org\mapstruct\mapstruct-processor\1.6.0.Beta1\mapstruct-processor-1.6.0.Beta1.jar;C:\Users\HP 14S-FQ1001NU\.m2\repository\org\postgresql\postgresql\42.7.3\postgresql-42.7.3.jar;C:\Users\HP 14S-FQ1001NU\.m2\repository\org\checkerframework\checker-qual\3.42.0\checker-qual-3.42.0.jar;C:\Users\HP 14S-FQ1001NU\.m2\repository\org\springframework\boot\spring-boot-starter-data-jpa\3.3.0\spring-boot-starter-data-jpa-3.3.0.jar;C:\Users\HP 14S-FQ1001NU\.m2\repository\org\springframework\boot\spring-boot-starter-aop\3.3.0\spring-boot-starter-aop-3.3.0.jar;C:\Users\HP 14S-FQ1001NU\.m2\repository\org\aspectj\aspectjweaver\1.9.22\aspectjweaver-1.9.22.jar;C:\Users\HP 14S-FQ1001NU\.m2\repository\org\springframework\boot\spring-boot-starter-jdbc\3.3.0\spring-boot-starter-jdbc-3.3.0.jar;C:\Users\HP 14S-FQ1001NU\.m2\repository\com\zaxxer\HikariCP\5.1.0\HikariCP-5.1.0.jar;C:\Users\HP 14S-FQ1001NU\.m2\repository\org\springframework\spring-jdbc\6.1.8\spring-jdbc-6.1.8.jar;C:\Users\HP 14S-FQ1001NU\.m2\repository\org\hibernate\orm\hibernate-core\6.5.2.Final\hibernate-core-6.5.2.Final.jar;C:\Users\HP 14S-FQ1001NU\.m2\repository\jakarta\persistence\jakarta.persistence-api\3.1.0\jakarta.persistence-api-3.1.0.jar;C:\Users\HP 14S-FQ1001NU\.m2\repository\jakarta\transaction\jakarta.transaction-api\2.0.1\jakarta.transaction-api-2.0.1.jar;C:\Users\HP 14S-FQ1001NU\.m2\repository\org\jboss\logging\jboss-logging\3.5.3.Final\jboss-logging-3.5.3.Final.jar;C:\Users\HP 14S-FQ1001NU\.m2\repository\org\hibernate\common\hibernate-commons-annotations\6.0.6.Final\hibernate-commons-annotations-6.0.6.Final.jar;C:\Users\HP 14S-FQ1001NU\.m2\repository\io\smallrye\jandex\3.1.2\jandex-3.1.2.jar;C:\Users\HP 14S-FQ1001NU\.m2\repository\com\fasterxml\classmate\1.7.0\classmate-1.7.0.jar;C:\Users\HP 14S-FQ1001NU\.m2\repository\org\glassfish\jaxb\jaxb-runtime\4.0.5\jaxb-runtime-4.0.5.jar;C:\Users\HP 14S-FQ1001NU\.m2\repository\org\glassfish\jaxb\jaxb-core\4.0.5\jaxb-core-4.0.5.jar;C:\Users\HP 14S-FQ1001NU\.m2\repository\org\eclipse\angus\angus-activation\2.0.2\angus-activation-2.0.2.jar;C:\Users\HP 14S-FQ1001NU\.m2\repository\org\glassfish\jaxb\txw2\4.0.5\txw2-4.0.5.jar;C:\Users\HP 14S-FQ1001NU\.m2\repository\com\sun\istack\istack-commons-runtime\4.1.2\istack-commons-runtime-4.1.2.jar;C:\Users\HP 14S-FQ1001NU\.m2\repository\jakarta\inject\jakarta.inject-api\2.0.1\jakarta.inject-api-2.0.1.jar;C:\Users\HP 14S-FQ1001NU\.m2\repository\org\antlr\antlr4-runtime\4.13.0\antlr4-runtime-4.13.0.jar;C:\Users\HP 14S-FQ1001NU\.m2\repository\org\springframework\data\spring-data-jpa\3.3.0\spring-data-jpa-3.3.0.jar;C:\Users\HP 14S-FQ1001NU\.m2\repository\org\springframework\data\spring-data-commons\3.3.0\spring-data-commons-3.3.0.jar;C:\Users\HP 14S-FQ1001NU\.m2\repository\org\springframework\spring-orm\6.1.8\spring-orm-6.1.8.jar;C:\Users\HP 14S-FQ1001NU\.m2\repository\org\springframework\spring-tx\6.1.8\spring-tx-6.1.8.jar;C:\Users\HP 14S-FQ1001NU\.m2\repository\org\springframework\spring-aspects\6.1.8\spring-aspects-6.1.8.jar
Launcher Type: SUN_STANDARD

[Global flags]
     intx CICompilerCount                          = 4                                         {product} {ergonomic}
     uint ConcGCThreads                            = 2                                         {product} {ergonomic}
     uint G1ConcRefinementThreads                  = 8                                         {product} {ergonomic}
   size_t G1HeapRegionSize                         = 1048576                                   {product} {ergonomic}
    uintx GCDrainStackTargetSize                   = 64                                        {product} {ergonomic}
   size_t InitialHeapSize                          = 123731968                                 {product} {ergonomic}
   size_t MarkStackSize                            = 4194304                                   {product} {ergonomic}
   size_t MaxHeapSize                              = 1967128576                                {product} {ergonomic}
   size_t MaxNewSize                               = 1179648000                                {product} {ergonomic}
   size_t MinHeapDeltaBytes                        = 1048576                                   {product} {ergonomic}
   size_t MinHeapSize                              = 8388608                                   {product} {ergonomic}
    uintx NonNMethodCodeHeapSize                   = 5839372                                {pd product} {ergonomic}
    uintx NonProfiledCodeHeapSize                  = 122909434                              {pd product} {ergonomic}
    uintx ProfiledCodeHeapSize                     = 122909434                              {pd product} {ergonomic}
    uintx ReservedCodeCacheSize                    = 251658240                              {pd product} {ergonomic}
     bool SegmentedCodeCache                       = true                                      {product} {ergonomic}
   size_t SoftMaxHeapSize                          = 1967128576                             {manageable} {ergonomic}
     bool UseCompressedOops                        = true                           {product lp64_product} {ergonomic}
     bool UseG1GC                                  = true                                      {product} {ergonomic}
     bool UseLargePagesIndividualAllocation        = false                                  {pd product} {ergonomic}

Logging:
Log output configuration:
 #0: stdout all=warning uptime,level,tags foldmultilines=false
 #1: stderr all=off uptime,level,tags foldmultilines=false

Environment Variables:
PATH=C:\Program Files (x86)\Cuminas\Document Express DjVu Plug-in\;C:\WINDOWS\system32;C:\WINDOWS;C:\WINDOWS\System32\Wbem;C:\WINDOWS\System32\WindowsPowerShell\v1.0\;C:\WINDOWS\System32\OpenSSH\;C:\Program Files\Git\cmd;C:\Program Files\Microsoft SQL Server\150\Tools\Binn\;C:\mysys64\mingw64\bin;C:\Program Files\PuTTY\;C:\Program Files (x86)\Microsoft SQL Server\160\Tools\Binn\;C:\Program Files\Microsoft SQL Server\160\Tools\Binn\;C:\Program Files\Microsoft SQL Server\Client SDK\ODBC\170\Tools\Binn\;C:\Program Files\Microsoft SQL Server\160\DTS\Binn\;C:\Program Files (x86)\Microsoft SQL Server\160\DTS\Binn\;C:\Program Files\Azure Data Studio\bin;C:\MinGW\bin;C:\Program Files\dotnet\;C:\Program Files\nodejs\;C:\php;C:\Users\HP 14S-FQ1001NU\AppData\Local\Programs\Python\Launcher\;C:\Users\HP 14S-FQ1001NU\AppData\Local\Microsoft\WindowsApps;C:\Users\HP 14S-FQ1001NU\AppData\Local\GitHubDesktop\bin;C:\Users\HP 14S-FQ1001NU\AppData\Local\Programs\Microsoft VS Code\bin;C:\Program Files\JetBrains\IntelliJ IDEA 2022.2.3\bin;;C:\Program Files\Azure Data Studio\bin;C:\Program Files\JetBrains\CLion 2023.1.3\bin;;C:\ghcup\bin;C:\Users\HP 14S-FQ1001NU\.dotnet\tools;C:\Users\HP 14S-FQ1001NU\AppData\Roaming\npm;C:\Users\HP 14S-FQ1001NU\AppData\Roaming\Microsoft\Windows\Start Menu\Programs\MSYS2 64bit\MSYS2 MSYS.lnk;C:\Program Files\MongoDB\mongosh-2.2.6-win32-x64\bin;C:\php;
USERNAME=HP 14S-FQ1001NU
OS=Windows_NT
PROCESSOR_IDENTIFIER=AMD64 Family 23 Model 104 Stepping 1, AuthenticAMD
TMP=C:\Users\HP14S-~1\AppData\Local\Temp
TEMP=C:\Users\HP14S-~1\AppData\Local\Temp




Periodic native trim disabled

---------------  S Y S T E M  ---------------

OS:
 Windows 11 , 64 bit Build 22621 (10.0.22621.3672)
OS uptime: 0 days 1:01 hours
Hyper-V role detected

CPU: total 8 (initial active 8) (8 cores per cpu, 2 threads per core) family 23 model 104 stepping 1 microcode 0x0, cx8, cmov, fxsr, ht, mmx, 3dnowpref, sse, sse2, sse3, ssse3, sse4a, sse4.1, sse4.2, popcnt, lzcnt, tsc, tscinvbit, avx, avx2, aes, clmul, bmi1, bmi2, adx, sha, fma, vzeroupper, clflush, clflushopt, hv, rdtscp, rdpid, f16c
Processor Information for all 8 processors :
  Max Mhz: 2600, Current Mhz: 2600, Mhz Limit: 2600

Memory: 4k page, system-wide physical 7502M (715M free)
TotalPageFile size 10502M (AvailPageFile size 5M)
current process WorkingSet (physical memory assigned to process): 240M, peak: 240M
current process commit charge ("private bytes"): 277M, peak: 277M

vm_info: OpenJDK 64-Bit Server VM (21.0.2+13-58) for windows-amd64 JRE (21.0.2+13-58), built on 2024-01-05T18:32:24Z by "mach5one" with MS VC++ 17.1 (VS2022)

END.
