#
# There is insufficient memory for the Java Runtime Environment to continue.
# Native memory allocation (malloc) failed to allocate 428752 bytes for Chunk::new
# Possible reasons:
#   The system is out of physical RAM or swap space
#   The process is running with CompressedOops enabled, and the Java Heap may be blocking the growth of the native heap
# Possible solutions:
#   Reduce memory load on the system
#   Increase physical memory or swap space
#   Check if swap backing store is full
#   Decrease Java heap size (-Xmx/-Xms)
#   Decrease number of Java threads
#   Decrease Java thread stack sizes (-Xss)
#   Set larger code cache with -XX:ReservedCodeCacheSize=
#   JVM is running with Unscaled Compressed Oops mode in which the Java heap is
#     placed in the first 4GB address space. The Java Heap base address is the
#     maximum limit for the native heap growth. Please use -XX:HeapBaseMinAddress
#     to set the Java Heap base and to place the Java Heap above 4GB virtual address.
# This output file may be truncated or incomplete.
#
#  Out of Memory Error (arena.cpp:168), pid=3732, tid=13948
#
# JRE version: OpenJDK Runtime Environment (21.0.2+13) (build 21.0.2+13-58)
# Java VM: OpenJDK 64-Bit Server VM (21.0.2+13-58, mixed mode, sharing, tiered, compressed oops, compressed class ptrs, g1 gc, windows-amd64)
# No core dump will be written. Minidumps are not enabled by default on client versions of Windows
#

---------------  S U M M A R Y ------------

Command Line: -javaagent:C:\Program Files\JetBrains\IntelliJ IDEA Community Edition 2023.3.4\lib\idea_rt.jar=50170:C:\Program Files\JetBrains\IntelliJ IDEA Community Edition 2023.3.4\bin -Dfile.encoding=UTF-8 -Dsun.stdout.encoding=UTF-8 -Dsun.stderr.encoding=UTF-8 bg.fmi.javaweb.sportstournamentorganizer.SportsTournamentOrganizerApplication

Host: AMD Ryzen 3 5300U with Radeon Graphics         , 8 cores, 7G,  Windows 11 , 64 bit Build 22621 (10.0.22621.3672)
Time: Thu Jul  4 20:26:12 2024  Windows 11 , 64 bit Build 22621 (10.0.22621.3672) elapsed time: 56.374825 seconds (0d 0h 0m 56s)

---------------  T H R E A D  ---------------

Current thread (0x000001fd460f2770):  JavaThread "C2 CompilerThread0" daemon [_thread_in_native, id=13948, stack(0x00000039d4a00000,0x00000039d4b00000) (1024K)]


Current CompileTask:
C2:  56374 6767       4       java.lang.invoke.MethodType::makeImpl (109 bytes)

Stack: [0x00000039d4a00000,0x00000039d4b00000]
Native frames: (J=compiled Java code, j=interpreted, Vv=VM code, C=native code)
V  [jvm.dll+0x6cade9]
V  [jvm.dll+0x8569c1]
V  [jvm.dll+0x858d2e]
V  [jvm.dll+0x859413]
V  [jvm.dll+0x280e56]
V  [jvm.dll+0xc3f3d]
V  [jvm.dll+0xc4473]
V  [jvm.dll+0x13fa0f]
V  [jvm.dll+0x65b9f5]
V  [jvm.dll+0x659f0d]
V  [jvm.dll+0x249a55]
V  [jvm.dll+0x2491b1]
V  [jvm.dll+0x1c9634]
V  [jvm.dll+0x258859]
V  [jvm.dll+0x256e3a]
V  [jvm.dll+0x3ef6c6]
V  [jvm.dll+0x7ff568]
V  [jvm.dll+0x6c953d]
C  [ucrtbase.dll+0x29333]
C  [KERNEL32.DLL+0x1257d]
C  [ntdll.dll+0x5af28]


---------------  P R O C E S S  ---------------

Threads class SMR info:
_java_thread_list=0x000001fd90f34270, length=32, elements={
0x000001fd460e9d90, 0x000001fd460eac60, 0x000001fd460ebec0, 0x000001fd460f1100,
0x000001fd460f1d10, 0x000001fd460efe40, 0x000001fd460f2770, 0x000001fd460f3f30,
0x000001fd462efa50, 0x000001fd46675090, 0x000001fd46809240, 0x000001fd8e817c80,
0x000001fd8d97ab30, 0x000001fd8dbb1240, 0x000001fd8dda40b0, 0x000001fd8d2d8f50,
0x000001fd8cf8a5b0, 0x000001fd8df5a4a0, 0x000001fd8df59780, 0x000001fd8df59e10,
0x000001fd8df58a60, 0x000001fd8df5ab30, 0x000001fd8df5b1c0, 0x000001fd8df5bee0,
0x000001fd8df5b850, 0x000001fd8df590f0, 0x000001fd465cfaf0, 0x000001fd465d0ea0,
0x000001fd465cb950, 0x000001fd465cac30, 0x000001fd465cedd0, 0x000001fd91090090
}

Java Threads: ( => current thread )
  0x000001fd460e9d90 JavaThread "Reference Handler"          daemon [_thread_blocked, id=14008, stack(0x00000039d4400000,0x00000039d4500000) (1024K)]
  0x000001fd460eac60 JavaThread "Finalizer"                  daemon [_thread_blocked, id=14004, stack(0x00000039d4500000,0x00000039d4600000) (1024K)]
  0x000001fd460ebec0 JavaThread "Signal Dispatcher"          daemon [_thread_blocked, id=20248, stack(0x00000039d4600000,0x00000039d4700000) (1024K)]
  0x000001fd460f1100 JavaThread "Attach Listener"            daemon [_thread_blocked, id=14424, stack(0x00000039d4700000,0x00000039d4800000) (1024K)]
  0x000001fd460f1d10 JavaThread "Service Thread"             daemon [_thread_blocked, id=6920, stack(0x00000039d4800000,0x00000039d4900000) (1024K)]
  0x000001fd460efe40 JavaThread "Monitor Deflation Thread"   daemon [_thread_blocked, id=9664, stack(0x00000039d4900000,0x00000039d4a00000) (1024K)]
=>0x000001fd460f2770 JavaThread "C2 CompilerThread0"         daemon [_thread_in_native, id=13948, stack(0x00000039d4a00000,0x00000039d4b00000) (1024K)]
  0x000001fd460f3f30 JavaThread "C1 CompilerThread0"         daemon [_thread_blocked, id=14080, stack(0x00000039d4b00000,0x00000039d4c00000) (1024K)]
  0x000001fd462efa50 JavaThread "Common-Cleaner"             daemon [_thread_blocked, id=13872, stack(0x00000039d4c00000,0x00000039d4d00000) (1024K)]
  0x000001fd46675090 JavaThread "Monitor Ctrl-Break"         daemon [_thread_in_native, id=15336, stack(0x00000039d4d00000,0x00000039d4e00000) (1024K)]
  0x000001fd46809240 JavaThread "Notification Thread"        daemon [_thread_blocked, id=15996, stack(0x00000039d4e00000,0x00000039d4f00000) (1024K)]
  0x000001fd8e817c80 JavaThread "Catalina-utility-1"                [_thread_blocked, id=11192, stack(0x00000039d5b00000,0x00000039d5c00000) (1024K)]
  0x000001fd8d97ab30 JavaThread "Catalina-utility-2"                [_thread_blocked, id=12244, stack(0x00000039d5c00000,0x00000039d5d00000) (1024K)]
  0x000001fd8dbb1240 JavaThread "http-nio-8080-exec-1"       daemon [_thread_blocked, id=17508, stack(0x00000039d5d00000,0x00000039d5e00000) (1024K)]
  0x000001fd8dda40b0 JavaThread "http-nio-8080-exec-2"       daemon [_thread_in_vm, id=9492, stack(0x00000039d5e00000,0x00000039d5f00000) (1024K)]
  0x000001fd8d2d8f50 JavaThread "http-nio-8080-exec-3"       daemon [_thread_blocked, id=6916, stack(0x00000039d5f00000,0x00000039d6000000) (1024K)]
  0x000001fd8cf8a5b0 JavaThread "http-nio-8080-exec-4"       daemon [_thread_blocked, id=11100, stack(0x00000039d6000000,0x00000039d6100000) (1024K)]
  0x000001fd8df5a4a0 JavaThread "http-nio-8080-exec-5"       daemon [_thread_blocked, id=11380, stack(0x00000039d6100000,0x00000039d6200000) (1024K)]
  0x000001fd8df59780 JavaThread "http-nio-8080-exec-6"       daemon [_thread_blocked, id=18768, stack(0x00000039d6200000,0x00000039d6300000) (1024K)]
  0x000001fd8df59e10 JavaThread "http-nio-8080-exec-7"       daemon [_thread_blocked, id=14688, stack(0x00000039d6300000,0x00000039d6400000) (1024K)]
  0x000001fd8df58a60 JavaThread "http-nio-8080-exec-8"       daemon [_thread_blocked, id=20616, stack(0x00000039d6400000,0x00000039d6500000) (1024K)]
  0x000001fd8df5ab30 JavaThread "http-nio-8080-exec-9"       daemon [_thread_blocked, id=15936, stack(0x00000039d6500000,0x00000039d6600000) (1024K)]
  0x000001fd8df5b1c0 JavaThread "http-nio-8080-exec-10"      daemon [_thread_blocked, id=21112, stack(0x00000039d6600000,0x00000039d6700000) (1024K)]
  0x000001fd8df5bee0 JavaThread "container-0"                       [_thread_blocked, id=15332, stack(0x00000039d6700000,0x00000039d6800000) (1024K)]
  0x000001fd8df5b850 JavaThread "PostgreSQL-JDBC-Cleaner"    daemon [_thread_blocked, id=20444, stack(0x00000039d6800000,0x00000039d6900000) (1024K)]
  0x000001fd8df590f0 JavaThread "HikariPool-1 housekeeper"   daemon [_thread_blocked, id=21172, stack(0x00000039d6900000,0x00000039d6a00000) (1024K)]
  0x000001fd465cfaf0 JavaThread "File Watcher"               daemon [_thread_blocked, id=4876, stack(0x00000039d6b00000,0x00000039d6c00000) (1024K)]
  0x000001fd465d0ea0 JavaThread "Live Reload Server"         daemon [_thread_in_native, id=2004, stack(0x00000039d6d00000,0x00000039d6e00000) (1024K)]
  0x000001fd465cb950 JavaThread "http-nio-8080-Poller"       daemon [_thread_in_native, id=4968, stack(0x00000039d6c00000,0x00000039d6d00000) (1024K)]
  0x000001fd465cac30 JavaThread "http-nio-8080-Acceptor"     daemon [_thread_in_native, id=9940, stack(0x00000039d6e00000,0x00000039d6f00000) (1024K)]
  0x000001fd465cedd0 JavaThread "DestroyJavaVM"                     [_thread_blocked, id=16648, stack(0x00000039d3c00000,0x00000039d3d00000) (1024K)]
  0x000001fd91090090 JavaThread "C2 CompilerThread1"         daemon [_thread_in_native, id=20196, stack(0x00000039d5a00000,0x00000039d5b00000) (1024K)]
Total: 32

Other Threads:
  0x000001fd460c9130 VMThread "VM Thread"                           [id=13900, stack(0x00000039d4300000,0x00000039d4400000) (1024K)]
  0x000001fd460af690 WatcherThread "VM Periodic Task Thread"        [id=11196, stack(0x00000039d4200000,0x00000039d4300000) (1024K)]
  0x000001fd29ac9260 WorkerThread "GC Thread#0"                     [id=9524, stack(0x00000039d3d00000,0x00000039d3e00000) (1024K)]
  0x000001fd8c50c6d0 WorkerThread "GC Thread#1"                     [id=10416, stack(0x00000039d5200000,0x00000039d5300000) (1024K)]
  0x000001fd8c400590 WorkerThread "GC Thread#2"                     [id=14016, stack(0x00000039d5300000,0x00000039d5400000) (1024K)]
  0x000001fd8c18efa0 WorkerThread "GC Thread#3"                     [id=20904, stack(0x00000039d5400000,0x00000039d5500000) (1024K)]
  0x000001fd8c18f750 WorkerThread "GC Thread#4"                     [id=11612, stack(0x00000039d5500000,0x00000039d5600000) (1024K)]
  0x000001fd8c18faf0 WorkerThread "GC Thread#5"                     [id=14000, stack(0x00000039d5600000,0x00000039d5700000) (1024K)]
  0x000001fd8c5d8b30 WorkerThread "GC Thread#6"                     [id=13124, stack(0x00000039d5700000,0x00000039d5800000) (1024K)]
  0x000001fd8c5d92e0 WorkerThread "GC Thread#7"                     [id=7164, stack(0x00000039d5800000,0x00000039d5900000) (1024K)]
  0x000001fd29ad8bd0 ConcurrentGCThread "G1 Main Marker"            [id=6776, stack(0x00000039d3e00000,0x00000039d3f00000) (1024K)]
  0x000001fd29ad9790 WorkerThread "G1 Conc#0"                       [id=13772, stack(0x00000039d3f00000,0x00000039d4000000) (1024K)]
  0x000001fd8ca54380 WorkerThread "G1 Conc#1"                       [id=10648, stack(0x00000039d5900000,0x00000039d5a00000) (1024K)]
  0x000001fd45f7f150 ConcurrentGCThread "G1 Refine#0"               [id=8800, stack(0x00000039d4000000,0x00000039d4100000) (1024K)]
  0x000001fd45f7f970 ConcurrentGCThread "G1 Service"                [id=7904, stack(0x00000039d4100000,0x00000039d4200000) (1024K)]
Total: 15

Threads with active compile tasks:
C2 CompilerThread0    56397 6767       4       java.lang.invoke.MethodType::makeImpl (109 bytes)
C2 CompilerThread1    56397 6775   !   4       org.springframework.beans.factory.support.DefaultSingletonBeanRegistry::getSingleton (147 bytes)
Total: 2

VM state: not at safepoint (normal execution)

VM Mutex/Monitor currently owned by a thread:  ([mutex/lock_event])
[0x00007ffae90eace8] Metaspace_lock - owner thread: 0x000001fd8dda40b0

Heap address: 0x000000008ac00000, size: 1876 MB, Compressed Oops mode: 32-bit

CDS archive(s) mapped at: [0x000001fd47000000-0x000001fd47c90000-0x000001fd47c90000), size 13172736, SharedBaseAddress: 0x000001fd47000000, ArchiveRelocationMode: 1.
Compressed class space mapped at: 0x000001fd48000000-0x000001fd88000000, reserved size: 1073741824
Narrow klass base: 0x000001fd47000000, Narrow klass shift: 0, Narrow klass range: 0x100000000

GC Precious Log:
 CardTable entry size: 512
 Card Set container configuration: InlinePtr #cards 5 size 8 Array Of Cards #cards 12 size 40 Howl #buckets 4 coarsen threshold 1843 Howl Bitmap #cards 512 size 80 coarsen threshold 460 Card regions per heap region 1 cards per card region 2048
 CPUs: 8 total, 8 available
 Memory: 7502M
 Large Page Support: Disabled
 NUMA Support: Disabled
 Compressed Oops: Enabled (32-bit)
 Heap Region Size: 1M
 Heap Min Capacity: 8M
 Heap Initial Capacity: 118M
 Heap Max Capacity: 1876M
 Pre-touch: Disabled
 Parallel Workers: 8
 Concurrent Workers: 2
 Concurrent Refinement Workers: 8
 Periodic GC: Disabled

Heap:
 garbage-first heap   total 55296K, used 32982K [0x000000008ac00000, 0x0000000100000000)
  region size 1024K, 7 young (7168K), 2 survivors (2048K)
 Metaspace       used 64357K, committed 65024K, reserved 1114112K
  class space    used 8684K, committed 9024K, reserved 1048576K

Heap Regions: E=young(eden), S=young(survivor), O=old, HS=humongous(starts), HC=humongous(continues), CS=collection set, F=free, TAMS=top-at-mark-start, PB=parsable bottom
|   0|0x000000008ac00000, 0x000000008ad00000, 0x000000008ad00000|100%|HS|  |TAMS 0x000000008ac00000| PB 0x000000008ac00000| Complete 
|   1|0x000000008ad00000, 0x000000008ae00000, 0x000000008ae00000|100%| O|  |TAMS 0x000000008ad00000| PB 0x000000008ad00000| Untracked 
|   2|0x000000008ae00000, 0x000000008af00000, 0x000000008af00000|100%| O|  |TAMS 0x000000008ae00000| PB 0x000000008ae00000| Untracked 
|   3|0x000000008af00000, 0x000000008b000000, 0x000000008b000000|100%| O|  |TAMS 0x000000008af00000| PB 0x000000008af00000| Untracked 
|   4|0x000000008b000000, 0x000000008b100000, 0x000000008b100000|100%| O|  |TAMS 0x000000008b000000| PB 0x000000008b000000| Untracked 
|   5|0x000000008b100000, 0x000000008b200000, 0x000000008b200000|100%| O|  |TAMS 0x000000008b100000| PB 0x000000008b100000| Untracked 
|   6|0x000000008b200000, 0x000000008b300000, 0x000000008b300000|100%| O|  |TAMS 0x000000008b200000| PB 0x000000008b200000| Untracked 
|   7|0x000000008b300000, 0x000000008b400000, 0x000000008b400000|100%| O|  |TAMS 0x000000008b300000| PB 0x000000008b300000| Untracked 
|   8|0x000000008b400000, 0x000000008b500000, 0x000000008b500000|100%| O|  |TAMS 0x000000008b400000| PB 0x000000008b400000| Untracked 
|   9|0x000000008b500000, 0x000000008b600000, 0x000000008b600000|100%| O|  |TAMS 0x000000008b500000| PB 0x000000008b500000| Untracked 
|  10|0x000000008b600000, 0x000000008b700000, 0x000000008b700000|100%| O|  |TAMS 0x000000008b600000| PB 0x000000008b600000| Untracked 
|  11|0x000000008b700000, 0x000000008b800000, 0x000000008b800000|100%| O|  |TAMS 0x000000008b700000| PB 0x000000008b700000| Untracked 
|  12|0x000000008b800000, 0x000000008b900000, 0x000000008b900000|100%| O|  |TAMS 0x000000008b800000| PB 0x000000008b800000| Untracked 
|  13|0x000000008b900000, 0x000000008ba00000, 0x000000008ba00000|100%| O|  |TAMS 0x000000008b900000| PB 0x000000008b900000| Untracked 
|  14|0x000000008ba00000, 0x000000008bb00000, 0x000000008bb00000|100%| O|  |TAMS 0x000000008ba00000| PB 0x000000008ba00000| Untracked 
|  15|0x000000008bb00000, 0x000000008bc00000, 0x000000008bc00000|100%| O|  |TAMS 0x000000008bb00000| PB 0x000000008bb00000| Untracked 
|  16|0x000000008bc00000, 0x000000008bc00000, 0x000000008bd00000|  0%| F|  |TAMS 0x000000008bc00000| PB 0x000000008bc00000| Untracked 
|  17|0x000000008bd00000, 0x000000008be00000, 0x000000008be00000|100%| O|  |TAMS 0x000000008bd00000| PB 0x000000008bd00000| Untracked 
|  18|0x000000008be00000, 0x000000008bf00000, 0x000000008bf00000|100%| O|  |TAMS 0x000000008be00000| PB 0x000000008be00000| Untracked 
|  19|0x000000008bf00000, 0x000000008c000000, 0x000000008c000000|100%| O|  |TAMS 0x000000008bf00000| PB 0x000000008bf00000| Untracked 
|  20|0x000000008c000000, 0x000000008c100000, 0x000000008c100000|100%| O|  |TAMS 0x000000008c000000| PB 0x000000008c000000| Untracked 
|  21|0x000000008c100000, 0x000000008c200000, 0x000000008c200000|100%| O|  |TAMS 0x000000008c100000| PB 0x000000008c100000| Untracked 
|  22|0x000000008c200000, 0x000000008c300000, 0x000000008c300000|100%| O|  |TAMS 0x000000008c200000| PB 0x000000008c200000| Untracked 
|  23|0x000000008c300000, 0x000000008c400000, 0x000000008c400000|100%| O|  |TAMS 0x000000008c300000| PB 0x000000008c300000| Untracked 
|  24|0x000000008c400000, 0x000000008c500000, 0x000000008c500000|100%| O|  |TAMS 0x000000008c400000| PB 0x000000008c400000| Untracked 
|  25|0x000000008c500000, 0x000000008c600000, 0x000000008c600000|100%| O|  |TAMS 0x000000008c500000| PB 0x000000008c500000| Untracked 
|  26|0x000000008c600000, 0x000000008c689ba0, 0x000000008c700000| 53%| O|  |TAMS 0x000000008c600000| PB 0x000000008c600000| Untracked 
|  27|0x000000008c700000, 0x000000008c800000, 0x000000008c800000|100%| O|  |TAMS 0x000000008c700000| PB 0x000000008c700000| Untracked 
|  28|0x000000008c800000, 0x000000008c900000, 0x000000008c900000|100%| O|  |TAMS 0x000000008c800000| PB 0x000000008c800000| Untracked 
|  29|0x000000008c900000, 0x000000008c900000, 0x000000008ca00000|  0%| F|  |TAMS 0x000000008c900000| PB 0x000000008c900000| Untracked 
|  30|0x000000008ca00000, 0x000000008ca00000, 0x000000008cb00000|  0%| F|  |TAMS 0x000000008ca00000| PB 0x000000008ca00000| Untracked 
|  31|0x000000008cb00000, 0x000000008cb00000, 0x000000008cc00000|  0%| F|  |TAMS 0x000000008cb00000| PB 0x000000008cb00000| Untracked 
|  32|0x000000008cc00000, 0x000000008cc00000, 0x000000008cd00000|  0%| F|  |TAMS 0x000000008cc00000| PB 0x000000008cc00000| Untracked 
|  33|0x000000008cd00000, 0x000000008cd00000, 0x000000008ce00000|  0%| F|  |TAMS 0x000000008cd00000| PB 0x000000008cd00000| Untracked 
|  34|0x000000008ce00000, 0x000000008ceabc60, 0x000000008cf00000| 67%| S|CS|TAMS 0x000000008ce00000| PB 0x000000008ce00000| Complete 
|  35|0x000000008cf00000, 0x000000008d000000, 0x000000008d000000|100%| S|CS|TAMS 0x000000008cf00000| PB 0x000000008cf00000| Complete 
|  36|0x000000008d000000, 0x000000008d000000, 0x000000008d100000|  0%| F|  |TAMS 0x000000008d000000| PB 0x000000008d000000| Untracked 
|  37|0x000000008d100000, 0x000000008d100000, 0x000000008d200000|  0%| F|  |TAMS 0x000000008d100000| PB 0x000000008d100000| Untracked 
|  38|0x000000008d200000, 0x000000008d200000, 0x000000008d300000|  0%| F|  |TAMS 0x000000008d200000| PB 0x000000008d200000| Untracked 
|  39|0x000000008d300000, 0x000000008d300000, 0x000000008d400000|  0%| F|  |TAMS 0x000000008d300000| PB 0x000000008d300000| Untracked 
|  40|0x000000008d400000, 0x000000008d400000, 0x000000008d500000|  0%| F|  |TAMS 0x000000008d400000| PB 0x000000008d400000| Untracked 
|  41|0x000000008d500000, 0x000000008d500000, 0x000000008d600000|  0%| F|  |TAMS 0x000000008d500000| PB 0x000000008d500000| Untracked 
|  42|0x000000008d600000, 0x000000008d600000, 0x000000008d700000|  0%| F|  |TAMS 0x000000008d600000| PB 0x000000008d600000| Untracked 
|  43|0x000000008d700000, 0x000000008d700000, 0x000000008d800000|  0%| F|  |TAMS 0x000000008d700000| PB 0x000000008d700000| Untracked 
|  44|0x000000008d800000, 0x000000008d800000, 0x000000008d900000|  0%| F|  |TAMS 0x000000008d800000| PB 0x000000008d800000| Untracked 
|  45|0x000000008d900000, 0x000000008d900000, 0x000000008da00000|  0%| F|  |TAMS 0x000000008d900000| PB 0x000000008d900000| Untracked 
|  62|0x000000008ea00000, 0x000000008ea00000, 0x000000008eb00000|  0%| F|  |TAMS 0x000000008ea00000| PB 0x000000008ea00000| Untracked 
|  63|0x000000008eb00000, 0x000000008eb00000, 0x000000008ec00000|  0%| F|  |TAMS 0x000000008eb00000| PB 0x000000008eb00000| Untracked 
|  64|0x000000008ec00000, 0x000000008ec00000, 0x000000008ed00000|  0%| F|  |TAMS 0x000000008ec00000| PB 0x000000008ec00000| Untracked 
|  65|0x000000008ed00000, 0x000000008edb66b0, 0x000000008ee00000| 71%| E|  |TAMS 0x000000008ed00000| PB 0x000000008ed00000| Complete 
|  66|0x000000008ee00000, 0x000000008ef00000, 0x000000008ef00000|100%| E|CS|TAMS 0x000000008ee00000| PB 0x000000008ee00000| Complete 
|  67|0x000000008ef00000, 0x000000008f000000, 0x000000008f000000|100%| E|CS|TAMS 0x000000008ef00000| PB 0x000000008ef00000| Complete 
|  68|0x000000008f000000, 0x000000008f100000, 0x000000008f100000|100%| E|  |TAMS 0x000000008f000000| PB 0x000000008f000000| Complete 
| 117|0x0000000092100000, 0x0000000092200000, 0x0000000092200000|100%| E|CS|TAMS 0x0000000092100000| PB 0x0000000092100000| Complete 

Card table byte_map: [0x000001fd415b0000,0x000001fd41960000] _byte_map_base: 0x000001fd4115a000

Marking Bits: (CMBitMap*) 0x000001fd29ac9870
 Bits: [0x000001fd41960000, 0x000001fd436b0000)

Polling page: 0x000001fd279b0000

Metaspace:

Usage:
  Non-class:     54.37 MB used.
      Class:      8.48 MB used.
       Both:     62.85 MB used.

Virtual space:
  Non-class space:       64.00 MB reserved,      54.69 MB ( 85%) committed,  1 nodes.
      Class space:        1.00 GB reserved,       8.81 MB ( <1%) committed,  1 nodes.
             Both:        1.06 GB reserved,      63.50 MB (  6%) committed. 

Chunk freelists:
   Non-Class:  8.80 MB
       Class:  7.11 MB
        Both:  15.91 MB

MaxMetaspaceSize: unlimited
CompressedClassSpaceSize: 1.00 GB
Initial GC threshold: 21.00 MB
Current GC threshold: 98.06 MB
CDS: on
 - commit_granule_bytes: 65536.
 - commit_granule_words: 8192.
 - virtual_space_node_default_size: 8388608.
 - enlarge_chunks_in_place: 1.
 - use_allocation_guard: 0.


Internal statistics:

num_allocs_failed_limit: 9.
num_arena_births: 986.
num_arena_deaths: 0.
num_vsnodes_births: 2.
num_vsnodes_deaths: 0.
num_space_committed: 1016.
num_space_uncommitted: 0.
num_chunks_returned_to_freelist: 9.
num_chunks_taken_from_freelist: 3375.
num_chunk_merges: 9.
num_chunk_splits: 2403.
num_chunks_enlarged: 1810.
num_inconsistent_stats: 0.

CodeHeap 'non-profiled nmethods': size=120000Kb used=3959Kb max_used=3959Kb free=116040Kb
 bounds [0x000001fd39990000, 0x000001fd39d70000, 0x000001fd40ec0000]
CodeHeap 'profiled nmethods': size=120000Kb used=11303Kb max_used=11303Kb free=108696Kb
 bounds [0x000001fd31ec0000, 0x000001fd329d0000, 0x000001fd393f0000]
CodeHeap 'non-nmethods': size=5760Kb used=1673Kb max_used=1718Kb free=4086Kb
 bounds [0x000001fd393f0000, 0x000001fd39660000, 0x000001fd39990000]
 total_blobs=6755 nmethods=6045 adapters=614
 compilation: enabled
              stopped_count=0, restarted_count=0
 full_count=0

Compilation events (20 events):
Event: 56.292 Thread 0x000001fd460f2770 6767       4       java.lang.invoke.MethodType::makeImpl (109 bytes)
Event: 56.292 Thread 0x000001fd460f3f30 6763       3       java.lang.invoke.MethodType::invokers (27 bytes)
Event: 56.293 Thread 0x000001fd460f3f30 nmethod 6763 0x000001fd329bd610 code [0x000001fd329bd7e0, 0x000001fd329bdc20]
Event: 56.293 Thread 0x000001fd460f3f30 6766       3       java.util.ImmutableCollections$ListN::isEmpty (14 bytes)
Event: 56.293 Thread 0x000001fd460f3f30 nmethod 6766 0x000001fd329bdd10 code [0x000001fd329bdec0, 0x000001fd329be030]
Event: 56.328 Thread 0x000001fd460f3f30 6772       3       java.util.Locale::getCountry (8 bytes)
Event: 56.329 Thread 0x000001fd460f3f30 nmethod 6772 0x000001fd329be110 code [0x000001fd329be2a0, 0x000001fd329be3d0]
Event: 56.329 Thread 0x000001fd460f3f30 6773       3       java.util.ResourceBundle$KeyElementReference::<init> (12 bytes)
Event: 56.329 Thread 0x000001fd460f3f30 nmethod 6773 0x000001fd329be490 code [0x000001fd329be660, 0x000001fd329be9e8]
Event: 56.334 Thread 0x000001fd460f3f30 6776       3       org.springframework.core.OrderComparator::getOrder (111 bytes)
Event: 56.335 Thread 0x000001fd460f3f30 nmethod 6776 0x000001fd329beb10 code [0x000001fd329bed40, 0x000001fd329bf4e8]
Event: 56.335 Thread 0x000001fd91090090 6771 %     4       java.util.Properties$LineReader::readLine @ 293 (584 bytes)
Event: 56.339 Thread 0x000001fd460f3f30 6777       3       java.lang.invoke.MethodType::equals (56 bytes)
Event: 56.340 Thread 0x000001fd460f3f30 nmethod 6777 0x000001fd329bf790 code [0x000001fd329bf9c0, 0x000001fd329c04f0]
Event: 56.357 Thread 0x000001fd460f3f30 6778       3       java.util.regex.Pattern::escape (1310 bytes)
Event: 56.363 Thread 0x000001fd460f3f30 nmethod 6778 0x000001fd329c0690 code [0x000001fd329c1200, 0x000001fd329c81c0]
Event: 56.363 Thread 0x000001fd460f3f30 6779       3       java.lang.invoke.MethodTypeForm::findForm (24 bytes)
Event: 56.364 Thread 0x000001fd460f3f30 nmethod 6779 0x000001fd329c9890 code [0x000001fd329c9a60, 0x000001fd329c9ca8]
Event: 56.372 Thread 0x000001fd91090090 nmethod 6771% 0x000001fd39b12a10 code [0x000001fd39b12d00, 0x000001fd39b144f0]
Event: 56.372 Thread 0x000001fd91090090 6775   !   4       org.springframework.beans.factory.support.DefaultSingletonBeanRegistry::getSingleton (147 bytes)

GC Heap History (20 events):
Event: 4.723 GC heap before
{Heap before GC invocations=4 (full 0):
 garbage-first heap   total 55296K, used 39432K [0x000000008ac00000, 0x0000000100000000)
  region size 1024K, 32 young (32768K), 7 survivors (7168K)
 Metaspace       used 25403K, committed 25792K, reserved 1114112K
  class space    used 3151K, committed 3328K, reserved 1048576K
}
Event: 4.729 GC heap after
{Heap after GC invocations=5 (full 0):
 garbage-first heap   total 55296K, used 16495K [0x000000008ac00000, 0x0000000100000000)
  region size 1024K, 3 young (3072K), 3 survivors (3072K)
 Metaspace       used 25403K, committed 25792K, reserved 1114112K
  class space    used 3151K, committed 3328K, reserved 1048576K
}
Event: 5.439 GC heap before
{Heap before GC invocations=5 (full 0):
 garbage-first heap   total 55296K, used 42095K [0x000000008ac00000, 0x0000000100000000)
  region size 1024K, 28 young (28672K), 3 survivors (3072K)
 Metaspace       used 29593K, committed 30144K, reserved 1114112K
  class space    used 3703K, committed 3968K, reserved 1048576K
}
Event: 5.445 GC heap after
{Heap after GC invocations=6 (full 0):
 garbage-first heap   total 55296K, used 18344K [0x000000008ac00000, 0x0000000100000000)
  region size 1024K, 3 young (3072K), 3 survivors (3072K)
 Metaspace       used 29593K, committed 30144K, reserved 1114112K
  class space    used 3703K, committed 3968K, reserved 1048576K
}
Event: 6.173 GC heap before
{Heap before GC invocations=6 (full 0):
 garbage-first heap   total 55296K, used 41896K [0x000000008ac00000, 0x0000000100000000)
  region size 1024K, 28 young (28672K), 3 survivors (3072K)
 Metaspace       used 35431K, committed 35968K, reserved 1114112K
  class space    used 4591K, committed 4864K, reserved 1048576K
}
Event: 6.176 GC heap after
{Heap after GC invocations=7 (full 0):
 garbage-first heap   total 55296K, used 19455K [0x000000008ac00000, 0x0000000100000000)
  region size 1024K, 4 young (4096K), 4 survivors (4096K)
 Metaspace       used 35431K, committed 35968K, reserved 1114112K
  class space    used 4591K, committed 4864K, reserved 1048576K
}
Event: 7.108 GC heap before
{Heap before GC invocations=8 (full 0):
 garbage-first heap   total 55296K, used 44031K [0x000000008ac00000, 0x0000000100000000)
  region size 1024K, 29 young (29696K), 4 survivors (4096K)
 Metaspace       used 42404K, committed 42944K, reserved 1114112K
  class space    used 5560K, committed 5760K, reserved 1048576K
}
Event: 7.112 GC heap after
{Heap after GC invocations=9 (full 0):
 garbage-first heap   total 55296K, used 21017K [0x000000008ac00000, 0x0000000100000000)
  region size 1024K, 4 young (4096K), 4 survivors (4096K)
 Metaspace       used 42404K, committed 42944K, reserved 1114112K
  class space    used 5560K, committed 5760K, reserved 1048576K
}
Event: 7.794 GC heap before
{Heap before GC invocations=9 (full 0):
 garbage-first heap   total 55296K, used 44569K [0x000000008ac00000, 0x0000000100000000)
  region size 1024K, 28 young (28672K), 4 survivors (4096K)
 Metaspace       used 49093K, committed 49664K, reserved 1114112K
  class space    used 6486K, committed 6784K, reserved 1048576K
}
Event: 7.798 GC heap after
{Heap after GC invocations=10 (full 0):
 garbage-first heap   total 55296K, used 22397K [0x000000008ac00000, 0x0000000100000000)
  region size 1024K, 4 young (4096K), 4 survivors (4096K)
 Metaspace       used 49093K, committed 49664K, reserved 1114112K
  class space    used 6486K, committed 6784K, reserved 1048576K
}
Event: 8.306 GC heap before
{Heap before GC invocations=10 (full 0):
 garbage-first heap   total 55296K, used 45949K [0x000000008ac00000, 0x0000000100000000)
  region size 1024K, 27 young (27648K), 4 survivors (4096K)
 Metaspace       used 53502K, committed 54144K, reserved 1114112K
  class space    used 7194K, committed 7488K, reserved 1048576K
}
Event: 8.309 GC heap after
{Heap after GC invocations=11 (full 0):
 garbage-first heap   total 55296K, used 23432K [0x000000008ac00000, 0x0000000100000000)
  region size 1024K, 3 young (3072K), 3 survivors (3072K)
 Metaspace       used 53502K, committed 54144K, reserved 1114112K
  class space    used 7194K, committed 7488K, reserved 1048576K
}
Event: 9.077 GC heap before
{Heap before GC invocations=11 (full 0):
 garbage-first heap   total 55296K, used 46984K [0x000000008ac00000, 0x0000000100000000)
  region size 1024K, 26 young (26624K), 3 survivors (3072K)
 Metaspace       used 58172K, committed 58880K, reserved 1114112K
  class space    used 7815K, committed 8128K, reserved 1048576K
}
Event: 9.082 GC heap after
{Heap after GC invocations=12 (full 0):
 garbage-first heap   total 55296K, used 25854K [0x000000008ac00000, 0x0000000100000000)
  region size 1024K, 4 young (4096K), 4 survivors (4096K)
 Metaspace       used 58172K, committed 58880K, reserved 1114112K
  class space    used 7815K, committed 8128K, reserved 1048576K
}
Event: 9.240 GC heap before
{Heap before GC invocations=12 (full 0):
 garbage-first heap   total 55296K, used 29950K [0x000000008ac00000, 0x0000000100000000)
  region size 1024K, 9 young (9216K), 4 survivors (4096K)
 Metaspace       used 59483K, committed 60096K, reserved 1114112K
  class space    used 8007K, committed 8320K, reserved 1048576K
}
Event: 9.244 GC heap after
{Heap after GC invocations=13 (full 0):
 garbage-first heap   total 55296K, used 26729K [0x000000008ac00000, 0x0000000100000000)
  region size 1024K, 1 young (1024K), 1 survivors (1024K)
 Metaspace       used 59483K, committed 60096K, reserved 1114112K
  class space    used 8007K, committed 8320K, reserved 1048576K
}
Event: 9.845 GC heap before
{Heap before GC invocations=14 (full 0):
 garbage-first heap   total 55296K, used 48233K [0x000000008ac00000, 0x0000000100000000)
  region size 1024K, 22 young (22528K), 1 survivors (1024K)
 Metaspace       used 61383K, committed 62016K, reserved 1114112K
  class space    used 8294K, committed 8576K, reserved 1048576K
}
Event: 9.848 GC heap after
{Heap after GC invocations=15 (full 0):
 garbage-first heap   total 55296K, used 28747K [0x000000008ac00000, 0x0000000100000000)
  region size 1024K, 3 young (3072K), 3 survivors (3072K)
 Metaspace       used 61383K, committed 62016K, reserved 1114112K
  class space    used 8294K, committed 8576K, reserved 1048576K
}
Event: 46.428 GC heap before
{Heap before GC invocations=15 (full 0):
 garbage-first heap   total 55296K, used 47179K [0x000000008ac00000, 0x0000000100000000)
  region size 1024K, 21 young (21504K), 3 survivors (3072K)
 Metaspace       used 63174K, committed 63872K, reserved 1114112K
  class space    used 8542K, committed 8896K, reserved 1048576K
}
Event: 46.432 GC heap after
{Heap after GC invocations=16 (full 0):
 garbage-first heap   total 55296K, used 29910K [0x000000008ac00000, 0x0000000100000000)
  region size 1024K, 2 young (2048K), 2 survivors (2048K)
 Metaspace       used 63174K, committed 63872K, reserved 1114112K
  class space    used 8542K, committed 8896K, reserved 1048576K
}

Dll operation events (14 events):
Event: 0.032 Loaded shared library C:\Users\HP 14S-FQ1001NU\.jdks\openjdk-21.0.2\bin\java.dll
Event: 0.076 Loaded shared library C:\Users\HP 14S-FQ1001NU\.jdks\openjdk-21.0.2\bin\jsvml.dll
Event: 0.200 Loaded shared library C:\Users\HP 14S-FQ1001NU\.jdks\openjdk-21.0.2\bin\zip.dll
Event: 0.206 Loaded shared library C:\Users\HP 14S-FQ1001NU\.jdks\openjdk-21.0.2\bin\instrument.dll
Event: 0.215 Loaded shared library C:\Users\HP 14S-FQ1001NU\.jdks\openjdk-21.0.2\bin\net.dll
Event: 0.218 Loaded shared library C:\Users\HP 14S-FQ1001NU\.jdks\openjdk-21.0.2\bin\nio.dll
Event: 0.223 Loaded shared library C:\Users\HP 14S-FQ1001NU\.jdks\openjdk-21.0.2\bin\zip.dll
Event: 0.936 Loaded shared library C:\Program Files\JetBrains\IntelliJ IDEA Community Edition 2023.3.4\bin\breakgen64.dll
Event: 0.948 Loaded shared library C:\Users\HP 14S-FQ1001NU\.jdks\openjdk-21.0.2\bin\extnet.dll
Event: 0.999 Loaded shared library C:\Users\HP 14S-FQ1001NU\.jdks\openjdk-21.0.2\bin\jimage.dll
Event: 1.436 Loaded shared library C:\Users\HP 14S-FQ1001NU\.jdks\openjdk-21.0.2\bin\management.dll
Event: 1.440 Loaded shared library C:\Users\HP 14S-FQ1001NU\.jdks\openjdk-21.0.2\bin\management_ext.dll
Event: 2.608 Loaded shared library C:\Users\HP 14S-FQ1001NU\.jdks\openjdk-21.0.2\bin\sunmscapi.dll
Event: 6.019 Loaded shared library C:\Users\HP 14S-FQ1001NU\.jdks\openjdk-21.0.2\bin\verify.dll

Deoptimization events (20 events):
Event: 10.225 Thread 0x000001fd46c541c0 Uncommon trap: trap_request=0xffffffde fr.pc=0x000001fd39b7fee8 relative=0x0000000000000308
Event: 10.225 Thread 0x000001fd46c541c0 Uncommon trap: reason=class_check action=maybe_recompile pc=0x000001fd39b7fee8 method=org.springframework.core.ResolvableType.resolveType()Lorg/springframework/core/ResolvableType; @ 44 c2
Event: 10.225 Thread 0x000001fd46c541c0 DEOPT PACKING pc=0x000001fd39b7fee8 sp=0x00000039d51fe6d0
Event: 10.225 Thread 0x000001fd46c541c0 DEOPT UNPACKING pc=0x000001fd394446a2 sp=0x00000039d51fe668 mode 2
Event: 10.225 Thread 0x000001fd46c541c0 Uncommon trap: trap_request=0xffffffde fr.pc=0x000001fd39b7fee8 relative=0x0000000000000308
Event: 10.225 Thread 0x000001fd46c541c0 Uncommon trap: reason=class_check action=maybe_recompile pc=0x000001fd39b7fee8 method=org.springframework.core.ResolvableType.resolveType()Lorg/springframework/core/ResolvableType; @ 44 c2
Event: 10.225 Thread 0x000001fd46c541c0 DEOPT PACKING pc=0x000001fd39b7fee8 sp=0x00000039d51fe650
Event: 10.225 Thread 0x000001fd46c541c0 DEOPT UNPACKING pc=0x000001fd394446a2 sp=0x00000039d51fe5e8 mode 2
Event: 56.262 Thread 0x000001fd8dda40b0 Uncommon trap: trap_request=0xffffff45 fr.pc=0x000001fd39c7eb94 relative=0x0000000000000254
Event: 56.262 Thread 0x000001fd8dda40b0 Uncommon trap: reason=unstable_if action=reinterpret pc=0x000001fd39c7eb94 method=java.lang.invoke.MethodType.equals(Ljava/lang/Object;)Z @ 11 c2
Event: 56.262 Thread 0x000001fd8dda40b0 DEOPT PACKING pc=0x000001fd39c7eb94 sp=0x00000039d5efde00
Event: 56.262 Thread 0x000001fd8dda40b0 DEOPT UNPACKING pc=0x000001fd394446a2 sp=0x00000039d5efddb8 mode 2
Event: 56.262 Thread 0x000001fd8dda40b0 Uncommon trap: trap_request=0xffffff54 fr.pc=0x000001fd39b3ccd8 relative=0x0000000000003cd8
Event: 56.262 Thread 0x000001fd8dda40b0 Uncommon trap: reason=speculate_null_assert action=make_not_entrant pc=0x000001fd39b3ccd8 method=java.lang.invoke.MethodType$ConcurrentWeakInternSet.add(Ljava/lang/Object;)Ljava/lang/Object; @ 47 c2
Event: 56.262 Thread 0x000001fd8dda40b0 DEOPT PACKING pc=0x000001fd39b3ccd8 sp=0x00000039d5efdfe0
Event: 56.262 Thread 0x000001fd8dda40b0 DEOPT UNPACKING pc=0x000001fd394446a2 sp=0x00000039d5efdf88 mode 2
Event: 56.333 Thread 0x000001fd8dda40b0 Uncommon trap: trap_request=0xffffffdc fr.pc=0x000001fd39ab9d90 relative=0x0000000000000250
Event: 56.333 Thread 0x000001fd8dda40b0 Uncommon trap: reason=class_check action=make_not_entrant pc=0x000001fd39ab9d90 method=java.util.ArrayList.toArray([Ljava/lang/Object;)[Ljava/lang/Object; @ 21 c2
Event: 56.333 Thread 0x000001fd8dda40b0 DEOPT PACKING pc=0x000001fd39ab9d90 sp=0x00000039d5efdf00
Event: 56.333 Thread 0x000001fd8dda40b0 DEOPT UNPACKING pc=0x000001fd394446a2 sp=0x00000039d5efdec0 mode 2

Classes loaded (20 events):
Event: 56.254 Loading class java/nio/channels/WritePendingException
Event: 56.254 Loading class java/nio/channels/WritePendingException done
Event: 56.257 Loading class java/util/concurrent/Semaphore
Event: 56.257 Loading class java/util/concurrent/Semaphore done
Event: 56.257 Loading class java/util/concurrent/Semaphore$NonfairSync
Event: 56.257 Loading class java/util/concurrent/Semaphore$Sync
Event: 56.257 Loading class java/util/concurrent/Semaphore$Sync done
Event: 56.257 Loading class java/util/concurrent/Semaphore$NonfairSync done
Event: 56.257 Loading class sun/nio/ch/SocketAdaptor
Event: 56.257 Loading class sun/nio/ch/SocketAdaptor done
Event: 56.258 Loading class sun/nio/ch/SocketChannelImpl$DefaultOptionsHolder
Event: 56.259 Loading class sun/nio/ch/SocketChannelImpl$DefaultOptionsHolder done
Event: 56.259 Loading class sun/nio/ch/SelectionKeyImpl
Event: 56.259 Loading class java/nio/channels/spi/AbstractSelectionKey
Event: 56.260 Loading class java/nio/channels/SelectionKey
Event: 56.260 Loading class java/nio/channels/SelectionKey done
Event: 56.260 Loading class java/nio/channels/spi/AbstractSelectionKey done
Event: 56.260 Loading class sun/nio/ch/SelectionKeyImpl done
Event: 56.260 Loading class java/lang/invoke/ConstantBootstraps
Event: 56.260 Loading class java/lang/invoke/ConstantBootstraps done

Classes unloaded (0 events):
No events

Classes redefined (0 events):
No events

Internal exceptions (20 events):
Event: 8.561 Thread 0x000001fd46c541c0 Exception <a 'java/lang/NoSuchMethodError'{0x000000008d935318}: 'java.lang.Object java.lang.invoke.DirectMethodHandle$Holder.invokeSpecial(java.lang.Object, java.lang.Object, int, java.lang.Object, int)'> (0x000000008d935318) 
thrown [s\open\src\hotspot\share\interpreter\linkResolver.cpp, line 773]
Event: 8.696 Thread 0x000001fd46c541c0 Exception <a 'java/lang/NoSuchMethodError'{0x000000008d8cb550}: 'void java.lang.invoke.Invokers$Holder.invokeExact_MT(java.lang.Object, java.lang.Object, java.lang.Object, java.lang.Object)'> (0x000000008d8cb550) 
thrown [s\open\src\hotspot\share\interpreter\linkResolver.cpp, line 773]
Event: 8.729 Thread 0x000001fd46c541c0 Implicit null exception at 0x000001fd39c0ed77 to 0x000001fd39c0efe8
Event: 8.746 Thread 0x000001fd46c541c0 Implicit null exception at 0x000001fd39cb0971 to 0x000001fd39cb0ca8
Event: 8.746 Thread 0x000001fd46c541c0 Implicit null exception at 0x000001fd39cad23a to 0x000001fd39cad274
Event: 8.785 Thread 0x000001fd46c541c0 Exception <a 'java/lang/IncompatibleClassChangeError'{0x000000008d4aec98}: Found class java.lang.Object, but interface was expected> (0x000000008d4aec98) 
thrown [s\open\src\hotspot\share\interpreter\linkResolver.cpp, line 840]
Event: 8.796 Thread 0x000001fd46c541c0 Exception <a 'java/lang/IncompatibleClassChangeError'{0x000000008d345048}: Found class java.lang.Object, but interface was expected> (0x000000008d345048) 
thrown [s\open\src\hotspot\share\interpreter\linkResolver.cpp, line 840]
Event: 8.844 Thread 0x000001fd46c541c0 Exception <a 'java/lang/IncompatibleClassChangeError'{0x000000008d2b4810}: Found class java.lang.Object, but interface was expected> (0x000000008d2b4810) 
thrown [s\open\src\hotspot\share\interpreter\linkResolver.cpp, line 840]
Event: 9.104 Thread 0x000001fd46c541c0 Exception <a 'java/lang/IncompatibleClassChangeError'{0x00000000921cc748}: Found class java.lang.Object, but interface was expected> (0x00000000921cc748) 
thrown [s\open\src\hotspot\share\interpreter\linkResolver.cpp, line 840]
Event: 9.197 Thread 0x000001fd46c541c0 Exception <a 'java/lang/IncompatibleClassChangeError'{0x000000008eeab6a8}: Found class java.lang.Object, but interface was expected> (0x000000008eeab6a8) 
thrown [s\open\src\hotspot\share\interpreter\linkResolver.cpp, line 840]
Event: 9.568 Thread 0x000001fd46c541c0 Exception <a 'java/lang/NoSuchMethodError'{0x000000008d5de5d8}: 'java.lang.Object java.lang.invoke.DirectMethodHandle$Holder.newInvokeSpecial(java.lang.Object, java.lang.Object, java.lang.Object, java.lang.Object, java.lang.Object, java.lang.Object, java.lang.Object, java.lang.Object)'> (0x000000008d5de5d8) 
thrown [s\open\src\hotspot\share\interpreter\linkResolver.cpp, line 773]
Event: 9.868 Thread 0x000001fd46c541c0 Exception <a 'java/lang/IncompatibleClassChangeError'{0x000000008ef212a8}: Found class java.lang.Object, but interface was expected> (0x000000008ef212a8) 
thrown [s\open\src\hotspot\share\interpreter\linkResolver.cpp, line 840]
Event: 9.917 Thread 0x000001fd46c541c0 Exception <a 'java/lang/NoSuchMethodError'{0x000000008eeaf7c8}: 'void java.lang.invoke.DirectMethodHandle$Holder.invokeVirtual(java.lang.Object, java.lang.Object, long)'> (0x000000008eeaf7c8) 
thrown [s\open\src\hotspot\share\interpreter\linkResolver.cpp, line 773]
Event: 10.029 Thread 0x000001fd46c541c0 Exception <a 'java/lang/IncompatibleClassChangeError'{0x000000008eaacf20}: Found class java.lang.Object, but interface was expected> (0x000000008eaacf20) 
thrown [s\open\src\hotspot\share\interpreter\linkResolver.cpp, line 840]
Event: 10.180 Thread 0x000001fd46c541c0 Exception <a 'java/lang/NoSuchMethodError'{0x000000008d5df1a8}: 'java.lang.Object java.lang.invoke.DirectMethodHandle$Holder.newInvokeSpecial(java.lang.Object, java.lang.Object, int, java.lang.Object, java.lang.Object)'> (0x000000008d5df1a8) 
thrown [s\open\src\hotspot\share\interpreter\linkResolver.cpp, line 773]
Event: 10.181 Thread 0x000001fd46c541c0 Exception <a 'java/lang/NoSuchMethodError'{0x000000008d5e9c78}: 'java.lang.Object java.lang.invoke.DirectMethodHandle$Holder.invokeSpecial(java.lang.Object, java.lang.Object, int, java.lang.Object, int, java.lang.Object)'> (0x000000008d5e9c78) 
thrown [s\open\src\hotspot\share\interpreter\linkResolver.cpp, line 773]
Event: 10.181 Thread 0x000001fd46c541c0 Exception <a 'java/lang/NoSuchMethodError'{0x000000008d5f1048}: 'java.lang.Object java.lang.invoke.DirectMethodHandle$Holder.newInvokeSpecial(java.lang.Object, java.lang.Object, int, java.lang.Object, int)'> (0x000000008d5f1048) 
thrown [s\open\src\hotspot\share\interpreter\linkResolver.cpp, line 773]
Event: 10.182 Thread 0x000001fd46c541c0 Exception <a 'java/lang/NoSuchMethodError'{0x000000008d5f4eb8}: 'java.lang.Object java.lang.invoke.DirectMethodHandle$Holder.invokeSpecial(java.lang.Object, java.lang.Object, java.lang.Object, int, java.lang.Object, int)'> (0x000000008d5f4eb8) 
thrown [s\open\src\hotspot\share\interpreter\linkResolver.cpp, line 773]
Event: 56.293 Thread 0x000001fd8dda40b0 Exception <a 'java/lang/NoSuchMethodError'{0x000000008ef93048}: 'java.lang.Object java.lang.invoke.DirectMethodHandle$Holder.invokeSpecial(java.lang.Object, java.lang.Object, java.lang.Object, java.lang.Object, java.lang.Object, long)'> (0x000000008ef93048) 
thrown [s\open\src\hotspot\share\interpreter\linkResolver.cpp, line 773]
Event: 56.293 Thread 0x000001fd8dda40b0 Exception <a 'java/lang/NoSuchMethodError'{0x000000008ef96808}: 'java.lang.Object java.lang.invoke.Invokers$Holder.linkToTargetMethod(java.lang.Object, java.lang.Object, java.lang.Object, long, java.lang.Object)'> (0x000000008ef96808) 
thrown [s\open\src\hotspot\share\interpreter\linkResolver.cpp, line 773]

ZGC Phase Switch (0 events):
No events

VM Operations (20 events):
Event: 11.180 Executing VM operation: Cleanup
Event: 11.180 Executing VM operation: Cleanup done
Event: 16.218 Executing VM operation: Cleanup
Event: 16.218 Executing VM operation: Cleanup done
Event: 37.350 Executing VM operation: Cleanup
Event: 37.350 Executing VM operation: Cleanup done
Event: 40.359 Executing VM operation: Cleanup
Event: 40.359 Executing VM operation: Cleanup done
Event: 41.360 Executing VM operation: Cleanup
Event: 41.360 Executing VM operation: Cleanup done
Event: 46.428 Executing VM operation: G1CollectForAllocation (G1 Evacuation Pause)
Event: 46.432 Executing VM operation: G1CollectForAllocation (G1 Evacuation Pause) done
Event: 51.479 Executing VM operation: Cleanup
Event: 51.479 Executing VM operation: Cleanup done
Event: 56.258 Executing VM operation: HandshakeAllThreads (Deoptimize)
Event: 56.258 Executing VM operation: HandshakeAllThreads (Deoptimize) done
Event: 56.312 Executing VM operation: HandshakeAllThreads (Deoptimize)
Event: 56.312 Executing VM operation: HandshakeAllThreads (Deoptimize) done
Event: 56.312 Executing VM operation: Cleanup
Event: 56.312 Executing VM operation: Cleanup done

Events (20 events):
Event: 9.270 Thread 0x000001fd460c9130 flushing nmethod 0x000001fd39a52b10
Event: 9.270 Thread 0x000001fd460c9130 flushing nmethod 0x000001fd39a6ee10
Event: 9.270 Thread 0x000001fd460c9130 flushing nmethod 0x000001fd39a4fa90
Event: 9.270 Thread 0x000001fd460c9130 flushing nmethod 0x000001fd39a11c90
Event: 9.270 Thread 0x000001fd460c9130 flushing nmethod 0x000001fd39a02510
Event: 9.270 Thread 0x000001fd460c9130 flushing nmethod 0x000001fd39a01e10
Event: 9.270 Thread 0x000001fd460c9130 flushing nmethod 0x000001fd39990010
Event: 10.153 Thread 0x000001fd465cfaf0 Thread added: 0x000001fd465cfaf0
Event: 10.161 Thread 0x000001fd465ccd00 Thread added: 0x000001fd465ccd00
Event: 10.162 Thread 0x000001fd465ccd00 Thread exited: 0x000001fd465ccd00
Event: 10.162 Thread 0x000001fd465d0ea0 Thread added: 0x000001fd465d0ea0
Event: 10.206 Thread 0x000001fd465cb950 Thread added: 0x000001fd465cb950
Event: 10.207 Thread 0x000001fd465cac30 Thread added: 0x000001fd465cac30
Event: 10.229 Thread 0x000001fd46c541c0 Thread exited: 0x000001fd46c541c0
Event: 10.232 Thread 0x000001fd8c4d3a60 Thread exited: 0x000001fd8c4d3a60
Event: 10.232 Thread 0x000001fd278cd8e0 Thread exited: 0x000001fd278cd8e0
Event: 10.232 Thread 0x000001fd465cedd0 Thread added: 0x000001fd465cedd0
Event: 11.180 Thread 0x000001fd905658d0 Thread exited: 0x000001fd905658d0
Event: 12.821 Thread 0x000001fd465d0180 Thread exited: 0x000001fd465d0180
Event: 56.335 Thread 0x000001fd91090090 Thread added: 0x000001fd91090090


Dynamic libraries:
0x00007ff628510000 - 0x00007ff62851e000 	C:\Users\HP 14S-FQ1001NU\.jdks\openjdk-21.0.2\bin\java.exe
0x00007ffb76250000 - 0x00007ffb76467000 	C:\WINDOWS\SYSTEM32\ntdll.dll
0x00007ffb74ca0000 - 0x00007ffb74d64000 	C:\WINDOWS\System32\KERNEL32.DLL
0x00007ffb73a40000 - 0x00007ffb73dec000 	C:\WINDOWS\System32\KERNELBASE.dll
0x00007ffb73920000 - 0x00007ffb73a31000 	C:\WINDOWS\System32\ucrtbase.dll
0x00007ffae9280000 - 0x00007ffae9298000 	C:\Users\HP 14S-FQ1001NU\.jdks\openjdk-21.0.2\bin\jli.dll
0x00007ffae9260000 - 0x00007ffae927b000 	C:\Users\HP 14S-FQ1001NU\.jdks\openjdk-21.0.2\bin\VCRUNTIME140.dll
0x00007ffb74e90000 - 0x00007ffb7503e000 	C:\WINDOWS\System32\USER32.dll
0x00007ffb738f0000 - 0x00007ffb73916000 	C:\WINDOWS\System32\win32u.dll
0x00007ffb74b40000 - 0x00007ffb74b69000 	C:\WINDOWS\System32\GDI32.dll
0x00007ffb73690000 - 0x00007ffb737a9000 	C:\WINDOWS\System32\gdi32full.dll
0x00007ffb73580000 - 0x00007ffb7361a000 	C:\WINDOWS\System32\msvcp_win.dll
0x00007ffb53860000 - 0x00007ffb53af3000 	C:\WINDOWS\WinSxS\amd64_microsoft.windows.common-controls_6595b64144ccf1df_6.0.22621.3672_none_2713b9d173822955\COMCTL32.dll
0x00007ffb75340000 - 0x00007ffb753e7000 	C:\WINDOWS\System32\msvcrt.dll
0x00007ffb74940000 - 0x00007ffb74971000 	C:\WINDOWS\System32\IMM32.DLL
0x00007ffb2d480000 - 0x00007ffb2d48c000 	C:\Users\HP 14S-FQ1001NU\.jdks\openjdk-21.0.2\bin\vcruntime140_1.dll
0x00007ffae91d0000 - 0x00007ffae925e000 	C:\Users\HP 14S-FQ1001NU\.jdks\openjdk-21.0.2\bin\msvcp140.dll
0x00007ffae84b0000 - 0x00007ffae91c7000 	C:\Users\HP 14S-FQ1001NU\.jdks\openjdk-21.0.2\bin\server\jvm.dll
0x00007ffb75fa0000 - 0x00007ffb76052000 	C:\WINDOWS\System32\ADVAPI32.dll
0x00007ffb76160000 - 0x00007ffb7620a000 	C:\WINDOWS\System32\sechost.dll
0x00007ffb73f60000 - 0x00007ffb73f88000 	C:\WINDOWS\System32\bcrypt.dll
0x00007ffb74d70000 - 0x00007ffb74e85000 	C:\WINDOWS\System32\RPCRT4.dll
0x00007ffb74b80000 - 0x00007ffb74bf1000 	C:\WINDOWS\System32\WS2_32.dll
0x00007ffb72e40000 - 0x00007ffb72e8d000 	C:\WINDOWS\SYSTEM32\POWRPROF.dll
0x00007ffb69c80000 - 0x00007ffb69cb4000 	C:\WINDOWS\SYSTEM32\WINMM.dll
0x00007ffb69cc0000 - 0x00007ffb69cca000 	C:\WINDOWS\SYSTEM32\VERSION.dll
0x00007ffb72e20000 - 0x00007ffb72e33000 	C:\WINDOWS\SYSTEM32\UMPDC.dll
0x00007ffb72590000 - 0x00007ffb725a8000 	C:\WINDOWS\SYSTEM32\kernel.appcore.dll
0x00007ffb1b760000 - 0x00007ffb1b76a000 	C:\Users\HP 14S-FQ1001NU\.jdks\openjdk-21.0.2\bin\jimage.dll
0x00007ffb70f30000 - 0x00007ffb71162000 	C:\WINDOWS\SYSTEM32\DBGHELP.DLL
0x00007ffb745b0000 - 0x00007ffb74938000 	C:\WINDOWS\System32\combase.dll
0x00007ffb744d0000 - 0x00007ffb745a7000 	C:\WINDOWS\System32\OLEAUT32.dll
0x00007ffb57ce0000 - 0x00007ffb57d12000 	C:\WINDOWS\SYSTEM32\dbgcore.DLL
0x00007ffb73870000 - 0x00007ffb738eb000 	C:\WINDOWS\System32\bcryptPrimitives.dll
0x00007ffb6a990000 - 0x00007ffb6a99f000 	C:\Users\HP 14S-FQ1001NU\.jdks\openjdk-21.0.2\bin\instrument.dll
0x00007ffae8490000 - 0x00007ffae84af000 	C:\Users\HP 14S-FQ1001NU\.jdks\openjdk-21.0.2\bin\java.dll
0x00007ffb753f0000 - 0x00007ffb75c4c000 	C:\WINDOWS\System32\SHELL32.dll
0x00007ffb71480000 - 0x00007ffb71d77000 	C:\WINDOWS\SYSTEM32\windows.storage.dll
0x00007ffb71340000 - 0x00007ffb7147f000 	C:\WINDOWS\SYSTEM32\wintypes.dll
0x00007ffb76060000 - 0x00007ffb76154000 	C:\WINDOWS\System32\SHCORE.dll
0x00007ffb75cf0000 - 0x00007ffb75d4e000 	C:\WINDOWS\System32\shlwapi.dll
0x00007ffb734b0000 - 0x00007ffb734d1000 	C:\WINDOWS\SYSTEM32\profapi.dll
0x00007ffae9390000 - 0x00007ffae9467000 	C:\Users\HP 14S-FQ1001NU\.jdks\openjdk-21.0.2\bin\jsvml.dll
0x00007ffb32390000 - 0x00007ffb323a8000 	C:\Users\HP 14S-FQ1001NU\.jdks\openjdk-21.0.2\bin\zip.dll
0x00007ffb323d0000 - 0x00007ffb323e0000 	C:\Users\HP 14S-FQ1001NU\.jdks\openjdk-21.0.2\bin\net.dll
0x00007ffb6b390000 - 0x00007ffb6b4c6000 	C:\WINDOWS\SYSTEM32\WINHTTP.dll
0x00007ffb72a20000 - 0x00007ffb72a89000 	C:\WINDOWS\system32\mswsock.dll
0x00007ffb323b0000 - 0x00007ffb323c6000 	C:\Users\HP 14S-FQ1001NU\.jdks\openjdk-21.0.2\bin\nio.dll
0x00007ffb6a620000 - 0x00007ffb6a63a000 	C:\Program Files\JetBrains\IntelliJ IDEA Community Edition 2023.3.4\bin\breakgen64.dll
0x00007ffae5fc0000 - 0x00007ffae5fc9000 	C:\Users\HP 14S-FQ1001NU\.jdks\openjdk-21.0.2\bin\extnet.dll
0x00007ffb6a610000 - 0x00007ffb6a61a000 	C:\Users\HP 14S-FQ1001NU\.jdks\openjdk-21.0.2\bin\management.dll
0x00007ffb488d0000 - 0x00007ffb488db000 	C:\Users\HP 14S-FQ1001NU\.jdks\openjdk-21.0.2\bin\management_ext.dll
0x00007ffb75c50000 - 0x00007ffb75c58000 	C:\WINDOWS\System32\PSAPI.DLL
0x00007ffb48690000 - 0x00007ffb4869e000 	C:\Users\HP 14S-FQ1001NU\.jdks\openjdk-21.0.2\bin\sunmscapi.dll
0x00007ffb73df0000 - 0x00007ffb73f57000 	C:\WINDOWS\System32\CRYPT32.dll
0x00007ffb72f30000 - 0x00007ffb72f5e000 	C:\WINDOWS\SYSTEM32\ncrypt.dll
0x00007ffb72ef0000 - 0x00007ffb72f27000 	C:\WINDOWS\SYSTEM32\NTASN1.dll
0x00007ffb72c80000 - 0x00007ffb72c9b000 	C:\WINDOWS\SYSTEM32\CRYPTSP.dll
0x00007ffb724f0000 - 0x00007ffb72525000 	C:\WINDOWS\system32\rsaenh.dll
0x00007ffb72b20000 - 0x00007ffb72b48000 	C:\WINDOWS\SYSTEM32\USERENV.dll
0x00007ffb72ca0000 - 0x00007ffb72cac000 	C:\WINDOWS\SYSTEM32\CRYPTBASE.dll
0x00007ffb71ff0000 - 0x00007ffb7201d000 	C:\WINDOWS\SYSTEM32\IPHLPAPI.DLL
0x00007ffb75d50000 - 0x00007ffb75d59000 	C:\WINDOWS\System32\NSI.dll
0x00007ffae5f90000 - 0x00007ffae5fa0000 	C:\Users\HP 14S-FQ1001NU\.jdks\openjdk-21.0.2\bin\verify.dll
0x00007ffb72020000 - 0x00007ffb72118000 	C:\WINDOWS\SYSTEM32\DNSAPI.dll
0x00007ffb67240000 - 0x00007ffb6724a000 	C:\Windows\System32\rasadhlp.dll
0x00007ffb67830000 - 0x00007ffb678b3000 	C:\WINDOWS\System32\fwpuclnt.dll
0x00007ffb19cc0000 - 0x00007ffb19cc8000 	C:\WINDOWS\system32\wshunix.dll

dbghelp: loaded successfully - version: 4.0.5 - missing functions: none
symbol engine: initialized successfully - sym options: 0x614 - pdb path: .;C:\Users\HP 14S-FQ1001NU\.jdks\openjdk-21.0.2\bin;C:\WINDOWS\SYSTEM32;C:\WINDOWS\WinSxS\amd64_microsoft.windows.common-controls_6595b64144ccf1df_6.0.22621.3672_none_2713b9d173822955;C:\Users\HP 14S-FQ1001NU\.jdks\openjdk-21.0.2\bin\server;C:\Program Files\JetBrains\IntelliJ IDEA Community Edition 2023.3.4\bin

VM Arguments:
jvm_args: -javaagent:C:\Program Files\JetBrains\IntelliJ IDEA Community Edition 2023.3.4\lib\idea_rt.jar=50170:C:\Program Files\JetBrains\IntelliJ IDEA Community Edition 2023.3.4\bin -Dfile.encoding=UTF-8 -Dsun.stdout.encoding=UTF-8 -Dsun.stderr.encoding=UTF-8 
java_command: bg.fmi.javaweb.sportstournamentorganizer.SportsTournamentOrganizerApplication
java_class_path (initial): C:\Users\HP 14S-FQ1001NU\IdeaProjects\local_java_repo\target\classes;C:\Users\HP 14S-FQ1001NU\.m2\repository\org\springframework\boot\spring-boot-starter-web\3.3.0\spring-boot-starter-web-3.3.0.jar;C:\Users\HP 14S-FQ1001NU\.m2\repository\org\springframework\boot\spring-boot-starter\3.3.0\spring-boot-starter-3.3.0.jar;C:\Users\HP 14S-FQ1001NU\.m2\repository\org\springframework\boot\spring-boot-starter-logging\3.3.0\spring-boot-starter-logging-3.3.0.jar;C:\Users\HP 14S-FQ1001NU\.m2\repository\ch\qos\logback\logback-classic\1.5.6\logback-classic-1.5.6.jar;C:\Users\HP 14S-FQ1001NU\.m2\repository\ch\qos\logback\logback-core\1.5.6\logback-core-1.5.6.jar;C:\Users\HP 14S-FQ1001NU\.m2\repository\org\apache\logging\log4j\log4j-to-slf4j\2.23.1\log4j-to-slf4j-2.23.1.jar;C:\Users\HP 14S-FQ1001NU\.m2\repository\org\apache\logging\log4j\log4j-api\2.23.1\log4j-api-2.23.1.jar;C:\Users\HP 14S-FQ1001NU\.m2\repository\org\slf4j\jul-to-slf4j\2.0.13\jul-to-slf4j-2.0.13.jar;C:\Users\HP 14S-FQ1001NU\.m2\repository\jakarta\annotation\jakarta.annotation-api\2.1.1\jakarta.annotation-api-2.1.1.jar;C:\Users\HP 14S-FQ1001NU\.m2\repository\org\yaml\snakeyaml\2.2\snakeyaml-2.2.jar;C:\Users\HP 14S-FQ1001NU\.m2\repository\org\springframework\boot\spring-boot-starter-json\3.3.0\spring-boot-starter-json-3.3.0.jar;C:\Users\HP 14S-FQ1001NU\.m2\repository\com\fasterxml\jackson\core\jackson-databind\2.17.1\jackson-databind-2.17.1.jar;C:\Users\HP 14S-FQ1001NU\.m2\repository\com\fasterxml\jackson\core\jackson-annotations\2.17.1\jackson-annotations-2.17.1.jar;C:\Users\HP 14S-FQ1001NU\.m2\repository\com\fasterxml\jackson\core\jackson-core\2.17.1\jackson-core-2.17.1.jar;C:\Users\HP 14S-FQ1001NU\.m2\repository\com\fasterxml\jackson\datatype\jackson-datatype-jdk8\2.17.1\jackson-datatype-jdk8-2.17.1.jar;C:\Users\HP 14S-FQ1001NU\.m2\repository\com\fasterxml\jackson\datatype\jackson-datatype-jsr310\2.17.1\jackson-datatype-jsr310-2.17.1.jar;C:\Users\HP 14S-FQ1001NU\.m2\repository\com\fasterxml\jackson\module\jackson-module-parameter-names\2.17.1\jackson-module-parameter-names-2.17.1.jar;C:\Users\HP 14S-FQ1001NU\.m2\repository\org\springframework\boot\spring-boot-starter-tomcat\3.3.0\spring-boot-starter-tomcat-3.3.0.jar;C:\Users\HP 14S-FQ1001NU\.m2\repository\org\apache\tomcat\embed\tomcat-embed-core\10.1.24\tomcat-embed-core-10.1.24.jar;C:\Users\HP 14S-FQ1001NU\.m2\repository\org\apache\tomcat\embed\tomcat-embed-el\10.1.24\tomcat-embed-el-10.1.24.jar;C:\Users\HP 14S-FQ1001NU\.m2\repository\org\apache\tomcat\embed\tomcat-embed-websocket\10.1.24\tomcat-embed-websocket-10.1.24.jar;C:\Users\HP 14S-FQ1001NU\.m2\repository\org\springframework\spring-web\6.1.8\spring-web-6.1.8.jar;C:\Users\HP 14S-FQ1001NU\.m2\repository\org\springframework\spring-beans\6.1.8\spring-beans-6.1.8.jar;C:\Users\HP 14S-FQ1001NU\.m2\repository\io\micrometer\micrometer-observation\1.13.0\micrometer-observation-1.13.0.jar;C:\Users\HP 14S-FQ1001NU\.m2\repository\io\micrometer\micrometer-commons\1.13.0\micrometer-commons-1.13.0.jar;C:\Users\HP 14S-FQ1001NU\.m2\repository\org\springframework\spring-webmvc\6.1.8\spring-webmvc-6.1.8.jar;C:\Users\HP 14S-FQ1001NU\.m2\repository\org\springframework\spring-aop\6.1.8\spring-aop-6.1.8.jar;C:\Users\HP 14S-FQ1001NU\.m2\repository\org\springframework\spring-context\6.1.8\spring-context-6.1.8.jar;C:\Users\HP 14S-FQ1001NU\.m2\repository\org\springframework\spring-expression\6.1.8\spring-expression-6.1.8.jar;C:\Users\HP 14S-FQ1001NU\.m2\repository\org\springframework\boot\spring-boot-devtools\3.3.0\spring-boot-devtools-3.3.0.jar;C:\Users\HP 14S-FQ1001NU\.m2\repository\org\springframework\boot\spring-boot\3.3.0\spring-boot-3.3.0.jar;C:\Users\HP 14S-FQ1001NU\.m2\repository\org\springframework\boot\spring-boot-autoconfigure\3.3.0\spring-boot-autoconfigure-3.3.0.jar;C:\Users\HP 14S-FQ1001NU\.m2\repository\org\slf4j\slf4j-api\2.0.13\slf4j-api-2.0.13.jar;C:\Users\HP 14S-FQ1001NU\.m2\repository\jakarta\xml\bind\jakarta.xml.bind-api\4.0.2\jakarta.xml.bind-api-4.0.2.jar;C:\Users\HP 14S-FQ1001NU\.m2\repository\jakarta\activation\jakarta.activation-api\2.1.3\jakarta.activation-api-2.1.3.jar;C:\Users\HP 14S-FQ1001NU\.m2\repository\net\bytebuddy\byte-buddy\1.14.16\byte-buddy-1.14.16.jar;C:\Users\HP 14S-FQ1001NU\.m2\repository\org\springframework\spring-core\6.1.8\spring-core-6.1.8.jar;C:\Users\HP 14S-FQ1001NU\.m2\repository\org\springframework\spring-jcl\6.1.8\spring-jcl-6.1.8.jar;C:\Users\HP 14S-FQ1001NU\.m2\repository\org\mapstruct\mapstruct\1.6.0.Beta1\mapstruct-1.6.0.Beta1.jar;C:\Users\HP 14S-FQ1001NU\.m2\repository\org\mapstruct\mapstruct-processor\1.6.0.Beta1\mapstruct-processor-1.6.0.Beta1.jar;C:\Users\HP 14S-FQ1001NU\.m2\repository\org\postgresql\postgresql\42.7.3\postgresql-42.7.3.jar;C:\Users\HP 14S-FQ1001NU\.m2\repository\org\checkerframework\checker-qual\3.42.0\checker-qual-3.42.0.jar;C:\Users\HP 14S-FQ1001NU\.m2\repository\org\springframework\boot\spring-boot-starter-data-jpa\3.3.0\spring-boot-starter-data-jpa-3.3.0.jar;C:\Users\HP 14S-FQ1001NU\.m2\repository\org\springframework\boot\spring-boot-starter-aop\3.3.0\spring-boot-starter-aop-3.3.0.jar;C:\Users\HP 14S-FQ1001NU\.m2\repository\org\aspectj\aspectjweaver\1.9.22\aspectjweaver-1.9.22.jar;C:\Users\HP 14S-FQ1001NU\.m2\repository\org\springframework\boot\spring-boot-starter-jdbc\3.3.0\spring-boot-starter-jdbc-3.3.0.jar;C:\Users\HP 14S-FQ1001NU\.m2\repository\com\zaxxer\HikariCP\5.1.0\HikariCP-5.1.0.jar;C:\Users\HP 14S-FQ1001NU\.m2\repository\org\springframework\spring-jdbc\6.1.8\spring-jdbc-6.1.8.jar;C:\Users\HP 14S-FQ1001NU\.m2\repository\org\hibernate\orm\hibernate-core\6.5.2.Final\hibernate-core-6.5.2.Final.jar;C:\Users\HP 14S-FQ1001NU\.m2\repository\jakarta\persistence\jakarta.persistence-api\3.1.0\jakarta.persistence-api-3.1.0.jar;C:\Users\HP 14S-FQ1001NU\.m2\repository\jakarta\transaction\jakarta.transaction-api\2.0.1\jakarta.transaction-api-2.0.1.jar;C:\Users\HP 14S-FQ1001NU\.m2\repository\org\jboss\logging\jboss-logging\3.5.3.Final\jboss-logging-3.5.3.Final.jar;C:\Users\HP 14S-FQ1001NU\.m2\repository\org\hibernate\common\hibernate-commons-annotations\6.0.6.Final\hibernate-commons-annotations-6.0.6.Final.jar;C:\Users\HP 14S-FQ1001NU\.m2\repository\io\smallrye\jandex\3.1.2\jandex-3.1.2.jar;C:\Users\HP 14S-FQ1001NU\.m2\repository\com\fasterxml\classmate\1.7.0\classmate-1.7.0.jar;C:\Users\HP 14S-FQ1001NU\.m2\repository\org\glassfish\jaxb\jaxb-runtime\4.0.5\jaxb-runtime-4.0.5.jar;C:\Users\HP 14S-FQ1001NU\.m2\repository\org\glassfish\jaxb\jaxb-core\4.0.5\jaxb-core-4.0.5.jar;C:\Users\HP 14S-FQ1001NU\.m2\repository\org\eclipse\angus\angus-activation\2.0.2\angus-activation-2.0.2.jar;C:\Users\HP 14S-FQ1001NU\.m2\repository\org\glassfish\jaxb\txw2\4.0.5\txw2-4.0.5.jar;C:\Users\HP 14S-FQ1001NU\.m2\repository\com\sun\istack\istack-commons-runtime\4.1.2\istack-commons-runtime-4.1.2.jar;C:\Users\HP 14S-FQ1001NU\.m2\repository\jakarta\inject\jakarta.inject-api\2.0.1\jakarta.inject-api-2.0.1.jar;C:\Users\HP 14S-FQ1001NU\.m2\repository\org\antlr\antlr4-runtime\4.13.0\antlr4-runtime-4.13.0.jar;C:\Users\HP 14S-FQ1001NU\.m2\repository\org\springframework\data\spring-data-jpa\3.3.0\spring-data-jpa-3.3.0.jar;C:\Users\HP 14S-FQ1001NU\.m2\repository\org\springframework\data\spring-data-commons\3.3.0\spring-data-commons-3.3.0.jar;C:\Users\HP 14S-FQ1001NU\.m2\repository\org\springframework\spring-orm\6.1.8\spring-orm-6.1.8.jar;C:\Users\HP 14S-FQ1001NU\.m2\repository\org\springframework\spring-tx\6.1.8\spring-tx-6.1.8.jar;C:\Users\HP 14S-FQ1001NU\.m2\repository\org\springframework\spring-aspects\6.1.8\spring-aspects-6.1.8.jar;C:\Users\HP 14S-FQ1001NU\.m2\repository\org\jetbrains\annotations\24.1.0\annotations-24.1.0.jar
Launcher Type: SUN_STANDARD

[Global flags]
     intx CICompilerCount                          = 4                                         {product} {ergonomic}
     uint ConcGCThreads                            = 2                                         {product} {ergonomic}
     uint G1ConcRefinementThreads                  = 8                                         {product} {ergonomic}
   size_t G1HeapRegionSize                         = 1048576                                   {product} {ergonomic}
    uintx GCDrainStackTargetSize                   = 64                                        {product} {ergonomic}
   size_t InitialHeapSize                          = 123731968                                 {product} {ergonomic}
   size_t MarkStackSize                            = 4194304                                   {product} {ergonomic}
   size_t MaxHeapSize                              = 1967128576                                {product} {ergonomic}
   size_t MaxNewSize                               = 1179648000                                {product} {ergonomic}
   size_t MinHeapDeltaBytes                        = 1048576                                   {product} {ergonomic}
   size_t MinHeapSize                              = 8388608                                   {product} {ergonomic}
    uintx NonNMethodCodeHeapSize                   = 5839372                                {pd product} {ergonomic}
    uintx NonProfiledCodeHeapSize                  = 122909434                              {pd product} {ergonomic}
    uintx ProfiledCodeHeapSize                     = 122909434                              {pd product} {ergonomic}
    uintx ReservedCodeCacheSize                    = 251658240                              {pd product} {ergonomic}
     bool SegmentedCodeCache                       = true                                      {product} {ergonomic}
   size_t SoftMaxHeapSize                          = 1967128576                             {manageable} {ergonomic}
     bool UseCompressedOops                        = true                           {product lp64_product} {ergonomic}
     bool UseG1GC                                  = true                                      {product} {ergonomic}
     bool UseLargePagesIndividualAllocation        = false                                  {pd product} {ergonomic}

Logging:
Log output configuration:
 #0: stdout all=warning uptime,level,tags foldmultilines=false
 #1: stderr all=off uptime,level,tags foldmultilines=false

Environment Variables:
PATH=C:\Program Files (x86)\Cuminas\Document Express DjVu Plug-in\;C:\WINDOWS\system32;C:\WINDOWS;C:\WINDOWS\System32\Wbem;C:\WINDOWS\System32\WindowsPowerShell\v1.0\;C:\WINDOWS\System32\OpenSSH\;C:\Program Files\Git\cmd;C:\Program Files\Microsoft SQL Server\150\Tools\Binn\;C:\mysys64\mingw64\bin;C:\Program Files\PuTTY\;C:\Program Files (x86)\Microsoft SQL Server\160\Tools\Binn\;C:\Program Files\Microsoft SQL Server\160\Tools\Binn\;C:\Program Files\Microsoft SQL Server\Client SDK\ODBC\170\Tools\Binn\;C:\Program Files\Microsoft SQL Server\160\DTS\Binn\;C:\Program Files (x86)\Microsoft SQL Server\160\DTS\Binn\;C:\Program Files\Azure Data Studio\bin;C:\MinGW\bin;C:\Program Files\dotnet\;C:\Program Files\nodejs\;C:\php;C:\Users\HP 14S-FQ1001NU\AppData\Local\Programs\Python\Launcher\;C:\Users\HP 14S-FQ1001NU\AppData\Local\Microsoft\WindowsApps;C:\Users\HP 14S-FQ1001NU\AppData\Local\GitHubDesktop\bin;C:\Users\HP 14S-FQ1001NU\AppData\Local\Programs\Microsoft VS Code\bin;C:\Program Files\JetBrains\IntelliJ IDEA 2022.2.3\bin;;C:\Program Files\Azure Data Studio\bin;C:\Program Files\JetBrains\CLion 2023.1.3\bin;;C:\ghcup\bin;C:\Users\HP 14S-FQ1001NU\.dotnet\tools;C:\Users\HP 14S-FQ1001NU\AppData\Roaming\npm;C:\Users\HP 14S-FQ1001NU\AppData\Roaming\Microsoft\Windows\Start Menu\Programs\MSYS2 64bit\MSYS2 MSYS.lnk;C:\Program Files\MongoDB\mongosh-2.2.6-win32-x64\bin;C:\php;
USERNAME=HP 14S-FQ1001NU
OS=Windows_NT
PROCESSOR_IDENTIFIER=AMD64 Family 23 Model 104 Stepping 1, AuthenticAMD
TMP=C:\Users\HP14S-~1\AppData\Local\Temp
TEMP=C:\Users\HP14S-~1\AppData\Local\Temp




Periodic native trim disabled

---------------  S Y S T E M  ---------------

OS:
 Windows 11 , 64 bit Build 22621 (10.0.22621.3672)
OS uptime: 0 days 0:09 hours
Hyper-V role detected

CPU: total 8 (initial active 8) (8 cores per cpu, 2 threads per core) family 23 model 104 stepping 1 microcode 0x0, cx8, cmov, fxsr, ht, mmx, 3dnowpref, sse, sse2, sse3, ssse3, sse4a, sse4.1, sse4.2, popcnt, lzcnt, tsc, tscinvbit, avx, avx2, aes, clmul, bmi1, bmi2, adx, sha, fma, vzeroupper, clflush, clflushopt, hv, rdtscp, rdpid, f16c
Processor Information for all 8 processors :
  Max Mhz: 2600, Current Mhz: 2600, Mhz Limit: 2600

Memory: 4k page, system-wide physical 7502M (495M free)
TotalPageFile size 10502M (AvailPageFile size 31M)
current process WorkingSet (physical memory assigned to process): 233M, peak: 267M
current process commit charge ("private bytes"): 281M, peak: 304M

vm_info: OpenJDK 64-Bit Server VM (21.0.2+13-58) for windows-amd64 JRE (21.0.2+13-58), built on 2024-01-05T18:32:24Z by "mach5one" with MS VC++ 17.1 (VS2022)

END.
